<?xml version="1.0" encoding="UTF-8"?>
<coverage generated="1748956529157" clover="3.2.0">
  <project timestamp="1748956529157" name="All files">
    <metrics statements="1021" coveredstatements="837" conditionals="767" coveredconditionals="513" methods="185" coveredmethods="157" elements="1973" coveredelements="1507" complexity="0" loc="1021" ncloc="1021" packages="1" files="10" classes="10"/>
    <file name="battle-actions-adapter.js" path="D:\Github_Code\CardGame\static\js\battle\battle-actions-adapter.js">
      <metrics statements="68" coveredstatements="62" conditionals="73" coveredconditionals="55" methods="3" coveredmethods="3"/>
      <line num="7" count="4" type="stmt"/>
      <line num="8" count="4" type="stmt"/>
      <line num="9" count="4" type="stmt"/>
      <line num="11" count="0" type="stmt"/>
      <line num="23" count="9" type="cond" truecount="3" falsecount="1"/>
      <line num="24" count="0" type="stmt"/>
      <line num="28" count="9" type="cond" truecount="3" falsecount="1"/>
      <line num="29" count="9" type="stmt"/>
      <line num="30" count="9" type="cond" truecount="2" falsecount="0"/>
      <line num="31" count="1" type="cond" truecount="1" falsecount="1"/>
      <line num="33" count="1" type="cond" truecount="1" falsecount="1"/>
      <line num="34" count="1" type="stmt"/>
      <line num="40" count="8" type="stmt"/>
      <line num="41" count="8" type="cond" truecount="3" falsecount="1"/>
      <line num="43" count="8" type="stmt"/>
      <line num="46" count="8" type="cond" truecount="1" falsecount="1"/>
      <line num="47" count="8" type="stmt"/>
      <line num="48" count="1" type="cond" truecount="1" falsecount="1"/>
      <line num="49" count="1" type="stmt"/>
      <line num="56" count="8" type="cond" truecount="4" falsecount="0"/>
      <line num="57" count="2" type="stmt"/>
      <line num="61" count="6" type="cond" truecount="2" falsecount="2"/>
      <line num="62" count="6" type="cond" truecount="2" falsecount="2"/>
      <line num="65" count="6" type="stmt"/>
      <line num="66" count="6" type="stmt"/>
      <line num="69" count="6" type="cond" truecount="3" falsecount="1"/>
      <line num="71" count="6" type="stmt"/>
      <line num="72" count="6" type="cond" truecount="2" falsecount="0"/>
      <line num="73" count="2" type="stmt"/>
      <line num="77" count="6" type="stmt"/>
      <line num="89" count="9" type="cond" truecount="1" falsecount="1"/>
      <line num="90" count="0" type="stmt"/>
      <line num="94" count="9" type="cond" truecount="2" falsecount="0"/>
      <line num="95" count="1" type="stmt"/>
      <line num="99" count="8" type="cond" truecount="2" falsecount="0"/>
      <line num="104" count="3" type="stmt"/>
      <line num="107" count="3" type="cond" truecount="2" falsecount="0"/>
      <line num="108" count="1" type="stmt"/>
      <line num="111" count="2" type="cond" truecount="2" falsecount="0"/>
      <line num="112" count="1" type="stmt"/>
      <line num="116" count="1" type="stmt"/>
      <line num="119" count="1" type="cond" truecount="3" falsecount="1"/>
      <line num="120" count="1" type="stmt"/>
      <line num="123" count="1" type="stmt"/>
      <line num="127" count="5" type="cond" truecount="2" falsecount="0"/>
      <line num="128" count="2" type="stmt"/>
      <line num="131" count="2" type="cond" truecount="5" falsecount="1"/>
      <line num="132" count="0" type="stmt"/>
      <line num="136" count="2" type="stmt"/>
      <line num="137" count="2" type="stmt"/>
      <line num="138" count="2" type="stmt"/>
      <line num="142" count="3" type="cond" truecount="2" falsecount="0"/>
      <line num="143" count="1" type="stmt"/>
      <line num="149" count="1" type="cond" truecount="1" falsecount="1"/>
      <line num="150" count="0" type="stmt"/>
      <line num="152" count="1" type="stmt"/>
      <line num="153" count="1" type="stmt"/>
      <line num="157" count="2" type="cond" truecount="2" falsecount="0"/>
      <line num="158" count="1" type="stmt"/>
      <line num="164" count="1" type="cond" truecount="1" falsecount="1"/>
      <line num="165" count="0" type="stmt"/>
      <line num="167" count="1" type="stmt"/>
      <line num="168" count="1" type="stmt"/>
      <line num="171" count="1" type="stmt"/>
      <line num="175" count="4" type="cond" truecount="1" falsecount="1"/>
      <line num="176" count="4" type="stmt"/>
      <line num="180" count="4" type="stmt"/>
      <line num="185" count="4" type="stmt"/>
    </file>
    <file name="battle-cards-adapter.js" path="D:\Github_Code\CardGame\static\js\battle\battle-cards-adapter.js">
      <metrics statements="43" coveredstatements="42" conditionals="46" coveredconditionals="40" methods="11" coveredmethods="11"/>
      <line num="9" count="5" type="stmt"/>
      <line num="18" count="55" type="cond" truecount="2" falsecount="0"/>
      <line num="21" count="54" type="stmt"/>
      <line num="48" count="17" type="cond" truecount="4" falsecount="0"/>
      <line num="50" count="16" type="stmt"/>
      <line num="51" count="16" type="stmt"/>
      <line num="53" count="16" type="stmt"/>
      <line num="63" count="5" type="cond" truecount="3" falsecount="1"/>
      <line num="65" count="5" type="stmt"/>
      <line num="66" count="5" type="stmt"/>
      <line num="67" count="5" type="stmt"/>
      <line num="69" count="5" type="stmt"/>
      <line num="79" count="10" type="cond" truecount="3" falsecount="1"/>
      <line num="82" count="10" type="cond" truecount="2" falsecount="0"/>
      <line num="83" count="2" type="stmt"/>
      <line num="87" count="8" type="stmt"/>
      <line num="88" count="8" type="stmt"/>
      <line num="98" count="6" type="cond" truecount="3" falsecount="1"/>
      <line num="100" count="6" type="stmt"/>
      <line num="101" count="6" type="stmt"/>
      <line num="102" count="6" type="stmt"/>
      <line num="104" count="6" type="stmt"/>
      <line num="113" count="7" type="cond" truecount="3" falsecount="1"/>
      <line num="116" count="7" type="cond" truecount="1" falsecount="1"/>
      <line num="117" count="0" type="stmt"/>
      <line num="121" count="7" type="stmt"/>
      <line num="131" count="3" type="cond" truecount="6" falsecount="0"/>
      <line num="132" count="1" type="stmt"/>
      <line num="136" count="2" type="stmt"/>
      <line num="137" count="2" type="stmt"/>
      <line num="146" count="12" type="cond" truecount="2" falsecount="0"/>
      <line num="156" count="12" type="cond" truecount="6" falsecount="0"/>
      <line num="157" count="2" type="stmt"/>
      <line num="160" count="10" type="stmt"/>
      <line num="170" count="8" type="stmt"/>
      <line num="171" count="8" type="cond" truecount="2" falsecount="0"/>
      <line num="173" count="7" type="stmt"/>
      <line num="183" count="4" type="cond" truecount="2" falsecount="0"/>
      <line num="184" count="2" type="stmt"/>
      <line num="187" count="2" type="stmt"/>
      <line num="190" count="2" type="stmt"/>
      <line num="193" count="2" type="stmt"/>
      <line num="198" count="5" type="stmt"/>
    </file>
    <file name="battle-main-adapter.js" path="D:\Github_Code\CardGame\static\js\battle\battle-main-adapter.js">
      <metrics statements="118" coveredstatements="59" conditionals="75" coveredconditionals="22" methods="18" coveredmethods="10"/>
      <line num="7" count="1" type="stmt"/>
      <line num="8" count="1" type="stmt"/>
      <line num="9" count="1" type="stmt"/>
      <line num="15" count="1" type="stmt"/>
      <line num="32" count="13" type="stmt"/>
      <line num="33" count="13" type="stmt"/>
      <line num="34" count="13" type="stmt"/>
      <line num="35" count="13" type="stmt"/>
      <line num="36" count="13" type="stmt"/>
      <line num="37" count="13" type="stmt"/>
      <line num="39" count="13" type="stmt"/>
      <line num="54" count="3" type="cond" truecount="4" falsecount="1"/>
      <line num="55" count="0" type="stmt"/>
      <line num="59" count="3" type="stmt"/>
      <line num="62" count="3" type="stmt"/>
      <line num="63" count="3" type="stmt"/>
      <line num="66" count="3" type="stmt"/>
      <line num="69" count="3" type="stmt"/>
      <line num="72" count="3" type="stmt"/>
      <line num="73" count="3" type="stmt"/>
      <line num="75" count="3" type="stmt"/>
      <line num="91" count="1" type="cond" truecount="1" falsecount="1"/>
      <line num="92" count="0" type="stmt"/>
      <line num="96" count="1" type="cond" truecount="1" falsecount="1"/>
      <line num="97" count="1" type="cond" truecount="4" falsecount="2"/>
      <line num="98" count="0" type="stmt"/>
      <line num="102" count="1" type="cond" truecount="1" falsecount="1"/>
      <line num="103" count="0" type="stmt"/>
      <line num="107" count="1" type="stmt"/>
      <line num="110" count="1" type="stmt"/>
      <line num="111" count="1" type="stmt"/>
      <line num="114" count="1" type="stmt"/>
      <line num="117" count="1" type="stmt"/>
      <line num="120" count="1" type="stmt"/>
      <line num="121" count="1" type="cond" truecount="1" falsecount="1"/>
      <line num="122" count="0" type="stmt"/>
      <line num="123" count="0" type="stmt"/>
      <line num="126" count="1" type="stmt"/>
      <line num="134" count="1" type="cond" truecount="1" falsecount="1"/>
      <line num="135" count="0" type="stmt"/>
      <line num="139" count="1" type="stmt"/>
      <line num="142" count="1" type="stmt"/>
      <line num="145" count="1" type="stmt"/>
      <line num="148" count="1" type="stmt"/>
      <line num="156" count="1" type="cond" truecount="1" falsecount="1"/>
      <line num="157" count="1" type="stmt"/>
      <line num="160" count="1" type="stmt"/>
      <line num="168" count="0" type="cond" truecount="0" falsecount="4"/>
      <line num="169" count="0" type="stmt"/>
      <line num="172" count="0" type="stmt"/>
      <line num="173" count="0" type="stmt"/>
      <line num="174" count="0" type="stmt"/>
      <line num="177" count="0" type="stmt"/>
      <line num="178" count="0" type="cond" truecount="0" falsecount="2"/>
      <line num="179" count="0" type="stmt"/>
      <line num="183" count="0" type="cond" truecount="0" falsecount="4"/>
      <line num="185" count="0" type="stmt"/>
      <line num="187" count="0" type="cond" truecount="0" falsecount="2"/>
      <line num="189" count="0" type="stmt"/>
      <line num="192" count="0" type="cond" truecount="0" falsecount="2"/>
      <line num="193" count="0" type="stmt"/>
      <line num="196" count="0" type="stmt"/>
      <line num="197" count="0" type="stmt"/>
      <line num="200" count="0" type="cond" truecount="0" falsecount="4"/>
      <line num="201" count="0" type="stmt"/>
      <line num="209" count="0" type="stmt"/>
      <line num="211" count="0" type="stmt"/>
      <line num="219" count="4" type="cond" truecount="1" falsecount="1"/>
      <line num="220" count="0" type="stmt"/>
      <line num="223" count="4" type="stmt"/>
      <line num="232" count="1" type="cond" truecount="1" falsecount="1"/>
      <line num="233" count="0" type="stmt"/>
      <line num="237" count="1" type="stmt"/>
      <line num="240" count="1" type="stmt"/>
      <line num="243" count="1" type="stmt"/>
      <line num="246" count="1" type="stmt"/>
      <line num="248" count="1" type="stmt"/>
      <line num="266" count="7" type="stmt"/>
      <line num="278" count="2" type="stmt"/>
      <line num="286" count="2" type="stmt"/>
      <line num="302" count="13" type="stmt"/>
      <line num="303" count="13" type="stmt"/>
      <line num="304" count="13" type="stmt"/>
      <line num="305" count="13" type="stmt"/>
      <line num="306" count="13" type="stmt"/>
      <line num="307" count="13" type="stmt"/>
      <line num="312" count="1" type="stmt"/>
      <line num="315" count="0" type="stmt"/>
      <line num="317" count="0" type="stmt"/>
      <line num="318" count="0" type="stmt"/>
      <line num="319" count="0" type="stmt"/>
      <line num="322" count="0" type="cond" truecount="0" falsecount="2"/>
      <line num="323" count="0" type="stmt"/>
      <line num="324" count="0" type="stmt"/>
      <line num="328" count="0" type="cond" truecount="0" falsecount="2"/>
      <line num="329" count="0" type="stmt"/>
      <line num="330" count="0" type="stmt"/>
      <line num="334" count="0" type="cond" truecount="0" falsecount="4"/>
      <line num="335" count="0" type="stmt"/>
      <line num="338" count="0" type="stmt"/>
      <line num="352" count="0" type="stmt"/>
      <line num="353" count="0" type="cond" truecount="0" falsecount="2"/>
      <line num="354" count="0" type="cond" truecount="0" falsecount="2"/>
      <line num="357" count="0" type="stmt"/>
      <line num="360" count="0" type="stmt"/>
      <line num="365" count="0" type="stmt"/>
      <line num="366" count="0" type="cond" truecount="0" falsecount="2"/>
      <line num="369" count="0" type="stmt"/>
      <line num="373" count="0" type="stmt"/>
      <line num="375" count="0" type="cond" truecount="0" falsecount="4"/>
      <line num="376" count="0" type="stmt"/>
      <line num="378" count="0" type="stmt"/>
      <line num="385" count="0" type="cond" truecount="0" falsecount="2"/>
      <line num="386" count="0" type="stmt"/>
      <line num="389" count="0" type="stmt"/>
      <line num="390" count="0" type="stmt"/>
      <line num="394" count="0" type="stmt"/>
      <line num="399" count="1" type="stmt"/>
    </file>
    <file name="battle-state-adapter.js" path="D:\Github_Code\CardGame\static\js\battle\battle-state-adapter.js">
      <metrics statements="95" coveredstatements="79" conditionals="48" coveredconditionals="43" methods="17" coveredmethods="16"/>
      <line num="10" count="7" type="stmt"/>
      <line num="24" count="38" type="stmt"/>
      <line num="26" count="38" type="stmt"/>
      <line num="29" count="0" type="stmt"/>
      <line num="30" count="0" type="stmt"/>
      <line num="31" count="0" type="stmt"/>
      <line num="32" count="0" type="stmt"/>
      <line num="33" count="0" type="stmt"/>
      <line num="34" count="0" type="stmt"/>
      <line num="36" count="0" type="stmt"/>
      <line num="38" count="38" type="stmt"/>
      <line num="41" count="70" type="stmt"/>
      <line num="49" count="55" type="stmt"/>
      <line num="57" count="38" type="stmt"/>
      <line num="58" count="38" type="stmt"/>
      <line num="59" count="38" type="stmt"/>
      <line num="60" count="38" type="stmt"/>
      <line num="61" count="38" type="stmt"/>
      <line num="63" count="38" type="stmt"/>
      <line num="69" count="6" type="stmt"/>
      <line num="71" count="6" type="stmt"/>
      <line num="74" count="2" type="stmt"/>
      <line num="75" count="2" type="stmt"/>
      <line num="76" count="2" type="stmt"/>
      <line num="77" count="2" type="stmt"/>
      <line num="79" count="2" type="stmt"/>
      <line num="81" count="4" type="stmt"/>
      <line num="84" count="4" type="stmt"/>
      <line num="87" count="4" type="cond" truecount="1" falsecount="1"/>
      <line num="88" count="4" type="cond" truecount="2" falsecount="0"/>
      <line num="90" count="4" type="cond" truecount="2" falsecount="0"/>
      <line num="91" count="3" type="stmt"/>
      <line num="92" count="3" type="stmt"/>
      <line num="94" count="3" type="stmt"/>
      <line num="96" count="1" type="stmt"/>
      <line num="97" count="1" type="stmt"/>
      <line num="99" count="1" type="stmt"/>
      <line num="102" count="4" type="stmt"/>
      <line num="108" count="9" type="stmt"/>
      <line num="110" count="9" type="stmt"/>
      <line num="112" count="7" type="stmt"/>
      <line num="116" count="7" type="cond" truecount="3" falsecount="1"/>
      <line num="117" count="0" type="stmt"/>
      <line num="121" count="7" type="cond" truecount="4" falsecount="0"/>
      <line num="122" count="5" type="cond" truecount="3" falsecount="1"/>
      <line num="124" count="0" type="stmt"/>
      <line num="128" count="8" type="stmt"/>
      <line num="129" count="8" type="stmt"/>
      <line num="132" count="7" type="cond" truecount="4" falsecount="0"/>
      <line num="133" count="5" type="stmt"/>
      <line num="137" count="2" type="stmt"/>
      <line num="143" count="6" type="stmt"/>
      <line num="145" count="6" type="stmt"/>
      <line num="147" count="6" type="stmt"/>
      <line num="150" count="7" type="stmt"/>
      <line num="151" count="7" type="stmt"/>
      <line num="155" count="6" type="cond" truecount="4" falsecount="0"/>
      <line num="156" count="2" type="stmt"/>
      <line num="159" count="4" type="cond" truecount="4" falsecount="0"/>
      <line num="160" count="2" type="stmt"/>
      <line num="163" count="2" type="cond" truecount="4" falsecount="0"/>
      <line num="164" count="1" type="stmt"/>
      <line num="168" count="1" type="stmt"/>
      <line num="174" count="8" type="stmt"/>
      <line num="176" count="8" type="stmt"/>
      <line num="179" count="0" type="stmt"/>
      <line num="181" count="8" type="stmt"/>
      <line num="184" count="8" type="cond" truecount="4" falsecount="0"/>
      <line num="185" count="6" type="stmt"/>
      <line num="192" count="5" type="stmt"/>
      <line num="194" count="5" type="stmt"/>
      <line num="196" count="5" type="stmt"/>
      <line num="199" count="5" type="cond" truecount="2" falsecount="0"/>
      <line num="203" count="10" type="stmt"/>
      <line num="206" count="5" type="cond" truecount="2" falsecount="0"/>
      <line num="207" count="1" type="stmt"/>
      <line num="210" count="7" type="stmt"/>
      <line num="211" count="4" type="stmt"/>
      <line num="217" count="2" type="stmt"/>
      <line num="219" count="2" type="stmt"/>
      <line num="222" count="0" type="stmt"/>
      <line num="223" count="0" type="stmt"/>
      <line num="225" count="2" type="stmt"/>
      <line num="228" count="2" type="stmt"/>
      <line num="229" count="2" type="stmt"/>
      <line num="235" count="3" type="stmt"/>
      <line num="237" count="3" type="stmt"/>
      <line num="239" count="3" type="stmt"/>
      <line num="242" count="3" type="stmt"/>
      <line num="243" count="3" type="stmt"/>
      <line num="249" count="0" type="stmt"/>
      <line num="251" count="0" type="stmt"/>
      <line num="253" count="0" type="stmt"/>
      <line num="256" count="0" type="stmt"/>
      <line num="276" count="7" type="stmt"/>
    </file>
    <file name="battle-system-adapter.js" path="D:\Github_Code\CardGame\static\js\battle\battle-system-adapter.js">
      <metrics statements="114" coveredstatements="92" conditionals="73" coveredconditionals="39" methods="22" coveredmethods="18"/>
      <line num="6" count="1" type="stmt"/>
      <line num="7" count="1" type="stmt"/>
      <line num="12" count="1" type="stmt"/>
      <line num="33" count="12" type="stmt"/>
      <line num="44" count="12" type="cond" truecount="1" falsecount="1"/>
      <line num="45" count="12" type="stmt"/>
      <line num="46" count="12" type="stmt"/>
      <line num="51" count="12" type="cond" truecount="1" falsecount="1"/>
      <line num="52" count="12" type="stmt"/>
      <line num="53" count="12" type="stmt"/>
      <line num="58" count="12" type="stmt"/>
      <line num="63" count="12" type="stmt"/>
      <line num="70" count="10" type="cond" truecount="1" falsecount="1"/>
      <line num="72" count="10" type="stmt"/>
      <line num="73" count="10" type="stmt"/>
      <line num="74" count="10" type="stmt"/>
      <line num="77" count="10" type="stmt"/>
      <line num="79" count="10" type="stmt"/>
      <line num="80" count="10" type="stmt"/>
      <line num="88" count="2" type="cond" truecount="1" falsecount="1"/>
      <line num="90" count="2" type="stmt"/>
      <line num="91" count="2" type="stmt"/>
      <line num="92" count="2" type="cond" truecount="1" falsecount="1"/>
      <line num="94" count="2" type="stmt"/>
      <line num="95" count="2" type="stmt"/>
      <line num="106" count="1" type="cond" truecount="4" falsecount="1"/>
      <line num="109" count="1" type="stmt"/>
      <line num="110" count="1" type="cond" truecount="1" falsecount="1"/>
      <line num="111" count="0" type="stmt"/>
      <line num="112" count="0" type="stmt"/>
      <line num="116" count="1" type="stmt"/>
      <line num="117" count="1" type="cond" truecount="1" falsecount="1"/>
      <line num="118" count="0" type="stmt"/>
      <line num="119" count="0" type="stmt"/>
      <line num="123" count="1" type="stmt"/>
      <line num="125" count="1" type="stmt"/>
      <line num="128" count="1" type="stmt"/>
      <line num="130" count="1" type="stmt"/>
      <line num="141" count="4" type="cond" truecount="1" falsecount="1"/>
      <line num="143" count="4" type="stmt"/>
      <line num="150" count="4" type="cond" truecount="2" falsecount="0"/>
      <line num="152" count="3" type="stmt"/>
      <line num="153" count="3" type="cond" truecount="2" falsecount="0"/>
      <line num="154" count="3" type="stmt"/>
      <line num="157" count="3" type="stmt"/>
      <line num="158" count="3" type="stmt"/>
      <line num="160" count="3" type="stmt"/>
      <line num="161" count="3" type="stmt"/>
      <line num="165" count="4" type="cond" truecount="2" falsecount="0"/>
      <line num="166" count="1" type="stmt"/>
      <line num="167" count="1" type="stmt"/>
      <line num="168" count="1" type="stmt"/>
      <line num="172" count="4" type="cond" truecount="2" falsecount="0"/>
      <line num="173" count="1" type="stmt"/>
      <line num="174" count="1" type="stmt"/>
      <line num="175" count="1" type="stmt"/>
      <line num="178" count="4" type="stmt"/>
      <line num="185" count="1" type="cond" truecount="1" falsecount="1"/>
      <line num="188" count="1" type="stmt"/>
      <line num="189" count="1" type="cond" truecount="1" falsecount="1"/>
      <line num="190" count="1" type="stmt"/>
      <line num="194" count="1" type="stmt"/>
      <line num="197" count="1" type="stmt"/>
      <line num="199" count="1" type="stmt"/>
      <line num="200" count="1" type="stmt"/>
      <line num="203" count="1" type="stmt"/>
      <line num="205" count="1" type="stmt"/>
      <line num="213" count="2" type="cond" truecount="3" falsecount="1"/>
      <line num="216" count="2" type="stmt"/>
      <line num="217" count="1" type="cond" truecount="1" falsecount="1"/>
      <line num="218" count="1" type="stmt"/>
      <line num="219" count="1" type="stmt"/>
      <line num="223" count="1" type="cond" truecount="1" falsecount="1"/>
      <line num="224" count="1" type="stmt"/>
      <line num="227" count="1" type="cond" truecount="1" falsecount="1"/>
      <line num="228" count="0" type="stmt"/>
      <line num="229" count="0" type="stmt"/>
      <line num="235" count="2" type="stmt"/>
      <line num="236" count="2" type="cond" truecount="2" falsecount="0"/>
      <line num="237" count="1" type="stmt"/>
      <line num="246" count="4" type="cond" truecount="1" falsecount="1"/>
      <line num="248" count="4" type="stmt"/>
      <line num="249" count="4" type="stmt"/>
      <line num="251" count="4" type="cond" truecount="3" falsecount="1"/>
      <line num="252" count="0" type="stmt"/>
      <line num="253" count="0" type="stmt"/>
      <line num="254" count="4" type="cond" truecount="2" falsecount="0"/>
      <line num="255" count="1" type="stmt"/>
      <line num="256" count="1" type="stmt"/>
      <line num="257" count="3" type="cond" truecount="2" falsecount="0"/>
      <line num="258" count="1" type="stmt"/>
      <line num="259" count="1" type="stmt"/>
      <line num="262" count="2" type="stmt"/>
      <line num="270" count="0" type="stmt"/>
      <line num="271" count="0" type="stmt"/>
      <line num="273" count="0" type="cond" truecount="0" falsecount="4"/>
      <line num="274" count="0" type="stmt"/>
      <line num="275" count="0" type="cond" truecount="0" falsecount="2"/>
      <line num="276" count="0" type="stmt"/>
      <line num="277" count="0" type="cond" truecount="0" falsecount="2"/>
      <line num="278" count="0" type="stmt"/>
      <line num="281" count="0" type="stmt"/>
      <line num="289" count="23" type="cond" truecount="1" falsecount="1"/>
      <line num="291" count="23" type="stmt"/>
      <line num="303" count="1" type="stmt"/>
      <line num="311" count="6" type="stmt"/>
      <line num="321" count="0" type="cond" truecount="0" falsecount="2"/>
      <line num="322" count="0" type="cond" truecount="0" falsecount="2"/>
      <line num="323" count="0" type="cond" truecount="0" falsecount="2"/>
      <line num="324" count="0" type="cond" truecount="0" falsecount="2"/>
      <line num="326" count="0" type="stmt"/>
      <line num="334" count="6" type="stmt"/>
      <line num="342" count="4" type="stmt"/>
      <line num="347" count="1" type="stmt"/>
    </file>
    <file name="battle-ui-adapter.js" path="D:\Github_Code\CardGame\static\js\battle\battle-ui-adapter.js">
      <metrics statements="150" coveredstatements="139" conditionals="60" coveredconditionals="44" methods="37" coveredmethods="29"/>
      <line num="7" count="2" type="stmt"/>
      <line num="8" count="2" type="stmt"/>
      <line num="9" count="2" type="stmt"/>
      <line num="15" count="2" type="stmt"/>
      <line num="40" count="16" type="stmt"/>
      <line num="41" count="16" type="stmt"/>
      <line num="42" count="16" type="stmt"/>
      <line num="43" count="16" type="stmt"/>
      <line num="44" count="16" type="stmt"/>
      <line num="45" count="16" type="stmt"/>
      <line num="46" count="16" type="stmt"/>
      <line num="47" count="16" type="stmt"/>
      <line num="48" count="16" type="stmt"/>
      <line num="49" count="16" type="stmt"/>
      <line num="52" count="16" type="stmt"/>
      <line num="53" count="16" type="stmt"/>
      <line num="54" count="16" type="stmt"/>
      <line num="55" count="16" type="stmt"/>
      <line num="56" count="16" type="stmt"/>
      <line num="65" count="3" type="stmt"/>
      <line num="66" count="3" type="stmt"/>
      <line num="67" count="3" type="stmt"/>
      <line num="68" count="3" type="stmt"/>
      <line num="69" count="3" type="stmt"/>
      <line num="72" count="3" type="stmt"/>
      <line num="73" count="6" type="stmt"/>
      <line num="74" count="6" type="stmt"/>
      <line num="75" count="6" type="stmt"/>
      <line num="76" count="6" type="stmt"/>
      <line num="80" count="3" type="stmt"/>
      <line num="81" count="3" type="stmt"/>
      <line num="82" count="3" type="stmt"/>
      <line num="83" count="3" type="stmt"/>
      <line num="84" count="3" type="stmt"/>
      <line num="87" count="3" type="stmt"/>
      <line num="101" count="16" type="stmt"/>
      <line num="106" count="15" type="cond" truecount="1" falsecount="1"/>
      <line num="107" count="15" type="stmt"/>
      <line num="111" count="7" type="stmt"/>
      <line num="112" count="7" type="cond" truecount="2" falsecount="0"/>
      <line num="113" count="3" type="stmt"/>
      <line num="117" count="10" type="stmt"/>
      <line num="120" count="0" type="stmt"/>
      <line num="134" count="16" type="cond" truecount="2" falsecount="0"/>
      <line num="135" count="1" type="stmt"/>
      <line num="139" count="16" type="cond" truecount="6" falsecount="0"/>
      <line num="141" count="7" type="stmt"/>
      <line num="142" count="9" type="cond" truecount="2" falsecount="0"/>
      <line num="143" count="1" type="stmt"/>
      <line num="146" count="16" type="stmt"/>
      <line num="154" count="3" type="cond" truecount="2" falsecount="0"/>
      <line num="156" count="3" type="stmt"/>
      <line num="158" count="3" type="cond" truecount="1" falsecount="1"/>
      <line num="160" count="3" type="stmt"/>
      <line num="161" count="3" type="stmt"/>
      <line num="163" count="3" type="stmt"/>
      <line num="172" count="2" type="stmt"/>
      <line num="173" count="2" type="stmt"/>
      <line num="175" count="2" type="stmt"/>
      <line num="180" count="2" type="stmt"/>
      <line num="182" count="2" type="stmt"/>
      <line num="192" count="2" type="stmt"/>
      <line num="193" count="0" type="stmt"/>
      <line num="197" count="2" type="stmt"/>
      <line num="198" count="0" type="stmt"/>
      <line num="202" count="2" type="stmt"/>
      <line num="204" count="2" type="cond" truecount="1" falsecount="1"/>
      <line num="205" count="0" type="stmt"/>
      <line num="209" count="2" type="stmt"/>
      <line num="210" count="2" type="stmt"/>
      <line num="213" count="2" type="stmt"/>
      <line num="222" count="2" type="stmt"/>
      <line num="225" count="2" type="stmt"/>
      <line num="228" count="0" type="stmt"/>
      <line num="232" count="2" type="stmt"/>
      <line num="235" count="2" type="cond" truecount="1" falsecount="1"/>
      <line num="236" count="2" type="stmt"/>
      <line num="237" count="2" type="stmt"/>
      <line num="241" count="0" type="stmt"/>
      <line num="250" count="2" type="stmt"/>
      <line num="254" count="2" type="stmt"/>
      <line num="266" count="1" type="stmt"/>
      <line num="273" count="1" type="stmt"/>
      <line num="276" count="1" type="cond" truecount="1" falsecount="1"/>
      <line num="277" count="1" type="stmt"/>
      <line num="278" count="0" type="stmt"/>
      <line num="280" count="1" type="stmt"/>
      <line num="289" count="3" type="stmt"/>
      <line num="290" count="3" type="stmt"/>
      <line num="291" count="1" type="stmt"/>
      <line num="295" count="3" type="stmt"/>
      <line num="297" count="3" type="cond" truecount="2" falsecount="0"/>
      <line num="299" count="2" type="stmt"/>
      <line num="300" count="0" type="cond" truecount="0" falsecount="2"/>
      <line num="305" count="2" type="cond" truecount="3" falsecount="1"/>
      <line num="306" count="2" type="stmt"/>
      <line num="307" count="0" type="stmt"/>
      <line num="311" count="2" type="cond" truecount="1" falsecount="1"/>
      <line num="312" count="2" type="stmt"/>
      <line num="313" count="2" type="stmt"/>
      <line num="314" count="2" type="stmt"/>
      <line num="320" count="1" type="stmt"/>
      <line num="321" count="1" type="stmt"/>
      <line num="325" count="1" type="cond" truecount="3" falsecount="1"/>
      <line num="326" count="1" type="stmt"/>
      <line num="327" count="2" type="stmt"/>
      <line num="328" count="2" type="stmt"/>
      <line num="329" count="2" type="stmt"/>
      <line num="335" count="3" type="stmt"/>
      <line num="336" count="4" type="stmt"/>
      <line num="340" count="3" type="stmt"/>
      <line num="342" count="4" type="stmt"/>
      <line num="343" count="7" type="stmt"/>
      <line num="344" count="4" type="cond" truecount="2" falsecount="0"/>
      <line num="346" count="2" type="stmt"/>
      <line num="347" count="2" type="cond" truecount="1" falsecount="1"/>
      <line num="349" count="0" type="stmt"/>
      <line num="350" count="4" type="stmt"/>
      <line num="352" count="3" type="stmt"/>
      <line num="362" count="1" type="cond" truecount="1" falsecount="1"/>
      <line num="363" count="0" type="stmt"/>
      <line num="369" count="1" type="stmt"/>
      <line num="372" count="1" type="stmt"/>
      <line num="380" count="1" type="stmt"/>
      <line num="383" count="1" type="stmt"/>
      <line num="385" count="1" type="stmt"/>
      <line num="393" count="2" type="stmt"/>
      <line num="394" count="3" type="stmt"/>
      <line num="395" count="3" type="stmt"/>
      <line num="396" count="3" type="stmt"/>
      <line num="399" count="2" type="stmt"/>
      <line num="400" count="2" type="stmt"/>
      <line num="409" count="2" type="stmt"/>
      <line num="415" count="2" type="stmt"/>
      <line num="416" count="2" type="stmt"/>
      <line num="418" count="2" type="stmt"/>
      <line num="428" count="3" type="stmt"/>
      <line num="429" count="3" type="stmt"/>
      <line num="431" count="3" type="stmt"/>
      <line num="436" count="3" type="stmt"/>
      <line num="445" count="2" type="cond" truecount="2" falsecount="0"/>
      <line num="447" count="2" type="stmt"/>
      <line num="452" count="2" type="cond" truecount="2" falsecount="0"/>
      <line num="454" count="2" type="stmt"/>
      <line num="462" count="1" type="stmt"/>
      <line num="463" count="1" type="stmt"/>
      <line num="464" count="1" type="stmt"/>
      <line num="465" count="1" type="stmt"/>
      <line num="467" count="1" type="stmt"/>
      <line num="476" count="2" type="stmt"/>
    </file>
    <file name="card-effects-adapter.js" path="D:\Github_Code\CardGame\static\js\battle\card-effects-adapter.js">
      <metrics statements="102" coveredstatements="97" conditionals="83" coveredconditionals="68" methods="16" coveredmethods="16"/>
      <line num="7" count="1" type="stmt"/>
      <line num="9" count="1" type="stmt"/>
      <line num="12" count="1" type="stmt"/>
      <line num="13" count="1" type="stmt"/>
      <line num="17" count="1" type="stmt"/>
      <line num="20" count="9" type="stmt"/>
      <line num="22" count="9" type="stmt"/>
      <line num="24" count="9" type="stmt"/>
      <line num="27" count="9" type="cond" truecount="4" falsecount="0"/>
      <line num="28" count="1" type="stmt"/>
      <line num="32" count="8" type="cond" truecount="1" falsecount="1"/>
      <line num="33" count="0" type="stmt"/>
      <line num="37" count="8" type="stmt"/>
      <line num="45" count="8" type="cond" truecount="10" falsecount="1"/>
      <line num="48" count="4" type="stmt"/>
      <line num="49" count="4" type="stmt"/>
      <line num="52" count="1" type="stmt"/>
      <line num="53" count="1" type="stmt"/>
      <line num="55" count="1" type="stmt"/>
      <line num="56" count="1" type="cond" truecount="1" falsecount="1"/>
      <line num="57" count="1" type="stmt"/>
      <line num="59" count="1" type="stmt"/>
      <line num="60" count="1" type="cond" truecount="1" falsecount="1"/>
      <line num="61" count="1" type="stmt"/>
      <line num="67" count="1" type="stmt"/>
      <line num="68" count="1" type="stmt"/>
      <line num="72" count="8" type="stmt"/>
      <line num="74" count="8" type="cond" truecount="2" falsecount="0"/>
      <line num="76" count="2" type="stmt"/>
      <line num="77" count="2" type="stmt"/>
      <line num="80" count="2" type="cond" truecount="1" falsecount="1"/>
      <line num="81" count="2" type="cond" truecount="2" falsecount="0"/>
      <line num="82" count="1" type="stmt"/>
      <line num="87" count="6" type="stmt"/>
      <line num="90" count="8" type="stmt"/>
      <line num="96" count="3" type="stmt"/>
      <line num="98" count="3" type="stmt"/>
      <line num="100" count="3" type="stmt"/>
      <line num="103" count="3" type="cond" truecount="5" falsecount="0"/>
      <line num="104" count="1" type="stmt"/>
      <line num="107" count="2" type="stmt"/>
      <line num="108" count="4" type="stmt"/>
      <line num="110" count="2" type="stmt"/>
      <line num="116" count="5" type="stmt"/>
      <line num="118" count="5" type="stmt"/>
      <line num="120" count="5" type="stmt"/>
      <line num="123" count="5" type="cond" truecount="4" falsecount="0"/>
      <line num="124" count="1" type="stmt"/>
      <line num="128" count="4" type="stmt"/>
      <line num="129" count="4" type="cond" truecount="2" falsecount="0"/>
      <line num="130" count="2" type="stmt"/>
      <line num="131" count="2" type="cond" truecount="1" falsecount="1"/>
      <line num="135" count="4" type="stmt"/>
      <line num="136" count="4" type="cond" truecount="2" falsecount="0"/>
      <line num="137" count="2" type="stmt"/>
      <line num="138" count="2" type="cond" truecount="1" falsecount="1"/>
      <line num="142" count="4" type="cond" truecount="1" falsecount="1"/>
      <line num="143" count="4" type="cond" truecount="1" falsecount="1"/>
      <line num="146" count="4" type="stmt"/>
      <line num="152" count="3" type="stmt"/>
      <line num="154" count="3" type="stmt"/>
      <line num="156" count="3" type="stmt"/>
      <line num="159" count="3" type="cond" truecount="4" falsecount="0"/>
      <line num="160" count="1" type="stmt"/>
      <line num="164" count="2" type="stmt"/>
      <line num="165" count="5" type="stmt"/>
      <line num="169" count="5" type="stmt"/>
      <line num="171" count="2" type="stmt"/>
      <line num="177" count="5" type="stmt"/>
      <line num="179" count="5" type="stmt"/>
      <line num="181" count="5" type="stmt"/>
      <line num="184" count="5" type="cond" truecount="4" falsecount="0"/>
      <line num="185" count="1" type="stmt"/>
      <line num="188" count="4" type="stmt"/>
      <line num="191" count="4" type="cond" truecount="3" falsecount="0"/>
      <line num="194" count="2" type="stmt"/>
      <line num="195" count="5" type="cond" truecount="2" falsecount="0"/>
      <line num="196" count="3" type="stmt"/>
      <line num="197" count="2" type="cond" truecount="1" falsecount="1"/>
      <line num="198" count="0" type="stmt"/>
      <line num="201" count="2" type="stmt"/>
      <line num="205" count="1" type="stmt"/>
      <line num="206" count="2" type="cond" truecount="1" falsecount="1"/>
      <line num="207" count="0" type="stmt"/>
      <line num="208" count="2" type="cond" truecount="2" falsecount="0"/>
      <line num="209" count="1" type="stmt"/>
      <line num="212" count="1" type="stmt"/>
      <line num="216" count="1" type="stmt"/>
      <line num="217" count="2" type="cond" truecount="1" falsecount="1"/>
      <line num="218" count="0" type="stmt"/>
      <line num="219" count="2" type="cond" truecount="1" falsecount="1"/>
      <line num="220" count="0" type="stmt"/>
      <line num="223" count="1" type="stmt"/>
      <line num="226" count="4" type="stmt"/>
      <line num="232" count="6" type="stmt"/>
      <line num="234" count="6" type="stmt"/>
      <line num="236" count="6" type="stmt"/>
      <line num="239" count="6" type="cond" truecount="4" falsecount="0"/>
      <line num="240" count="1" type="stmt"/>
      <line num="243" count="9" type="stmt"/>
      <line num="249" count="1" type="cond" truecount="3" falsecount="1"/>
      <line num="250" count="1" type="stmt"/>
    </file>
    <file name="element-system-adapter.js" path="D:\Github_Code\CardGame\static\js\battle\element-system-adapter.js">
      <metrics statements="27" coveredstatements="27" conditionals="19" coveredconditionals="17" methods="5" coveredmethods="5"/>
      <line num="9" count="2" type="stmt"/>
      <line num="20" count="2" type="stmt"/>
      <line num="52" count="2" type="stmt"/>
      <line num="53" count="2" type="stmt"/>
      <line num="54" count="2" type="stmt"/>
      <line num="63" count="45" type="cond" truecount="1" falsecount="1"/>
      <line num="64" count="45" type="stmt"/>
      <line num="74" count="42" type="cond" truecount="1" falsecount="1"/>
      <line num="75" count="42" type="stmt"/>
      <line num="86" count="21" type="stmt"/>
      <line num="89" count="21" type="cond" truecount="2" falsecount="0"/>
      <line num="90" count="10" type="stmt"/>
      <line num="94" count="21" type="cond" truecount="2" falsecount="0"/>
      <line num="95" count="10" type="stmt"/>
      <line num="99" count="21" type="cond" truecount="4" falsecount="0"/>
      <line num="100" count="12" type="stmt"/>
      <line num="103" count="21" type="stmt"/>
      <line num="113" count="11" type="cond" truecount="2" falsecount="0"/>
      <line num="114" count="3" type="stmt"/>
      <line num="115" count="8" type="cond" truecount="2" falsecount="0"/>
      <line num="116" count="1" type="stmt"/>
      <line num="118" count="7" type="stmt"/>
      <line num="133" count="16" type="stmt"/>
      <line num="136" count="16" type="stmt"/>
      <line num="139" count="16" type="stmt"/>
      <line num="142" count="16" type="stmt"/>
      <line num="146" count="2" type="stmt"/>
    </file>
    <file name="skill-effects-adapter.js" path="D:\Github_Code\CardGame\static\js\battle\skill-effects-adapter.js">
      <metrics statements="138" coveredstatements="104" conditionals="116" coveredconditionals="74" methods="12" coveredmethods="11"/>
      <line num="9" count="1" type="stmt"/>
      <line num="12" count="1" type="stmt"/>
      <line num="22" count="1" type="stmt"/>
      <line num="37" count="1" type="stmt"/>
      <line num="53" count="7" type="cond" truecount="1" falsecount="1"/>
      <line num="56" count="7" type="stmt"/>
      <line num="59" count="7" type="stmt"/>
      <line num="67" count="7" type="stmt"/>
      <line num="70" count="7" type="stmt"/>
      <line num="71" count="7" type="cond" truecount="4" falsecount="0"/>
      <line num="72" count="1" type="cond" truecount="1" falsecount="1"/>
      <line num="73" count="1" type="stmt"/>
      <line num="74" count="1" type="stmt"/>
      <line num="78" count="7" type="stmt"/>
      <line num="79" count="7" type="cond" truecount="3" falsecount="1"/>
      <line num="81" count="0" type="cond" truecount="0" falsecount="2"/>
      <line num="82" count="0" type="stmt"/>
      <line num="83" count="0" type="stmt"/>
      <line num="87" count="7" type="stmt"/>
      <line num="104" count="4" type="cond" truecount="1" falsecount="1"/>
      <line num="107" count="4" type="stmt"/>
      <line num="110" count="4" type="cond" truecount="3" falsecount="1"/>
      <line num="111" count="4" type="stmt"/>
      <line num="115" count="4" type="stmt"/>
      <line num="116" count="4" type="stmt"/>
      <line num="118" count="4" type="stmt"/>
      <line num="132" count="19" type="cond" truecount="1" falsecount="1"/>
      <line num="133" count="0" type="stmt"/>
      <line num="137" count="19" type="stmt"/>
      <line num="145" count="19" type="cond" truecount="1" falsecount="1"/>
      <line num="146" count="0" type="stmt"/>
      <line num="150" count="19" type="stmt"/>
      <line num="152" count="19" type="cond" truecount="2" falsecount="0"/>
      <line num="154" count="5" type="stmt"/>
      <line num="156" count="5" type="cond" truecount="2" falsecount="0"/>
      <line num="158" count="4" type="stmt"/>
      <line num="159" count="4" type="stmt"/>
      <line num="165" count="1" type="stmt"/>
      <line num="169" count="14" type="stmt"/>
      <line num="173" count="19" type="stmt"/>
      <line num="174" count="19" type="cond" truecount="6" falsecount="6"/>
      <line num="176" count="8" type="stmt"/>
      <line num="177" count="8" type="stmt"/>
      <line num="179" count="0" type="stmt"/>
      <line num="180" count="0" type="stmt"/>
      <line num="182" count="0" type="stmt"/>
      <line num="183" count="0" type="stmt"/>
      <line num="185" count="3" type="stmt"/>
      <line num="186" count="3" type="stmt"/>
      <line num="188" count="2" type="stmt"/>
      <line num="189" count="2" type="stmt"/>
      <line num="191" count="0" type="stmt"/>
      <line num="192" count="0" type="stmt"/>
      <line num="194" count="1" type="stmt"/>
      <line num="195" count="1" type="stmt"/>
      <line num="197" count="2" type="stmt"/>
      <line num="198" count="2" type="stmt"/>
      <line num="200" count="3" type="stmt"/>
      <line num="201" count="3" type="stmt"/>
      <line num="203" count="0" type="stmt"/>
      <line num="204" count="0" type="stmt"/>
      <line num="206" count="0" type="stmt"/>
      <line num="207" count="0" type="stmt"/>
      <line num="209" count="0" type="stmt"/>
      <line num="212" count="19" type="stmt"/>
      <line num="227" count="2" type="cond" truecount="3" falsecount="1"/>
      <line num="228" count="0" type="stmt"/>
      <line num="231" count="2" type="stmt"/>
      <line num="234" count="2" type="cond" truecount="1" falsecount="1"/>
      <line num="237" count="2" type="stmt"/>
      <line num="238" count="6" type="stmt"/>
      <line num="241" count="6" type="cond" truecount="2" falsecount="0"/>
      <line num="243" count="3" type="stmt"/>
      <line num="244" count="3" type="stmt"/>
      <line num="245" count="3" type="stmt"/>
      <line num="246" count="3" type="cond" truecount="3" falsecount="1"/>
      <line num="247" count="3" type="stmt"/>
      <line num="248" count="3" type="stmt"/>
      <line num="252" count="2" type="stmt"/>
      <line num="264" count="2" type="cond" truecount="3" falsecount="1"/>
      <line num="265" count="0" type="stmt"/>
      <line num="268" count="2" type="stmt"/>
      <line num="269" count="2" type="stmt"/>
      <line num="272" count="2" type="stmt"/>
      <line num="273" count="2" type="stmt"/>
      <line num="276" count="2" type="stmt"/>
      <line num="278" count="2" type="cond" truecount="2" falsecount="0"/>
      <line num="280" count="1" type="stmt"/>
      <line num="283" count="1" type="stmt"/>
      <line num="288" count="2" type="stmt"/>
      <line num="290" count="2" type="stmt"/>
      <line num="302" count="3" type="cond" truecount="3" falsecount="1"/>
      <line num="303" count="0" type="stmt"/>
      <line num="306" count="3" type="stmt"/>
      <line num="309" count="3" type="stmt"/>
      <line num="310" count="3" type="stmt"/>
      <line num="313" count="3" type="cond" truecount="2" falsecount="0"/>
      <line num="315" count="1" type="cond" truecount="1" falsecount="1"/>
      <line num="316" count="1" type="stmt"/>
      <line num="318" count="1" type="stmt"/>
      <line num="323" count="2" type="cond" truecount="1" falsecount="1"/>
      <line num="325" count="2" type="cond" truecount="1" falsecount="1"/>
      <line num="326" count="2" type="stmt"/>
      <line num="327" count="2" type="stmt"/>
      <line num="329" count="2" type="cond" truecount="2" falsecount="0"/>
      <line num="330" count="1" type="stmt"/>
      <line num="332" count="1" type="stmt"/>
      <line num="341" count="3" type="stmt"/>
      <line num="351" count="2" type="cond" truecount="3" falsecount="1"/>
      <line num="352" count="0" type="stmt"/>
      <line num="355" count="2" type="stmt"/>
      <line num="356" count="2" type="stmt"/>
      <line num="359" count="2" type="cond" truecount="3" falsecount="1"/>
      <line num="360" count="0" type="stmt"/>
      <line num="364" count="2" type="stmt"/>
      <line num="365" count="2" type="stmt"/>
      <line num="367" count="2" type="cond" truecount="1" falsecount="2"/>
      <line num="369" count="2" type="cond" truecount="1" falsecount="1"/>
      <line num="370" count="2" type="stmt"/>
      <line num="371" count="0" type="cond" truecount="0" falsecount="2"/>
      <line num="372" count="0" type="stmt"/>
      <line num="374" count="2" type="stmt"/>
      <line num="376" count="0" type="cond" truecount="0" falsecount="2"/>
      <line num="377" count="0" type="stmt"/>
      <line num="378" count="0" type="cond" truecount="0" falsecount="2"/>
      <line num="379" count="0" type="stmt"/>
      <line num="381" count="0" type="stmt"/>
      <line num="383" count="0" type="cond" truecount="0" falsecount="2"/>
      <line num="384" count="0" type="stmt"/>
      <line num="385" count="0" type="cond" truecount="0" falsecount="2"/>
      <line num="386" count="0" type="stmt"/>
      <line num="388" count="0" type="stmt"/>
      <line num="393" count="2" type="stmt"/>
      <line num="402" count="2" type="cond" truecount="3" falsecount="1"/>
      <line num="403" count="0" type="stmt"/>
      <line num="407" count="2" type="stmt"/>
      <line num="418" count="122" type="stmt"/>
      <line num="434" count="1" type="stmt"/>
    </file>
    <file name="turn-system-adapter.js" path="D:\Github_Code\CardGame\static\js\battle\turn-system-adapter.js">
      <metrics statements="166" coveredstatements="136" conditionals="174" coveredconditionals="111" methods="44" coveredmethods="38"/>
      <line num="7" count="4" type="stmt"/>
      <line num="10" count="4" type="stmt"/>
      <line num="20" count="41" type="cond" truecount="2" falsecount="0"/>
      <line num="23" count="41" type="stmt"/>
      <line num="24" count="41" type="cond" truecount="1" falsecount="1"/>
      <line num="25" count="41" type="cond" truecount="1" falsecount="1"/>
      <line num="26" count="41" type="stmt"/>
      <line num="29" count="41" type="cond" truecount="1" falsecount="1"/>
      <line num="31" count="41" type="stmt"/>
      <line num="32" count="68" type="cond" truecount="1" falsecount="1"/>
      <line num="33" count="0" type="stmt"/>
      <line num="35" count="68" type="cond" truecount="1" falsecount="1"/>
      <line num="36" count="0" type="stmt"/>
      <line num="38" count="68" type="cond" truecount="1" falsecount="1"/>
      <line num="39" count="0" type="cond" truecount="0" falsecount="2"/>
      <line num="41" count="68" type="cond" truecount="1" falsecount="1"/>
      <line num="42" count="0" type="stmt"/>
      <line num="44" count="68" type="stmt"/>
      <line num="47" count="41" type="stmt"/>
      <line num="48" count="48" type="cond" truecount="1" falsecount="1"/>
      <line num="49" count="0" type="stmt"/>
      <line num="51" count="48" type="cond" truecount="1" falsecount="1"/>
      <line num="52" count="0" type="stmt"/>
      <line num="54" count="48" type="cond" truecount="1" falsecount="1"/>
      <line num="55" count="0" type="cond" truecount="0" falsecount="2"/>
      <line num="57" count="48" type="cond" truecount="1" falsecount="1"/>
      <line num="58" count="0" type="stmt"/>
      <line num="60" count="48" type="stmt"/>
      <line num="63" count="41" type="stmt"/>
      <line num="64" count="41" type="stmt"/>
      <line num="65" count="41" type="stmt"/>
      <line num="66" count="41" type="stmt"/>
      <line num="69" count="41" type="stmt"/>
      <line num="79" count="46" type="stmt"/>
      <line num="80" count="78" type="cond" truecount="2" falsecount="2"/>
      <line num="83" count="46" type="stmt"/>
      <line num="84" count="56" type="cond" truecount="2" falsecount="2"/>
      <line num="87" count="46" type="cond" truecount="2" falsecount="0"/>
      <line num="92" count="13" type="stmt"/>
      <line num="93" count="13" type="cond" truecount="2" falsecount="0"/>
      <line num="94" count="13" type="cond" truecount="2" falsecount="0"/>
      <line num="97" count="13" type="stmt"/>
      <line num="100" count="13" type="stmt"/>
      <line num="103" count="13" type="stmt"/>
      <line num="105" count="13" type="stmt"/>
      <line num="110" count="3" type="stmt"/>
      <line num="113" count="3" type="stmt"/>
      <line num="116" count="3" type="stmt"/>
      <line num="119" count="3" type="cond" truecount="2" falsecount="2"/>
      <line num="120" count="3" type="stmt"/>
      <line num="121" count="9" type="cond" truecount="3" falsecount="1"/>
      <line num="123" count="9" type="stmt"/>
      <line num="124" count="0" type="cond" truecount="0" falsecount="2"/>
      <line num="129" count="3" type="stmt"/>
      <line num="139" count="9" type="stmt"/>
      <line num="141" count="9" type="stmt"/>
      <line num="143" count="9" type="cond" truecount="2" falsecount="0"/>
      <line num="144" count="7" type="stmt"/>
      <line num="145" count="7" type="stmt"/>
      <line num="147" count="2" type="stmt"/>
      <line num="148" count="2" type="stmt"/>
      <line num="152" count="9" type="cond" truecount="1" falsecount="1"/>
      <line num="153" count="9" type="stmt"/>
      <line num="154" count="9" type="stmt"/>
      <line num="155" count="9" type="stmt"/>
      <line num="159" count="9" type="stmt"/>
      <line num="166" count="9" type="stmt"/>
      <line num="176" count="10" type="cond" truecount="3" falsecount="1"/>
      <line num="177" count="10" type="stmt"/>
      <line num="180" count="10" type="cond" truecount="3" falsecount="1"/>
      <line num="181" count="10" type="stmt"/>
      <line num="184" count="10" type="stmt"/>
      <line num="186" count="0" type="stmt"/>
      <line num="191" count="10" type="cond" truecount="3" falsecount="0"/>
      <line num="196" count="5" type="cond" truecount="1" falsecount="1"/>
      <line num="200" count="5" type="cond" truecount="3" falsecount="1"/>
      <line num="201" count="0" type="stmt"/>
      <line num="205" count="10" type="cond" truecount="2" falsecount="0"/>
      <line num="208" count="5" type="cond" truecount="1" falsecount="1"/>
      <line num="209" count="0" type="stmt"/>
      <line num="213" count="8" type="stmt"/>
      <line num="214" count="5" type="stmt"/>
      <line num="219" count="16" type="cond" truecount="2" falsecount="0"/>
      <line num="220" count="16" type="cond" truecount="2" falsecount="0"/>
      <line num="222" count="16" type="cond" truecount="1" falsecount="1"/>
      <line num="223" count="16" type="stmt"/>
      <line num="224" count="17" type="cond" truecount="5" falsecount="1"/>
      <line num="226" count="17" type="stmt"/>
      <line num="234" count="6" type="cond" truecount="3" falsecount="1"/>
      <line num="235" count="6" type="cond" truecount="1" falsecount="1"/>
      <line num="236" count="0" type="stmt"/>
      <line num="240" count="6" type="stmt"/>
      <line num="243" count="6" type="stmt"/>
      <line num="246" count="6" type="stmt"/>
      <line num="248" count="6" type="stmt"/>
      <line num="250" count="0" type="stmt"/>
      <line num="255" count="1" type="cond" truecount="3" falsecount="1"/>
      <line num="257" count="1" type="cond" truecount="4" falsecount="1"/>
      <line num="258" count="1" type="stmt"/>
      <line num="259" count="1" type="stmt"/>
      <line num="262" count="1" type="stmt"/>
      <line num="267" count="1" type="stmt"/>
      <line num="270" count="0" type="cond" truecount="0" falsecount="2"/>
      <line num="271" count="0" type="stmt"/>
      <line num="272" count="0" type="stmt"/>
      <line num="274" count="0" type="cond" truecount="0" falsecount="2"/>
      <line num="275" count="0" type="stmt"/>
      <line num="276" count="0" type="stmt"/>
      <line num="279" count="0" type="stmt"/>
      <line num="284" count="0" type="stmt"/>
      <line num="288" count="0" type="stmt"/>
      <line num="293" count="21" type="cond" truecount="2" falsecount="2"/>
      <line num="295" count="21" type="stmt"/>
      <line num="296" count="55" type="cond" truecount="5" falsecount="0"/>
      <line num="298" count="7" type="cond" truecount="4" falsecount="0"/>
      <line num="299" count="5" type="stmt"/>
      <line num="300" count="5" type="stmt"/>
      <line num="301" count="5" type="cond" truecount="1" falsecount="1"/>
      <line num="302" count="5" type="cond" truecount="1" falsecount="1"/>
      <line num="303" count="5" type="stmt"/>
      <line num="306" count="5" type="cond" truecount="1" falsecount="1"/>
      <line num="307" count="5" type="stmt"/>
      <line num="311" count="5" type="stmt"/>
      <line num="322" count="7" type="cond" truecount="2" falsecount="0"/>
      <line num="324" count="2" type="stmt"/>
      <line num="325" count="2" type="stmt"/>
      <line num="326" count="2" type="cond" truecount="2" falsecount="0"/>
      <line num="330" count="2" type="stmt"/>
      <line num="331" count="2" type="cond" truecount="2" falsecount="0"/>
      <line num="335" count="2" type="stmt"/>
      <line num="336" count="2" type="stmt"/>
      <line num="348" count="0" type="stmt"/>
      <line num="353" count="3" type="cond" truecount="2" falsecount="0"/>
      <line num="358" count="1" type="stmt"/>
      <line num="363" count="0" type="stmt"/>
      <line num="368" count="0" type="stmt"/>
      <line num="373" count="1" type="cond" truecount="3" falsecount="1"/>
      <line num="374" count="1" type="stmt"/>
      <line num="376" count="0" type="stmt"/>
      <line num="381" count="1" type="stmt"/>
      <line num="382" count="1" type="cond" truecount="2" falsecount="2"/>
      <line num="384" count="1" type="stmt"/>
      <line num="385" count="3" type="cond" truecount="5" falsecount="0"/>
      <line num="386" count="2" type="stmt"/>
      <line num="387" count="2" type="stmt"/>
      <line num="397" count="1" type="stmt"/>
      <line num="402" count="6" type="cond" truecount="3" falsecount="1"/>
      <line num="403" count="6" type="stmt"/>
      <line num="404" count="6" type="stmt"/>
      <line num="406" count="0" type="stmt"/>
      <line num="411" count="1" type="stmt"/>
      <line num="412" count="1" type="cond" truecount="1" falsecount="1"/>
      <line num="413" count="1" type="stmt"/>
      <line num="414" count="1" type="stmt"/>
      <line num="416" count="0" type="stmt"/>
      <line num="421" count="39" type="stmt"/>
      <line num="422" count="42" type="stmt"/>
      <line num="423" count="42" type="stmt"/>
      <line num="425" count="1" type="stmt"/>
      <line num="432" count="4" type="cond" truecount="3" falsecount="1"/>
      <line num="433" count="4" type="stmt"/>
      <line num="434" count="0" type="cond" truecount="0" falsecount="5"/>
      <line num="443" count="4" type="cond" truecount="1" falsecount="1"/>
      <line num="444" count="4" type="stmt"/>
      <line num="449" count="4" type="cond" truecount="1" falsecount="1"/>
      <line num="450" count="4" type="stmt"/>
    </file>
  </project>
</coverage>
