{"total": {"lines":{"total":1021,"covered":837,"skipped":0,"pct":81.97},"statements":{"total":1082,"covered":873,"skipped":0,"pct":80.68},"functions":{"total":185,"covered":157,"skipped":0,"pct":84.86},"branches":{"total":767,"covered":513,"skipped":0,"pct":66.88},"branchesTrue":{"total":0,"covered":0,"skipped":0,"pct":"Unknown"}}
,"D:\\Github_Code\\CardGame\\static\\js\\battle\\battle-actions-adapter.js": {"lines":{"total":68,"covered":62,"skipped":0,"pct":91.17},"functions":{"total":3,"covered":3,"skipped":0,"pct":100},"statements":{"total":69,"covered":63,"skipped":0,"pct":91.3},"branches":{"total":73,"covered":55,"skipped":0,"pct":75.34}}
,"D:\\Github_Code\\CardGame\\static\\js\\battle\\battle-cards-adapter.js": {"lines":{"total":43,"covered":42,"skipped":0,"pct":97.67},"functions":{"total":11,"covered":11,"skipped":0,"pct":100},"statements":{"total":50,"covered":45,"skipped":0,"pct":90},"branches":{"total":46,"covered":40,"skipped":0,"pct":86.95}}
,"D:\\Github_Code\\CardGame\\static\\js\\battle\\battle-main-adapter.js": {"lines":{"total":118,"covered":59,"skipped":0,"pct":50},"functions":{"total":18,"covered":10,"skipped":0,"pct":55.55},"statements":{"total":121,"covered":59,"skipped":0,"pct":48.76},"branches":{"total":75,"covered":22,"skipped":0,"pct":29.33}}
,"D:\\Github_Code\\CardGame\\static\\js\\battle\\battle-state-adapter.js": {"lines":{"total":95,"covered":79,"skipped":0,"pct":83.15},"functions":{"total":17,"covered":16,"skipped":0,"pct":94.11},"statements":{"total":103,"covered":87,"skipped":0,"pct":84.46},"branches":{"total":48,"covered":43,"skipped":0,"pct":89.58}}
,"D:\\Github_Code\\CardGame\\static\\js\\battle\\battle-system-adapter.js": {"lines":{"total":114,"covered":92,"skipped":0,"pct":80.7},"functions":{"total":22,"covered":18,"skipped":0,"pct":81.81},"statements":{"total":126,"covered":94,"skipped":0,"pct":74.6},"branches":{"total":73,"covered":39,"skipped":0,"pct":53.42}}
,"D:\\Github_Code\\CardGame\\static\\js\\battle\\battle-ui-adapter.js": {"lines":{"total":150,"covered":139,"skipped":0,"pct":92.66},"functions":{"total":37,"covered":29,"skipped":0,"pct":78.37},"statements":{"total":155,"covered":144,"skipped":0,"pct":92.9},"branches":{"total":60,"covered":44,"skipped":0,"pct":73.33}}
,"D:\\Github_Code\\CardGame\\static\\js\\battle\\card-effects-adapter.js": {"lines":{"total":102,"covered":97,"skipped":0,"pct":95.09},"functions":{"total":16,"covered":16,"skipped":0,"pct":100},"statements":{"total":112,"covered":103,"skipped":0,"pct":91.96},"branches":{"total":83,"covered":68,"skipped":0,"pct":81.92}}
,"D:\\Github_Code\\CardGame\\static\\js\\battle\\element-system-adapter.js": {"lines":{"total":27,"covered":27,"skipped":0,"pct":100},"functions":{"total":5,"covered":5,"skipped":0,"pct":100},"statements":{"total":29,"covered":27,"skipped":0,"pct":93.1},"branches":{"total":19,"covered":17,"skipped":0,"pct":89.47}}
,"D:\\Github_Code\\CardGame\\static\\js\\battle\\skill-effects-adapter.js": {"lines":{"total":138,"covered":104,"skipped":0,"pct":75.36},"functions":{"total":12,"covered":11,"skipped":0,"pct":91.66},"statements":{"total":145,"covered":110,"skipped":0,"pct":75.86},"branches":{"total":116,"covered":74,"skipped":0,"pct":63.79}}
,"D:\\Github_Code\\CardGame\\static\\js\\battle\\turn-system-adapter.js": {"lines":{"total":166,"covered":136,"skipped":0,"pct":81.92},"functions":{"total":44,"covered":38,"skipped":0,"pct":86.36},"statements":{"total":172,"covered":141,"skipped":0,"pct":81.97},"branches":{"total":174,"covered":111,"skipped":0,"pct":63.79}}
}
