{"D:\\Github_Code\\CardGame\\static\\js\\battle\\battle-actions-adapter.js": {"path":"D:\\Github_Code\\CardGame\\static\\js\\battle\\battle-actions-adapter.js","statementMap":{"0":{"start":{"line":7,"column":20},"end":{"line":7,"column":24}},"1":{"start":{"line":8,"column":0},"end":{"line":12,"column":1}},"2":{"start":{"line":9,"column":4},"end":{"line":9,"column":48}},"3":{"start":{"line":11,"column":4},"end":{"line":11,"column":50}},"4":{"start":{"line":23,"column":4},"end":{"line":25,"column":5}},"5":{"start":{"line":24,"column":8},"end":{"line":24,"column":17}},"6":{"start":{"line":28,"column":4},"end":{"line":37,"column":5}},"7":{"start":{"line":29,"column":32},"end":{"line":29,"column":87}},"8":{"start":{"line":29,"column":70},"end":{"line":29,"column":86}},"9":{"start":{"line":30,"column":8},"end":{"line":36,"column":9}},"10":{"start":{"line":31,"column":36},"end":{"line":31,"column":66}},"11":{"start":{"line":33,"column":12},"end":{"line":35,"column":13}},"12":{"start":{"line":34,"column":16},"end":{"line":34,"column":34}},"13":{"start":{"line":40,"column":20},"end":{"line":40,"column":21}},"14":{"start":{"line":41,"column":4},"end":{"line":53,"column":5}},"15":{"start":{"line":43,"column":8},"end":{"line":43,"column":53}},"16":{"start":{"line":46,"column":8},"end":{"line":52,"column":9}},"17":{"start":{"line":47,"column":12},"end":{"line":51,"column":13}},"18":{"start":{"line":48,"column":16},"end":{"line":50,"column":17}},"19":{"start":{"line":49,"column":20},"end":{"line":49,"column":51}},"20":{"start":{"line":56,"column":4},"end":{"line":58,"column":5}},"21":{"start":{"line":57,"column":8},"end":{"line":57,"column":17}},"22":{"start":{"line":61,"column":24},"end":{"line":61,"column":70}},"23":{"start":{"line":62,"column":24},"end":{"line":62,"column":70}},"24":{"start":{"line":65,"column":25},"end":{"line":65,"column":42}},"25":{"start":{"line":66,"column":17},"end":{"line":66,"column":56}},"26":{"start":{"line":69,"column":23},"end":{"line":69,"column":90}},"27":{"start":{"line":71,"column":19},"end":{"line":71,"column":45}},"28":{"start":{"line":72,"column":4},"end":{"line":74,"column":5}},"29":{"start":{"line":73,"column":8},"end":{"line":73,"column":22}},"30":{"start":{"line":77,"column":4},"end":{"line":77,"column":30}},"31":{"start":{"line":89,"column":4},"end":{"line":91,"column":5}},"32":{"start":{"line":90,"column":8},"end":{"line":90,"column":25}},"33":{"start":{"line":94,"column":4},"end":{"line":96,"column":5}},"34":{"start":{"line":95,"column":8},"end":{"line":95,"column":25}},"35":{"start":{"line":99,"column":4},"end":{"line":124,"column":5}},"36":{"start":{"line":104,"column":8},"end":{"line":104,"column":68}},"37":{"start":{"line":107,"column":8},"end":{"line":109,"column":9}},"38":{"start":{"line":108,"column":12},"end":{"line":108,"column":30}},"39":{"start":{"line":111,"column":8},"end":{"line":113,"column":9}},"40":{"start":{"line":112,"column":12},"end":{"line":112,"column":21}},"41":{"start":{"line":116,"column":28},"end":{"line":116,"column":72}},"42":{"start":{"line":119,"column":8},"end":{"line":121,"column":9}},"43":{"start":{"line":120,"column":12},"end":{"line":120,"column":75}},"44":{"start":{"line":123,"column":8},"end":{"line":123,"column":27}},"45":{"start":{"line":127,"column":4},"end":{"line":139,"column":5}},"46":{"start":{"line":128,"column":27},"end":{"line":128,"column":44}},"47":{"start":{"line":131,"column":8},"end":{"line":133,"column":9}},"48":{"start":{"line":132,"column":12},"end":{"line":132,"column":25}},"49":{"start":{"line":136,"column":27},"end":{"line":136,"column":83}},"50":{"start":{"line":137,"column":8},"end":{"line":137,"column":39}},"51":{"start":{"line":138,"column":8},"end":{"line":138,"column":26}},"52":{"start":{"line":142,"column":4},"end":{"line":154,"column":5}},"53":{"start":{"line":143,"column":21},"end":{"line":146,"column":9}},"54":{"start":{"line":149,"column":8},"end":{"line":151,"column":9}},"55":{"start":{"line":150,"column":12},"end":{"line":150,"column":38}},"56":{"start":{"line":152,"column":8},"end":{"line":152,"column":40}},"57":{"start":{"line":153,"column":8},"end":{"line":153,"column":20}},"58":{"start":{"line":157,"column":4},"end":{"line":169,"column":5}},"59":{"start":{"line":158,"column":23},"end":{"line":161,"column":9}},"60":{"start":{"line":164,"column":8},"end":{"line":166,"column":9}},"61":{"start":{"line":165,"column":12},"end":{"line":165,"column":38}},"62":{"start":{"line":167,"column":8},"end":{"line":167,"column":42}},"63":{"start":{"line":168,"column":8},"end":{"line":168,"column":22}},"64":{"start":{"line":171,"column":4},"end":{"line":171,"column":16}},"65":{"start":{"line":175,"column":0},"end":{"line":177,"column":1}},"66":{"start":{"line":176,"column":4},"end":{"line":176,"column":41}},"67":{"start":{"line":180,"column":29},"end":{"line":183,"column":1}},"68":{"start":{"line":185,"column":0},"end":{"line":185,"column":38}}},"fnMap":{"0":{"name":"calculateDamage","decl":{"start":{"line":21,"column":9},"end":{"line":21,"column":24}},"loc":{"start":{"line":21,"column":70},"end":{"line":78,"column":1}},"line":21},"1":{"name":"(anonymous_1)","decl":{"start":{"line":29,"column":60},"end":{"line":29,"column":61}},"loc":{"start":{"line":29,"column":70},"end":{"line":29,"column":86}},"line":29},"2":{"name":"executeSkillEffect","decl":{"start":{"line":87,"column":9},"end":{"line":87,"column":27}},"loc":{"start":{"line":87,"column":51},"end":{"line":172,"column":1}},"line":87}},"branchMap":{"0":{"loc":{"start":{"line":21,"column":45},"end":{"line":21,"column":68}},"type":"default-arg","locations":[{"start":{"line":21,"column":63},"end":{"line":21,"column":68}}],"line":21},"1":{"loc":{"start":{"line":23,"column":4},"end":{"line":25,"column":5}},"type":"if","locations":[{"start":{"line":23,"column":4},"end":{"line":25,"column":5}},{"start":{},"end":{}}],"line":23},"2":{"loc":{"start":{"line":23,"column":8},"end":{"line":23,"column":30}},"type":"binary-expr","locations":[{"start":{"line":23,"column":8},"end":{"line":23,"column":17}},{"start":{"line":23,"column":21},"end":{"line":23,"column":30}}],"line":23},"3":{"loc":{"start":{"line":28,"column":4},"end":{"line":37,"column":5}},"type":"if","locations":[{"start":{"line":28,"column":4},"end":{"line":37,"column":5}},{"start":{},"end":{}}],"line":28},"4":{"loc":{"start":{"line":28,"column":8},"end":{"line":28,"column":50}},"type":"binary-expr","locations":[{"start":{"line":28,"column":8},"end":{"line":28,"column":24}},{"start":{"line":28,"column":28},"end":{"line":28,"column":50}}],"line":28},"5":{"loc":{"start":{"line":30,"column":8},"end":{"line":36,"column":9}},"type":"if","locations":[{"start":{"line":30,"column":8},"end":{"line":36,"column":9}},{"start":{},"end":{}}],"line":30},"6":{"loc":{"start":{"line":31,"column":36},"end":{"line":31,"column":66}},"type":"binary-expr","locations":[{"start":{"line":31,"column":36},"end":{"line":31,"column":61}},{"start":{"line":31,"column":65},"end":{"line":31,"column":66}}],"line":31},"7":{"loc":{"start":{"line":33,"column":12},"end":{"line":35,"column":13}},"type":"if","locations":[{"start":{"line":33,"column":12},"end":{"line":35,"column":13}},{"start":{},"end":{}}],"line":33},"8":{"loc":{"start":{"line":41,"column":4},"end":{"line":53,"column":5}},"type":"if","locations":[{"start":{"line":41,"column":4},"end":{"line":53,"column":5}},{"start":{},"end":{}}],"line":41},"9":{"loc":{"start":{"line":41,"column":8},"end":{"line":41,"column":44}},"type":"binary-expr","locations":[{"start":{"line":41,"column":8},"end":{"line":41,"column":22}},{"start":{"line":41,"column":26},"end":{"line":41,"column":44}}],"line":41},"10":{"loc":{"start":{"line":46,"column":8},"end":{"line":52,"column":9}},"type":"if","locations":[{"start":{"line":46,"column":8},"end":{"line":52,"column":9}},{"start":{},"end":{}}],"line":46},"11":{"loc":{"start":{"line":48,"column":16},"end":{"line":50,"column":17}},"type":"if","locations":[{"start":{"line":48,"column":16},"end":{"line":50,"column":17}},{"start":{},"end":{}}],"line":48},"12":{"loc":{"start":{"line":56,"column":4},"end":{"line":58,"column":5}},"type":"if","locations":[{"start":{"line":56,"column":4},"end":{"line":58,"column":5}},{"start":{},"end":{}}],"line":56},"13":{"loc":{"start":{"line":56,"column":8},"end":{"line":56,"column":56}},"type":"binary-expr","locations":[{"start":{"line":56,"column":8},"end":{"line":56,"column":21}},{"start":{"line":56,"column":25},"end":{"line":56,"column":56}}],"line":56},"14":{"loc":{"start":{"line":61,"column":24},"end":{"line":61,"column":70}},"type":"cond-expr","locations":[{"start":{"line":61,"column":42},"end":{"line":61,"column":65}},{"start":{"line":61,"column":69},"end":{"line":61,"column":70}}],"line":61},"15":{"loc":{"start":{"line":61,"column":42},"end":{"line":61,"column":65}},"type":"binary-expr","locations":[{"start":{"line":61,"column":42},"end":{"line":61,"column":60}},{"start":{"line":61,"column":64},"end":{"line":61,"column":65}}],"line":61},"16":{"loc":{"start":{"line":62,"column":24},"end":{"line":62,"column":70}},"type":"cond-expr","locations":[{"start":{"line":62,"column":42},"end":{"line":62,"column":65}},{"start":{"line":62,"column":69},"end":{"line":62,"column":70}}],"line":62},"17":{"loc":{"start":{"line":62,"column":42},"end":{"line":62,"column":65}},"type":"binary-expr","locations":[{"start":{"line":62,"column":42},"end":{"line":62,"column":60}},{"start":{"line":62,"column":64},"end":{"line":62,"column":65}}],"line":62},"18":{"loc":{"start":{"line":69,"column":23},"end":{"line":69,"column":90}},"type":"cond-expr","locations":[{"start":{"line":69,"column":62},"end":{"line":69,"column":86}},{"start":{"line":69,"column":89},"end":{"line":69,"column":90}}],"line":69},"19":{"loc":{"start":{"line":69,"column":23},"end":{"line":69,"column":59}},"type":"binary-expr","locations":[{"start":{"line":69,"column":23},"end":{"line":69,"column":37}},{"start":{"line":69,"column":41},"end":{"line":69,"column":59}}],"line":69},"20":{"loc":{"start":{"line":72,"column":4},"end":{"line":74,"column":5}},"type":"if","locations":[{"start":{"line":72,"column":4},"end":{"line":74,"column":5}},{"start":{},"end":{}}],"line":72},"21":{"loc":{"start":{"line":89,"column":4},"end":{"line":91,"column":5}},"type":"if","locations":[{"start":{"line":89,"column":4},"end":{"line":91,"column":5}},{"start":{},"end":{}}],"line":89},"22":{"loc":{"start":{"line":94,"column":4},"end":{"line":96,"column":5}},"type":"if","locations":[{"start":{"line":94,"column":4},"end":{"line":96,"column":5}},{"start":{},"end":{}}],"line":94},"23":{"loc":{"start":{"line":99,"column":4},"end":{"line":124,"column":5}},"type":"if","locations":[{"start":{"line":99,"column":4},"end":{"line":124,"column":5}},{"start":{},"end":{}}],"line":99},"24":{"loc":{"start":{"line":107,"column":8},"end":{"line":109,"column":9}},"type":"if","locations":[{"start":{"line":107,"column":8},"end":{"line":109,"column":9}},{"start":{},"end":{}}],"line":107},"25":{"loc":{"start":{"line":111,"column":8},"end":{"line":113,"column":9}},"type":"if","locations":[{"start":{"line":111,"column":8},"end":{"line":113,"column":9}},{"start":{},"end":{}}],"line":111},"26":{"loc":{"start":{"line":119,"column":8},"end":{"line":121,"column":9}},"type":"if","locations":[{"start":{"line":119,"column":8},"end":{"line":121,"column":9}},{"start":{},"end":{}}],"line":119},"27":{"loc":{"start":{"line":119,"column":12},"end":{"line":119,"column":58}},"type":"binary-expr","locations":[{"start":{"line":119,"column":12},"end":{"line":119,"column":18}},{"start":{"line":119,"column":22},"end":{"line":119,"column":58}}],"line":119},"28":{"loc":{"start":{"line":127,"column":4},"end":{"line":139,"column":5}},"type":"if","locations":[{"start":{"line":127,"column":4},"end":{"line":139,"column":5}},{"start":{},"end":{}}],"line":127},"29":{"loc":{"start":{"line":131,"column":8},"end":{"line":133,"column":9}},"type":"if","locations":[{"start":{"line":131,"column":8},"end":{"line":133,"column":9}},{"start":{},"end":{}}],"line":131},"30":{"loc":{"start":{"line":131,"column":12},"end":{"line":131,"column":96}},"type":"binary-expr","locations":[{"start":{"line":131,"column":12},"end":{"line":131,"column":19}},{"start":{"line":131,"column":23},"end":{"line":131,"column":59}},{"start":{"line":131,"column":63},"end":{"line":131,"column":76}},{"start":{"line":131,"column":80},"end":{"line":131,"column":96}}],"line":131},"31":{"loc":{"start":{"line":142,"column":4},"end":{"line":154,"column":5}},"type":"if","locations":[{"start":{"line":142,"column":4},"end":{"line":154,"column":5}},{"start":{},"end":{}}],"line":142},"32":{"loc":{"start":{"line":149,"column":8},"end":{"line":151,"column":9}},"type":"if","locations":[{"start":{"line":149,"column":8},"end":{"line":151,"column":9}},{"start":{},"end":{}}],"line":149},"33":{"loc":{"start":{"line":157,"column":4},"end":{"line":169,"column":5}},"type":"if","locations":[{"start":{"line":157,"column":4},"end":{"line":169,"column":5}},{"start":{},"end":{}}],"line":157},"34":{"loc":{"start":{"line":164,"column":8},"end":{"line":166,"column":9}},"type":"if","locations":[{"start":{"line":164,"column":8},"end":{"line":166,"column":9}},{"start":{},"end":{}}],"line":164},"35":{"loc":{"start":{"line":175,"column":0},"end":{"line":177,"column":1}},"type":"if","locations":[{"start":{"line":175,"column":0},"end":{"line":177,"column":1}},{"start":{},"end":{}}],"line":175}},"s":{"0":4,"1":4,"2":4,"3":0,"4":9,"5":0,"6":9,"7":9,"8":1,"9":9,"10":1,"11":1,"12":1,"13":8,"14":8,"15":8,"16":8,"17":8,"18":1,"19":1,"20":8,"21":2,"22":6,"23":6,"24":6,"25":6,"26":6,"27":6,"28":6,"29":2,"30":6,"31":9,"32":0,"33":9,"34":1,"35":8,"36":3,"37":3,"38":1,"39":2,"40":1,"41":1,"42":1,"43":1,"44":1,"45":5,"46":2,"47":2,"48":0,"49":2,"50":2,"51":2,"52":3,"53":1,"54":1,"55":0,"56":1,"57":1,"58":2,"59":1,"60":1,"61":0,"62":1,"63":1,"64":1,"65":4,"66":4,"67":4,"68":4},"f":{"0":9,"1":1,"2":9},"b":{"0":[9],"1":[0,9],"2":[9,9],"3":[9,0],"4":[9,9],"5":[1,8],"6":[1,0],"7":[1,0],"8":[8,0],"9":[8,8],"10":[8,0],"11":[1,0],"12":[2,6],"13":[8,8],"14":[6,0],"15":[6,0],"16":[6,0],"17":[6,0],"18":[6,0],"19":[6,6],"20":[2,4],"21":[0,9],"22":[1,8],"23":[3,5],"24":[1,2],"25":[1,1],"26":[1,0],"27":[1,1],"28":[2,3],"29":[0,2],"30":[2,2,2,2],"31":[1,2],"32":[0,1],"33":[1,1],"34":[0,1],"35":[4,0]},"_coverageSchema":"1a1c01bbd47fc00a2c39e90264f33305004495a9","hash":"a4d382ae1a758f6b37a32f0ffdad47f37f133e0b"}
,"D:\\Github_Code\\CardGame\\static\\js\\battle\\battle-cards-adapter.js": {"path":"D:\\Github_Code\\CardGame\\static\\js\\battle\\battle-cards-adapter.js","statementMap":{"0":{"start":{"line":9,"column":20},"end":{"line":195,"column":1}},"1":{"start":{"line":18,"column":4},"end":{"line":18,"column":31}},"2":{"start":{"line":18,"column":19},"end":{"line":18,"column":31}},"3":{"start":{"line":21,"column":4},"end":{"line":38,"column":6}},"4":{"start":{"line":48,"column":4},"end":{"line":48,"column":39}},"5":{"start":{"line":48,"column":30},"end":{"line":48,"column":39}},"6":{"start":{"line":50,"column":23},"end":{"line":50,"column":37}},"7":{"start":{"line":51,"column":4},"end":{"line":51,"column":58}},"8":{"start":{"line":53,"column":4},"end":{"line":53,"column":39}},"9":{"start":{"line":63,"column":4},"end":{"line":63,"column":39}},"10":{"start":{"line":63,"column":30},"end":{"line":63,"column":39}},"11":{"start":{"line":65,"column":23},"end":{"line":65,"column":37}},"12":{"start":{"line":66,"column":18},"end":{"line":66,"column":31}},"13":{"start":{"line":67,"column":4},"end":{"line":67,"column":62}},"14":{"start":{"line":69,"column":4},"end":{"line":69,"column":39}},"15":{"start":{"line":79,"column":4},"end":{"line":79,"column":43}},"16":{"start":{"line":79,"column":30},"end":{"line":79,"column":43}},"17":{"start":{"line":82,"column":4},"end":{"line":84,"column":5}},"18":{"start":{"line":83,"column":6},"end":{"line":83,"column":19}},"19":{"start":{"line":87,"column":4},"end":{"line":87,"column":30}},"20":{"start":{"line":88,"column":4},"end":{"line":88,"column":16}},"21":{"start":{"line":98,"column":4},"end":{"line":98,"column":39}},"22":{"start":{"line":98,"column":30},"end":{"line":98,"column":39}},"23":{"start":{"line":100,"column":24},"end":{"line":100,"column":39}},"24":{"start":{"line":101,"column":19},"end":{"line":101,"column":33}},"25":{"start":{"line":102,"column":4},"end":{"line":102,"column":65}},"26":{"start":{"line":104,"column":4},"end":{"line":104,"column":41}},"27":{"start":{"line":113,"column":4},"end":{"line":113,"column":33}},"28":{"start":{"line":113,"column":26},"end":{"line":113,"column":33}},"29":{"start":{"line":116,"column":4},"end":{"line":118,"column":5}},"30":{"start":{"line":117,"column":6},"end":{"line":117,"column":30}},"31":{"start":{"line":121,"column":4},"end":{"line":121,"column":43}},"32":{"start":{"line":131,"column":4},"end":{"line":133,"column":5}},"33":{"start":{"line":132,"column":6},"end":{"line":132,"column":18}},"34":{"start":{"line":136,"column":28},"end":{"line":136,"column":63}},"35":{"start":{"line":137,"column":4},"end":{"line":137,"column":25}},"36":{"start":{"line":146,"column":4},"end":{"line":146,"column":38}},"37":{"start":{"line":156,"column":4},"end":{"line":158,"column":5}},"38":{"start":{"line":157,"column":6},"end":{"line":157,"column":18}},"39":{"start":{"line":160,"column":4},"end":{"line":160,"column":30}},"40":{"start":{"line":170,"column":18},"end":{"line":170,"column":49}},"41":{"start":{"line":171,"column":4},"end":{"line":171,"column":29}},"42":{"start":{"line":171,"column":16},"end":{"line":171,"column":29}},"43":{"start":{"line":173,"column":4},"end":{"line":173,"column":41}},"44":{"start":{"line":183,"column":4},"end":{"line":185,"column":5}},"45":{"start":{"line":184,"column":6},"end":{"line":184,"column":18}},"46":{"start":{"line":187,"column":18},"end":{"line":187,"column":49}},"47":{"start":{"line":190,"column":4},"end":{"line":190,"column":41}},"48":{"start":{"line":193,"column":4},"end":{"line":193,"column":24}},"49":{"start":{"line":198,"column":0},"end":{"line":198,"column":33}}},"fnMap":{"0":{"name":"(anonymous_0)","decl":{"start":{"line":17,"column":2},"end":{"line":17,"column":3}},"loc":{"start":{"line":17,"column":36},"end":{"line":39,"column":3}},"line":17},"1":{"name":"(anonymous_1)","decl":{"start":{"line":47,"column":2},"end":{"line":47,"column":3}},"loc":{"start":{"line":47,"column":27},"end":{"line":54,"column":3}},"line":47},"2":{"name":"(anonymous_2)","decl":{"start":{"line":62,"column":2},"end":{"line":62,"column":3}},"loc":{"start":{"line":62,"column":25},"end":{"line":70,"column":3}},"line":62},"3":{"name":"(anonymous_3)","decl":{"start":{"line":78,"column":2},"end":{"line":78,"column":3}},"loc":{"start":{"line":78,"column":30},"end":{"line":89,"column":3}},"line":78},"4":{"name":"(anonymous_4)","decl":{"start":{"line":97,"column":2},"end":{"line":97,"column":3}},"loc":{"start":{"line":97,"column":30},"end":{"line":105,"column":3}},"line":97},"5":{"name":"(anonymous_5)","decl":{"start":{"line":112,"column":2},"end":{"line":112,"column":3}},"loc":{"start":{"line":112,"column":32},"end":{"line":122,"column":3}},"line":112},"6":{"name":"(anonymous_6)","decl":{"start":{"line":130,"column":2},"end":{"line":130,"column":3}},"loc":{"start":{"line":130,"column":34},"end":{"line":138,"column":3}},"line":130},"7":{"name":"(anonymous_7)","decl":{"start":{"line":145,"column":2},"end":{"line":145,"column":3}},"loc":{"start":{"line":145,"column":20},"end":{"line":147,"column":3}},"line":145},"8":{"name":"(anonymous_8)","decl":{"start":{"line":155,"column":2},"end":{"line":155,"column":3}},"loc":{"start":{"line":155,"column":24},"end":{"line":161,"column":3}},"line":155},"9":{"name":"(anonymous_9)","decl":{"start":{"line":169,"column":2},"end":{"line":169,"column":3}},"loc":{"start":{"line":169,"column":37},"end":{"line":174,"column":3}},"line":169},"10":{"name":"(anonymous_10)","decl":{"start":{"line":182,"column":2},"end":{"line":182,"column":3}},"loc":{"start":{"line":182,"column":29},"end":{"line":194,"column":3}},"line":182}},"branchMap":{"0":{"loc":{"start":{"line":18,"column":4},"end":{"line":18,"column":31}},"type":"if","locations":[{"start":{"line":18,"column":4},"end":{"line":18,"column":31}},{"start":{},"end":{}}],"line":18},"1":{"loc":{"start":{"line":34,"column":14},"end":{"line":34,"column":35}},"type":"binary-expr","locations":[{"start":{"line":34,"column":14},"end":{"line":34,"column":29}},{"start":{"line":34,"column":33},"end":{"line":34,"column":35}}],"line":34},"2":{"loc":{"start":{"line":48,"column":4},"end":{"line":48,"column":39}},"type":"if","locations":[{"start":{"line":48,"column":4},"end":{"line":48,"column":39}},{"start":{},"end":{}}],"line":48},"3":{"loc":{"start":{"line":48,"column":8},"end":{"line":48,"column":28}},"type":"binary-expr","locations":[{"start":{"line":48,"column":8},"end":{"line":48,"column":13}},{"start":{"line":48,"column":17},"end":{"line":48,"column":28}}],"line":48},"4":{"loc":{"start":{"line":63,"column":4},"end":{"line":63,"column":39}},"type":"if","locations":[{"start":{"line":63,"column":4},"end":{"line":63,"column":39}},{"start":{},"end":{}}],"line":63},"5":{"loc":{"start":{"line":63,"column":8},"end":{"line":63,"column":28}},"type":"binary-expr","locations":[{"start":{"line":63,"column":8},"end":{"line":63,"column":13}},{"start":{"line":63,"column":17},"end":{"line":63,"column":28}}],"line":63},"6":{"loc":{"start":{"line":79,"column":4},"end":{"line":79,"column":43}},"type":"if","locations":[{"start":{"line":79,"column":4},"end":{"line":79,"column":43}},{"start":{},"end":{}}],"line":79},"7":{"loc":{"start":{"line":79,"column":8},"end":{"line":79,"column":28}},"type":"binary-expr","locations":[{"start":{"line":79,"column":8},"end":{"line":79,"column":13}},{"start":{"line":79,"column":17},"end":{"line":79,"column":28}}],"line":79},"8":{"loc":{"start":{"line":82,"column":4},"end":{"line":84,"column":5}},"type":"if","locations":[{"start":{"line":82,"column":4},"end":{"line":84,"column":5}},{"start":{},"end":{}}],"line":82},"9":{"loc":{"start":{"line":98,"column":4},"end":{"line":98,"column":39}},"type":"if","locations":[{"start":{"line":98,"column":4},"end":{"line":98,"column":39}},{"start":{},"end":{}}],"line":98},"10":{"loc":{"start":{"line":98,"column":8},"end":{"line":98,"column":28}},"type":"binary-expr","locations":[{"start":{"line":98,"column":8},"end":{"line":98,"column":13}},{"start":{"line":98,"column":17},"end":{"line":98,"column":28}}],"line":98},"11":{"loc":{"start":{"line":113,"column":4},"end":{"line":113,"column":33}},"type":"if","locations":[{"start":{"line":113,"column":4},"end":{"line":113,"column":33}},{"start":{},"end":{}}],"line":113},"12":{"loc":{"start":{"line":113,"column":8},"end":{"line":113,"column":24}},"type":"binary-expr","locations":[{"start":{"line":113,"column":8},"end":{"line":113,"column":13}},{"start":{"line":113,"column":17},"end":{"line":113,"column":24}}],"line":113},"13":{"loc":{"start":{"line":116,"column":4},"end":{"line":118,"column":5}},"type":"if","locations":[{"start":{"line":116,"column":4},"end":{"line":118,"column":5}},{"start":{},"end":{}}],"line":116},"14":{"loc":{"start":{"line":131,"column":4},"end":{"line":133,"column":5}},"type":"if","locations":[{"start":{"line":131,"column":4},"end":{"line":133,"column":5}},{"start":{},"end":{}}],"line":131},"15":{"loc":{"start":{"line":131,"column":8},"end":{"line":131,"column":87}},"type":"binary-expr","locations":[{"start":{"line":131,"column":8},"end":{"line":131,"column":13}},{"start":{"line":131,"column":17},"end":{"line":131,"column":36}},{"start":{"line":131,"column":40},"end":{"line":131,"column":49}},{"start":{"line":131,"column":53},"end":{"line":131,"column":87}}],"line":131},"16":{"loc":{"start":{"line":146,"column":11},"end":{"line":146,"column":37}},"type":"binary-expr","locations":[{"start":{"line":146,"column":11},"end":{"line":146,"column":15}},{"start":{"line":146,"column":19},"end":{"line":146,"column":37}}],"line":146},"17":{"loc":{"start":{"line":156,"column":4},"end":{"line":158,"column":5}},"type":"if","locations":[{"start":{"line":156,"column":4},"end":{"line":158,"column":5}},{"start":{},"end":{}}],"line":156},"18":{"loc":{"start":{"line":156,"column":8},"end":{"line":156,"column":73}},"type":"binary-expr","locations":[{"start":{"line":156,"column":8},"end":{"line":156,"column":13}},{"start":{"line":156,"column":17},"end":{"line":156,"column":29}},{"start":{"line":156,"column":33},"end":{"line":156,"column":42}},{"start":{"line":156,"column":46},"end":{"line":156,"column":73}}],"line":156},"19":{"loc":{"start":{"line":171,"column":4},"end":{"line":171,"column":29}},"type":"if","locations":[{"start":{"line":171,"column":4},"end":{"line":171,"column":29}},{"start":{},"end":{}}],"line":171},"20":{"loc":{"start":{"line":183,"column":4},"end":{"line":185,"column":5}},"type":"if","locations":[{"start":{"line":183,"column":4},"end":{"line":185,"column":5}},{"start":{},"end":{}}],"line":183}},"s":{"0":5,"1":55,"2":1,"3":54,"4":17,"5":1,"6":16,"7":16,"8":16,"9":5,"10":0,"11":5,"12":5,"13":5,"14":5,"15":10,"16":0,"17":10,"18":2,"19":8,"20":8,"21":6,"22":0,"23":6,"24":6,"25":6,"26":6,"27":7,"28":0,"29":7,"30":0,"31":7,"32":3,"33":1,"34":2,"35":2,"36":12,"37":12,"38":2,"39":10,"40":8,"41":8,"42":1,"43":7,"44":4,"45":2,"46":2,"47":2,"48":2,"49":5},"f":{"0":55,"1":17,"2":5,"3":10,"4":6,"5":7,"6":3,"7":12,"8":12,"9":8,"10":4},"b":{"0":[1,54],"1":[54,0],"2":[1,16],"3":[17,17],"4":[0,5],"5":[5,5],"6":[0,10],"7":[10,10],"8":[2,8],"9":[0,6],"10":[6,6],"11":[0,7],"12":[7,7],"13":[0,7],"14":[1,2],"15":[3,3,3,3],"16":[12,12],"17":[2,10],"18":[12,12,12,12],"19":[1,7],"20":[2,2]},"_coverageSchema":"1a1c01bbd47fc00a2c39e90264f33305004495a9","hash":"a52380114da8f3b058a43c2d271a12fb490271cb"}
,"D:\\Github_Code\\CardGame\\static\\js\\battle\\battle-main-adapter.js": {"path":"D:\\Github_Code\\CardGame\\static\\js\\battle\\battle-main-adapter.js","statementMap":{"0":{"start":{"line":7,"column":24},"end":{"line":7,"column":57}},"1":{"start":{"line":8,"column":21},"end":{"line":8,"column":51}},"2":{"start":{"line":9,"column":26},"end":{"line":9,"column":61}},"3":{"start":{"line":15,"column":19},"end":{"line":309,"column":1}},"4":{"start":{"line":32,"column":4},"end":{"line":32,"column":35}},"5":{"start":{"line":33,"column":4},"end":{"line":33,"column":33}},"6":{"start":{"line":34,"column":4},"end":{"line":34,"column":29}},"7":{"start":{"line":35,"column":4},"end":{"line":35,"column":24}},"8":{"start":{"line":36,"column":4},"end":{"line":36,"column":29}},"9":{"start":{"line":37,"column":4},"end":{"line":37,"column":32}},"10":{"start":{"line":39,"column":4},"end":{"line":44,"column":6}},"11":{"start":{"line":54,"column":4},"end":{"line":56,"column":5}},"12":{"start":{"line":55,"column":6},"end":{"line":55,"column":34}},"13":{"start":{"line":59,"column":22},"end":{"line":59,"column":75}},"14":{"start":{"line":62,"column":21},"end":{"line":62,"column":72}},"15":{"start":{"line":63,"column":4},"end":{"line":63,"column":58}},"16":{"start":{"line":66,"column":4},"end":{"line":66,"column":57}},"17":{"start":{"line":69,"column":4},"end":{"line":69,"column":88}},"18":{"start":{"line":72,"column":4},"end":{"line":72,"column":31}},"19":{"start":{"line":73,"column":4},"end":{"line":73,"column":35}},"20":{"start":{"line":75,"column":4},"end":{"line":80,"column":6}},"21":{"start":{"line":91,"column":4},"end":{"line":93,"column":5}},"22":{"start":{"line":92,"column":6},"end":{"line":92,"column":31}},"23":{"start":{"line":96,"column":21},"end":{"line":96,"column":90}},"24":{"start":{"line":97,"column":4},"end":{"line":99,"column":5}},"25":{"start":{"line":98,"column":6},"end":{"line":98,"column":36}},"26":{"start":{"line":102,"column":4},"end":{"line":104,"column":5}},"27":{"start":{"line":103,"column":6},"end":{"line":103,"column":30}},"28":{"start":{"line":107,"column":19},"end":{"line":107,"column":71}},"29":{"start":{"line":110,"column":4},"end":{"line":110,"column":41}},"30":{"start":{"line":111,"column":4},"end":{"line":111,"column":43}},"31":{"start":{"line":114,"column":4},"end":{"line":114,"column":95}},"32":{"start":{"line":117,"column":4},"end":{"line":117,"column":42}},"33":{"start":{"line":120,"column":25},"end":{"line":120,"column":49}},"34":{"start":{"line":121,"column":4},"end":{"line":124,"column":5}},"35":{"start":{"line":122,"column":6},"end":{"line":122,"column":35}},"36":{"start":{"line":123,"column":6},"end":{"line":123,"column":41}},"37":{"start":{"line":126,"column":4},"end":{"line":126,"column":18}},"38":{"start":{"line":134,"column":4},"end":{"line":136,"column":5}},"39":{"start":{"line":135,"column":6},"end":{"line":135,"column":31}},"40":{"start":{"line":139,"column":23},"end":{"line":139,"column":48}},"41":{"start":{"line":142,"column":4},"end":{"line":142,"column":60}},"42":{"start":{"line":145,"column":4},"end":{"line":145,"column":57}},"43":{"start":{"line":148,"column":4},"end":{"line":153,"column":7}},"44":{"start":{"line":156,"column":4},"end":{"line":158,"column":5}},"45":{"start":{"line":157,"column":6},"end":{"line":157,"column":27}},"46":{"start":{"line":160,"column":4},"end":{"line":160,"column":22}},"47":{"start":{"line":168,"column":4},"end":{"line":170,"column":5}},"48":{"start":{"line":169,"column":6},"end":{"line":169,"column":16}},"49":{"start":{"line":172,"column":20},"end":{"line":172,"column":22}},"50":{"start":{"line":173,"column":23},"end":{"line":173,"column":90}},"51":{"start":{"line":173,"column":71},"end":{"line":173,"column":89}},"52":{"start":{"line":174,"column":24},"end":{"line":174,"column":92}},"53":{"start":{"line":174,"column":73},"end":{"line":174,"column":91}},"54":{"start":{"line":177,"column":4},"end":{"line":206,"column":5}},"55":{"start":{"line":178,"column":6},"end":{"line":180,"column":7}},"56":{"start":{"line":179,"column":8},"end":{"line":179,"column":17}},"57":{"start":{"line":183,"column":6},"end":{"line":205,"column":7}},"58":{"start":{"line":185,"column":32},"end":{"line":185,"column":90}},"59":{"start":{"line":185,"column":60},"end":{"line":185,"column":89}},"60":{"start":{"line":187,"column":8},"end":{"line":204,"column":9}},"61":{"start":{"line":189,"column":24},"end":{"line":189,"column":91}},"62":{"start":{"line":192,"column":10},"end":{"line":203,"column":11}},"63":{"start":{"line":193,"column":27},"end":{"line":193,"column":86}},"64":{"start":{"line":196,"column":27},"end":{"line":196,"column":65}},"65":{"start":{"line":197,"column":12},"end":{"line":197,"column":33}},"66":{"start":{"line":200,"column":12},"end":{"line":202,"column":13}},"67":{"start":{"line":201,"column":14},"end":{"line":201,"column":20}},"68":{"start":{"line":209,"column":4},"end":{"line":209,"column":26}},"69":{"start":{"line":211,"column":4},"end":{"line":211,"column":19}},"70":{"start":{"line":219,"column":4},"end":{"line":221,"column":5}},"71":{"start":{"line":220,"column":6},"end":{"line":220,"column":27}},"72":{"start":{"line":223,"column":4},"end":{"line":223,"column":48}},"73":{"start":{"line":232,"column":4},"end":{"line":234,"column":5}},"74":{"start":{"line":233,"column":6},"end":{"line":233,"column":31}},"75":{"start":{"line":237,"column":4},"end":{"line":237,"column":32}},"76":{"start":{"line":240,"column":25},"end":{"line":240,"column":59}},"77":{"start":{"line":243,"column":4},"end":{"line":243,"column":43}},"78":{"start":{"line":246,"column":4},"end":{"line":246,"column":74}},"79":{"start":{"line":248,"column":4},"end":{"line":257,"column":6}},"80":{"start":{"line":266,"column":4},"end":{"line":270,"column":7}},"81":{"start":{"line":278,"column":4},"end":{"line":278,"column":31}},"82":{"start":{"line":286,"column":4},"end":{"line":295,"column":6}},"83":{"start":{"line":302,"column":4},"end":{"line":302,"column":28}},"84":{"start":{"line":303,"column":4},"end":{"line":303,"column":27}},"85":{"start":{"line":304,"column":4},"end":{"line":304,"column":25}},"86":{"start":{"line":305,"column":4},"end":{"line":305,"column":24}},"87":{"start":{"line":306,"column":4},"end":{"line":306,"column":29}},"88":{"start":{"line":307,"column":4},"end":{"line":307,"column":32}},"89":{"start":{"line":312,"column":0},"end":{"line":396,"column":2}},"90":{"start":{"line":315,"column":4},"end":{"line":315,"column":34}},"91":{"start":{"line":317,"column":17},"end":{"line":317,"column":18}},"92":{"start":{"line":318,"column":18},"end":{"line":318,"column":19}},"93":{"start":{"line":319,"column":24},"end":{"line":319,"column":26}},"94":{"start":{"line":322,"column":4},"end":{"line":325,"column":5}},"95":{"start":{"line":323,"column":6},"end":{"line":323,"column":57}},"96":{"start":{"line":324,"column":6},"end":{"line":324,"column":64}},"97":{"start":{"line":328,"column":4},"end":{"line":331,"column":5}},"98":{"start":{"line":329,"column":6},"end":{"line":329,"column":51}},"99":{"start":{"line":330,"column":6},"end":{"line":330,"column":76}},"100":{"start":{"line":334,"column":4},"end":{"line":336,"column":5}},"101":{"start":{"line":335,"column":6},"end":{"line":335,"column":67}},"102":{"start":{"line":338,"column":4},"end":{"line":347,"column":6}},"103":{"start":{"line":352,"column":23},"end":{"line":352,"column":35}},"104":{"start":{"line":353,"column":23},"end":{"line":353,"column":45}},"105":{"start":{"line":354,"column":24},"end":{"line":354,"column":49}},"106":{"start":{"line":357,"column":17},"end":{"line":357,"column":66}},"107":{"start":{"line":360,"column":4},"end":{"line":360,"column":31}},"108":{"start":{"line":365,"column":24},"end":{"line":365,"column":37}},"109":{"start":{"line":366,"column":23},"end":{"line":366,"column":45}},"110":{"start":{"line":369,"column":4},"end":{"line":369,"column":48}},"111":{"start":{"line":373,"column":27},"end":{"line":373,"column":29}},"112":{"start":{"line":375,"column":4},"end":{"line":392,"column":5}},"113":{"start":{"line":376,"column":6},"end":{"line":391,"column":7}},"114":{"start":{"line":378,"column":30},"end":{"line":382,"column":9}},"115":{"start":{"line":385,"column":8},"end":{"line":387,"column":9}},"116":{"start":{"line":386,"column":10},"end":{"line":386,"column":36}},"117":{"start":{"line":389,"column":8},"end":{"line":389,"column":49}},"118":{"start":{"line":390,"column":8},"end":{"line":390,"column":43}},"119":{"start":{"line":394,"column":4},"end":{"line":394,"column":26}},"120":{"start":{"line":399,"column":0},"end":{"line":399,"column":32}}},"fnMap":{"0":{"name":"(anonymous_0)","decl":{"start":{"line":31,"column":2},"end":{"line":31,"column":3}},"loc":{"start":{"line":31,"column":48},"end":{"line":45,"column":3}},"line":31},"1":{"name":"(anonymous_1)","decl":{"start":{"line":53,"column":2},"end":{"line":53,"column":3}},"loc":{"start":{"line":53,"column":39},"end":{"line":81,"column":3}},"line":53},"2":{"name":"(anonymous_2)","decl":{"start":{"line":90,"column":2},"end":{"line":90,"column":3}},"loc":{"start":{"line":90,"column":36},"end":{"line":127,"column":3}},"line":90},"3":{"name":"(anonymous_3)","decl":{"start":{"line":133,"column":2},"end":{"line":133,"column":3}},"loc":{"start":{"line":133,"column":19},"end":{"line":161,"column":3}},"line":133},"4":{"name":"(anonymous_4)","decl":{"start":{"line":167,"column":2},"end":{"line":167,"column":3}},"loc":{"start":{"line":167,"column":18},"end":{"line":212,"column":3}},"line":167},"5":{"name":"(anonymous_5)","decl":{"start":{"line":173,"column":63},"end":{"line":173,"column":64}},"loc":{"start":{"line":173,"column":71},"end":{"line":173,"column":89}},"line":173},"6":{"name":"(anonymous_6)","decl":{"start":{"line":174,"column":65},"end":{"line":174,"column":66}},"loc":{"start":{"line":174,"column":73},"end":{"line":174,"column":91}},"line":174},"7":{"name":"(anonymous_7)","decl":{"start":{"line":185,"column":51},"end":{"line":185,"column":52}},"loc":{"start":{"line":185,"column":60},"end":{"line":185,"column":89}},"line":185},"8":{"name":"(anonymous_8)","decl":{"start":{"line":218,"column":2},"end":{"line":218,"column":3}},"loc":{"start":{"line":218,"column":22},"end":{"line":224,"column":3}},"line":218},"9":{"name":"(anonymous_9)","decl":{"start":{"line":231,"column":2},"end":{"line":231,"column":3}},"loc":{"start":{"line":231,"column":20},"end":{"line":258,"column":3}},"line":231},"10":{"name":"(anonymous_10)","decl":{"start":{"line":265,"column":2},"end":{"line":265,"column":3}},"loc":{"start":{"line":265,"column":23},"end":{"line":271,"column":3}},"line":265},"11":{"name":"(anonymous_11)","decl":{"start":{"line":277,"column":2},"end":{"line":277,"column":3}},"loc":{"start":{"line":277,"column":17},"end":{"line":279,"column":3}},"line":277},"12":{"name":"(anonymous_12)","decl":{"start":{"line":285,"column":2},"end":{"line":285,"column":3}},"loc":{"start":{"line":285,"column":19},"end":{"line":296,"column":3}},"line":285},"13":{"name":"(anonymous_13)","decl":{"start":{"line":301,"column":2},"end":{"line":301,"column":3}},"loc":{"start":{"line":301,"column":10},"end":{"line":308,"column":3}},"line":301},"14":{"name":"(anonymous_14)","decl":{"start":{"line":313,"column":2},"end":{"line":313,"column":3}},"loc":{"start":{"line":313,"column":36},"end":{"line":348,"column":3}},"line":313},"15":{"name":"(anonymous_15)","decl":{"start":{"line":350,"column":2},"end":{"line":350,"column":3}},"loc":{"start":{"line":350,"column":39},"end":{"line":361,"column":3}},"line":350},"16":{"name":"(anonymous_16)","decl":{"start":{"line":363,"column":2},"end":{"line":363,"column":3}},"loc":{"start":{"line":363,"column":32},"end":{"line":370,"column":3}},"line":363},"17":{"name":"(anonymous_17)","decl":{"start":{"line":372,"column":2},"end":{"line":372,"column":3}},"loc":{"start":{"line":372,"column":42},"end":{"line":395,"column":3}},"line":372}},"branchMap":{"0":{"loc":{"start":{"line":54,"column":4},"end":{"line":56,"column":5}},"type":"if","locations":[{"start":{"line":54,"column":4},"end":{"line":56,"column":5}},{"start":{},"end":{}}],"line":54},"1":{"loc":{"start":{"line":54,"column":8},"end":{"line":54,"column":63}},"type":"binary-expr","locations":[{"start":{"line":54,"column":8},"end":{"line":54,"column":25}},{"start":{"line":54,"column":29},"end":{"line":54,"column":45}},{"start":{"line":54,"column":49},"end":{"line":54,"column":63}}],"line":54},"2":{"loc":{"start":{"line":79,"column":19},"end":{"line":79,"column":57}},"type":"cond-expr","locations":[{"start":{"line":79,"column":39},"end":{"line":79,"column":47}},{"start":{"line":79,"column":50},"end":{"line":79,"column":57}}],"line":79},"3":{"loc":{"start":{"line":91,"column":4},"end":{"line":93,"column":5}},"type":"if","locations":[{"start":{"line":91,"column":4},"end":{"line":93,"column":5}},{"start":{},"end":{}}],"line":91},"4":{"loc":{"start":{"line":96,"column":21},"end":{"line":96,"column":90}},"type":"cond-expr","locations":[{"start":{"line":96,"column":72},"end":{"line":96,"column":80}},{"start":{"line":96,"column":83},"end":{"line":96,"column":90}}],"line":96},"5":{"loc":{"start":{"line":97,"column":4},"end":{"line":99,"column":5}},"type":"if","locations":[{"start":{"line":97,"column":4},"end":{"line":99,"column":5}},{"start":{},"end":{}}],"line":97},"6":{"loc":{"start":{"line":97,"column":8},"end":{"line":97,"column":100}},"type":"binary-expr","locations":[{"start":{"line":97,"column":9},"end":{"line":97,"column":26}},{"start":{"line":97,"column":30},"end":{"line":97,"column":51}},{"start":{"line":97,"column":57},"end":{"line":97,"column":75}},{"start":{"line":97,"column":79},"end":{"line":97,"column":99}}],"line":97},"7":{"loc":{"start":{"line":102,"column":4},"end":{"line":104,"column":5}},"type":"if","locations":[{"start":{"line":102,"column":4},"end":{"line":104,"column":5}},{"start":{},"end":{}}],"line":102},"8":{"loc":{"start":{"line":121,"column":4},"end":{"line":124,"column":5}},"type":"if","locations":[{"start":{"line":121,"column":4},"end":{"line":124,"column":5}},{"start":{},"end":{}}],"line":121},"9":{"loc":{"start":{"line":134,"column":4},"end":{"line":136,"column":5}},"type":"if","locations":[{"start":{"line":134,"column":4},"end":{"line":136,"column":5}},{"start":{},"end":{}}],"line":134},"10":{"loc":{"start":{"line":156,"column":4},"end":{"line":158,"column":5}},"type":"if","locations":[{"start":{"line":156,"column":4},"end":{"line":158,"column":5}},{"start":{},"end":{}}],"line":156},"11":{"loc":{"start":{"line":168,"column":4},"end":{"line":170,"column":5}},"type":"if","locations":[{"start":{"line":168,"column":4},"end":{"line":170,"column":5}},{"start":{},"end":{}}],"line":168},"12":{"loc":{"start":{"line":168,"column":8},"end":{"line":168,"column":49}},"type":"binary-expr","locations":[{"start":{"line":168,"column":8},"end":{"line":168,"column":28}},{"start":{"line":168,"column":32},"end":{"line":168,"column":49}}],"line":168},"13":{"loc":{"start":{"line":178,"column":6},"end":{"line":180,"column":7}},"type":"if","locations":[{"start":{"line":178,"column":6},"end":{"line":180,"column":7}},{"start":{},"end":{}}],"line":178},"14":{"loc":{"start":{"line":183,"column":6},"end":{"line":205,"column":7}},"type":"if","locations":[{"start":{"line":183,"column":6},"end":{"line":205,"column":7}},{"start":{},"end":{}}],"line":183},"15":{"loc":{"start":{"line":183,"column":10},"end":{"line":183,"column":47}},"type":"binary-expr","locations":[{"start":{"line":183,"column":10},"end":{"line":183,"column":21}},{"start":{"line":183,"column":25},"end":{"line":183,"column":47}}],"line":183},"16":{"loc":{"start":{"line":187,"column":8},"end":{"line":204,"column":9}},"type":"if","locations":[{"start":{"line":187,"column":8},"end":{"line":204,"column":9}},{"start":{},"end":{}}],"line":187},"17":{"loc":{"start":{"line":192,"column":10},"end":{"line":203,"column":11}},"type":"if","locations":[{"start":{"line":192,"column":10},"end":{"line":203,"column":11}},{"start":{},"end":{}}],"line":192},"18":{"loc":{"start":{"line":200,"column":12},"end":{"line":202,"column":13}},"type":"if","locations":[{"start":{"line":200,"column":12},"end":{"line":202,"column":13}},{"start":{},"end":{}}],"line":200},"19":{"loc":{"start":{"line":200,"column":16},"end":{"line":200,"column":72}},"type":"binary-expr","locations":[{"start":{"line":200,"column":16},"end":{"line":200,"column":35}},{"start":{"line":200,"column":39},"end":{"line":200,"column":72}}],"line":200},"20":{"loc":{"start":{"line":219,"column":4},"end":{"line":221,"column":5}},"type":"if","locations":[{"start":{"line":219,"column":4},"end":{"line":221,"column":5}},{"start":{},"end":{}}],"line":219},"21":{"loc":{"start":{"line":232,"column":4},"end":{"line":234,"column":5}},"type":"if","locations":[{"start":{"line":232,"column":4},"end":{"line":234,"column":5}},{"start":{},"end":{}}],"line":232},"22":{"loc":{"start":{"line":288,"column":19},"end":{"line":288,"column":57}},"type":"cond-expr","locations":[{"start":{"line":288,"column":39},"end":{"line":288,"column":47}},{"start":{"line":288,"column":50},"end":{"line":288,"column":57}}],"line":288},"23":{"loc":{"start":{"line":289,"column":19},"end":{"line":289,"column":76}},"type":"cond-expr","locations":[{"start":{"line":289,"column":38},"end":{"line":289,"column":71}},{"start":{"line":289,"column":74},"end":{"line":289,"column":76}}],"line":289},"24":{"loc":{"start":{"line":290,"column":18},"end":{"line":290,"column":74}},"type":"cond-expr","locations":[{"start":{"line":290,"column":37},"end":{"line":290,"column":69}},{"start":{"line":290,"column":72},"end":{"line":290,"column":74}}],"line":290},"25":{"loc":{"start":{"line":291,"column":17},"end":{"line":294,"column":33}},"type":"cond-expr","locations":[{"start":{"line":291,"column":35},"end":{"line":294,"column":7}},{"start":{"line":294,"column":10},"end":{"line":294,"column":33}}],"line":291},"26":{"loc":{"start":{"line":322,"column":4},"end":{"line":325,"column":5}},"type":"if","locations":[{"start":{"line":322,"column":4},"end":{"line":325,"column":5}},{"start":{},"end":{}}],"line":322},"27":{"loc":{"start":{"line":328,"column":4},"end":{"line":331,"column":5}},"type":"if","locations":[{"start":{"line":328,"column":4},"end":{"line":331,"column":5}},{"start":{},"end":{}}],"line":328},"28":{"loc":{"start":{"line":334,"column":4},"end":{"line":336,"column":5}},"type":"if","locations":[{"start":{"line":334,"column":4},"end":{"line":336,"column":5}},{"start":{},"end":{}}],"line":334},"29":{"loc":{"start":{"line":334,"column":8},"end":{"line":334,"column":61}},"type":"binary-expr","locations":[{"start":{"line":334,"column":8},"end":{"line":334,"column":27}},{"start":{"line":334,"column":31},"end":{"line":334,"column":61}}],"line":334},"30":{"loc":{"start":{"line":353,"column":23},"end":{"line":353,"column":45}},"type":"binary-expr","locations":[{"start":{"line":353,"column":23},"end":{"line":353,"column":40}},{"start":{"line":353,"column":44},"end":{"line":353,"column":45}}],"line":353},"31":{"loc":{"start":{"line":354,"column":24},"end":{"line":354,"column":49}},"type":"binary-expr","locations":[{"start":{"line":354,"column":24},"end":{"line":354,"column":44}},{"start":{"line":354,"column":48},"end":{"line":354,"column":49}}],"line":354},"32":{"loc":{"start":{"line":366,"column":23},"end":{"line":366,"column":45}},"type":"binary-expr","locations":[{"start":{"line":366,"column":23},"end":{"line":366,"column":40}},{"start":{"line":366,"column":44},"end":{"line":366,"column":45}}],"line":366},"33":{"loc":{"start":{"line":375,"column":4},"end":{"line":392,"column":5}},"type":"if","locations":[{"start":{"line":375,"column":4},"end":{"line":392,"column":5}},{"start":{},"end":{}}],"line":375},"34":{"loc":{"start":{"line":375,"column":8},"end":{"line":375,"column":61}},"type":"binary-expr","locations":[{"start":{"line":375,"column":8},"end":{"line":375,"column":27}},{"start":{"line":375,"column":31},"end":{"line":375,"column":61}}],"line":375},"35":{"loc":{"start":{"line":385,"column":8},"end":{"line":387,"column":9}},"type":"if","locations":[{"start":{"line":385,"column":8},"end":{"line":387,"column":9}},{"start":{},"end":{}}],"line":385}},"s":{"0":1,"1":1,"2":1,"3":1,"4":13,"5":13,"6":13,"7":13,"8":13,"9":13,"10":13,"11":3,"12":0,"13":3,"14":3,"15":3,"16":3,"17":3,"18":3,"19":3,"20":3,"21":1,"22":0,"23":1,"24":1,"25":0,"26":1,"27":0,"28":1,"29":1,"30":1,"31":1,"32":1,"33":1,"34":1,"35":0,"36":0,"37":1,"38":1,"39":0,"40":1,"41":1,"42":1,"43":1,"44":1,"45":1,"46":1,"47":0,"48":0,"49":0,"50":0,"51":0,"52":0,"53":0,"54":0,"55":0,"56":0,"57":0,"58":0,"59":0,"60":0,"61":0,"62":0,"63":0,"64":0,"65":0,"66":0,"67":0,"68":0,"69":0,"70":4,"71":0,"72":4,"73":1,"74":0,"75":1,"76":1,"77":1,"78":1,"79":1,"80":7,"81":2,"82":2,"83":13,"84":13,"85":13,"86":13,"87":13,"88":13,"89":1,"90":0,"91":0,"92":0,"93":0,"94":0,"95":0,"96":0,"97":0,"98":0,"99":0,"100":0,"101":0,"102":0,"103":0,"104":0,"105":0,"106":0,"107":0,"108":0,"109":0,"110":0,"111":0,"112":0,"113":0,"114":0,"115":0,"116":0,"117":0,"118":0,"119":0,"120":1},"f":{"0":13,"1":3,"2":1,"3":1,"4":0,"5":0,"6":0,"7":0,"8":4,"9":1,"10":7,"11":2,"12":2,"13":13,"14":0,"15":0,"16":0,"17":0},"b":{"0":[0,3],"1":[3,3,3],"2":[2,1],"3":[0,1],"4":[1,0],"5":[0,1],"6":[1,1,1,0],"7":[0,1],"8":[0,1],"9":[0,1],"10":[1,0],"11":[0,0],"12":[0,0],"13":[0,0],"14":[0,0],"15":[0,0],"16":[0,0],"17":[0,0],"18":[0,0],"19":[0,0],"20":[0,4],"21":[0,1],"22":[2,0],"23":[2,0],"24":[2,0],"25":[2,0],"26":[0,0],"27":[0,0],"28":[0,0],"29":[0,0],"30":[0,0],"31":[0,0],"32":[0,0],"33":[0,0],"34":[0,0],"35":[0,0]},"_coverageSchema":"1a1c01bbd47fc00a2c39e90264f33305004495a9","hash":"d4fc52110599887a667e445c14e411461bbd1b17"}
,"D:\\Github_Code\\CardGame\\static\\js\\battle\\battle-state-adapter.js": {"path":"D:\\Github_Code\\CardGame\\static\\js\\battle\\battle-state-adapter.js","statementMap":{"0":{"start":{"line":10,"column":20},"end":{"line":271,"column":1}},"1":{"start":{"line":24,"column":8},"end":{"line":64,"column":9}},"2":{"start":{"line":26,"column":27},"end":{"line":26,"column":91}},"3":{"start":{"line":29,"column":12},"end":{"line":29,"column":77}},"4":{"start":{"line":30,"column":12},"end":{"line":30,"column":75}},"5":{"start":{"line":31,"column":12},"end":{"line":31,"column":77}},"6":{"start":{"line":32,"column":12},"end":{"line":32,"column":79}},"7":{"start":{"line":33,"column":12},"end":{"line":33,"column":85}},"8":{"start":{"line":34,"column":12},"end":{"line":34,"column":83}},"9":{"start":{"line":36,"column":12},"end":{"line":36,"column":26}},"10":{"start":{"line":38,"column":12},"end":{"line":38,"column":66}},"11":{"start":{"line":41,"column":12},"end":{"line":47,"column":16}},"12":{"start":{"line":41,"column":65},"end":{"line":47,"column":13}},"13":{"start":{"line":49,"column":12},"end":{"line":55,"column":16}},"14":{"start":{"line":49,"column":63},"end":{"line":55,"column":13}},"15":{"start":{"line":57,"column":12},"end":{"line":57,"column":40}},"16":{"start":{"line":58,"column":12},"end":{"line":58,"column":41}},"17":{"start":{"line":59,"column":12},"end":{"line":59,"column":37}},"18":{"start":{"line":60,"column":12},"end":{"line":60,"column":36}},"19":{"start":{"line":61,"column":12},"end":{"line":61,"column":36}},"20":{"start":{"line":63,"column":12},"end":{"line":63,"column":68}},"21":{"start":{"line":69,"column":8},"end":{"line":103,"column":9}},"22":{"start":{"line":71,"column":27},"end":{"line":71,"column":67}},"23":{"start":{"line":74,"column":12},"end":{"line":74,"column":77}},"24":{"start":{"line":75,"column":12},"end":{"line":75,"column":85}},"25":{"start":{"line":76,"column":12},"end":{"line":76,"column":83}},"26":{"start":{"line":77,"column":12},"end":{"line":77,"column":84}},"27":{"start":{"line":79,"column":12},"end":{"line":79,"column":26}},"28":{"start":{"line":81,"column":12},"end":{"line":81,"column":65}},"29":{"start":{"line":84,"column":12},"end":{"line":84,"column":36}},"30":{"start":{"line":87,"column":43},"end":{"line":87,"column":68}},"31":{"start":{"line":88,"column":42},"end":{"line":88,"column":66}},"32":{"start":{"line":90,"column":12},"end":{"line":100,"column":13}},"33":{"start":{"line":91,"column":16},"end":{"line":91,"column":43}},"34":{"start":{"line":92,"column":16},"end":{"line":92,"column":64}},"35":{"start":{"line":94,"column":16},"end":{"line":94,"column":62}},"36":{"start":{"line":96,"column":16},"end":{"line":96,"column":44}},"37":{"start":{"line":97,"column":16},"end":{"line":97,"column":66}},"38":{"start":{"line":99,"column":16},"end":{"line":99,"column":60}},"39":{"start":{"line":102,"column":12},"end":{"line":102,"column":36}},"40":{"start":{"line":108,"column":8},"end":{"line":138,"column":9}},"41":{"start":{"line":110,"column":12},"end":{"line":110,"column":64}},"42":{"start":{"line":112,"column":12},"end":{"line":112,"column":69}},"43":{"start":{"line":116,"column":12},"end":{"line":118,"column":13}},"44":{"start":{"line":117,"column":16},"end":{"line":117,"column":29}},"45":{"start":{"line":121,"column":12},"end":{"line":126,"column":13}},"46":{"start":{"line":122,"column":16},"end":{"line":125,"column":17}},"47":{"start":{"line":124,"column":20},"end":{"line":124,"column":33}},"48":{"start":{"line":128,"column":32},"end":{"line":128,"column":81}},"49":{"start":{"line":128,"column":62},"end":{"line":128,"column":80}},"50":{"start":{"line":129,"column":31},"end":{"line":129,"column":79}},"51":{"start":{"line":129,"column":60},"end":{"line":129,"column":78}},"52":{"start":{"line":132,"column":12},"end":{"line":134,"column":13}},"53":{"start":{"line":133,"column":16},"end":{"line":133,"column":28}},"54":{"start":{"line":137,"column":12},"end":{"line":137,"column":25}},"55":{"start":{"line":143,"column":8},"end":{"line":169,"column":9}},"56":{"start":{"line":145,"column":12},"end":{"line":145,"column":59}},"57":{"start":{"line":147,"column":12},"end":{"line":147,"column":64}},"58":{"start":{"line":150,"column":32},"end":{"line":150,"column":81}},"59":{"start":{"line":150,"column":62},"end":{"line":150,"column":80}},"60":{"start":{"line":151,"column":31},"end":{"line":151,"column":79}},"61":{"start":{"line":151,"column":60},"end":{"line":151,"column":78}},"62":{"start":{"line":155,"column":12},"end":{"line":165,"column":13}},"63":{"start":{"line":156,"column":16},"end":{"line":156,"column":32}},"64":{"start":{"line":159,"column":17},"end":{"line":165,"column":13}},"65":{"start":{"line":160,"column":16},"end":{"line":160,"column":31}},"66":{"start":{"line":163,"column":17},"end":{"line":165,"column":13}},"67":{"start":{"line":164,"column":16},"end":{"line":164,"column":30}},"68":{"start":{"line":168,"column":12},"end":{"line":168,"column":24}},"69":{"start":{"line":174,"column":8},"end":{"line":187,"column":9}},"70":{"start":{"line":176,"column":12},"end":{"line":176,"column":60}},"71":{"start":{"line":179,"column":12},"end":{"line":179,"column":84}},"72":{"start":{"line":181,"column":12},"end":{"line":181,"column":68}},"73":{"start":{"line":184,"column":12},"end":{"line":186,"column":13}},"74":{"start":{"line":185,"column":16},"end":{"line":185,"column":47}},"75":{"start":{"line":192,"column":8},"end":{"line":212,"column":9}},"76":{"start":{"line":194,"column":12},"end":{"line":194,"column":68}},"77":{"start":{"line":196,"column":12},"end":{"line":196,"column":73}},"78":{"start":{"line":199,"column":37},"end":{"line":200,"column":50}},"79":{"start":{"line":203,"column":31},"end":{"line":203,"column":82}},"80":{"start":{"line":203,"column":63},"end":{"line":203,"column":81}},"81":{"start":{"line":206,"column":12},"end":{"line":208,"column":13}},"82":{"start":{"line":207,"column":16},"end":{"line":207,"column":28}},"83":{"start":{"line":210,"column":29},"end":{"line":210,"column":85}},"84":{"start":{"line":210,"column":54},"end":{"line":210,"column":84}},"85":{"start":{"line":211,"column":12},"end":{"line":211,"column":28}},"86":{"start":{"line":217,"column":8},"end":{"line":230,"column":9}},"87":{"start":{"line":219,"column":12},"end":{"line":219,"column":57}},"88":{"start":{"line":222,"column":12},"end":{"line":222,"column":37}},"89":{"start":{"line":223,"column":12},"end":{"line":223,"column":39}},"90":{"start":{"line":225,"column":12},"end":{"line":225,"column":69}},"91":{"start":{"line":228,"column":12},"end":{"line":228,"column":37}},"92":{"start":{"line":229,"column":12},"end":{"line":229,"column":39}},"93":{"start":{"line":235,"column":8},"end":{"line":244,"column":9}},"94":{"start":{"line":237,"column":12},"end":{"line":237,"column":61}},"95":{"start":{"line":239,"column":12},"end":{"line":239,"column":66}},"96":{"start":{"line":242,"column":12},"end":{"line":242,"column":41}},"97":{"start":{"line":243,"column":12},"end":{"line":243,"column":24}},"98":{"start":{"line":249,"column":8},"end":{"line":269,"column":9}},"99":{"start":{"line":251,"column":12},"end":{"line":251,"column":64}},"100":{"start":{"line":253,"column":12},"end":{"line":253,"column":69}},"101":{"start":{"line":256,"column":12},"end":{"line":268,"column":14}},"102":{"start":{"line":276,"column":0},"end":{"line":278,"column":2}}},"fnMap":{"0":{"name":"(anonymous_0)","decl":{"start":{"line":23,"column":4},"end":{"line":23,"column":5}},"loc":{"start":{"line":23,"column":41},"end":{"line":65,"column":5}},"line":23},"1":{"name":"(anonymous_1)","decl":{"start":{"line":41,"column":47},"end":{"line":41,"column":48}},"loc":{"start":{"line":41,"column":65},"end":{"line":47,"column":13}},"line":41},"2":{"name":"(anonymous_2)","decl":{"start":{"line":49,"column":45},"end":{"line":49,"column":46}},"loc":{"start":{"line":49,"column":63},"end":{"line":55,"column":13}},"line":49},"3":{"name":"(anonymous_3)","decl":{"start":{"line":68,"column":4},"end":{"line":68,"column":5}},"loc":{"start":{"line":68,"column":17},"end":{"line":104,"column":5}},"line":68},"4":{"name":"(anonymous_4)","decl":{"start":{"line":107,"column":4},"end":{"line":107,"column":5}},"loc":{"start":{"line":107,"column":21},"end":{"line":139,"column":5}},"line":107},"5":{"name":"(anonymous_5)","decl":{"start":{"line":128,"column":54},"end":{"line":128,"column":55}},"loc":{"start":{"line":128,"column":62},"end":{"line":128,"column":80}},"line":128},"6":{"name":"(anonymous_6)","decl":{"start":{"line":129,"column":52},"end":{"line":129,"column":53}},"loc":{"start":{"line":129,"column":60},"end":{"line":129,"column":78}},"line":129},"7":{"name":"(anonymous_7)","decl":{"start":{"line":142,"column":4},"end":{"line":142,"column":5}},"loc":{"start":{"line":142,"column":16},"end":{"line":170,"column":5}},"line":142},"8":{"name":"(anonymous_8)","decl":{"start":{"line":150,"column":54},"end":{"line":150,"column":55}},"loc":{"start":{"line":150,"column":62},"end":{"line":150,"column":80}},"line":150},"9":{"name":"(anonymous_9)","decl":{"start":{"line":151,"column":52},"end":{"line":151,"column":53}},"loc":{"start":{"line":151,"column":60},"end":{"line":151,"column":78}},"line":151},"10":{"name":"(anonymous_10)","decl":{"start":{"line":173,"column":4},"end":{"line":173,"column":5}},"loc":{"start":{"line":173,"column":24},"end":{"line":188,"column":5}},"line":173},"11":{"name":"(anonymous_11)","decl":{"start":{"line":191,"column":4},"end":{"line":191,"column":5}},"loc":{"start":{"line":191,"column":25},"end":{"line":213,"column":5}},"line":191},"12":{"name":"(anonymous_12)","decl":{"start":{"line":203,"column":55},"end":{"line":203,"column":56}},"loc":{"start":{"line":203,"column":63},"end":{"line":203,"column":81}},"line":203},"13":{"name":"(anonymous_13)","decl":{"start":{"line":210,"column":46},"end":{"line":210,"column":47}},"loc":{"start":{"line":210,"column":54},"end":{"line":210,"column":84}},"line":210},"14":{"name":"(anonymous_14)","decl":{"start":{"line":216,"column":4},"end":{"line":216,"column":5}},"loc":{"start":{"line":216,"column":21},"end":{"line":231,"column":5}},"line":216},"15":{"name":"(anonymous_15)","decl":{"start":{"line":234,"column":4},"end":{"line":234,"column":5}},"loc":{"start":{"line":234,"column":18},"end":{"line":245,"column":5}},"line":234},"16":{"name":"(anonymous_16)","decl":{"start":{"line":248,"column":4},"end":{"line":248,"column":5}},"loc":{"start":{"line":248,"column":21},"end":{"line":270,"column":5}},"line":248}},"branchMap":{"0":{"loc":{"start":{"line":45,"column":28},"end":{"line":45,"column":47}},"type":"binary-expr","locations":[{"start":{"line":45,"column":28},"end":{"line":45,"column":42}},{"start":{"line":45,"column":46},"end":{"line":45,"column":47}}],"line":45},"1":{"loc":{"start":{"line":53,"column":28},"end":{"line":53,"column":47}},"type":"binary-expr","locations":[{"start":{"line":53,"column":28},"end":{"line":53,"column":42}},{"start":{"line":53,"column":46},"end":{"line":53,"column":47}}],"line":53},"2":{"loc":{"start":{"line":87,"column":43},"end":{"line":87,"column":68}},"type":"binary-expr","locations":[{"start":{"line":87,"column":43},"end":{"line":87,"column":63}},{"start":{"line":87,"column":67},"end":{"line":87,"column":68}}],"line":87},"3":{"loc":{"start":{"line":88,"column":42},"end":{"line":88,"column":66}},"type":"binary-expr","locations":[{"start":{"line":88,"column":42},"end":{"line":88,"column":61}},{"start":{"line":88,"column":65},"end":{"line":88,"column":66}}],"line":88},"4":{"loc":{"start":{"line":90,"column":12},"end":{"line":100,"column":13}},"type":"if","locations":[{"start":{"line":90,"column":12},"end":{"line":100,"column":13}},{"start":{"line":95,"column":19},"end":{"line":100,"column":13}}],"line":90},"5":{"loc":{"start":{"line":116,"column":12},"end":{"line":118,"column":13}},"type":"if","locations":[{"start":{"line":116,"column":12},"end":{"line":118,"column":13}},{"start":{},"end":{}}],"line":116},"6":{"loc":{"start":{"line":116,"column":16},"end":{"line":116,"column":53}},"type":"binary-expr","locations":[{"start":{"line":116,"column":16},"end":{"line":116,"column":33}},{"start":{"line":116,"column":37},"end":{"line":116,"column":53}}],"line":116},"7":{"loc":{"start":{"line":121,"column":12},"end":{"line":126,"column":13}},"type":"if","locations":[{"start":{"line":121,"column":12},"end":{"line":126,"column":13}},{"start":{},"end":{}}],"line":121},"8":{"loc":{"start":{"line":121,"column":16},"end":{"line":121,"column":73}},"type":"binary-expr","locations":[{"start":{"line":121,"column":16},"end":{"line":121,"column":43}},{"start":{"line":121,"column":47},"end":{"line":121,"column":73}}],"line":121},"9":{"loc":{"start":{"line":122,"column":16},"end":{"line":125,"column":17}},"type":"if","locations":[{"start":{"line":122,"column":16},"end":{"line":125,"column":17}},{"start":{},"end":{}}],"line":122},"10":{"loc":{"start":{"line":122,"column":20},"end":{"line":123,"column":71}},"type":"binary-expr","locations":[{"start":{"line":122,"column":20},"end":{"line":122,"column":72}},{"start":{"line":123,"column":20},"end":{"line":123,"column":71}}],"line":122},"11":{"loc":{"start":{"line":132,"column":12},"end":{"line":134,"column":13}},"type":"if","locations":[{"start":{"line":132,"column":12},"end":{"line":134,"column":13}},{"start":{},"end":{}}],"line":132},"12":{"loc":{"start":{"line":132,"column":16},"end":{"line":132,"column":43}},"type":"binary-expr","locations":[{"start":{"line":132,"column":16},"end":{"line":132,"column":28}},{"start":{"line":132,"column":32},"end":{"line":132,"column":43}}],"line":132},"13":{"loc":{"start":{"line":155,"column":12},"end":{"line":165,"column":13}},"type":"if","locations":[{"start":{"line":155,"column":12},"end":{"line":165,"column":13}},{"start":{"line":159,"column":17},"end":{"line":165,"column":13}}],"line":155},"14":{"loc":{"start":{"line":155,"column":16},"end":{"line":155,"column":42}},"type":"binary-expr","locations":[{"start":{"line":155,"column":16},"end":{"line":155,"column":27}},{"start":{"line":155,"column":31},"end":{"line":155,"column":42}}],"line":155},"15":{"loc":{"start":{"line":159,"column":17},"end":{"line":165,"column":13}},"type":"if","locations":[{"start":{"line":159,"column":17},"end":{"line":165,"column":13}},{"start":{"line":163,"column":17},"end":{"line":165,"column":13}}],"line":159},"16":{"loc":{"start":{"line":159,"column":21},"end":{"line":159,"column":47}},"type":"binary-expr","locations":[{"start":{"line":159,"column":21},"end":{"line":159,"column":33}},{"start":{"line":159,"column":37},"end":{"line":159,"column":47}}],"line":159},"17":{"loc":{"start":{"line":163,"column":17},"end":{"line":165,"column":13}},"type":"if","locations":[{"start":{"line":163,"column":17},"end":{"line":165,"column":13}},{"start":{},"end":{}}],"line":163},"18":{"loc":{"start":{"line":163,"column":21},"end":{"line":163,"column":48}},"type":"binary-expr","locations":[{"start":{"line":163,"column":21},"end":{"line":163,"column":33}},{"start":{"line":163,"column":37},"end":{"line":163,"column":48}}],"line":163},"19":{"loc":{"start":{"line":184,"column":12},"end":{"line":186,"column":13}},"type":"if","locations":[{"start":{"line":184,"column":12},"end":{"line":186,"column":13}},{"start":{},"end":{}}],"line":184},"20":{"loc":{"start":{"line":184,"column":16},"end":{"line":184,"column":33}},"type":"binary-expr","locations":[{"start":{"line":184,"column":16},"end":{"line":184,"column":20}},{"start":{"line":184,"column":24},"end":{"line":184,"column":33}}],"line":184},"21":{"loc":{"start":{"line":199,"column":37},"end":{"line":200,"column":50}},"type":"cond-expr","locations":[{"start":{"line":200,"column":16},"end":{"line":200,"column":32}},{"start":{"line":200,"column":35},"end":{"line":200,"column":50}}],"line":199},"22":{"loc":{"start":{"line":206,"column":12},"end":{"line":208,"column":13}},"type":"if","locations":[{"start":{"line":206,"column":12},"end":{"line":208,"column":13}},{"start":{},"end":{}}],"line":206},"23":{"loc":{"start":{"line":266,"column":24},"end":{"line":266,"column":71}},"type":"cond-expr","locations":[{"start":{"line":266,"column":48},"end":{"line":266,"column":64}},{"start":{"line":266,"column":67},"end":{"line":266,"column":71}}],"line":266}},"s":{"0":7,"1":38,"2":38,"3":0,"4":0,"5":0,"6":0,"7":0,"8":0,"9":0,"10":38,"11":38,"12":70,"13":38,"14":55,"15":38,"16":38,"17":38,"18":38,"19":38,"20":38,"21":6,"22":6,"23":2,"24":2,"25":2,"26":2,"27":2,"28":4,"29":4,"30":4,"31":4,"32":4,"33":3,"34":3,"35":3,"36":1,"37":1,"38":1,"39":4,"40":9,"41":9,"42":7,"43":7,"44":0,"45":7,"46":5,"47":0,"48":7,"49":8,"50":7,"51":8,"52":7,"53":5,"54":2,"55":6,"56":6,"57":6,"58":6,"59":7,"60":6,"61":7,"62":6,"63":2,"64":4,"65":2,"66":2,"67":1,"68":1,"69":8,"70":8,"71":0,"72":8,"73":8,"74":6,"75":5,"76":5,"77":5,"78":5,"79":5,"80":10,"81":5,"82":1,"83":4,"84":7,"85":4,"86":2,"87":2,"88":0,"89":0,"90":2,"91":2,"92":2,"93":3,"94":3,"95":3,"96":3,"97":3,"98":0,"99":0,"100":0,"101":0,"102":7},"f":{"0":38,"1":70,"2":55,"3":6,"4":9,"5":8,"6":8,"7":6,"8":7,"9":7,"10":8,"11":5,"12":10,"13":7,"14":2,"15":3,"16":0},"b":{"0":[70,1],"1":[55,1],"2":[4,0],"3":[4,3],"4":[3,1],"5":[0,7],"6":[7,7],"7":[5,2],"8":[7,6],"9":[0,5],"10":[5,5],"11":[5,2],"12":[7,4],"13":[2,4],"14":[6,3],"15":[2,2],"16":[4,3],"17":[1,1],"18":[2,1],"19":[6,2],"20":[8,7],"21":[4,1],"22":[1,4],"23":[0,0]},"_coverageSchema":"1a1c01bbd47fc00a2c39e90264f33305004495a9","hash":"09edc692d1643d0148329e1b7e83ec6fc0469ced"}
,"D:\\Github_Code\\CardGame\\static\\js\\battle\\battle-system-adapter.js": {"path":"D:\\Github_Code\\CardGame\\static\\js\\battle\\battle-system-adapter.js","statementMap":{"0":{"start":{"line":6,"column":24},"end":{"line":6,"column":57}},"1":{"start":{"line":7,"column":23},"end":{"line":7,"column":55}},"2":{"start":{"line":12,"column":21},"end":{"line":344,"column":1}},"3":{"start":{"line":33,"column":4},"end":{"line":41,"column":6}},"4":{"start":{"line":44,"column":4},"end":{"line":48,"column":5}},"5":{"start":{"line":45,"column":6},"end":{"line":47,"column":24}},"6":{"start":{"line":46,"column":8},"end":{"line":46,"column":53}},"7":{"start":{"line":51,"column":4},"end":{"line":55,"column":5}},"8":{"start":{"line":52,"column":6},"end":{"line":54,"column":24}},"9":{"start":{"line":53,"column":8},"end":{"line":53,"column":52}},"10":{"start":{"line":58,"column":4},"end":{"line":61,"column":7}},"11":{"start":{"line":63,"column":4},"end":{"line":63,"column":22}},"12":{"start":{"line":70,"column":4},"end":{"line":70,"column":42}},"13":{"start":{"line":70,"column":29},"end":{"line":70,"column":42}},"14":{"start":{"line":72,"column":4},"end":{"line":72,"column":31}},"15":{"start":{"line":73,"column":4},"end":{"line":73,"column":39}},"16":{"start":{"line":74,"column":4},"end":{"line":74,"column":29}},"17":{"start":{"line":77,"column":4},"end":{"line":77,"column":27}},"18":{"start":{"line":79,"column":4},"end":{"line":79,"column":36}},"19":{"start":{"line":80,"column":4},"end":{"line":80,"column":16}},"20":{"start":{"line":88,"column":4},"end":{"line":88,"column":43}},"21":{"start":{"line":88,"column":30},"end":{"line":88,"column":43}},"22":{"start":{"line":90,"column":4},"end":{"line":90,"column":32}},"23":{"start":{"line":91,"column":4},"end":{"line":91,"column":39}},"24":{"start":{"line":92,"column":4},"end":{"line":92,"column":53}},"25":{"start":{"line":94,"column":4},"end":{"line":94,"column":64}},"26":{"start":{"line":95,"column":4},"end":{"line":95,"column":16}},"27":{"start":{"line":106,"column":4},"end":{"line":106,"column":72}},"28":{"start":{"line":106,"column":60},"end":{"line":106,"column":72}},"29":{"start":{"line":109,"column":23},"end":{"line":109,"column":51}},"30":{"start":{"line":110,"column":4},"end":{"line":113,"column":5}},"31":{"start":{"line":111,"column":6},"end":{"line":111,"column":45}},"32":{"start":{"line":112,"column":6},"end":{"line":112,"column":18}},"33":{"start":{"line":116,"column":24},"end":{"line":116,"column":68}},"34":{"start":{"line":117,"column":4},"end":{"line":120,"column":5}},"35":{"start":{"line":118,"column":6},"end":{"line":118,"column":62}},"36":{"start":{"line":119,"column":6},"end":{"line":119,"column":18}},"37":{"start":{"line":123,"column":19},"end":{"line":123,"column":79}},"38":{"start":{"line":125,"column":4},"end":{"line":125,"column":73}},"39":{"start":{"line":128,"column":4},"end":{"line":128,"column":26}},"40":{"start":{"line":130,"column":4},"end":{"line":130,"column":18}},"41":{"start":{"line":141,"column":4},"end":{"line":141,"column":29}},"42":{"start":{"line":141,"column":17},"end":{"line":141,"column":29}},"43":{"start":{"line":143,"column":19},"end":{"line":147,"column":5}},"44":{"start":{"line":150,"column":4},"end":{"line":162,"column":5}},"45":{"start":{"line":152,"column":25},"end":{"line":152,"column":38}},"46":{"start":{"line":153,"column":31},"end":{"line":153,"column":59}},"47":{"start":{"line":154,"column":31},"end":{"line":154,"column":93}},"48":{"start":{"line":157,"column":31},"end":{"line":157,"column":53}},"49":{"start":{"line":158,"column":26},"end":{"line":158,"column":92}},"50":{"start":{"line":160,"column":6},"end":{"line":160,"column":66}},"51":{"start":{"line":161,"column":6},"end":{"line":161,"column":86}},"52":{"start":{"line":165,"column":4},"end":{"line":169,"column":5}},"53":{"start":{"line":166,"column":22},"end":{"line":166,"column":36}},"54":{"start":{"line":167,"column":6},"end":{"line":167,"column":61}},"55":{"start":{"line":168,"column":6},"end":{"line":168,"column":85}},"56":{"start":{"line":172,"column":4},"end":{"line":176,"column":5}},"57":{"start":{"line":173,"column":6},"end":{"line":173,"column":63}},"58":{"start":{"line":174,"column":6},"end":{"line":174,"column":53}},"59":{"start":{"line":175,"column":6},"end":{"line":175,"column":92}},"60":{"start":{"line":178,"column":4},"end":{"line":178,"column":18}},"61":{"start":{"line":185,"column":4},"end":{"line":185,"column":43}},"62":{"start":{"line":185,"column":30},"end":{"line":185,"column":43}},"63":{"start":{"line":188,"column":23},"end":{"line":188,"column":51}},"64":{"start":{"line":189,"column":4},"end":{"line":191,"column":5}},"65":{"start":{"line":190,"column":6},"end":{"line":190,"column":45}},"66":{"start":{"line":194,"column":4},"end":{"line":194,"column":25}},"67":{"start":{"line":197,"column":4},"end":{"line":197,"column":27}},"68":{"start":{"line":199,"column":4},"end":{"line":199,"column":27}},"69":{"start":{"line":200,"column":4},"end":{"line":200,"column":58}},"70":{"start":{"line":203,"column":4},"end":{"line":203,"column":26}},"71":{"start":{"line":205,"column":4},"end":{"line":205,"column":16}},"72":{"start":{"line":213,"column":4},"end":{"line":213,"column":45}},"73":{"start":{"line":213,"column":38},"end":{"line":213,"column":45}},"74":{"start":{"line":216,"column":4},"end":{"line":232,"column":7}},"75":{"start":{"line":217,"column":6},"end":{"line":220,"column":7}},"76":{"start":{"line":218,"column":23},"end":{"line":218,"column":65}},"77":{"start":{"line":219,"column":8},"end":{"line":219,"column":80}},"78":{"start":{"line":223,"column":6},"end":{"line":231,"column":7}},"79":{"start":{"line":224,"column":8},"end":{"line":224,"column":26}},"80":{"start":{"line":227,"column":8},"end":{"line":230,"column":9}},"81":{"start":{"line":228,"column":10},"end":{"line":228,"column":54}},"82":{"start":{"line":229,"column":10},"end":{"line":229,"column":73}},"83":{"start":{"line":235,"column":27},"end":{"line":235,"column":61}},"84":{"start":{"line":236,"column":4},"end":{"line":238,"column":5}},"85":{"start":{"line":237,"column":6},"end":{"line":237,"column":70}},"86":{"start":{"line":246,"column":4},"end":{"line":246,"column":43}},"87":{"start":{"line":246,"column":30},"end":{"line":246,"column":43}},"88":{"start":{"line":248,"column":24},"end":{"line":248,"column":90}},"89":{"start":{"line":248,"column":60},"end":{"line":248,"column":89}},"90":{"start":{"line":249,"column":23},"end":{"line":249,"column":88}},"91":{"start":{"line":249,"column":58},"end":{"line":249,"column":87}},"92":{"start":{"line":251,"column":4},"end":{"line":260,"column":5}},"93":{"start":{"line":252,"column":6},"end":{"line":252,"column":29}},"94":{"start":{"line":253,"column":6},"end":{"line":253,"column":18}},"95":{"start":{"line":254,"column":11},"end":{"line":260,"column":5}},"96":{"start":{"line":255,"column":6},"end":{"line":255,"column":30}},"97":{"start":{"line":256,"column":6},"end":{"line":256,"column":18}},"98":{"start":{"line":257,"column":11},"end":{"line":260,"column":5}},"99":{"start":{"line":258,"column":6},"end":{"line":258,"column":31}},"100":{"start":{"line":259,"column":6},"end":{"line":259,"column":18}},"101":{"start":{"line":262,"column":4},"end":{"line":262,"column":17}},"102":{"start":{"line":270,"column":24},"end":{"line":270,"column":90}},"103":{"start":{"line":270,"column":60},"end":{"line":270,"column":89}},"104":{"start":{"line":271,"column":23},"end":{"line":271,"column":88}},"105":{"start":{"line":271,"column":58},"end":{"line":271,"column":87}},"106":{"start":{"line":273,"column":4},"end":{"line":279,"column":5}},"107":{"start":{"line":274,"column":6},"end":{"line":274,"column":20}},"108":{"start":{"line":275,"column":11},"end":{"line":279,"column":5}},"109":{"start":{"line":276,"column":6},"end":{"line":276,"column":21}},"110":{"start":{"line":277,"column":11},"end":{"line":279,"column":5}},"111":{"start":{"line":278,"column":6},"end":{"line":278,"column":22}},"112":{"start":{"line":281,"column":4},"end":{"line":281,"column":16}},"113":{"start":{"line":289,"column":4},"end":{"line":289,"column":25}},"114":{"start":{"line":289,"column":18},"end":{"line":289,"column":25}},"115":{"start":{"line":291,"column":4},"end":{"line":295,"column":7}},"116":{"start":{"line":303,"column":4},"end":{"line":303,"column":31}},"117":{"start":{"line":311,"column":4},"end":{"line":311,"column":29}},"118":{"start":{"line":321,"column":4},"end":{"line":325,"column":5}},"119":{"start":{"line":322,"column":6},"end":{"line":322,"column":51}},"120":{"start":{"line":323,"column":11},"end":{"line":325,"column":5}},"121":{"start":{"line":324,"column":6},"end":{"line":324,"column":50}},"122":{"start":{"line":326,"column":4},"end":{"line":326,"column":16}},"123":{"start":{"line":334,"column":4},"end":{"line":334,"column":39}},"124":{"start":{"line":342,"column":4},"end":{"line":342,"column":38}},"125":{"start":{"line":347,"column":0},"end":{"line":347,"column":34}}},"fnMap":{"0":{"name":"(anonymous_0)","decl":{"start":{"line":31,"column":2},"end":{"line":31,"column":3}},"loc":{"start":{"line":31,"column":44},"end":{"line":64,"column":3}},"line":31},"1":{"name":"(anonymous_1)","decl":{"start":{"line":45,"column":50},"end":{"line":45,"column":51}},"loc":{"start":{"line":46,"column":8},"end":{"line":46,"column":53}},"line":46},"2":{"name":"(anonymous_2)","decl":{"start":{"line":52,"column":48},"end":{"line":52,"column":49}},"loc":{"start":{"line":53,"column":8},"end":{"line":53,"column":52}},"line":53},"3":{"name":"(anonymous_3)","decl":{"start":{"line":69,"column":2},"end":{"line":69,"column":3}},"loc":{"start":{"line":69,"column":16},"end":{"line":81,"column":3}},"line":69},"4":{"name":"(anonymous_4)","decl":{"start":{"line":87,"column":2},"end":{"line":87,"column":3}},"loc":{"start":{"line":87,"column":20},"end":{"line":96,"column":3}},"line":87},"5":{"name":"(anonymous_5)","decl":{"start":{"line":105,"column":2},"end":{"line":105,"column":3}},"loc":{"start":{"line":105,"column":51},"end":{"line":131,"column":3}},"line":105},"6":{"name":"(anonymous_6)","decl":{"start":{"line":140,"column":2},"end":{"line":140,"column":3}},"loc":{"start":{"line":140,"column":45},"end":{"line":179,"column":3}},"line":140},"7":{"name":"(anonymous_7)","decl":{"start":{"line":184,"column":2},"end":{"line":184,"column":3}},"loc":{"start":{"line":184,"column":19},"end":{"line":206,"column":3}},"line":184},"8":{"name":"(anonymous_8)","decl":{"start":{"line":212,"column":2},"end":{"line":212,"column":3}},"loc":{"start":{"line":212,"column":30},"end":{"line":239,"column":3}},"line":212},"9":{"name":"(anonymous_9)","decl":{"start":{"line":216,"column":31},"end":{"line":216,"column":32}},"loc":{"start":{"line":216,"column":50},"end":{"line":232,"column":5}},"line":216},"10":{"name":"(anonymous_10)","decl":{"start":{"line":245,"column":2},"end":{"line":245,"column":3}},"loc":{"start":{"line":245,"column":19},"end":{"line":263,"column":3}},"line":245},"11":{"name":"(anonymous_11)","decl":{"start":{"line":248,"column":52},"end":{"line":248,"column":53}},"loc":{"start":{"line":248,"column":60},"end":{"line":248,"column":89}},"line":248},"12":{"name":"(anonymous_12)","decl":{"start":{"line":249,"column":50},"end":{"line":249,"column":51}},"loc":{"start":{"line":249,"column":58},"end":{"line":249,"column":87}},"line":249},"13":{"name":"(anonymous_13)","decl":{"start":{"line":269,"column":2},"end":{"line":269,"column":3}},"loc":{"start":{"line":269,"column":16},"end":{"line":282,"column":3}},"line":269},"14":{"name":"(anonymous_14)","decl":{"start":{"line":270,"column":52},"end":{"line":270,"column":53}},"loc":{"start":{"line":270,"column":60},"end":{"line":270,"column":89}},"line":270},"15":{"name":"(anonymous_15)","decl":{"start":{"line":271,"column":50},"end":{"line":271,"column":51}},"loc":{"start":{"line":271,"column":58},"end":{"line":271,"column":87}},"line":271},"16":{"name":"(anonymous_16)","decl":{"start":{"line":288,"column":2},"end":{"line":288,"column":3}},"loc":{"start":{"line":288,"column":20},"end":{"line":296,"column":3}},"line":288},"17":{"name":"(anonymous_17)","decl":{"start":{"line":302,"column":2},"end":{"line":302,"column":3}},"loc":{"start":{"line":302,"column":17},"end":{"line":304,"column":3}},"line":302},"18":{"name":"(anonymous_18)","decl":{"start":{"line":310,"column":2},"end":{"line":310,"column":3}},"loc":{"start":{"line":310,"column":19},"end":{"line":312,"column":3}},"line":310},"19":{"name":"(anonymous_19)","decl":{"start":{"line":320,"column":2},"end":{"line":320,"column":3}},"loc":{"start":{"line":320,"column":23},"end":{"line":327,"column":3}},"line":320},"20":{"name":"(anonymous_20)","decl":{"start":{"line":333,"column":2},"end":{"line":333,"column":3}},"loc":{"start":{"line":333,"column":19},"end":{"line":335,"column":3}},"line":333},"21":{"name":"(anonymous_21)","decl":{"start":{"line":341,"column":2},"end":{"line":341,"column":3}},"loc":{"start":{"line":341,"column":18},"end":{"line":343,"column":3}},"line":341}},"branchMap":{"0":{"loc":{"start":{"line":44,"column":4},"end":{"line":48,"column":5}},"type":"if","locations":[{"start":{"line":44,"column":4},"end":{"line":48,"column":5}},{"start":{},"end":{}}],"line":44},"1":{"loc":{"start":{"line":51,"column":4},"end":{"line":55,"column":5}},"type":"if","locations":[{"start":{"line":51,"column":4},"end":{"line":55,"column":5}},{"start":{},"end":{}}],"line":51},"2":{"loc":{"start":{"line":70,"column":4},"end":{"line":70,"column":42}},"type":"if","locations":[{"start":{"line":70,"column":4},"end":{"line":70,"column":42}},{"start":{},"end":{}}],"line":70},"3":{"loc":{"start":{"line":88,"column":4},"end":{"line":88,"column":43}},"type":"if","locations":[{"start":{"line":88,"column":4},"end":{"line":88,"column":43}},{"start":{},"end":{}}],"line":88},"4":{"loc":{"start":{"line":92,"column":24},"end":{"line":92,"column":52}},"type":"binary-expr","locations":[{"start":{"line":92,"column":24},"end":{"line":92,"column":30}},{"start":{"line":92,"column":34},"end":{"line":92,"column":52}}],"line":92},"5":{"loc":{"start":{"line":106,"column":4},"end":{"line":106,"column":72}},"type":"if","locations":[{"start":{"line":106,"column":4},"end":{"line":106,"column":72}},{"start":{},"end":{}}],"line":106},"6":{"loc":{"start":{"line":106,"column":8},"end":{"line":106,"column":58}},"type":"binary-expr","locations":[{"start":{"line":106,"column":8},"end":{"line":106,"column":28}},{"start":{"line":106,"column":32},"end":{"line":106,"column":43}},{"start":{"line":106,"column":47},"end":{"line":106,"column":58}}],"line":106},"7":{"loc":{"start":{"line":110,"column":4},"end":{"line":113,"column":5}},"type":"if","locations":[{"start":{"line":110,"column":4},"end":{"line":113,"column":5}},{"start":{},"end":{}}],"line":110},"8":{"loc":{"start":{"line":117,"column":4},"end":{"line":120,"column":5}},"type":"if","locations":[{"start":{"line":117,"column":4},"end":{"line":120,"column":5}},{"start":{},"end":{}}],"line":117},"9":{"loc":{"start":{"line":141,"column":4},"end":{"line":141,"column":29}},"type":"if","locations":[{"start":{"line":141,"column":4},"end":{"line":141,"column":29}},{"st
[...]
:{"line":55,"column":57}},"type":"binary-expr","locations":[{"start":{"line":55,"column":38},"end":{"line":55,"column":52}},{"start":{"line":55,"column":56},"end":{"line":55,"column":57}}],"line":55},"15":{"loc":{"start":{"line":57,"column":16},"end":{"line":59,"column":17}},"type":"if","locations":[{"start":{"line":57,"column":16},"end":{"line":59,"column":17}},{"start":{},"end":{}}],"line":57},"16":{"loc":{"start":{"line":80,"column":21},"end":{"line":80,"column":57}},"type":"cond-expr","locations":[{"start":{"line":80,"column":34},"end":{"line":80,"column":53}},{"start":{"line":80,"column":56},"end":{"line":80,"column":57}}],"line":80},"17":{"loc":{"start":{"line":80,"column":34},"end":{"line":80,"column":53}},"type":"binary-expr","locations":[{"start":{"line":80,"column":34},"end":{"line":80,"column":48}},{"start":{"line":80,"column":52},"end":{"line":80,"column":53}}],"line":80},"18":{"loc":{"start":{"line":84,"column":21},"end":{"line":84,"column":57}},"type":"cond-expr","locations":[{"start":{"line":84,"column":34},"end":{"line":84,"column":53}},{"start":{"line":84,"column":56},"end":{"line":84,"column":57}}],"line":84},"19":{"loc":{"start":{"line":84,"column":34},"end":{"line":84,"column":53}},"type":"binary-expr","locations":[{"start":{"line":84,"column":34},"end":{"line":84,"column":48}},{"start":{"line":84,"column":52},"end":{"line":84,"column":53}}],"line":84},"20":{"loc":{"start":{"line":87,"column":15},"end":{"line":87,"column":61}},"type":"cond-expr","locations":[{"start":{"line":87,"column":43},"end":{"line":87,"column":51}},{"start":{"line":87,"column":54},"end":{"line":87,"column":61}}],"line":87},"21":{"loc":{"start":{"line":93,"column":22},"end":{"line":93,"column":90}},"type":"cond-expr","locations":[{"start":{"line":93,"column":42},"end":{"line":93,"column":65}},{"start":{"line":93,"column":68},"end":{"line":93,"column":90}}],"line":93},"22":{"loc":{"start":{"line":94,"column":26},"end":{"line":94,"column":88}},"type":"cond-expr","locations":[{"start":{"line":94,"column":46},"end":{"line":94,"column":66}},{"start":{"line":94,"column":69},"end":{"line":94,"column":88}}],"line":94},"23":{"loc":{"start":{"line":119,"column":30},"end":{"line":119,"column":59}},"type":"binary-expr","locations":[{"start":{"line":119,"column":30},"end":{"line":119,"column":53}},{"start":{"line":119,"column":57},"end":{"line":119,"column":59}}],"line":119},"24":{"loc":{"start":{"line":119,"column":66},"end":{"line":119,"column":94}},"type":"binary-expr","locations":[{"start":{"line":119,"column":66},"end":{"line":119,"column":88}},{"start":{"line":119,"column":92},"end":{"line":119,"column":94}}],"line":119},"25":{"loc":{"start":{"line":121,"column":12},"end":{"line":126,"column":13}},"type":"if","locations":[{"start":{"line":121,"column":12},"end":{"line":126,"column":13}},{"start":{},"end":{}}],"line":121},"26":{"loc":{"start":{"line":121,"column":16},"end":{"line":121,"column":42}},"type":"binary-expr","locations":[{"start":{"line":121,"column":16},"end":{"line":121,"column":20}},{"start":{"line":121,"column":24},"end":{"line":121,"column":42}}],"line":121},"27":{"loc":{"start":{"line":124,"column":20},"end":{"line":124,"column":72}},"type":"binary-expr","locations":[{"start":{"line":124,"column":20},"end":{"line":124,"column":49}},{"start":{"line":124,"column":53},"end":{"line":124,"column":72}}],"line":124},"28":{"loc":{"start":{"line":143,"column":8},"end":{"line":149,"column":9}},"type":"if","locations":[{"start":{"line":143,"column":8},"end":{"line":149,"column":9}},{"start":{"line":146,"column":15},"end":{"line":149,"column":9}}],"line":143},"29":{"loc":{"start":{"line":152,"column":8},"end":{"line":156,"column":9}},"type":"if","locations":[{"start":{"line":152,"column":8},"end":{"line":156,"column":9}},{"start":{},"end":{}}],"line":152},"30":{"loc":{"start":{"line":176,"column":8},"end":{"line":185,"column":9}},"type":"if","locations":[{"start":{"line":176,"column":8},"end":{"line":185,"column":9}},{"start":{},"end":{}}],"line":176},"31":{"loc":{"start":{"line":176,"column":12},"end":{"line":176,"column":29}},"type":"binary-expr","locations":[{"start":{"line":176,"column":12},"end":{"line":176,"column":16}},{"start":{"line":176,"column":20},"end":{"line":176,"column":29}}],"line":176},"32":{"loc":{"start":{"line":180,"column":12},"end":{"line":182,"column":13}},"type":"if","locations":[{"start":{"line":180,"column":12},"end":{"line":182,"column":13}},{"start":{},"end":{}}],"line":180},"33":{"loc":{"start":{"line":180,"column":16},"end":{"line":180,"column":53}},"type":"binary-expr","locations":[{"start":{"line":180,"column":16},"end":{"line":180,"column":27}},{"start":{"line":180,"column":31},"end":{"line":180,"column":53}}],"line":180},"34":{"loc":{"start":{"line":191,"column":15},"end":{"line":191,"column":66}},"type":"binary-expr","locations":[{"start":{"line":191,"column":15},"end":{"line":191,"column":19}},{"start":{"line":191,"column":23},"end":{"line":191,"column":32}},{"start":{"line":191,"column":36},"end":{"line":191,"column":66}}],"line":191},"35":{"loc":{"start":{"line":196,"column":33},"end":{"line":198,"column":36}},"type":"cond-expr","locations":[{"start":{"line":197,"column":14},"end":{"line":197,"column":37}},{"start":{"line":198,"column":14},"end":{"line":198,"column":36}}],"line":196},"36":{"loc":{"start":{"line":200,"column":8},"end":{"line":202,"column":9}},"type":"if","locations":[{"start":{"line":200,"column":8},"end":{"line":202,"column":9}},{"start":{},"end":{}}],"line":200},"37":{"loc":{"start":{"line":200,"column":12},"end":{"line":200,"column":62}},"type":"binary-expr","locations":[{"start":{"line":200,"column":12},"end":{"line":200,"column":29}},{"start":{"line":200,"column":33},"end":{"line":200,"column":62}}],"line":200},"38":{"loc":{"start":{"line":205,"column":59},"end":{"line":205,"column":85}},"type":"binary-expr","locations":[{"start":{"line":205,"column":59},"end":{"line":205,"column":63}},{"start":{"line":205,"column":67},"end":{"line":205,"column":85}}],"line":205},"39":{"loc":{"start":{"line":208,"column":8},"end":{"line":210,"column":9}},"type":"if","locations":[{"start":{"line":208,"column":8},"end":{"line":210,"column":9}},{"start":{},"end":{}}],"line":208},"40":{"loc":{"start":{"line":218,"column":17},"end":{"line":218,"column":28}},"type":"default-arg","locations":[{"start":{"line":218,"column":24},"end":{"line":218,"column":28}}],"line":218},"41":{"loc":{"start":{"line":219,"column":27},"end":{"line":219,"column":51}},"type":"binary-expr","locations":[{"start":{"line":219,"column":27},"end":{"line":219,"column":31}},{"start":{"line":219,"column":35},"end":{"line":219,"column":51}}],"line":219},"42":{"loc":{"start":{"line":220,"column":22},"end":{"line":220,"column":96}},"type":"cond-expr","locations":[{"start":{"line":220,"column":48},"end":{"line":220,"column":71}},{"start":{"line":220,"column":74},"end":{"line":220,"column":96}}],"line":220},"43":{"loc":{"start":{"line":222,"column":8},"end":{"line":229,"column":9}},"type":"if","locations":[{"start":{"line":222,"column":8},"end":{"line":229,"column":9}},{"start":{},"end":{}}],"line":222},"44":{"loc":{"start":{"line":224,"column":16},"end":{"line":227,"column":17}},"type":"if","locations":[{"start":{"line":224,"column":16},"end":{"line":227,"column":17}},{"start":{},"end":{}}],"line":224},"45":{"loc":{"start":{"line":224,"column":20},"end":{"line":224,"column":95}},"type":"binary-expr","locations":[{"start":{"line":224,"column":20},"end":{"line":224,"column":24}},{"start":{"line":224,"column":28},"end":{"line":224,"column":63}},{"start":{"line":224,"column":67},"end":{"line":224,"column":77}},{"start":{"line":224,"column":81},"end":{"line":224,"column":95}}],"line":224},"46":{"loc":{"start":{"line":234,"column":8},"end":{"line":249,"column":9}},"type":"if","locations":[{"start":{"line":234,"column":8},"end":{"line":249,"column":9}},{"start":{},"end":{}}],"line":234},"47":{"loc":{"start":{"line":234,"column":12},"end":{"line":234,"column":26}},"type":"binary-expr","locations":[{"start":{"line":234,"column":12},"end":{"line":234,"column":16}},{"start":{"line":234,"column":20},"end":{"line":234,"column":26}}],"line":234},"48":{"loc":{"start":{"line":235,"column":12},"end":{"line":237,"column":13}},"type":"if","locations":[{"start":{"line":235,"column":12},"end":{"line":237,"column":13}},{"start":{},"end":{}}],"line":235},"49":{"loc":{"start":{"line":255,"column":8},"end":{"line":287,"column":9}},"type":"if","locations":[{"start":{"line":255,"column":8},"end":{"line":287,"column":9}},{"start":{},"end":{}}],"line":255},"50":{"loc":{"start":{"line":255,"column":12},"end":{"line":255,"column":38}},"type":"binary-expr","locations":[{"start":{"line":255,"column":12},"end":{"line":255,"column":16}},{"start":{"line":255,"column":20},"end":{"line":255,"column":38}}],"line":255},"51":{"loc":{"start":{"line":257,"column":12},"end":{"line":286,"column":13}},"type":"if","locations":[{"start":{"line":257,"column":12},"end":{"line":286,"column":13}},{"start":{"line":270,"column":17},"end":{"line":286,"column":13}}],"line":257},"52":{"loc":{"start":{"line":257,"column":16},"end":{"line":257,"column":110}},"type":"binary-expr","locations":[{"start":{"line":257,"column":16},"end":{"line":257,"column":47}},{"start":{"line":257,"column":51},"end":{"line":257,"column":67}},{"start":{"line":257,"column":71},"end":{"line":257,"column":110}}],"line":257},"53":{"loc":{"start":{"line":270,"column":17},"end":{"line":286,"column":13}},"type":"if","locations":[{"start":{"line":270,"column":17},"end":{"line":286,"column":13}},{"start":{},"end":{}}],"line":270},"54":{"loc":{"start":{"line":274,"column":16},"end":{"line":285,"column":17}},"type":"if","locations":[{"start":{"line":274,"column":16},"end":{"line":285,"column":17}},{"start":{},"end":{}}],"line":274},"55":{"loc":{"start":{"line":292,"column":25},"end":{"line":292,"column":44}},"type":"default-arg","locations":[{"start":{"line":292,"column":33},"end":{"line":292,"column":44}}],"line":292},"56":{"loc":{"start":{"line":293,"column":30},"end":{"line":293,"column":59}},"type":"binary-expr","locations":[{"start":{"line":293,"column":30},"end":{"line":293,"column":53}},{"start":{"line":293,"column":57},"end":{"line":293,"column":59}}],"line":293},"57":{"loc":{"start":{"line":293,"column":66},"end":{"line":293,"column":94}},"type":"binary-expr","locations":[{"start":{"line":293,"column":66},"end":{"line":293,"column":88}},{"start":{"line":293,"column":92},"end":{"line":293,"column":94}}],"line":293},"58":{"loc":{"start":{"line":296,"column":12},"end":{"line":342,"column":13}},"type":"if","locations":[{"start":{"line":296,"column":12},"end":{"line":342,"column":13}},{"start":{},"end":{}}],"line":296},"59":{"loc":{"start":{"line":296,"column":16},"end":{"line":296,"column":75}},"type":"binary-expr","locations":[{"start":{"line":296,"column":16},"end":{"line":296,"column":20}},{"start":{"line":296,"column":24},"end":{"line":296,"column":42}},{"start":{"line":296,"column":46},"end":{"line":296,"column":75}}],"line":296},"60":{"loc":{"start":{"line":298,"column":16},"end":{"line":319,"column":17}},"type":"if","locations":[{"start":{"line":298,"column":16},"end":{"line":319,"column":17}},{"start":{},"end":{}}],"line":298},"61":{"loc":{"start":{"line":298,"column":20},"end":{"line":298,"column":93}},"type":"binary-expr","locations":[{"start":{"line":298,"column":20},"end":{"line":298,"column":41}},{"start":{"line":298,"column":45},"end":{"line":298,"column":93}}],"line":298},"62":{"loc":{"start":{"line":301,"column":24},"end":{"line":317,"column":25}},"type":"if","locations":[{"start":{"line":301,"column":24},"end":{"line":317,"column":25}},{"start":{},"end":{}}],"line":301},"63":{"loc":{"start":{"line":302,"column":43},"end":{"line":302,"column":61}},"type":"binary-expr","locations":[{"start":{"line":302,"column":43},"end":{"line":302,"column":56}},{"start":{"line":302,"column":60},"end":{"line":302,"column":61}}],"line":302},"64":{"loc":{"start":{"line":306,"column":28},"end":{"line":308,"column":29}},"type":"if","locations":[{"start":{"line":306,"column":28},"end":{"line":308,"column":29}},{"start":{},"end":{}}],"line":306},"65":{"loc":{"start":{"line":322,"column":16},"end":{"line":341,"column":17}},"type":"if","locations":[{"start":{"line":322,"column":16},"end":{"line":341,"column":17}},{"start":{},"end":{}}],"line":322},"66":{"loc":{"start":{"line":326,"column":24},"end":{"line":326,"column":77}},"type":"binary-expr","locations":[{"start":{"line":326,"column":24},"end":{"line":326,"column":53}},{"start":{"line":326,"column":57},"end":{"line":326,"column":77}}],"line":326},"67":{"loc":{"start":{"line":331,"column":24},"end":{"line":331,"column":76}},"type":"binary-expr","locations":[{"start":{"line":331,"column":24},"end":{"line":331,"column":53}},{"start":{"line":331,"column":57},"end":{"line":331,"column":76}}],"line":331},"68":{"loc":{"start":{"line":353,"column":15},"end":{"line":353,"column":89}},"type":"cond-expr","locations":[{"start":{"line":353,"column":47},"end":{"line":353,"column":67}},{"start":{"line":353,"column":70},"end":{"line":353,"column":89}}],"line":353},"69":{"loc":{"start":{"line":373,"column":8},"end":{"line":375,"column":9}},"type":"if","locations":[{"start":{"line":373,"column":8},"end":{"line":375,"column":9}},{"start":{},"end":{}}],"line":373},"70":{"loc":{"start":{"line":373,"column":12},"end":{"line":373,"column":74}},"type":"binary-expr","locations":[{"start":{"line":373,"column":12},"end":{"line":373,"column":23}},{"start":{"line":373,"column":27},"end":{"line":373,"column":74}}],"line":373},"71":{"loc":{"start":{"line":382,"column":30},"end":{"line":382,"column":59}},"type":"binary-expr","locations":[{"start":{"line":382,"column":30},"end":{"line":382,"column":53}},{"start":{"line":382,"column":57},"end":{"line":382,"column":59}}],"line":382},"72":{"loc":{"start":{"line":382,"column":66},"end":{"line":382,"column":94}},"type":"binary-expr","locations":[{"start":{"line":382,"column":66},"end":{"line":382,"column":88}},{"start":{"line":382,"column":92},"end":{"line":382,"column":94}}],"line":382},"73":{"loc":{"start":{"line":385,"column":12},"end":{"line":394,"column":13}},"type":"if","locations":[{"start":{"line":385,"column":12},"end":{"line":394,"column":13}},{"start":{},"end":{}}],"line":385},"74":{"loc":{"start":{"line":385,"column":16},"end":{"line":385,"column":75}},"type":"binary-expr","locations":[{"start":{"line":385,"column":16},"end":{"line":385,"column":20}},{"start":{"line":385,"column":24},"end":{"line":385,"column":42}},{"start":{"line":385,"column":46},"end":{"line":385,"column":75}}],"line":385},"75":{"loc":{"start":{"line":402,"column":8},"end":{"line":405,"column":9}},"type":"if","locations":[{"start":{"line":402,"column":8},"end":{"line":405,"column":9}},{"start":{},"end":{}}],"line":402},"76":{"loc":{"start":{"line":402,"column":12},"end":{"line":402,"column":84}},"type":"binary-expr","locations":[{"start":{"line":402,"column":12},"end":{"line":402,"column":42}},{"start":{"line":402,"column":46},"end":{"line":402,"column":84}}],"line":402},"77":{"loc":{"start":{"line":412,"column":8},"end":{"line":415,"column":9}},"type":"if","locations":[{"start":{"line":412,"column":8},"end":{"line":415,"column":9}},{"start":{},"end":{}}],"line":412},"78":{"loc":{"start":{"line":432,"column":0},"end":{"line":440,"column":1}},"type":"if","locations":[{"start":{"line":432,"column":0},"end":{"line":440,"column":1}},{"start":{},"end":{}}],"line":432},"79":{"loc":{"start":{"line":432,"column":4},"end":{"line":432,"column":45}},"type":"binary-expr","locations":[{"start":{"line":432,"column":4},"end":{"line":432,"column":15}},{"start":{"line":432,"column":19},"end":{"line":432,"column":45}}],"line":432},"80":{"loc":{"start":{"line":434,"column":15},"end":{"line":438,"column":22}},"type":"cond-expr","locations":[{"start":{"line":435,"column":14},"end":{"line":435,"column":33}},{"start":{"line":436,"column":14},"end":{"line":438,"column":22}}],"line":434},"81":{"loc":{"start":{"line":434,"column":15},"end":{"line":434,"column":95}},"type":"binary-expr","locations":[{"start":{"line":434,"column":15},"end":{"line":434,"column":44}},{"start":{"line":434,"column":48},"end":{"line":434,"column":64}},{"start":{"line":434,"column":68},"end":{"line":434,"column":95}}],"line":434},"82":{"loc":{"start":{"line":436,"column":14},"end":{"line":438,"column":22}},"type":"cond-expr","locations":[{"start":{"line":437,"column":18},"end":{"line":437,"column":36}},{"start":{"line":438,"column":18},"end":{"line":438,"column":22}}],"line":436},"83":{"loc":{"start":{"line":436,"column":14},"end":{"line":436,"column":59}},"type":"binary-expr","locations":[{"start":{"line":436,"column":14},"end":{"line":436,"column":29}},{"start":{"line":436,"column":33},"end":{"line":436,"column":59}}],"line":436},"84":{"loc":{"start":{"line":443,"column":0},"end":{"line":447,"column":1}},"type":"if","locations":[{"start":{"line":443,"column":0},"end":{"line":447,"column":1}},{"start":{},"end":{}}],"line":443},"85":{"loc":{"start":{"line":449,"column":0},"end":{"line":451,"column":1}},"type":"if","locations":[{"start":{"line":449,"column":0},"end":{"line":451,"column":1}},{"start":{},"end":{}}],"line":449}},"s":{"0":4,"1":4,"2":41,"3":41,"4":41,"5":41,"6":41,"7":41,"8":41,"9":68,"10":0,"11":68,"12":0,"13":68,"14":0,"15":68,"16":0,"17":68,"18":41,"19":48,"20":0,"21":48,"22":0,"23":48,"24":0,"25":48,"26":0,"27":48,"28":41,"29":41,"30":41,"31":41,"32":41,"33":46,"34":78,"35":46,"36":56,"37":46,"38":13,"39":13,"40":13,"41":13,"42":13,"43":13,"44":13,"45":3,"46":3,"47":3,"48":3,"49":3,"50":9,"51":9,"52":0,"53":3,"54":9,"55":9,"56":9,"57":7,"58":7,"59":2,"60":2,"61":9,"62":9,"63":9,"64":9,"65":9,"66":9,"67":10,"68":10,"69":10,"70":10,"71":10,"72":0,"73":10,"74":5,"75":5,"76":0,"77":5,"78":10,"79":5,"80":0,"81":5,"82":8,"83":5,"84":16,"85":16,"86":16,"87":16,"88":17,"89":17,"90":6,"91":6,"92":0,"93":6,"94":2,"95":6,"96":6,"97":6,"98":0,"99":1,"100":1,"101":1,"102":1,"103":1,"104":1,"105":0,"106":0,"107":0,"108":0,"109":0,"110":0,"111":0,"112":0,"113":0,"114":0,"115":21,"116":21,"117":55,"118":7,"119":5,"120":5,"121":5,"122":5,"123":5,"124":5,"125":5,"126":5,"127":5,"128":5,"129":7,"130":2,"131":2,"132":2,"133":2,"134":2,"135":2,"136":2,"137":0,"138":3,"139":1,"140":0,"141":0,"142":1,"143":1,"144":0,"145":1,"146":1,"147":1,"148":3,"149":2,"150":2,"151":1,"152":6,"153":6,"154":6,"155":0,"156":1,"157":1,"158":1,"159":1,"160":0,"161":39,"162":42,"163":42,"164":1,"165":4,"166":4,"167":0,"168":4,"169":4,"170":4,"171":4},"f":{"0":41,"1":68,"2":48,"3":46,"4":78,"5":56,"6":13,"7":3,"8":9,"9":0,"10":9,"11":10,"12":10,"13":5,"14":10,"15":8,"16":16,"17":17,"18":6,"19":2,"20":1,"21":0,"22":21,"23":55,"24":5,"25":5,"26":5,"27":2,"28":2,"29":2,"30":0,"31":3,"32":1,"33":0,"34":0,"35":1,"36":1,"37":3,"38":2,"39":6,"40":1,"41":39,"42":42,"43":0},"b":{"0":[0],"1":[1],"2":[1],"3":[41,0],"4":[0,41],"5":[41,0],"6":[0,68],"7":[0,68],"8":[0,68],"9":[0,0],"10":[0,68],"11":[0,48],"12":[0,48],"13":[0,48],"14":[0,0],"15":[0,48],"16":[78,0],"17":[78,0],"18":[56,0],"19":[56,0],"20":[44,2],"21":[12,1],"22":[12,1],"23":[3,0],"24":[3,0],"25":[9,0],"26":[9,9],"27":[0,0],"28":[7,2],"29":[9,0],"30":[10,0],"31":[10,10],"32":[10,0],"33":[10,10],"34":[10,10,10],"35":[5,0],"36":[0,5],"37":[5,5],"38":[10,10],"39":[0,5],"40":[1],"41":[16,1],"42":[15,1],"43":[16,0],"44":[17,0],"45":[17,17,17,17],"46":[6,0],"47":[6,6],"48":[0,6],"49":[1,0],"50":[1,1],"51":[1,0],"52":[1,1,1],"53":[0,0],"54":[0,0],"55":[2],"56":[21,0],"57":[21,0],"58":[7,48],"59":[55,55,55],"60":[5,2],"61":[7,5],"62":[5,0],"63":[5,0],"64":[5,0],"65":[2,5],"66":[2,2],"67":[2,2],"68":[2,1],"69":[1,0],"70":[1,1],"71":[1,0],"72":[1,0],"73":[2,1],"74":[3,3,3],"75":[6,0],"76":[6,6],"77":[1,0],"78":[4,0],"79":[4,4],"80":[0,0],"81":[0,0,0],"82":[0,0],"83":[0,0],"84":[4,0],"85":[4,0]},"_coverageSchema":"1a1c01bbd47fc00a2c39e90264f33305004495a9","hash":"8f7bab68f74b46faa8b72de7470525d4704d5c3d"}
}
