TN:
SF:static\js\battle\battle-actions-adapter.js
FN:21,calculateDamage
FN:29,(anonymous_1)
FN:87,executeSkillEffect
FNF:3
FNH:3
FNDA:9,calculateDamage
FNDA:1,(anonymous_1)
FNDA:9,executeSkillEffect
DA:7,4
DA:8,4
DA:9,4
DA:11,0
DA:23,9
DA:24,0
DA:28,9
DA:29,9
DA:30,9
DA:31,1
DA:33,1
DA:34,1
DA:40,8
DA:41,8
DA:43,8
DA:46,8
DA:47,8
DA:48,1
DA:49,1
DA:56,8
DA:57,2
DA:61,6
DA:62,6
DA:65,6
DA:66,6
DA:69,6
DA:71,6
DA:72,6
DA:73,2
DA:77,6
DA:89,9
DA:90,0
DA:94,9
DA:95,1
DA:99,8
DA:104,3
DA:107,3
DA:108,1
DA:111,2
DA:112,1
DA:116,1
DA:119,1
DA:120,1
DA:123,1
DA:127,5
DA:128,2
DA:131,2
DA:132,0
DA:136,2
DA:137,2
DA:138,2
DA:142,3
DA:143,1
DA:149,1
DA:150,0
DA:152,1
DA:153,1
DA:157,2
DA:158,1
DA:164,1
DA:165,0
DA:167,1
DA:168,1
DA:171,1
DA:175,4
DA:176,4
DA:180,4
DA:185,4
LF:68
LH:62
BRDA:21,0,0,9
BRDA:23,1,0,0
BRDA:23,1,1,9
BRDA:23,2,0,9
BRDA:23,2,1,9
BRDA:28,3,0,9
BRDA:28,3,1,0
BRDA:28,4,0,9
BRDA:28,4,1,9
BRDA:30,5,0,1
BRDA:30,5,1,8
BRDA:31,6,0,1
BRDA:31,6,1,0
BRDA:33,7,0,1
BRDA:33,7,1,0
BRDA:41,8,0,8
BRDA:41,8,1,0
BRDA:41,9,0,8
BRDA:41,9,1,8
BRDA:46,10,0,8
BRDA:46,10,1,0
BRDA:48,11,0,1
BRDA:48,11,1,0
BRDA:56,12,0,2
BRDA:56,12,1,6
BRDA:56,13,0,8
BRDA:56,13,1,8
BRDA:61,14,0,6
BRDA:61,14,1,0
BRDA:61,15,0,6
BRDA:61,15,1,0
BRDA:62,16,0,6
BRDA:62,16,1,0
BRDA:62,17,0,6
BRDA:62,17,1,0
BRDA:69,18,0,6
BRDA:69,18,1,0
BRDA:69,19,0,6
BRDA:69,19,1,6
BRDA:72,20,0,2
BRDA:72,20,1,4
BRDA:89,21,0,0
BRDA:89,21,1,9
BRDA:94,22,0,1
BRDA:94,22,1,8
BRDA:99,23,0,3
BRDA:99,23,1,5
BRDA:107,24,0,1
BRDA:107,24,1,2
BRDA:111,25,0,1
BRDA:111,25,1,1
BRDA:119,26,0,1
BRDA:119,26,1,0
BRDA:119,27,0,1
BRDA:119,27,1,1
BRDA:127,28,0,2
BRDA:127,28,1,3
BRDA:131,29,0,0
BRDA:131,29,1,2
BRDA:131,30,0,2
BRDA:131,30,1,2
BRDA:131,30,2,2
BRDA:131,30,3,2
BRDA:142,31,0,1
BRDA:142,31,1,2
BRDA:149,32,0,0
BRDA:149,32,1,1
BRDA:157,33,0,1
BRDA:157,33,1,1
BRDA:164,34,0,0
BRDA:164,34,1,1
BRDA:175,35,0,4
BRDA:175,35,1,0
BRF:73
BRH:55
end_of_record
TN:
SF:static\js\battle\battle-cards-adapter.js
FN:17,(anonymous_0)
FN:47,(anonymous_1)
FN:62,(anonymous_2)
FN:78,(anonymous_3)
FN:97,(anonymous_4)
FN:112,(anonymous_5)
FN:130,(anonymous_6)
FN:145,(anonymous_7)
FN:155,(anonymous_8)
FN:169,(anonymous_9)
FN:182,(anonymous_10)
FNF:11
FNH:11
FNDA:55,(anonymous_0)
FNDA:17,(anonymous_1)
FNDA:5,(anonymous_2)
FNDA:10,(anonymous_3)
FNDA:6,(anonymous_4)
FNDA:7,(anonymous_5)
FNDA:3,(anonymous_6)
FNDA:12,(anonymous_7)
FNDA:12,(anonymous_8)
FNDA:8,(anonymous_9)
FNDA:4,(anonymous_10)
DA:9,5
DA:18,55
DA:21,54
DA:48,17
DA:50,16
DA:51,16
DA:53,16
DA:63,5
DA:65,5
DA:66,5
DA:67,5
DA:69,5
DA:79,10
DA:82,10
DA:83,2
DA:87,8
DA:88,8
DA:98,6
DA:100,6
DA:101,6
DA:102,6
DA:104,6
DA:113,7
DA:116,7
DA:117,0
DA:121,7
DA:131,3
DA:132,1
DA:136,2
DA:137,2
DA:146,12
DA:156,12
DA:157,2
DA:160,10
DA:170,8
DA:171,8
DA:173,7
DA:183,4
DA:184,2
DA:187,2
DA:190,2
DA:193,2
DA:198,5
LF:43
LH:42
BRDA:18,0,0,1
BRDA:18,0,1,54
BRDA:34,1,0,54
BRDA:34,1,1,0
BRDA:48,2,0,1
BRDA:48,2,1,16
BRDA:48,3,0,17
BRDA:48,3,1,17
BRDA:63,4,0,0
BRDA:63,4,1,5
BRDA:63,5,0,5
BRDA:63,5,1,5
BRDA:79,6,0,0
BRDA:79,6,1,10
BRDA:79,7,0,10
BRDA:79,7,1,10
BRDA:82,8,0,2
BRDA:82,8,1,8
BRDA:98,9,0,0
BRDA:98,9,1,6
BRDA:98,10,0,6
BRDA:98,10,1,6
BRDA:113,11,0,0
BRDA:113,11,1,7
BRDA:113,12,0,7
BRDA:113,12,1,7
BRDA:116,13,0,0
BRDA:116,13,1,7
BRDA:131,14,0,1
BRDA:131,14,1,2
BRDA:131,15,0,3
BRDA:131,15,1,3
BRDA:131,15,2,3
BRDA:131,15,3,3
BRDA:146,16,0,12
BRDA:146,16,1,12
BRDA:156,17,0,2
BRDA:156,17,1,10
BRDA:156,18,0,12
BRDA:156,18,1,12
BRDA:156,18,2,12
BRDA:156,18,3,12
BRDA:171,19,0,1
BRDA:171,19,1,7
BRDA:183,20,0,2
BRDA:183,20,1,2
BRF:46
BRH:40
end_of_record
TN:
SF:static\js\battle\battle-main-adapter.js
FN:31,(anonymous_0)
FN:53,(anonymous_1)
FN:90,(anonymous_2)
FN:133,(anonymous_3)
FN:167,(anonymous_4)
FN:173,(anonymous_5)
FN:174,(anonymous_6)
FN:185,(anonymous_7)
FN:218,(anonymous_8)
FN:231,(anonymous_9)
FN:265,(anonymous_10)
FN:277,(anonymous_11)
FN:285,(anonymous_12)
FN:301,(anonymous_13)
FN:313,(anonymous_14)
FN:350,(anonymous_15)
FN:363,(anonymous_16)
FN:372,(anonymous_17)
FNF:18
FNH:10
FNDA:13,(anonymous_0)
FNDA:3,(anonymous_1)
FNDA:1,(anonymous_2)
FNDA:1,(anonymous_3)
FNDA:0,(anonymous_4)
FNDA:0,(anonymous_5)
FNDA:0,(anonymous_6)
FNDA:0,(anonymous_7)
FNDA:4,(anonymous_8)
FNDA:1,(anonymous_9)
FNDA:7,(anonymous_10)
FNDA:2,(anonymous_11)
FNDA:2,(anonymous_12)
FNDA:13,(anonymous_13)
FNDA:0,(anonymous_14)
FNDA:0,(anonymous_15)
FNDA:0,(anonymous_16)
FNDA:0,(anonymous_17)
DA:7,1
DA:8,1
DA:9,1
DA:15,1
DA:32,13
DA:33,13
DA:34,13
DA:35,13
DA:36,13
DA:37,13
DA:39,13
DA:54,3
DA:55,0
DA:59,3
DA:62,3
DA:63,3
DA:66,3
DA:69,3
DA:72,3
DA:73,3
DA:75,3
DA:91,1
DA:92,0
DA:96,1
DA:97,1
DA:98,0
DA:102,1
DA:103,0
DA:107,1
DA:110,1
DA:111,1
DA:114,1
DA:117,1
DA:120,1
DA:121,1
DA:122,0
DA:123,0
DA:126,1
DA:134,1
DA:135,0
DA:139,1
DA:142,1
DA:145,1
DA:148,1
DA:156,1
DA:157,1
DA:160,1
DA:168,0
DA:169,0
DA:172,0
DA:173,0
DA:174,0
DA:177,0
DA:178,0
DA:179,0
DA:183,0
DA:185,0
DA:187,0
DA:189,0
DA:192,0
DA:193,0
DA:196,0
DA:197,0
DA:200,0
DA:201,0
DA:209,0
DA:211,0
DA:219,4
DA:220,0
DA:223,4
DA:232,1
DA:233,0
DA:237,1
DA:240,1
DA:243,1
DA:246,1
DA:248,1
DA:266,7
DA:278,2
DA:286,2
DA:302,13
DA:303,13
DA:304,13
DA:305,13
DA:306,13
DA:307,13
DA:312,1
DA:315,0
DA:317,0
DA:318,0
DA:319,0
DA:322,0
DA:323,0
DA:324,0
DA:328,0
DA:329,0
DA:330,0
DA:334,0
DA:335,0
DA:338,0
DA:352,0
DA:353,0
DA:354,0
DA:357,0
DA:360,0
DA:365,0
DA:366,0
DA:369,0
DA:373,0
DA:375,0
DA:376,0
DA:378,0
DA:385,0
DA:386,0
DA:389,0
DA:390,0
DA:394,0
DA:399,1
LF:118
LH:59
BRDA:54,0,0,0
BRDA:54,0,1,3
BRDA:54,1,0,3
BRDA:54,1,1,3
BRDA:54,1,2,3
BRDA:79,2,0,2
BRDA:79,2,1,1
BRDA:91,3,0,0
BRDA:91,3,1,1
BRDA:96,4,0,1
BRDA:96,4,1,0
BRDA:97,5,0,0
BRDA:97,5,1,1
BRDA:97,6,0,1
BRDA:97,6,1,1
BRDA:97,6,2,1
BRDA:97,6,3,0
BRDA:102,7,0,0
BRDA:102,7,1,1
BRDA:121,8,0,0
BRDA:121,8,1,1
BRDA:134,9,0,0
BRDA:134,9,1,1
BRDA:156,10,0,1
BRDA:156,10,1,0
BRDA:168,11,0,0
BRDA:168,11,1,0
BRDA:168,12,0,0
BRDA:168,12,1,0
BRDA:178,13,0,0
BRDA:178,13,1,0
BRDA:183,14,0,0
BRDA:183,14,1,0
BRDA:183,15,0,0
BRDA:183,15,1,0
BRDA:187,16,0,0
BRDA:187,16,1,0
BRDA:192,17,0,0
BRDA:192,17,1,0
BRDA:200,18,0,0
BRDA:200,18,1,0
BRDA:200,19,0,0
BRDA:200,19,1,0
BRDA:219,20,0,0
BRDA:219,20,1,4
BRDA:232,21,0,0
BRDA:232,21,1,1
BRDA:288,22,0,2
BRDA:288,22,1,0
BRDA:289,23,0,2
BRDA:289,23,1,0
BRDA:290,24,0,2
BRDA:290,24,1,0
BRDA:291,25,0,2
BRDA:291,25,1,0
BRDA:322,26,0,0
BRDA:322,26,1,0
BRDA:328,27,0,0
BRDA:328,27,1,0
BRDA:334,28,0,0
BRDA:334,28,1,0
BRDA:334,29,0,0
BRDA:334,29,1,0
BRDA:353,30,0,0
BRDA:353,30,1,0
BRDA:354,31,0,0
BRDA:354,31,1,0
BRDA:366,32,0,0
BRDA:366,32,1,0
BRDA:375,33,0,0
BRDA:375,33,1,0
BRDA:375,34,0,0
BRDA:375,34,1,0
BRDA:385,35,0,0
BRDA:385,35,1,0
BRF:75
BRH:22
end_of_record
TN:
SF:static\js\battle\battle-state-adapter.js
FN:23,(anonymous_0)
FN:41,(anonymous_1)
FN:49,(anonymous_2)
FN:68,(anonymous_3)
FN:107,(anonymous_4)
FN:128,(anonymous_5)
FN:129,(anonymous_6)
FN:142,(anonymous_7)
FN:150,(anonymous_8)
FN:151,(anonymous_9)
FN:173,(anonymous_10)
FN:191,(anonymous_11)
FN:203,(anonymous_12)
FN:210,(anonymous_13)
FN:216,(anonymous_14)
FN:234,(anonymous_15)
FN:248,(anonymous_16)
FNF:17
FNH:16
FNDA:38,(anonymous_0)
FNDA:70,(anonymous_1)
FNDA:55,(anonymous_2)
FNDA:6,(anonymous_3)
FNDA:9,(anonymous_4)
FNDA:8,(anonymous_5)
FNDA:8,(anonymous_6)
FNDA:6,(anonymous_7)
FNDA:7,(anonymous_8)
FNDA:7,(anonymous_9)
FNDA:8,(anonymous_10)
FNDA:5,(anonymous_11)
FNDA:10,(anonymous_12)
FNDA:7,(anonymous_13)
FNDA:2,(anonymous_14)
FNDA:3,(anonymous_15)
FNDA:0,(anonymous_16)
DA:10,7
DA:24,38
DA:26,38
DA:29,0
DA:30,0
DA:31,0
DA:32,0
DA:33,0
DA:34,0
DA:36,0
DA:38,38
DA:41,70
DA:49,55
DA:57,38
DA:58,38
DA:59,38
DA:60,38
DA:61,38
DA:63,38
DA:69,6
DA:71,6
DA:74,2
DA:75,2
DA:76,2
DA:77,2
DA:79,2
DA:81,4
DA:84,4
DA:87,4
DA:88,4
DA:90,4
DA:91,3
DA:92,3
DA:94,3
DA:96,1
DA:97,1
DA:99,1
DA:102,4
DA:108,9
DA:110,9
DA:112,7
DA:116,7
DA:117,0
DA:121,7
DA:122,5
DA:124,0
DA:128,8
DA:129,8
DA:132,7
DA:133,5
DA:137,2
DA:143,6
DA:145,6
DA:147,6
DA:150,7
DA:151,7
DA:155,6
DA:156,2
DA:159,4
DA:160,2
DA:163,2
DA:164,1
DA:168,1
DA:174,8
DA:176,8
DA:179,0
DA:181,8
DA:184,8
DA:185,6
DA:192,5
DA:194,5
DA:196,5
DA:199,5
DA:203,10
DA:206,5
DA:207,1
DA:210,7
DA:211,4
DA:217,2
DA:219,2
DA:222,0
DA:223,0
DA:225,2
DA:228,2
DA:229,2
DA:235,3
DA:237,3
DA:239,3
DA:242,3
DA:243,3
DA:249,0
DA:251,0
DA:253,0
DA:256,0
DA:276,7
LF:95
LH:79
BRDA:45,0,0,70
BRDA:45,0,1,1
BRDA:53,1,0,55
BRDA:53,1,1,1
BRDA:87,2,0,4
BRDA:87,2,1,0
BRDA:88,3,0,4
BRDA:88,3,1,3
BRDA:90,4,0,3
BRDA:90,4,1,1
BRDA:116,5,0,0
BRDA:116,5,1,7
BRDA:116,6,0,7
BRDA:116,6,1,7
BRDA:121,7,0,5
BRDA:121,7,1,2
BRDA:121,8,0,7
BRDA:121,8,1,6
BRDA:122,9,0,0
BRDA:122,9,1,5
BRDA:122,10,0,5
BRDA:122,10,1,5
BRDA:132,11,0,5
BRDA:132,11,1,2
BRDA:132,12,0,7
BRDA:132,12,1,4
BRDA:155,13,0,2
BRDA:155,13,1,4
BRDA:155,14,0,6
BRDA:155,14,1,3
BRDA:159,15,0,2
BRDA:159,15,1,2
BRDA:159,16,0,4
BRDA:159,16,1,3
BRDA:163,17,0,1
BRDA:163,17,1,1
BRDA:163,18,0,2
BRDA:163,18,1,1
BRDA:184,19,0,6
BRDA:184,19,1,2
BRDA:184,20,0,8
BRDA:184,20,1,7
BRDA:199,21,0,4
BRDA:199,21,1,1
BRDA:206,22,0,1
BRDA:206,22,1,4
BRDA:266,23,0,0
BRDA:266,23,1,0
BRF:48
BRH:43
end_of_record
TN:
SF:static\js\battle\battle-system-adapter.js
FN:31,(anonymous_0)
FN:45,(anonymous_1)
FN:52,(anonymous_2)
FN:69,(anonymous_3)
FN:87,(anonymous_4)
FN:105,(anonymous_5)
FN:140,(anonymous_6)
FN:184,(anonymous_7)
FN:212,(anonymous_8)
FN:216,(anonymous_9)
FN:245,(anonymous_10)
FN:248,(anonymous_11)
FN:249,(anonymous_12)
FN:269,(anonymous_13)
FN:270,(anonymous_14)
FN:271,(anonymous_15)
FN:288,(anonymous_16)
FN:302,(anonymous_17)
FN:310,(anonymous_18)
FN:320,(anonymous_19)
FN:333,(anonymous_20)
FN:341,(anonymous_21)
FNF:22
FNH:18
FNDA:12,(anonymous_0)
FNDA:12,(anonymous_1)
FNDA:12,(anonymous_2)
FNDA:10,(anonymous_3)
FNDA:2,(anonymous_4)
FNDA:1,(anonymous_5)
FNDA:4,(anonymous_6)
FNDA:1,(anonymous_7)
FNDA:2,(anonymous_8)
FNDA:1,(anonymous_9)
FNDA:4,(anonymous_10)
FNDA:4,(anonymous_11)
FNDA:4,(anonymous_12)
FNDA:0,(anonymous_13)
FNDA:0,(anonymous_14)
FNDA:0,(anonymous_15)
FNDA:23,(anonymous_16)
FNDA:1,(anonymous_17)
FNDA:6,(anonymous_18)
FNDA:0,(anonymous_19)
FNDA:6,(anonymous_20)
FNDA:4,(anonymous_21)
DA:6,1
DA:7,1
DA:12,1
DA:33,12
DA:44,12
DA:45,12
DA:46,12
DA:51,12
DA:52,12
DA:53,12
DA:58,12
DA:63,12
DA:70,10
DA:72,10
DA:73,10
DA:74,10
DA:77,10
DA:79,10
DA:80,10
DA:88,2
DA:90,2
DA:91,2
DA:92,2
DA:94,2
DA:95,2
DA:106,1
DA:109,1
DA:110,1
DA:111,0
DA:112,0
DA:116,1
DA:117,1
DA:118,0
DA:119,0
DA:123,1
DA:125,1
DA:128,1
DA:130,1
DA:141,4
DA:143,4
DA:150,4
DA:152,3
DA:153,3
DA:154,3
DA:157,3
DA:158,3
DA:160,3
DA:161,3
DA:165,4
DA:166,1
DA:167,1
DA:168,1
DA:172,4
DA:173,1
DA:174,1
DA:175,1
DA:178,4
DA:185,1
DA:188,1
DA:189,1
DA:190,1
DA:194,1
DA:197,1
DA:199,1
DA:200,1
DA:203,1
DA:205,1
DA:213,2
DA:216,2
DA:217,1
DA:218,1
DA:219,1
DA:223,1
DA:224,1
DA:227,1
DA:228,0
DA:229,0
DA:235,2
DA:236,2
DA:237,1
DA:246,4
DA:248,4
DA:249,4
DA:251,4
DA:252,0
DA:253,0
DA:254,4
DA:255,1
DA:256,1
DA:257,3
DA:258,1
DA:259,1
DA:262,2
DA:270,0
DA:271,0
DA:273,0
DA:274,0
DA:275,0
DA:276,0
DA:277,0
DA:278,0
DA:281,0
DA:289,23
DA:291,23
DA:303,1
DA:311,6
DA:321,0
DA:322,0
DA:323,0
DA:324,0
DA:326,0
DA:334,6
DA:342,4
DA:347,1
LF:114
LH:92
BRDA:44,0,0,12
BRDA:44,0,1,0
BRDA:51,1,0,12
BRDA:51,1,1,0
BRDA:70,2,0,0
BRDA:70,2,1,10
BRDA:88,3,0,0
BRDA:88,3,1,2
BRDA:92,4,0,2
BRDA:92,4,1,0
BRDA:106,5,0,0
BRDA:106,5,1,1
BRDA:106,6,0,1
BRDA:106,6,1,1
BRDA:106,6,2,1
BRDA:110,7,0,0
BRDA:110,7,1,1
BRDA:117,8,0,0
BRDA:117,8,1,1
BRDA:141,9,0,0
BRDA:141,9,1,4
BRDA:150,10,0,3
BRDA:150,10,1,1
BRDA:153,11,0,3
BRDA:153,11,1,1
BRDA:165,12,0,1
BRDA:165,12,1,3
BRDA:172,13,0,1
BRDA:172,13,1,3
BRDA:185,14,0,0
BRDA:185,14,1,1
BRDA:189,15,0,1
BRDA:189,15,1,0
BRDA:213,16,0,0
BRDA:213,16,1,2
BRDA:213,17,0,2
BRDA:213,17,1,2
BRDA:217,18,0,1
BRDA:217,18,1,0
BRDA:223,19,0,1
BRDA:223,19,1,0
BRDA:227,20,0,0
BRDA:227,20,1,1
BRDA:236,21,0,1
BRDA:236,21,1,1
BRDA:246,22,0,0
BRDA:246,22,1,4
BRDA:251,23,0,0
BRDA:251,23,1,4
BRDA:251,24,0,4
BRDA:251,24,1,1
BRDA:254,25,0,1
BRDA:254,25,1,3
BRDA:257,26,0,1
BRDA:257,26,1,2
BRDA:273,27,0,0
BRDA:273,27,1,0
BRDA:273,28,0,0
BRDA:273,28,1,0
BRDA:275,29,0,0
BRDA:275,29,1,0
BRDA:277,30,0,0
BRDA:277,30,1,0
BRDA:289,31,0,0
BRDA:289,31,1,23
BRDA:321,32,0,0
BRDA:321,32,1,0
BRDA:322,33,0,0
BRDA:322,33,1,0
BRDA:323,34,0,0
BRDA:323,34,1,0
BRDA:324,35,0,0
BRDA:324,35,1,0
BRF:73
BRH:39
end_of_record
TN:
SF:static\js\battle\battle-ui-adapter.js
FN:38,(anonymous_0)
FN:63,(anonymous_1)
FN:72,(anonymous_2)
FN:80,(anonymous_3)
FN:100,(anonymous_4)
FN:105,(anonymous_5)
FN:110,(anonymous_6)
FN:116,(anonymous_7)
FN:119,(anonymous_8)
FN:153,(anonymous_9)
FN:171,(anonymous_10)
FN:190,(anonymous_11)
FN:192,(anonymous_12)
FN:197,(anonymous_13)
FN:228,(anonymous_14)
FN:236,(anonymous_15)
FN:241,(anonymous_16)
FN:264,(anonymous_17)
FN:277,(anonymous_18)
FN:278,(anonymous_19)
FN:287,(anonymous_20)
FN:290,(anonymous_21)
FN:299,(anonymous_22)
FN:306,(anonymous_23)
FN:320,(anonymous_24)
FN:335,(anonymous_25)
FN:340,(anonymous_26)
FN:343,(anonymous_27)
FN:346,(anonymous_28)
FN:350,(anonymous_29)
FN:360,(anonymous_30)
FN:391,(anonymous_31)
FN:393,(anonymous_32)
FN:408,(anonymous_33)
FN:427,(anonymous_34)
FN:444,(anonymous_35)
FN:461,(anonymous_36)
FNF:37
FNH:29
FNDA:16,(anonymous_0)
FNDA:3,(anonymous_1)
FNDA:6,(anonymous_2)
FNDA:3,(anonymous_3)
FNDA:16,(anonymous_4)
FNDA:15,(anonymous_5)
FNDA:7,(anonymous_6)
FNDA:10,(anonymous_7)
FNDA:0,(anonymous_8)
FNDA:3,(anonymous_9)
FNDA:2,(anonymous_10)
FNDA:2,(anonymous_11)
FNDA:0,(anonymous_12)
FNDA:0,(anonymous_13)
FNDA:0,(anonymous_14)
FNDA:2,(anonymous_15)
FNDA:0,(anonymous_16)
FNDA:1,(anonymous_17)
FNDA:1,(anonymous_18)
FNDA:0,(anonymous_19)
FNDA:3,(anonymous_20)
FNDA:1,(anonymous_21)
FNDA:0,(anonymous_22)
FNDA:0,(anonymous_23)
FNDA:1,(anonymous_24)
FNDA:4,(anonymous_25)
FNDA:4,(anonymous_26)
FNDA:7,(anonymous_27)
FNDA:2,(anonymous_28)
FNDA:4,(anonymous_29)
FNDA:1,(anonymous_30)
FNDA:2,(anonymous_31)
FNDA:3,(anonymous_32)
FNDA:2,(anonymous_33)
FNDA:3,(anonymous_34)
FNDA:2,(anonymous_35)
FNDA:1,(anonymous_36)
DA:7,2
DA:8,2
DA:9,2
DA:15,2
DA:40,16
DA:41,16
DA:42,16
DA:43,16
DA:44,16
DA:45,16
DA:46,16
DA:47,16
DA:48,16
DA:49,16
DA:52,16
DA:53,16
DA:54,16
DA:55,16
DA:56,16
DA:65,3
DA:66,3
DA:67,3
DA:68,3
DA:69,3
DA:72,3
DA:73,6
DA:74,6
DA:75,6
DA:76,6
DA:80,3
DA:81,3
DA:82,3
DA:83,3
DA:84,3
DA:87,3
DA:101,16
DA:106,15
DA:107,15
DA:111,7
DA:112,7
DA:113,3
DA:117,10
DA:120,0
DA:134,16
DA:135,1
DA:139,16
DA:141,7
DA:142,9
DA:143,1
DA:146,16
DA:154,3
DA:156,3
DA:158,3
DA:160,3
DA:161,3
DA:163,3
DA:172,2
DA:173,2
DA:175,2
DA:180,2
DA:182,2
DA:192,2
DA:193,0
DA:197,2
DA:198,0
DA:202,2
DA:204,2
DA:205,0
DA:209,2
DA:210,2
DA:213,2
DA:222,2
DA:225,2
DA:228,0
DA:232,2
DA:235,2
DA:236,2
DA:237,2
DA:241,0
DA:250,2
DA:254,2
DA:266,1
DA:273,1
DA:276,1
DA:277,1
DA:278,0
DA:280,1
DA:289,3
DA:290,3
DA:291,1
DA:295,3
DA:297,3
DA:299,2
DA:300,0
DA:305,2
DA:306,2
DA:307,0
DA:311,2
DA:312,2
DA:313,2
DA:314,2
DA:320,1
DA:321,1
DA:325,1
DA:326,1
DA:327,2
DA:328,2
DA:329,2
DA:335,3
DA:336,4
DA:340,3
DA:342,4
DA:343,7
DA:344,4
DA:346,2
DA:347,2
DA:349,0
DA:350,4
DA:352,3
DA:362,1
DA:363,0
DA:369,1
DA:372,1
DA:380,1
DA:383,1
DA:385,1
DA:393,2
DA:394,3
DA:395,3
DA:396,3
DA:399,2
DA:400,2
DA:409,2
DA:415,2
DA:416,2
DA:418,2
DA:428,3
DA:429,3
DA:431,3
DA:436,3
DA:445,2
DA:447,2
DA:452,2
DA:454,2
DA:462,1
DA:463,1
DA:464,1
DA:465,1
DA:467,1
DA:476,2
LF:150
LH:139
BRDA:106,0,0,15
BRDA:106,0,1,0
BRDA:112,1,0,3
BRDA:112,1,1,4
BRDA:124,2,0,16
BRDA:124,2,1,0
BRDA:134,3,0,1
BRDA:134,3,1,15
BRDA:139,4,0,7
BRDA:139,4,1,9
BRDA:139,5,0,16
BRDA:139,5,1,15
BRDA:139,5,2,10
BRDA:139,5,3,8
BRDA:142,6,0,1
BRDA:142,6,1,8
BRDA:154,7,0,2
BRDA:154,7,1,1
BRDA:158,8,0,0
BRDA:158,8,1,3
BRDA:204,9,0,0
BRDA:204,9,1,2
BRDA:218,10,0,2
BRDA:218,10,1,0
BRDA:235,11,0,2
BRDA:235,11,1,0
BRDA:238,12,0,1
BRDA:238,12,1,1
BRDA:240,13,0,1
BRDA:240,13,1,1
BRDA:264,14,0,0
BRDA:276,15,0,1
BRDA:276,15,1,0
BRDA:297,16,0,2
BRDA:297,16,1,1
BRDA:300,17,0,0
BRDA:300,17,1,0
BRDA:305,18,0,2
BRDA:305,18,1,0
BRDA:305,19,0,2
BRDA:305,19,1,2
BRDA:311,20,0,2
BRDA:311,20,1,0
BRDA:325,21,0,1
BRDA:325,21,1,0
BRDA:325,22,0,1
BRDA:325,22,1,1
BRDA:344,23,0,2
BRDA:344,23,1,2
BRDA:347,24,0,2
BRDA:347,24,1,0
BRDA:362,25,0,0
BRDA:362,25,1,1
BRDA:427,26,0,0
BRDA:445,27,0,1
BRDA:445,27,1,1
BRDA:448,28,0,1
BRDA:448,28,1,1
BRDA:452,29,0,1
BRDA:452,29,1,1
BRF:60
BRH:44
end_of_record
TN:
SF:static\js\battle\card-effects-adapter.js
FN:19,(anonymous_0)
FN:72,(anonymous_1)
FN:95,(anonymous_2)
FN:108,(anonymous_3)
FN:115,(anonymous_4)
FN:128,(anonymous_5)
FN:135,(anonymous_6)
FN:151,(anonymous_7)
FN:164,(anonymous_8)
FN:169,(anonymous_9)
FN:176,(anonymous_10)
FN:194,(anonymous_11)
FN:205,(anonymous_12)
FN:216,(anonymous_13)
FN:231,(anonymous_14)
FN:243,(anonymous_15)
FNF:16
FNH:16
FNDA:9,(anonymous_0)
FNDA:2,(anonymous_1)
FNDA:3,(anonymous_2)
FNDA:4,(anonymous_3)
FNDA:5,(anonymous_4)
FNDA:3,(anonymous_5)
FNDA:4,(anonymous_6)
FNDA:3,(anonymous_7)
FNDA:5,(anonymous_8)
FNDA:5,(anonymous_9)
FNDA:5,(anonymous_10)
FNDA:5,(anonymous_11)
FNDA:2,(anonymous_12)
FNDA:2,(anonymous_13)
FNDA:6,(anonymous_14)
FNDA:9,(anonymous_15)
DA:7,1
DA:9,1
DA:12,1
DA:13,1
DA:17,1
DA:20,9
DA:22,9
DA:24,9
DA:27,9
DA:28,1
DA:32,8
DA:33,0
DA:37,8
DA:45,8
DA:48,4
DA:49,4
DA:52,1
DA:53,1
DA:55,1
DA:56,1
DA:57,1
DA:59,1
DA:60,1
DA:61,1
DA:67,1
DA:68,1
DA:72,8
DA:74,8
DA:76,2
DA:77,2
DA:80,2
DA:81,2
DA:82,1
DA:87,6
DA:90,8
DA:96,3
DA:98,3
DA:100,3
DA:103,3
DA:104,1
DA:107,2
DA:108,4
DA:110,2
DA:116,5
DA:118,5
DA:120,5
DA:123,5
DA:124,1
DA:128,4
DA:129,4
DA:130,2
DA:131,2
DA:135,4
DA:136,4
DA:137,2
DA:138,2
DA:142,4
DA:143,4
DA:146,4
DA:152,3
DA:154,3
DA:156,3
DA:159,3
DA:160,1
DA:164,2
DA:165,5
DA:169,5
DA:171,2
DA:177,5
DA:179,5
DA:181,5
DA:184,5
DA:185,1
DA:188,4
DA:191,4
DA:194,2
DA:195,5
DA:196,3
DA:197,2
DA:198,0
DA:201,2
DA:205,1
DA:206,2
DA:207,0
DA:208,2
DA:209,1
DA:212,1
DA:216,1
DA:217,2
DA:218,0
DA:219,2
DA:220,0
DA:223,1
DA:226,4
DA:232,6
DA:234,6
DA:236,6
DA:239,6
DA:240,1
DA:243,9
DA:249,1
DA:250,1
LF:102
LH:97
BRDA:19,0,0,1
BRDA:19,1,0,1
BRDA:27,2,0,1
BRDA:27,2,1,8
BRDA:27,3,0,9
BRDA:27,3,1,8
BRDA:32,4,0,0
BRDA:32,4,1,8
BRDA:40,5,0,0
BRDA:40,5,1,8
BRDA:45,6,0,4
BRDA:45,6,1,4
BRDA:45,6,2,0
BRDA:45,6,3,1
BRDA:45,6,4,1
BRDA:45,6,5,1
BRDA:45,6,6,1
BRDA:45,6,7,1
BRDA:45,6,8,1
BRDA:45,6,9,1
BRDA:45,6,10,1
BRDA:56,7,0,0
BRDA:56,7,1,1
BRDA:60,8,0,0
BRDA:60,8,1,1
BRDA:74,9,0,2
BRDA:74,9,1,6
BRDA:80,10,0,2
BRDA:80,10,1,0
BRDA:81,11,0,1
BRDA:81,11,1,1
BRDA:103,12,0,1
BRDA:103,12,1,2
BRDA:103,13,0,3
BRDA:103,13,1,2
BRDA:103,13,2,2
BRDA:123,14,0,1
BRDA:123,14,1,4
BRDA:123,15,0,5
BRDA:123,15,1,4
BRDA:129,16,0,2
BRDA:129,16,1,2
BRDA:131,17,0,0
BRDA:131,17,1,2
BRDA:136,18,0,2
BRDA:136,18,1,2
BRDA:138,19,0,0
BRDA:138,19,1,2
BRDA:142,20,0,4
BRDA:142,20,1,0
BRDA:143,21,0,4
BRDA:143,21,1,0
BRDA:159,22,0,1
BRDA:159,22,1,2
BRDA:159,23,0,3
BRDA:159,23,1,2
BRDA:184,24,0,1
BRDA:184,24,1,4
BRDA:184,25,0,5
BRDA:184,25,1,4
BRDA:191,26,0,2
BRDA:191,26,1,1
BRDA:191,26,2,1
BRDA:195,27,0,3
BRDA:195,27,1,2
BRDA:197,28,0,0
BRDA:197,28,1,2
BRDA:206,29,0,0
BRDA:206,29,1,2
BRDA:208,30,0,1
BRDA:208,30,1,1
BRDA:217,31,0,0
BRDA:217,31,1,2
BRDA:219,32,0,0
BRDA:219,32,1,2
BRDA:239,33,0,1
BRDA:239,33,1,5
BRDA:239,34,0,6
BRDA:239,34,1,5
BRDA:249,35,0,1
BRDA:249,35,1,0
BRDA:249,36,0,1
BRDA:249,36,1,1
BRF:83
BRH:68
end_of_record
TN:
SF:static\js\battle\element-system-adapter.js
FN:62,isElementStrong
FN:73,isElementWeak
FN:85,calculateElementalModifier
FN:112,getElementRelation
FN:131,calculateElementalDamage
FNF:5
FNH:5
FNDA:45,isElementStrong
FNDA:42,isElementWeak
FNDA:21,calculateElementalModifier
FNDA:11,getElementRelation
FNDA:16,calculateElementalDamage
DA:9,2
DA:20,2
DA:52,2
DA:53,2
DA:54,2
DA:63,45
DA:64,45
DA:74,42
DA:75,42
DA:86,21
DA:89,21
DA:90,10
DA:94,21
DA:95,10
DA:99,21
DA:100,12
DA:103,21
DA:113,11
DA:114,3
DA:115,8
DA:116,1
DA:118,7
DA:133,16
DA:136,16
DA:139,16
DA:142,16
DA:146,2
LF:27
LH:27
BRDA:63,0,0,0
BRDA:63,0,1,45
BRDA:74,1,0,0
BRDA:74,1,1,42
BRDA:85,2,0,3
BRDA:89,3,0,10
BRDA:89,3,1,11
BRDA:94,4,0,10
BRDA:94,4,1,11
BRDA:99,5,0,12
BRDA:99,5,1,9
BRDA:99,6,0,21
BRDA:99,6,1,12
BRDA:113,7,0,3
BRDA:113,7,1,8
BRDA:115,8,0,1
BRDA:115,8,1,7
BRDA:131,9,0,3
BRDA:131,10,0,12
BRF:19
BRH:17
end_of_record
TN:
SF:static\js\battle\skill-effects-adapter.js
FN:51,calculateDamageSkill
FN:79,(anonymous_1)
FN:102,calculateHealSkill
FN:131,applyStatusEffect
FN:150,(anonymous_4)
FN:226,applyAOESkill
FN:263,updateStatusEffects
FN:301,applyPersistentEffects
FN:350,getAttributeWithEffects
FN:401,canAct
FN:407,(anonymous_10)
FN:417,createSkill
FNF:12
FNH:11
FNDA:7,calculateDamageSkill
FNDA:0,(anonymous_1)
FNDA:4,calculateHealSkill
FNDA:19,applyStatusEffect
FNDA:5,(anonymous_4)
FNDA:2,applyAOESkill
FNDA:2,updateStatusEffects
FNDA:3,applyPersistentEffects
FNDA:2,getAttributeWithEffects
FNDA:2,canAct
FNDA:2,(anonymous_10)
FNDA:122,createSkill
DA:9,1
DA:12,1
DA:22,1
DA:37,1
DA:53,7
DA:56,7
DA:59,7
DA:67,7
DA:70,7
DA:71,7
DA:72,1
DA:73,1
DA:74,1
DA:78,7
DA:79,7
DA:81,0
DA:82,0
DA:83,0
DA:87,7
DA:104,4
DA:107,4
DA:110,4
DA:111,4
DA:115,4
DA:116,4
DA:118,4
DA:132,19
DA:133,0
DA:137,19
DA:145,19
DA:146,0
DA:150,19
DA:152,19
DA:154,5
DA:156,5
DA:158,4
DA:159,4
DA:165,1
DA:169,14
DA:173,19
DA:174,19
DA:176,8
DA:177,8
DA:179,0
DA:180,0
DA:182,0
DA:183,0
DA:185,3
DA:186,3
DA:188,2
DA:189,2
DA:191,0
DA:192,0
DA:194,1
DA:195,1
DA:197,2
DA:198,2
DA:200,3
DA:201,3
DA:203,0
DA:204,0
DA:206,0
DA:207,0
DA:209,0
DA:212,19
DA:227,2
DA:228,0
DA:231,2
DA:234,2
DA:237,2
DA:238,6
DA:241,6
DA:243,3
DA:244,3
DA:245,3
DA:246,3
DA:247,3
DA:248,3
DA:252,2
DA:264,2
DA:265,0
DA:268,2
DA:269,2
DA:272,2
DA:273,2
DA:276,2
DA:278,2
DA:280,1
DA:283,1
DA:288,2
DA:290,2
DA:302,3
DA:303,0
DA:306,3
DA:309,3
DA:310,3
DA:313,3
DA:315,1
DA:316,1
DA:318,1
DA:323,2
DA:325,2
DA:326,2
DA:327,2
DA:329,2
DA:330,1
DA:332,1
DA:341,3
DA:351,2
DA:352,0
DA:355,2
DA:356,2
DA:359,2
DA:360,0
DA:364,2
DA:365,2
DA:367,2
DA:369,2
DA:370,2
DA:371,0
DA:372,0
DA:374,2
DA:376,0
DA:377,0
DA:378,0
DA:379,0
DA:381,0
DA:383,0
DA:384,0
DA:385,0
DA:386,0
DA:388,0
DA:393,2
DA:402,2
DA:403,0
DA:407,2
DA:418,122
DA:434,1
LF:138
LH:104
BRDA:53,0,0,7
BRDA:53,0,1,0
BRDA:71,1,0,1
BRDA:71,1,1,6
BRDA:71,2,0,7
BRDA:71,2,1,6
BRDA:72,3,0,1
BRDA:72,3,1,0
BRDA:79,4,0,0
BRDA:79,4,1,7
BRDA:79,5,0,7
BRDA:79,5,1,7
BRDA:81,6,0,0
BRDA:81,6,1,0
BRDA:91,7,0,1
BRDA:91,7,1,6
BRDA:91,8,0,0
BRDA:91,8,1,7
BRDA:104,9,0,4
BRDA:104,9,1,0
BRDA:110,10,0,4
BRDA:110,10,1,0
BRDA:110,11,0,4
BRDA:110,11,1,4
BRDA:132,12,0,0
BRDA:132,12,1,19
BRDA:140,13,0,19
BRDA:140,13,1,0
BRDA:145,14,0,0
BRDA:145,14,1,19
BRDA:152,15,0,5
BRDA:152,15,1,14
BRDA:156,16,0,4
BRDA:156,16,1,1
BRDA:174,17,0,8
BRDA:174,17,1,0
BRDA:174,17,2,0
BRDA:174,17,3,3
BRDA:174,17,4,2
BRDA:174,17,5,0
BRDA:174,17,6,1
BRDA:174,17,7,2
BRDA:174,17,8,3
BRDA:174,17,9,0
BRDA:174,17,10,0
BRDA:174,17,11,0
BRDA:227,18,0,0
BRDA:227,18,1,2
BRDA:227,19,0,2
BRDA:227,19,1,2
BRDA:234,20,0,2
BRDA:234,20,1,0
BRDA:241,21,0,3
BRDA:241,21,1,3
BRDA:246,22,0,3
BRDA:246,22,1,0
BRDA:246,23,0,3
BRDA:246,23,1,3
BRDA:264,24,0,0
BRDA:264,24,1,2
BRDA:264,25,0,2
BRDA:264,25,1,2
BRDA:278,26,0,1
BRDA:278,26,1,1
BRDA:302,27,0,0
BRDA:302,27,1,3
BRDA:302,28,0,3
BRDA:302,28,1,3
BRDA:313,29,0,1
BRDA:313,29,1,2
BRDA:315,30,0,1
BRDA:315,30,1,0
BRDA:323,31,0,2
BRDA:323,31,1,0
BRDA:325,32,0,2
BRDA:325,32,1,0
BRDA:329,33,0,1
BRDA:329,33,1,1
BRDA:351,34,0,0
BRDA:351,34,1,2
BRDA:351,35,0,2
BRDA:351,35,1,2
BRDA:359,36,0,0
BRDA:359,36,1,2
BRDA:359,37,0,2
BRDA:359,37,1,2
BRDA:367,38,0,2
BRDA:367,38,1,0
BRDA:367,38,2,0
BRDA:369,39,0,2
BRDA:369,39,1,0
BRDA:371,40,0,0
BRDA:371,40,1,0
BRDA:376,41,0,0
BRDA:376,41,1,0
BRDA:378,42,0,0
BRDA:378,42,1,0
BRDA:383,43,0,0
BRDA:383,43,1,0
BRDA:385,44,0,0
BRDA:385,44,1,0
BRDA:402,45,0,0
BRDA:402,45,1,2
BRDA:402,46,0,2
BRDA:402,46,1,2
BRDA:417,47,0,0
BRDA:421,48,0,122
BRDA:421,48,1,52
BRDA:423,49,0,122
BRDA:423,49,1,7
BRDA:424,50,0,122
BRDA:424,50,1,76
BRDA:426,51,0,122
BRDA:426,51,1,7
BRDA:429,52,0,122
BRDA:429,52,1,7
BRF:116
BRH:74
end_of_record
TN:
SF:static\js\battle\turn-system-adapter.js
FN:19,(anonymous_0)
FN:31,(anonymous_1)
FN:47,(anonymous_2)
FN:77,(anonymous_3)
FN:79,(anonymous_4)
FN:83,(anonymous_5)
FN:91,(anonymous_6)
FN:109,(anonymous_7)
FN:120,(anonymous_8)
FN:123,(anonymous_9)
FN:138,(anonymous_10)
FN:175,(anonymous_11)
FN:190,(anonymous_12)
FN:195,(anonymous_13)
FN:205,(anonymous_14)
FN:213,(anonymous_15)
FN:218,(anonymous_16)
FN:223,(anonymous_17)
FN:233,(anonymous_18)
FN:240,(anonymous_19)
FN:254,(anonymous_20)
FN:272,(anonymous_21)
FN:292,(anonymous_22)
FN:295,(anonymous_23)
FN:298,(anonymous_24)
FN:299,(anonymous_25)
FN:300,(anonymous_26)
FN:325,(anonymous_27)
FN:330,(anonymous_28)
FN:335,(anonymous_29)
FN:347,(anonymous_30)
FN:352,(anonymous_31)
FN:357,(anonymous_32)
FN:362,(anonymous_33)
FN:367,(anonymous_34)
FN:372,(anonymous_35)
FN:380,(anonymous_36)
FN:384,(anonymous_37)
FN:386,(anonymous_38)
FN:401,(anonymous_39)
FN:410,(anonymous_40)
FN:420,(anonymous_41)
FN:421,(anonymous_42)
FN:433,(anonymous_43)
FNF:44
FNH:38
FNDA:41,(anonymous_0)
FNDA:68,(anonymous_1)
FNDA:48,(anonymous_2)
FNDA:46,(anonymous_3)
FNDA:78,(anonymous_4)
FNDA:56,(anonymous_5)
FNDA:13,(anonymous_6)
FNDA:3,(anonymous_7)
FNDA:9,(anonymous_8)
FNDA:0,(anonymous_9)
FNDA:9,(anonymous_10)
FNDA:10,(anonymous_11)
FNDA:10,(anonymous_12)
FNDA:5,(anonymous_13)
FNDA:10,(anonymous_14)
FNDA:8,(anonymous_15)
FNDA:16,(anonymous_16)
FNDA:17,(anonymous_17)
FNDA:6,(anonymous_18)
FNDA:2,(anonymous_19)
FNDA:1,(anonymous_20)
FNDA:0,(anonymous_21)
FNDA:21,(anonymous_22)
FNDA:55,(anonymous_23)
FNDA:5,(anonymous_24)
FNDA:5,(anonymous_25)
FNDA:5,(anonymous_26)
FNDA:2,(anonymous_27)
FNDA:2,(anonymous_28)
FNDA:2,(anonymous_29)
FNDA:0,(anonymous_30)
FNDA:3,(anonymous_31)
FNDA:1,(anonymous_32)
FNDA:0,(anonymous_33)
FNDA:0,(anonymous_34)
FNDA:1,(anonymous_35)
FNDA:1,(anonymous_36)
FNDA:3,(anonymous_37)
FNDA:2,(anonymous_38)
FNDA:6,(anonymous_39)
FNDA:1,(anonymous_40)
FNDA:39,(anonymous_41)
FNDA:42,(anonymous_42)
FNDA:0,(anonymous_43)
DA:7,4
DA:10,4
DA:20,41
DA:23,41
DA:24,41
DA:25,41
DA:26,41
DA:29,41
DA:31,41
DA:32,68
DA:33,0
DA:35,68
DA:36,0
DA:38,68
DA:39,0
DA:41,68
DA:42,0
DA:44,68
DA:47,41
DA:48,48
DA:49,0
DA:51,48
DA:52,0
DA:54,48
DA:55,0
DA:57,48
DA:58,0
DA:60,48
DA:63,41
DA:64,41
DA:65,41
DA:66,41
DA:69,41
DA:79,46
DA:80,78
DA:83,46
DA:84,56
DA:87,46
DA:92,13
DA:93,13
DA:94,13
DA:97,13
DA:100,13
DA:103,13
DA:105,13
DA:110,3
DA:113,3
DA:116,3
DA:119,3
DA:120,3
DA:121,9
DA:123,9
DA:124,0
DA:129,3
DA:139,9
DA:141,9
DA:143,9
DA:144,7
DA:145,7
DA:147,2
DA:148,2
DA:152,9
DA:153,9
DA:154,9
DA:155,9
DA:159,9
DA:166,9
DA:176,10
DA:177,10
DA:180,10
DA:181,10
DA:184,10
DA:186,0
DA:191,10
DA:196,5
DA:200,5
DA:201,0
DA:205,10
DA:208,5
DA:209,0
DA:213,8
DA:214,5
DA:219,16
DA:220,16
DA:222,16
DA:223,16
DA:224,17
DA:226,17
DA:234,6
DA:235,6
DA:236,0
DA:240,6
DA:243,6
DA:246,6
DA:248,6
DA:250,0
DA:255,1
DA:257,1
DA:258,1
DA:259,1
DA:262,1
DA:267,1
DA:270,0
DA:271,0
DA:272,0
DA:274,0
DA:275,0
DA:276,0
DA:279,0
DA:284,0
DA:288,0
DA:293,21
DA:295,21
DA:296,55
DA:298,7
DA:299,5
DA:300,5
DA:301,5
DA:302,5
DA:303,5
DA:306,5
DA:307,5
DA:311,5
DA:322,7
DA:324,2
DA:325,2
DA:326,2
DA:330,2
DA:331,2
DA:335,2
DA:336,2
DA:348,0
DA:353,3
DA:358,1
DA:363,0
DA:368,0
DA:373,1
DA:374,1
DA:376,0
DA:381,1
DA:382,1
DA:384,1
DA:385,3
DA:386,2
DA:387,2
DA:397,1
DA:402,6
DA:403,6
DA:404,6
DA:406,0
DA:411,1
DA:412,1
DA:413,1
DA:414,1
DA:416,0
DA:421,39
DA:422,42
DA:423,42
DA:425,1
DA:432,4
DA:433,4
DA:434,0
DA:443,4
DA:444,4
DA:449,4
DA:450,4
LF:166
LH:136
BRDA:19,0,0,0
BRDA:20,1,0,1
BRDA:20,2,0,1
BRDA:24,3,0,41
BRDA:24,3,1,0
BRDA:25,4,0,0
BRDA:25,4,1,41
BRDA:29,5,0,41
BRDA:29,5,1,0
BRDA:32,6,0,0
BRDA:32,6,1,68
BRDA:35,7,0,0
BRDA:35,7,1,68
BRDA:38,8,0,0
BRDA:38,8,1,68
BRDA:39,9,0,0
BRDA:39,9,1,0
BRDA:41,10,0,0
BRDA:41,10,1,68
BRDA:48,11,0,0
BRDA:48,11,1,48
BRDA:51,12,0,0
BRDA:51,12,1,48
BRDA:54,13,0,0
BRDA:54,13,1,48
BRDA:55,14,0,0
BRDA:55,14,1,0
BRDA:57,15,0,0
BRDA:57,15,1,48
BRDA:80,16,0,78
BRDA:80,16,1,0
BRDA:80,17,0,78
BRDA:80,17,1,0
BRDA:84,18,0,56
BRDA:84,18,1,0
BRDA:84,19,0,56
BRDA:84,19,1,0
BRDA:87,20,0,44
BRDA:87,20,1,2
BRDA:93,21,0,12
BRDA:93,21,1,1
BRDA:94,22,0,12
BRDA:94,22,1,1
BRDA:119,23,0,3
BRDA:119,23,1,0
BRDA:119,24,0,3
BRDA:119,24,1,0
BRDA:121,25,0,9
BRDA:121,25,1,0
BRDA:121,26,0,9
BRDA:121,26,1,9
BRDA:124,27,0,0
BRDA:124,27,1,0
BRDA:143,28,0,7
BRDA:143,28,1,2
BRDA:152,29,0,9
BRDA:152,29,1,0
BRDA:176,30,0,10
BRDA:176,30,1,0
BRDA:176,31,0,10
BRDA:176,31,1,10
BRDA:180,32,0,10
BRDA:180,32,1,0
BRDA:180,33,0,10
BRDA:180,33,1,10
BRDA:191,34,0,10
BRDA:191,34,1,10
BRDA:191,34,2,10
BRDA:196,35,0,5
BRDA:196,35,1,0
BRDA:200,36,0,0
BRDA:200,36,1,5
BRDA:200,37,0,5
BRDA:200,37,1,5
BRDA:205,38,0,10
BRDA:205,38,1,10
BRDA:208,39,0,0
BRDA:208,39,1,5
BRDA:218,40,0,1
BRDA:219,41,0,16
BRDA:219,41,1,1
BRDA:220,42,0,15
BRDA:220,42,1,1
BRDA:222,43,0,16
BRDA:222,43,1,0
BRDA:224,44,0,17
BRDA:224,44,1,0
BRDA:224,45,0,17
BRDA:224,45,1,17
BRDA:224,45,2,17
BRDA:224,45,3,17
BRDA:234,46,0,6
BRDA:234,46,1,0
BRDA:234,47,0,6
BRDA:234,47,1,6
BRDA:235,48,0,0
BRDA:235,48,1,6
BRDA:255,49,0,1
BRDA:255,49,1,0
BRDA:255,50,0,1
BRDA:255,50,1,1
BRDA:257,51,0,1
BRDA:257,51,1,0
BRDA:257,52,0,1
BRDA:257,52,1,1
BRDA:257,52,2,1
BRDA:270,53,0,0
BRDA:270,53,1,0
BRDA:274,54,0,0
BRDA:274,54,1,0
BRDA:292,55,0,2
BRDA:293,56,0,21
BRDA:293,56,1,0
BRDA:293,57,0,21
BRDA:293,57,1,0
BRDA:296,58,0,7
BRDA:296,58,1,48
BRDA:296,59,0,55
BRDA:296,59,1,55
BRDA:296,59,2,55
BRDA:298,60,0,5
BRDA:298,60,1,2
BRDA:298,61,0,7
BRDA:298,61,1,5
BRDA:301,62,0,5
BRDA:301,62,1,0
BRDA:302,63,0,5
BRDA:302,63,1,0
BRDA:306,64,0,5
BRDA:306,64,1,0
BRDA:322,65,0,2
BRDA:322,65,1,5
BRDA:326,66,0,2
BRDA:326,66,1,2
BRDA:331,67,0,2
BRDA:331,67,1,2
BRDA:353,68,0,2
BRDA:353,68,1,1
BRDA:373,69,0,1
BRDA:373,69,1,0
BRDA:373,70,0,1
BRDA:373,70,1,1
BRDA:382,71,0,1
BRDA:382,71,1,0
BRDA:382,72,0,1
BRDA:382,72,1,0
BRDA:385,73,0,2
BRDA:385,73,1,1
BRDA:385,74,0,3
BRDA:385,74,1,3
BRDA:385,74,2,3
BRDA:402,75,0,6
BRDA:402,75,1,0
BRDA:402,76,0,6
BRDA:402,76,1,6
BRDA:412,77,0,1
BRDA:412,77,1,0
BRDA:432,78,0,4
BRDA:432,78,1,0
BRDA:432,79,0,4
BRDA:432,79,1,4
BRDA:434,80,0,0
BRDA:434,80,1,0
BRDA:434,81,0,0
BRDA:434,81,1,0
BRDA:434,81,2,0
BRDA:436,82,0,0
BRDA:436,82,1,0
BRDA:436,83,0,0
BRDA:436,83,1,0
BRDA:443,84,0,4
BRDA:443,84,1,0
BRDA:449,85,0,4
BRDA:449,85,1,0
BRF:174
BRH:111
end_of_record
