{"D:\\Github_Code\\CardGame\\static\\js\\battle.js": {"path":"D:\\Github_Code\\CardGame\\static\\js\\battle.js","statementMap":{},"fnMap":{},"branchMap":{},"s":{},"f":{},"b":{}}
,"D:\\Github_Code\\CardGame\\static\\js\\cards.js": {"path":"D:\\Github_Code\\CardGame\\static\\js\\cards.js","statementMap":{"0":{"start":{"line":2,"column":19},"end":{"line":2,"column":21}},"1":{"start":{"line":3,"column":19},"end":{"line":3,"column":24}},"2":{"start":{"line":4,"column":19},"end":{"line":4,"column":23}},"3":{"start":{"line":5,"column":17},"end":{"line":5,"column":21}},"4":{"start":{"line":9,"column":4},"end":{"line":9,"column":34}},"5":{"start":{"line":9,"column":27},"end":{"line":9,"column":34}},"6":{"start":{"line":11,"column":4},"end":{"line":45,"column":7}},"7":{"start":{"line":12,"column":27},"end":{"line":12,"column":67}},"8":{"start":{"line":13,"column":8},"end":{"line":13,"column":32}},"9":{"start":{"line":13,"column":25},"end":{"line":13,"column":32}},"10":{"start":{"line":15,"column":30},"end":{"line":15,"column":73}},"11":{"start":{"line":16,"column":30},"end":{"line":16,"column":80}},"12":{"start":{"line":17,"column":28},"end":{"line":17,"column":76}},"13":{"start":{"line":18,"column":28},"end":{"line":18,"column":76}},"14":{"start":{"line":19,"column":30},"end":{"line":19,"column":80}},"15":{"start":{"line":21,"column":8},"end":{"line":21,"column":103}},"16":{"start":{"line":21,"column":96},"end":{"line":21,"column":103}},"17":{"start":{"line":23,"column":8},"end":{"line":23,"column":46}},"18":{"start":{"line":24,"column":8},"end":{"line":24,"column":49}},"19":{"start":{"line":25,"column":8},"end":{"line":25,"column":47}},"20":{"start":{"line":26,"column":8},"end":{"line":26,"column":47}},"21":{"start":{"line":27,"column":8},"end":{"line":27,"column":49}},"22":{"start":{"line":29,"column":8},"end":{"line":44,"column":9}},"23":{"start":{"line":31,"column":16},"end":{"line":31,"column":54}},"24":{"start":{"line":32,"column":16},"end":{"line":32,"column":22}},"25":{"start":{"line":34,"column":16},"end":{"line":34,"column":52}},"26":{"start":{"line":35,"column":16},"end":{"line":35,"column":22}},"27":{"start":{"line":37,"column":16},"end":{"line":37,"column":52}},"28":{"start":{"line":38,"column":16},"end":{"line":38,"column":22}},"29":{"start":{"line":40,"column":16},"end":{"line":40,"column":54}},"30":{"start":{"line":41,"column":16},"end":{"line":41,"column":22}},"31":{"start":{"line":43,"column":16},"end":{"line":43,"column":53}},"32":{"start":{"line":50,"column":21},"end":{"line":50,"column":50}},"33":{"start":{"line":51,"column":4},"end":{"line":51,"column":39}},"34":{"start":{"line":52,"column":4},"end":{"line":158,"column":6}},"35":{"start":{"line":161,"column":29},"end":{"line":161,"column":67}},"36":{"start":{"line":162,"column":4},"end":{"line":162,"column":46}},"37":{"start":{"line":165,"column":27},"end":{"line":165,"column":66}},"38":{"start":{"line":166,"column":4},"end":{"line":168,"column":7}},"39":{"start":{"line":167,"column":8},"end":{"line":167,"column":26}},"40":{"start":{"line":170,"column":4},"end":{"line":170,"column":20}},"41":{"start":{"line":174,"column":0},"end":{"line":181,"column":3}},"42":{"start":{"line":175,"column":4},"end":{"line":175,"column":16}},"43":{"start":{"line":176,"column":4},"end":{"line":176,"column":26}},"44":{"start":{"line":179,"column":36},"end":{"line":179,"column":74}},"45":{"start":{"line":180,"column":4},"end":{"line":180,"column":53}},"46":{"start":{"line":186,"column":20},"end":{"line":186,"column":54}},"47":{"start":{"line":187,"column":23},"end":{"line":187,"column":60}},"48":{"start":{"line":188,"column":26},"end":{"line":188,"column":66}},"49":{"start":{"line":189,"column":24},"end":{"line":189,"column":62}},"50":{"start":{"line":190,"column":26},"end":{"line":190,"column":66}},"51":{"start":{"line":191,"column":28},"end":{"line":191,"column":71}},"52":{"start":{"line":192,"column":22},"end":{"line":192,"column":58}},"53":{"start":{"line":193,"column":21},"end":{"line":193,"column":53}},"54":{"start":{"line":194,"column":22},"end":{"line":194,"column":58}},"55":{"start":{"line":195,"column":21},"end":{"line":195,"column":56}},"56":{"start":{"line":196,"column":24},"end":{"line":196,"column":62}},"57":{"start":{"line":199,"column":4},"end":{"line":204,"column":5}},"58":{"start":{"line":200,"column":8},"end":{"line":203,"column":11}},"59":{"start":{"line":201,"column":12},"end":{"line":201,"column":32}},"60":{"start":{"line":202,"column":12},"end":{"line":202,"column":105}},"61":{"start":{"line":207,"column":4},"end":{"line":215,"column":5}},"62":{"start":{"line":208,"column":8},"end":{"line":214,"column":11}},"63":{"start":{"line":209,"column":12},"end":{"line":209,"column":32}},"64":{"start":{"line":210,"column":12},"end":{"line":210,"column":51}},"65":{"start":{"line":211,"column":12},"end":{"line":211,"column":72}},"66":{"start":{"line":212,"column":12},"end":{"line":212,"column":24}},"67":{"start":{"line":213,"column":12},"end":{"line":213,"column":46}},"68":{"start":{"line":218,"column":4},"end":{"line":225,"column":5}},"69":{"start":{"line":219,"column":8},"end":{"line":224,"column":11}},"70":{"start":{"line":220,"column":12},"end":{"line":220,"column":32}},"71":{"start":{"line":221,"column":12},"end":{"line":221,"column":51}},"72":{"start":{"line":222,"column":12},"end":{"line":222,"column":41}},"73":{"start":{"line":223,"column":12},"end":{"line":223,"column":34}},"74":{"start":{"line":228,"column":4},"end":{"line":240,"column":5}},"75":{"start":{"line":229,"column":8},"end":{"line":239,"column":11}},"76":{"start":{"line":230,"column":12},"end":{"line":230,"column":32}},"77":{"start":{"line":231,"column":12},"end":{"line":231,"column":51}},"78":{"start":{"line":232,"column":12},"end":{"line":235,"column":13}},"79":{"start":{"line":233,"column":16},"end":{"line":233,"column":53}},"80":{"start":{"line":234,"column":16},"end":{"line":234,"column":23}},"81":{"start":{"line":236,"column":12},"end":{"line":236,"column":71}},"82":{"start":{"line":237,"column":12},"end":{"line":237,"column":45}},"83":{"start":{"line":238,"column":12},"end":{"line":238,"column":46}},"84":{"start":{"line":243,"column":4},"end":{"line":247,"column":5}},"85":{"start":{"line":244,"column":8},"end":{"line":246,"column":11}},"86":{"start":{"line":245,"column":12},"end":{"line":245,"column":45}},"87":{"start":{"line":250,"column":4},"end":{"line":254,"column":5}},"88":{"start":{"line":251,"column":8},"end":{"line":253,"column":11}},"89":{"start":{"line":252,"column":12},"end":{"line":252,"column":45}},"90":{"start":{"line":257,"column":4},"end":{"line":272,"column":5}},"91":{"start":{"line":258,"column":8},"end":{"line":271,"column":11}},"92":{"start":{"line":259,"column":12},"end":{"line":259,"column":31}},"93":{"start":{"line":260,"column":12},"end":{"line":270,"column":13}},"94":{"start":{"line":261,"column":33},"end":{"line":261,"column":46}},"95":{"start":{"line":262,"column":16},"end":{"line":266,"column":17}},"96":{"start":{"line":263,"column":20},"end":{"line":263,"column":47}},"97":{"start":{"line":265,"column":20},"end":{"line":265,"column":44}},"98":{"start":{"line":267,"column":16},"end":{"line":267,"column":49}},"99":{"start":{"line":269,"column":16},"end":{"line":269,"column":52}},"100":{"start":{"line":275,"column":4},"end":{"line":281,"column":5}},"101":{"start":{"line":276,"column":8},"end":{"line":280,"column":11}},"102":{"start":{"line":277,"column":36},"end":{"line":277,"column":78}},"103":{"start":{"line":278,"column":29},"end":{"line":278,"column":47}},"104":{"start":{"line":279,"column":12},"end":{"line":279,"column":50}},"105":{"start":{"line":284,"column":4},"end":{"line":288,"column":7}},"106":{"start":{"line":285,"column":8},"end":{"line":287,"column":9}},"107":{"start":{"line":286,"column":12},"end":{"line":286,"column":51}},"108":{"start":{"line":291,"column":29},"end":{"line":291,"column":72}},"109":{"start":{"line":292,"column":4},"end":{"line":300,"column":5}},"110":{"start":{"line":293,"column":8},"end":{"line":299,"column":11}},"111":{"start":{"line":294,"column":12},"end":{"line":298,"column":13}},"112":{"start":{"line":295,"column":16},"end":{"line":295,"column":47}},"113":{"start":{"line":296,"column":16},"end":{"line":296,"column":79}},"114":{"start":{"line":297,"column":16},"end":{"line":297,"column":36}},"115":{"start":{"line":303,"column":28},"end":{"line":303,"column":70}},"116":{"start":{"line":304,"column":4},"end":{"line":309,"column":5}},"117":{"start":{"line":305,"column":8},"end":{"line":308,"column":11}},"118":{"start":{"line":306,"column":12},"end":{"line":306,"column":75}},"119":{"start":{"line":307,"column":12},"end":{"line":307,"column":32}},"120":{"start":{"line":312,"column":4},"end":{"line":318,"column":5}},"121":{"start":{"line":313,"column":8},"end":{"line":317,"column":11}},"122":{"start":{"line":314,"column":12},"end":{"line":314,"column":32}},"123":{"start":{"line":315,"column":12},"end":{"line":315,"column":51}},"124":{"start":{"line":316,"column":12},"end":{"line":316,"column":75}},"125":{"start":{"line":321,"column":22},"end":{"line":321,"column":58}},"126":{"start":{"line":322,"column":4},"end":{"line":332,"column":5}},"127":{"start":{"line":323,"column":8},"end":{"line":331,"column":11}},"128":{"start":{"line":324,"column":31},"end":{"line":324,"column":82}},"129":{"start":{"line":325,"column":12},"end":{"line":330,"column":13}},"130":{"start":{"line":326,"column":16},"end":{"line":326,"column":40}},"131":{"start":{"line":327,"column":16},"end":{"line":327,"column":78}},"132":{"start":{"line":329,"column":16},"end":{"line":329,"column":50}},"133":{"start":{"line":335,"column":28},"end":{"line":335,"column":70}},"134":{"start":{"line":336,"column":4},"end":{"line":340,"column":5}},"135":{"start":{"line":337,"column":8},"end":{"line":339,"column":11}},"136":{"start":{"line":338,"column":12},"end":{"line":338,"column":74}},"137":{"start":{"line":343,"column":29},"end":{"line":343,"column":74}},"138":{"start":{"line":344,"column":4},"end":{"line":348,"column":5}},"139":{"start":{"line":345,"column":8},"end":{"line":347,"column":11}},"140":{"start":{"line":346,"column":12},"end":{"line":346,"column":74}},"141":{"start":{"line":353,"column":4},"end":{"line":362,"column":5}},"142":{"start":{"line":354,"column":25},"end":{"line":354,"column":50}},"143":{"start":{"line":355,"column":8},"end":{"line":355,"column":52}},"144":{"start":{"line":355,"column":26},"end":{"line":355,"column":52}},"145":{"start":{"line":356,"column":21},"end":{"line":356,"column":42}},"146":{"start":{"line":357,"column":8},"end":{"line":357,"column":40}},"147":{"start":{"line":358,"column":8},"end":{"line":358,"column":35}},"148":{"start":{"line":360,"column":8},"end":{"line":360,"column":40}},"149":{"start":{"line":361,"column":8},"end":{"line":361,"column":57}},"150":{"start":{"line":367,"column":22},"end":{"line":367,"column":63}},"151":{"start":{"line":368,"column":4},"end":{"line":368,"column":29}},"152":{"start":{"line":370,"column":4},"end":{"line":373,"column":7}},"153":{"start":{"line":371,"column":28},"end":{"line":371,"column":51}},"154":{"start":{"line":372,"column":8},"end":{"line":372,"column":43}},"155":{"start":{"line":378,"column":20},"end":{"line":378,"column":49}},"156":{"start":{"line":379,"column":4},"end":{"line":379,"column":31}},"157":{"start":{"line":380,"column":4},"end":{"line":380,"column":33}},"158":{"start":{"line":381,"column":4},"end":{"line":381,"column":41}},"159":{"start":{"line":382,"column":4},"end":{"line":382,"column":41}},"160":{"start":{"line":383,"column":4},"end":{"line":383,"column":41}},"161":{"start":{"line":384,"column":4},"end":{"line":384,"column":63}},"162":{"start":{"line":386,"column":4},"end":{"line":406,"column":6}},"163":{"start":{"line":409,"column":22},"end":{"line":409,"column":58}},"164":{"start":{"line":410,"column":4},"end":{"line":416,"column":7}},"165":{"start":{"line":411,"column":8},"end":{"line":411,"column":28}},"166":{"start":{"line":412,"column":8},"end":{"line":415,"column":9}},"167":{"start":{"line":413,"column":12},"end":{"line":413,"column":32}},"168":{"start":{"line":414,"column":12},"end":{"line":414,"column":76}},"169":{"start":{"line":419,"column":4},"end":{"line":423,"column":7}},"170":{"start":{"line":420,"column":8},"end":{"line":422,"column":9}},"171":{"start":{"line":421,"column":12},"end":{"line":421,"column":30}},"172":{"start":{"line":426,"column":20},"end":{"line":426,"column":49}},"173":{"start":{"line":427,"column":4},"end":{"line":427,"column":39}},"174":{"start":{"line":428,"column":4},"end":{"line":428,"column":37}},"175":{"start":{"line":429,"column":4},"end":{"line":469,"column":6}},"176":{"start":{"line":461,"column":53},"end":{"line":467,"column":13}},"177":{"start":{"line":472,"column":4},"end":{"line":472,"column":39}},"178":{"start":{"line":476,"column":4},"end":{"line":485,"column":7}},"179":{"start":{"line":477,"column":8},"end":{"line":477,"column":37}},"180":{"start":{"line":478,"column":21},"end":{"line":478,"column":52}},"181":{"start":{"line":479,"column":24},"end":{"line":479,"column":90}},"182":{"start":{"line":480,"column":8},"end":{"line":484,"column":9}},"183":{"start":{"line":481,"column":12},"end":{"line":481,"column":56}},"184":{"start":{"line":482,"column":12},"end":{"line":482,"column":48}},"185":{"start":{"line":483,"column":12},"end":{"line":483,"column":44}},"186":{"start":{"line":487,"column":4},"end":{"line":494,"column":7}},"187":{"start":{"line":488,"column":24},"end":{"line":488,"column":90}},"188":{"start":{"line":489,"column":8},"end":{"line":493,"column":9}},"189":{"start":{"line":490,"column":12},"end":{"line":492,"column":20}},"190":{"start":{"line":491,"column":16},"end":{"line":491,"column":47}},"191":{"start":{"line":497,"column":4},"end":{"line":504,"column":7}},"192":{"start":{"line":498,"column":24},"end":{"line":498,"column":90}},"193":{"start":{"line":499,"column":8},"end":{"line":503,"column":9}},"194":{"start":{"line":500,"column":25},"end":{"line":500,"column":56}},"195":{"start":{"line":501,"column":12},"end":{"line":501,"column":56}},"196":{"start":{"line":502,"column":12},"end":{"line":502,"column":48}},"197":{"start":{"line":506,"column":4},"end":{"line":506,"column":19}},"198":{"start":{"line":511,"column":26},"end":{"line":511,"column":66}},"199":{"start":{"line":512,"column":4},"end":{"line":514,"column":7}},"200":{"start":{"line":513,"column":8},"end":{"line":513,"column":59}},"201":{"start":{"line":519,"column":17},"end":{"line":519,"column":52}},"202":{"start":{"line":520,"column":4},"end":{"line":520,"column":17}},"203":{"start":{"line":521,"column":28},"end":{"line":521,"column":70}},"204":{"start":{"line":522,"column":4},"end":{"line":522,"column":35}},"205":{"start":{"line":523,"column":4},"end":{"line":523,"column":22}},"206":{"start":{"line":526,"column":23},"end":{"line":526,"column":41}},"207":{"start":{"line":527,"column":4},"end":{"line":527,"column":44}},"208":{"start":{"line":532,"column":4},"end":{"line":532,"column":58}},"209":{"start":{"line":533,"column":4},"end":{"line":533,"column":64}},"210":{"start":{"line":534,"column":4},"end":{"line":534,"column":56}},"211":{"start":{"line":535,"column":4},"end":{"line":535,"column":58}},"212":{"start":{"line":536,"column":4},"end":{"line":536,"column":58}},"213":{"start":{"line":537,"column":4},"end":{"line":537,"column":58}},"214":{"start":{"line":538,"column":4},"end":{"line":538,"column":58}},"215":{"start":{"line":539,"column":4},"end":{"line":539,"column":58}},"216":{"start":{"line":541,"column":28},"end":{"line":541,"column":70}},"217":{"start":{"line":542,"column":4},"end":{"line":542,"column":35}},"218":{"start":{"line":544,"column":4},"end":{"line":664,"column":7}},"219":{"start":{"line":545,"column":25},"end":{"line":545,"column":54}},"220":{"start":{"line":546,"column":8},"end":{"line":546,"column":43}},"221":{"start":{"line":547,"column":8},"end":{"line":653,"column":10}},"222":{"start":{"line":654,"column":8},"end":{"line":654,"column":46}},"223":{"start":{"line":657,"column":8},"end":{"line":659,"column":11}},"224":{"start":{"line":658,"column":12},"end":{"line":658,"column":30}},"225":{"start":{"line":662,"column":33},"end":{"line":662,"column":71}},"226":{"start":{"line":663,"column":8},"end":{"line":663,"column":50}},"227":{"start":{"line":670,"column":17},"end":{"line":670,"column":65}},"228":{"start":{"line":671,"column":4},"end":{"line":673,"column":5}},"229":{"start":{"line":672,"column":8},"end":{"line":672,"column":36}},"230":{"start":{"line":674,"column":4},"end":{"line":676,"column":5}},"231":{"start":{"line":675,"column":8},"end":{"line":675,"column":40}},"232":{"start":{"line":678,"column":20},"end":{"line":678,"column":64}},"233":{"start":{"line":679,"column":4},"end":{"line":681,"column":5}},"234":{"start":{"line":680,"column":8},"end":{"line":680,"column":35}},"235":{"start":{"line":684,"column":18},"end":{"line":691,"column":5}},"236":{"start":{"line":694,"column":24},"end":{"line":701,"column":5}},"237":{"start":{"line":703,"column":4},"end":{"line":710,"column":5}},"238":{"start":{"line":704,"column":8},"end":{"line":706,"column":9}},"239":{"start":{"line":705,"column":12},"end":{"line":705,"column":62}},"240":{"start":{"line":707,"column":8},"end":{"line":709,"column":9}},"241":{"start":{"line":708,"column":12},"end":{"line":708,"column":111}},"242":{"start":{"line":713,"column":19},"end":{"line":713,"column":21}},"243":{"start":{"line":714,"column":24},"end":{"line":714,"column":65}},"244":{"start":{"line":715,"column":4},"end":{"line":717,"column":5}},"245":{"start":{"line":716,"column":8},"end":{"line":716,"column":38}},"246":{"start":{"line":718,"column":4},"end":{"line":720,"column":5}},"247":{"start":{"line":719,"column":8},"end":{"line":719,"column":38}},"248":{"start":{"line":722,"column":4},"end":{"line":836,"column":7}},"249":{"start":{"line":723,"column":26},"end":{"line":723,"column":76}},"250":{"start":{"line":724,"column":26},"end":{"line":724,"column":79}},"251":{"start":{"line":725,"column":33},"end":{"line":725,"column":90}},"252":{"start":{"line":726,"column":27},"end":{"line":726,"column":71}},"253":{"start":{"line":727,"column":29},"end":{"line":727,"column":87}},"254":{"start":{"line":730,"column":8},"end":{"line":732,"column":9}},"255":{"start":{"line":731,"column":12},"end":{"line":731,"column":53}},"256":{"start":{"line":733,"column":8},"end":{"line":735,"column":9}},"257":{"start":{"line":734,"column":12},"end":{"line":734,"column":44}},"258":{"start":{"line":736,"column":8},"end":{"line":738,"column":9}},"259":{"start":{"line":737,"column":12},"end":{"line":737,"column":60}},"260":{"start":{"line":739,"column":8},"end":{"line":741,"column":9}},"261":{"start":{"line":740,"column":12},"end":{"line":740,"column":53}},"262":{"start":{"line":742,"column":8},"end":{"line":744,"column":9}},"263":{"start":{"line":743,"column":12},"end":{"line":743,"column":45}},"264":{"start":{"line":747,"column":8},"end":{"line":749,"column":9}},"265":{"start":{"line":748,"column":12},"end":{"line":748,"column":54}},"266":{"start":{"line":752,"column":23},"end":{"line":752,"column":25}},"267":{"start":{"line":753,"column":8},"end":{"line":828,"column":9}},"268":{"start":{"line":754,"column":12},"end":{"line":756,"column":13}},"269":{"start":{"line":755,"column":16},"end":{"line":755,"column":60}},"270":{"start":{"line":757,"column":12},"end":{"line":757,"column":41}},"271":{"start":{"line":759,"column":26},"end":{"line":759,"column":71}},"272":{"start":{"line":760,"column":12},"end":{"line":760,"column":41}},"273":{"start":{"line":760,"column":23},"end":{"line":760,"column":41}},"274":{"start":{"line":762,"column":29},"end":{"line":762,"column":88}},"275":{"start":{"line":763,"column":12},"end":{"line":768,"column":13}},"276":{"start":{"line":764,"column":16},"end":{"line":766,"column":17}},"277":{"start":{"line":765,"column":20},"end":{"line":765,"column":70}},"278":{"start":{"line":767,"column":16},"end":{"line":767,"column":44}},"279":{"start":{"line":770,"column":30},"end":{"line":770,"column":90}},"280":{"start":{"line":771,"column":12},"end":{"line":776,"column":13}},"281":{"start":{"line":772,"column":16},"end":{"line":774,"column":17}},"282":{"start":{"line":773,"column":20},"end":{"line":773,"column":69}},"283":{"start":{"line":775,"column":16},"end":{"line":775,"column":46}},"284":{"start":{"line":777,"column":15},"end":{"line":828,"column":9}},"285":{"start":{"line":778,"column":30},"end":{"line":778,"column":86}},"286":{"start":{"line":779,"column":26},"end":{"line":779,"column":76}},"287":{"start":{"line":781,"column":12},"end":{"line":783,"column":13}},"288":{"start":{"line":782,"column":16},"end":{"line":782,"column":59}},"289":{"start":{"line":785,"column":12},"end":{"line":785,"column":36}},"290":{"start":{"line":786,"column":12},"end":{"line":786,"column":41}},"291":{"start":{"line":786,"column":23},"end":{"line":786,"column":41}},"292":{"start":{"line":787,"column":15},"end":{"line":828,"column":9}},"293":{"start":{"line":788,"column":29},"end":{"line":788,"column":71}},"294":{"start":{"line":789,"column":30},"end":{"line":789,"column":83}},"295":{"start":{"line":790,"column":33},"end":{"line":790,"column":89}},"296":{"start":{"line":791,"column":26},"end":{"line":791,"column":69}},"297":{"start":{"line":793,"column":12},"end":{"line":795,"column":13}},"298":{"start":{"line":794,"column":16},"end":{"line":794,"column":58}},"299":{"start":{"line":796,"column":12},"end":{"line":798,"column":13}},"300":{"start":{"line":797,"column":16},"end":{"line":797,"column":60}},"301":{"start":{"line":800,"column":12},"end":{"line":803,"column":14}},"302":{"start":{"line":804,"column":12},"end":{"line":804,"column":41}},"303":{"start":{"line":804,"column":23},"end":{"line":804,"column":41}},"304":{"start":{"line":805,"column":15},"end":{"line":828,"column":9}},"305":{"start":{"line":806,"column":31},"end":{"line":806,"column":75}},"306":{"start":{"line":807,"column":32},"end":{"line":807,"column":87}},"307":{"start":{"line":808,"column":35},"end":{"line":808,"column":93}},"308":{"start":{"line":809,"column":38},"end":{"line":809,"column":99}},"309":{"start":{"line":810,"column":26},"end":{"line":810,"column":71}},"310":{"start":{"line":812,"column":12},"end":{"line":814,"column":13}},"311":{"start":{"line":813,"column":16},"end":{"line":813,"column":58}},"312":{"start":{"line":815,"column":12},"end":{"line":817,"column":13}},"313":{"start":{"line":816,"column":16},"end":{"line":816,"column":60}},"314":{"start":{"line":818,"column":12},"end":{"line":820,"column":13}},"315":{"start":{"line":819,"column":16},"end":{"line":819,"column":65}},"316":{"start":{"line":822,"column":12},"end":{"line":826,"column":14}},"317":{"start":{"line":827,"column":12},"end":{"line":827,"column":41}},"318":{"start":{"line":827,"column":23},"end":{"line":827,"column":41}},"319":{"start":{"line":830,"column":8},"end":{"line":835,"column":11}},"320":{"start":{"line":839,"column":21},"end":{"line":844,"column":5}},"321":{"start":{"line":847,"column":4},"end":{"line":849,"column":5}},"322":{"start":{"line":848,"column":8},"end":{"line":848,"column":36}},"323":{"start":{"line":851,"column":4},"end":{"line":851,"column":20}},"324":{"start":{"line":856,"column":4},"end":{"line":875,"column":5}},"325":{"start":{"line":857,"column":25},"end":{"line":863,"column":10}},"326":{"start":{"line":865,"column":8},"end":{"line":868,"column":9}},"327":{"start":{"line":866,"column":30},"end":{"line":866,"column":51}},"328":{"start":{"line":867,"column":12},"end":{"line":867,"column":59}},"329":{"start":{"line":870,"column":8},"end":{"line":870,"column":26}},"330":{"start":{"line":871,"column":8},"end":{"line":871,"column":41}},"331":{"start":{"line":873,"column":8},"end":{"line":873,"column":40}},"332":{"start":{"line":874,"column":8},"end":{"line":874,"column":57}},"333":{"start":{"line":880,"column":4},"end":{"line":910,"column":5}},"334":{"start":{"line":881,"column":8},"end":{"line":883,"column":9}},"335":{"start":{"line":882,"column":12},"end":{"line":882,"column":40}},"336":{"start":{"line":885,"column":25},"end":{"line":891,"column":10}},"337":{"start":{"line":893,"column":8},"end":{"line":896,"column":9}},"338":{"start":{"line":894,"column":30},"end":{"line":894,"column":51}},"339":{"start":{"line":895,"column":12},"end":{"line":895,"column":57}},"340":{"start":{"line":898,"column":21},"end":{"line":898,"column":42}},"341":{"start":{"line":899,"column":8},"end":{"line":905,"column":9}},"342":{"start":{"line":900,"column":12},"end":{"line":900,"column":45}},"343":{"start":{"line":901,"column":12},"end":{"line":901,"column":24}},"344":{"start":{"line":903,"column":12},"end":{"line":903,"column":57}},"345":{"start":{"line":904,"column":12},"end":{"line":904,"column":25}},"346":{"start":{"line":907,"column":8},"end":{"line":907,"column":41}},"347":{"start":{"line":908,"column":8},"end":{"line":908,"column":57}},"348":{"start":{"line":909,"column":8},"end":{"line":909,"column":21}},"349":{"start":{"line":915,"column":4},"end":{"line":927,"column":5}},"350":{"start":{"line":916,"column":25},"end":{"line":918,"column":10}},"351":{"start":{"line":920,"column":8},"end":{"line":920,"column":52}},"352":{"start":{"line":920,"column":26},"end":{"line":920,"column":52}},"353":{"start":{"line":922,"column":8},"end":{"line":922,"column":26}},"354":{"start":{"line":923,"column":8},"end":{"line":923,"column":41}},"355":{"start":{"line":925,"column":8},"end":{"line":925,"column":40}},"356":{"start":{"line":926,"column":8},"end":{"line":926,"column":57}},"357":{"start":{"line":932,"column":26},"end":{"line":934,"column":5}},"358":{"start":{"line":933,"column":8},"end":{"line":933,"column":66}},"359":{"start":{"line":936,"column":4},"end":{"line":950,"column":5}},"360":{"start":{"line":937,"column":8},"end":{"line":937,"column":43}},"361":{"start":{"line":939,"column":8},"end":{"line":939,"column":36}},"362":{"start":{"line":941,"column":8},"end":{"line":949,"column":11}},"363":{"start":{"line":942,"column":25},"end":{"line":942,"column":48}},"364":{"start":{"line":943,"column":12},"end":{"line":948,"column":13}},"365":{"start":{"line":944,"column":30},"end":{"line":944,"column":58}},"366":{"start":{"line":945,"column":16},"end":{"line":947,"column":18}},"367":{"start":{"line":946,"column":20},"end":{"line":946,"column":61}},"368":{"start":{"line":955,"column":27},"end":{"line":955,"column":56}},"369":{"start":{"line":956,"column":4},"end":{"line":956,"column":57}},"370":{"start":{"line":957,"column":4},"end":{"line":957,"column":41}},"371":{"start":{"line":959,"column":4},"end":{"line":959,"column":46}},"372":{"start":{"line":960,"column":4},"end":{"line":962,"column":13}},"373":{"start":{"line":961,"column":8},"end":{"line":961,"column":32}}},"fnMap":{"0":{"name":"setupEffectTypeListener","decl":{"start":{"line":8,"column":9},"end":{"line":8,"column":32}},"loc":{"start":{"line":8,"column":51},"end":{"line":46,"column":1}},"line":8},"1":{"name":"(anonymous_1)","decl":{"start":{"line":11,"column":48},"end":{"line":11,"column":49}},"loc":{"start":{"line":11,"column":54},"end":{"line":45,"column":5}},"line":11},"2":{"name":"createSkillInput","decl":{"start":{"line":49,"column":9},"end":{"line":49,"column":25}},"loc":{"start":{"line":49,"column":28},"end":{"line":171,"column":1}},"line":49},"3":{"name":"(anonymous_3)","decl":{"start":{"line":166,"column":45},"end":{"line":166,"column":46}},"loc":{"start":{"line":166,"column":51},"end":{"line":168,"column":5}},"line":166},"4":{"name":"(anonymous_4)","decl":{"start":{"line":174,"column":46},"end":{"line":174,"column":47}},"loc":{"start":{"line":174,"column":52},"end":{"line":181,"column":1}},"line":174},"5":{"name":"setupEventListeners","decl":{"start":{"line":184,"column":9},"end":{"line":184,"column":28}},"loc":{"start":{"line":184,"column":31},"end":{"line":349,"column":1}},"line":184},"6":{"name":"(anonymous_6)","decl":{"start":{"line":200,"column":42},"end":{"line":200,"column":43}},"loc":{"start":{"line":200,"column":49},"end":{"line":203,"column":9}},"line":200},"7":{"name":"(anonymous_7)","decl":{"start":{"line":208,"column":45},"end":{"line":208,"column":46}},"loc":{"start":{"line":208,"column":52},"end":{"line":214,"column":9}},"line":208},"8":{"name":"(anonymous_8)","decl":{"start":{"line":219,"column":48},"end":{"line":219,"column":49}},"loc":{"start":{"line":219,"column":55},"end":{"line":224,"column":9}},"line":219},"9":{"name":"(anonymous_9)","decl":{"start":{"line":229,"column":46},"end":{"line":229,"column":47}},"loc":{"start":{"line":229,"column":53},"end":{"line":239,"column":9}},"line":229},"10":{"name":"(anonymous_10)","decl":{"start":{"line":244,"column":43},"end":{"line":244,"column":44}},"loc":{"start":{"line":244,"column":49},"end":{"line":246,"column":9}},"line":244},"11":{"name":"(anonymous_11)","decl":{"start":{"line":251,"column":44},"end":{"line":251,"column":45}},"loc":{"start":{"line":251,"column":50},"end":{"line":253,"column":9}},"line":251},"12":{"name":"(anonymous_12)","decl":{"start":{"line":258,"column":44},"end":{"line":258,"column":45}},"loc":{"start":{"line":258,"column":57},"end":{"line":271,"column":9}},"line":258},"13":{"name":"(anonymous_13)","decl":{"start":{"line":276,"column":46},"end":{"line":276,"column":47}},"loc":{"start":{"line":276,"column":52},"end":{"line":280,"column":9}},"line":276},"14":{"name":"(anonymous_14)","decl":{"start":{"line":284,"column":39},"end":{"line":284,"column":40}},"loc":{"start":{"line":284,"column":46},"end":{"line":288,"column":5}},"line":284},"15":{"name":"(anonymous_15)","decl":{"start":{"line":293,"column":51},"end":{"line":293,"column":52}},"loc":{"start":{"line":293,"column":63},"end":{"line":299,"column":9}},"line":293},"16":{"name":"(anonymous_16)","decl":{"start":{"line":305,"column":50},"end":{"line":305,"column":51}},"loc":{"start":{"line":305,"column":56},"end":{"line":308,"column":9}},"line":305},"17":{"name":"(anonymous_17)","decl":{"start":{"line":313,"column":48},"end":{"line":313,"column":49}},"loc":{"start":{"line":313,"column":55},"end":{"line":317,"column":9}},"line":313},"18":{"name":"(anonymous_18)","decl":{"start":{"line":323,"column":44},"end":{"line":323,"column":45}},"loc":{"start":{"line":323,"column":50},"end":{"line":331,"column":9}},"line":323},"19":{"name":"(anonymous_19)","decl":{"start":{"line":337,"column":50},"end":{"line":337,"column":51}},"loc":{"start":{"line":337,"column":56},"end":{"line":339,"column":9}},"line":337},"20":{"name":"(anonymous_20)","decl":{"start":{"line":345,"column":51},"end":{"line":345,"column":52}},"loc":{"start":{"line":345,"column":57},"end":{"line":347,"column":9}},"line":345},"21":{"name":"loadCards","decl":{"start":{"line":352,"column":15},"end":{"line":352,"column":24}},"loc":{"start":{"line":352,"column":27},"end":{"line":363,"column":1}},"line":352},"22":{"name":"displayCards","decl":{"start":{"line":366,"column":9},"end":{"line":366,"column":21}},"loc":{"start":{"line":366,"column":29},"end":{"line":374,"column":1}},"line":366},"23":{"name":"(anonymous_23)","decl":{"start":{"line":370,"column":18},"end":{"line":370,"column":19}},"loc":{"start":{"line":370,"column":26},"end":{"line":373,"column":5}},"line":370},"24":{"name":"createCardElement","decl":{"start":{"line":377,"column":9},"end":{"line":377,"column":26}},"loc":{"start":{"line":377,"column":33},"end":{"line":507,"column":1}},"line":377},"25":{"name":"(anonymous_25)","decl":{"start":{"line":410,"column":40},"end":{"line":410,"column":41}},"loc":{"start":{"line":410,"column":47},"end":{"line":416,"column":5}},"line":410},"26":{"name":"(anonymous_26)","decl":{"start":{"line":419,"column":38},"end":{"line":419,"column":39}},"loc":{"start":{"line":419,"column":44},"end":{"line":423,"column":5}},"line":419},"27":{"name":"(anonymous_27)","decl":{"start":{"line":461,"column":44},"end":{"line":461,"column":45}},"loc":{"start":{"line":461,"column":53},"end":{"line":467,"column":13}},"line":461},"28":{"name":"(anonymous_28)","decl":{"start":{"line":476,"column":43},"end":{"line":476,"column":44}},"loc":{"start":{"line":476,"column":50},"end":{"line":485,"column":5}},"line":476},"29":{"name":"(anonymous_29)","decl":{"start":{"line":487,"column":43},"end":{"line":487,"column":44}},"loc":{"start":{"line":487,"column":49},"end":{"line":494,"column":5}},"line":487},"30":{"name":"(anonymous_30)","decl":{"start":{"line":490,"column":40},"end":{"line":490,"column":41}},"loc":{"start":{"line":490,"column":46},"end":{"line":492,"column":13}},"line":490},"31":{"name":"(anonymous_31)","decl":{"start":{"line":497,"column":38},"end":{"line":497,"column":39}},"loc":{"start":{"line":497,"column":44},"end":{"line":504,"column":5}},"line":497},"32":{"name":"toggleDeleteButtons","decl":{"start":{"line":510,"column":9},"end":{"line":510,"column":28}},"loc":{"start":{"line":510,"column":31},"end":{"line":515,"column":1}},"line":510},"33":{"name":"(anonymous_33)","decl":{"start":{"line":512,"column":26},"end":{"line":512,"column":27}},"loc":{"start":{"line":512,"column":33},"end":{"line":514,"column":5}},"line":512},"34":{"name":"resetForm","decl":{"start":{"line":518,"column":9},"end":{"line":518,"column":18}},"loc":{"start":{"line":518,"column":21},"end":{"line":528,"column":1}},"line":518},"35":{"name":"fillFormWithCardData","decl":{"start":{"line":531,"column":9},"end":{"line":531,"column":29}},"loc":{"start":{"line":531,"column":36},"end":{"line":665,"column":1}},"line":531},"36":{"name":"(anonymous_36)","decl":{"start":{"line":544,"column":24},"end":{"line":544,"column":25}},"loc":{"start":{"line":544,"column":33},"end":{"line":664,"column":5}},"line":544},"37":{"name":"(anonymous_37)","decl":{"start":{"line":657,"column":74},"end":{"line":657,"column":75}},"loc":{"start":{"line":657,"column":80},"end":{"line":659,"column":9}},"line":657},"38":{"name":"getFormData","decl":{"start":{"line":668,"column":9},"end":{"line":668,"column":20}},"loc":{"start":{"line":668,"column":23},"end":{"line":852,"column":1}},"line":668},"39":{"name":"(anonymous_39)","decl":{"start":{"line":722,"column":24},"end":{"line":722,"column":25}},"loc":{"start":{"line":722,"column":45},"end":{"line":836,"column":5}},"line":722},"40":{"name":"addCard","decl":{"start":{"line":855,"column":15},"end":{"line":855,"column":22}},"loc":{"start":{"line":855,"column":33},"end":{"line":876,"column":1}},"line":855},"41":{"name":"updateCard","decl":{"start":{"line":879,"column":15},"end":{"line":879,"column":25}},"loc":{"start":{"line":879,"column":36},"end":{"line":911,"column":1}},"line":879},"42":{"name":"deleteCard","decl":{"start":{"line":914,"column":15},"end":{"line":914,"column":25}},"loc":{"start":{"line":914,"column":32},"end":{"line":928,"column":1}},"line":914},"43":{"name":"searchCards","decl":{"start":{"line":931,"column":9},"end":{"line":931,"column":20}},"loc":{"start":{"line":931,"column":33},"end":{"line":951,"column":1}},"line":931},"44":{"name":"(anonymous_44)","decl":{"start":{"line":932,"column":46},"end":{"line":932,"column":47}},"loc":{"start":{"line":933,"column":8},"end":{"line":933,"column":66}},"line":933},"45":{"name":"(anonymous_45)","decl":{"start":{"line":941,"column":56},"end":{"line":941,"column":57}},"loc":{"start":{"line":941,"column":71},"end":{"line":949,"column":9}},"line":941},"46":{"name":"(anonymous_46)","decl":{"start":{"line":945,"column":60},"end":{"line":945,"column":61}},"loc":{"start":{"line":946,"column":20},"end":{"line":946,"column":61}},"line":946},"47":{"name":"showMessage","decl":{"start":{"line":954,"column":9},"end":{"line":954,"column":20}},"loc":{"start":{"line":954,"column":45},"end":{"line":963,"column":1}},"line":954},"48":{"name":"(anonymous_48)","decl":{"start":{"line":960,"column":15},"end":{"line":960,"column":16}},"loc":{"start":{"line":960,"column":21},"end":{"line":962,"column":5}},"line":960}},"branchMap":{"0":{"loc":{"start":{"line":9,"column":4},"end":{"line":9,"column":34}},"type":"if","locations":[{"start":{"line":9,"column":4},"end":{"line":9,"column":34}},{"start":{},"end":{}}],"line":9},"1":{"loc":{"start":{"line":13,"column":8},"end":{"line":13,"column":32}},"type":"if","locations":[{"start":{"line":13,"column":8},"end":{"line":13,"column":32}},{"start":{},"end":{}}],"line":13},"2":{"loc":{"start":{"line":21,"column":8},"end":{"line":21,"column":103}},"type":"if","locations":[{"start":{"line":21,"column":8},"end":{"line":21,"column":103}},{"start":{},"end":{}}],"line":21},"3":{"loc":{"start":{"line":21,"column":12},"end":{"line":21,"column":94}},"type":"binary-expr","locations":[{"start":{"line":21,"column":12},"end":{"line":21,"column":26}},{"start":{"line":21,"column":30},"end":{"line":21,"column":44}},{"start":{"line":21,"column":48},"end":{"line":21,"column":60}},{"start":{"line":21,"column":64},"end":{"line":21,"column":76}},{"start":{"line":21,"column":80},"end":{"line":21,"column":94}}],"line":21},"4":{"loc":{"start":{"line":29,"column":8},"end":{"line":44,"column":9}},"type":"switch","locations":[{"start":{"line":30,"column":12},"end":{"line":32,"column":22}},{"start":{"line":33,"column":12},"end":{"line":35,"column":22}},{"start":{"line":36,"column":12},"end":{"line":38,"column":22}},{"start":{"line":39,"column":12},"end":{"line":41,"column":22}},{"start":{"line":42,"column":12},"end":{"line":43,"column":53}}],"line":29},"5":{"loc":{"start":{"line":199,"column":4},"end":{"line":204,"column":5}},"type":"if","locations":[{"start":{"line":199,"column":4},"end":{"line":204,"column":5}},{"start":{},"end":{}}],"line":199},"6":{"loc":{"start":{"line":202,"column":44},"end":{"line":202,"column":104}},"type":"cond-expr","locations":[{"start":{"line":202,"column":88},"end":{"line":202,"column":94}},{"start":{"line":202,"column":97},"end":{"line":202,"column":104}}],"line":202},"7":{"loc":{"start":{"line":207,"column":4},"end":{"line":215,"column":5}},"type":"if","locations":[{"start":{"line":207,"column":4},"end":{"line":215,"column":5}},{"start":{},"end":{}}],"line":207},"8":{"loc":{"start":{"line":218,"column":4},"end":{"line":225,"column":5}},"type":"if","locations":[{"start":{"line":218,"column":4},"end":{"line":225,"column":5}},{"start":{},"end":{}}],"line":218},"9":{"loc":{"start":{"line":228,"column":4},"end":{"line":240,"column":5}},"type":"if","locations":[{"start":{"line":228,"column":4},"end":{"line":240,"column":5}},{"start":{},"end":{}}],"line":228},"10":{"loc":{"start":{"line":232,"column":12},"end":{"line":235,"column":13}},"type":"if","locations":[{"start":{"line":232,"column":12},"end":{"line":235,"column":13}},{"start":{},"end":{}}],"line":232},"11":{"loc":{"start":{"line":243,"column":4},"end":{"line":247,"column":5}},"type":"if","locations":[{"start":{"line":243,"column":4},"end":{"line":247,"column":5}},{"start":{},"end":{}}],"line":243},"12":{"loc":{"start":{"line":250,"column":4},"end":{"line":254,"column":5}},"type":"if","locations":[{"start":{"line":250,"column":4},"end":{"line":254,"column":5}},{"start":{},"end":{}}],"line":250},"13":{"loc":{"start":{"line":257,"column":4},"end":{"line":272,"column":5}},"type":"if","locations":[{"start":{"line":257,"column":4},"end":{"line":272,"column":5}},{"start":{},"end":{}}],"line":257},"14":{"loc":{"start":{"line":262,"column":16},"end":{"line":266,"column":17}},"type":"if","locations":[{"start":{"line":262,"column":16},"end":{"line":266,"column":17}},{"start":{"line":264,"column":23},"end":{"line":266,"column":17}}],"line":262},"15":{"loc":{"start":{"line":275,"column":4},"end":{"line":281,"column":5}},"type":"if","locations":[{"start":{"line":275,"column":4},"end":{"line":281,"column":5}},{"start":{},"end":{}}],"line":275},"16":{"loc":{"start":{"line":285,"column":8},"end":{"line":287,"column":9}},"type":"if","locations":[{"start":{"line":285,"column":8},"end":{"line":287,"column":9}},{"start":{},"end":{}}],"line":285},"17":{"loc":{"start":{"line":292,"column":4},"end":{"line":300,"column":5}},"type":"if","locations":[{"start":{"line":292,"column":4},"end":{"line":300,"column":5}},{"start":{},"end":{}}],"line":292},"18":{"loc":{"start":{"line":294,"column":12},"end":{"line":298,"column":13}},"type":"if","locations":[{"start":{"line":294,"column":12},"end":{"line":298,"column":13}},{"start":{},"end":{}}],"line":294},"19":{"loc":{"start":{"line":304,"column":4},"end":{"line":309,"column":5}},"type":"if","locations":[{"start":{"line":304,"column":4},"end":{"line":309,"column":5}},{"start":{},"end":{}}],"line":304},"20":{"loc":{"start":{"line":312,"column":4},"end":{"line":318,"column":5}},"type":"if","locations":[{"start":{"line":312,"column":4},"end":{"line":318,"column":5}},{"start":{},"end":{}}],"line":312},"21":{"loc":{"start":{"line":322,"column":4},"end":{"line":332,"column":5}},"type":"if","locations":[{"start":{"line":322,"column":4},"end":{"line":332,"column":5}},{"start":{},"end":{}}],"line":322},"22":{"loc":{"start":{"line":325,"column":12},"end":{"line":330,"column":13}},"type":"if","locations":[{"start":{"line":325,"column":12},"end":{"line":330,"column":13}},{"start":{"line":328,"column":19},"end":{"line":330,"column":13}}],"line":325},"23":{"loc":{"start":{"line":336,"column":4},"end":{"line":340,"column":5}},"type":"if","locations":[{"start":{"line":336,"column":4},"end":{"line":340,"column":5}},{"start":{},"end":{}}],"line":336},"24":{"loc":{"start":{"line":344,"column":4},"end":{"line":348,"column":5}},"type":"if","locations":[{"start":{"line":344,"column":4},"end":{"line":348,"column":5}},{"start":{},"end":{}}],"line":344},"25":{"loc":{"start":{"line":355,"column":8},"end":{"line":355,"column":52}},"type":"if","locations":[{"start":{"line":355,"column":8},"end":{"line":355,"column":52}},{"start":{},"end":{}}],"line":355},"26":{"loc":{"start":{"line":357,"column":23},"end":{"line":357,"column":39}},"type":"binary-expr","locations":[{"start":{"line":357,"column":23},"end":{"line":357,"column":33}},{"start":{"line":357,"column":37},"end":{"line":357,"column":39}}],"line":357},"27":{"loc":{"start":{"line":384,"column":44},"end":{"line":384,"column":61}},"type":"binary-expr","locations":[{"start":{"line":384,"column":44},"end":{"line":384,"column":55}},{"start":{"line":384,"column":59},"end":{"line":384,"column":61}}],"line":384},"28":{"loc":{"start":{"line":412,"column":8},"end":{"line":415,"column":9}},"type":"if","locations":[{"start":{"line":412,"column":8},"end":{"line":415,"column":9}},{"start":{},"end":{}}],"line":412},"29":{"loc":{"start":{"line":420,"column":8},"end":{"line":422,"column":9}},"type":"if","locations":[{"start":{"line":420,"column":8},"end":{"line":422,"column":9}},{"start":{},"end":{}}],"line":420},"30":{"loc":{"start":{"line":461,"column":14},"end":{"line":467,"column":28}},"type":"cond-expr","locations":[{"start":{"line":461,"column":28},"end":{"line":467,"column":23}},{"start":{"line":467,"column":26},"end":{"line":467,"column":28}}],"line":461},"31":{"loc":{"start":{"line":480,"column":8},"end":{"line":484,"column":9}},"type":"if","locations":[{"start":{"line":480,"column":8},"end":{"line":484,"column":9}},{"start":{},"end":{}}],"line":480},"32":{"loc":{"start":{"line":489,"column":8},"end":{"line":493,"column":9}},"type":"if","locations":[{"start":{"line":489,"column":8},"end":{"line":493,"column":9}},{"start":{},"end":{}}],"line":489},"33":{"loc":{"start":{"line":499,"column":8},"end":{"line":503,"column":9}},"type":"if","locations":[{"start":{"line":499,"column":8},"end":{"line":503,"column":9}},{"start":{},"end":{}}],"line":499},"34":{"loc":{"start":{"line":499,"column":12},"end":{"line":499,"column":56}},"type":"binary-expr","locations":[{"start":{"line":499,"column":12},"end":{"line":499,"column":19}},{"start":{"line":499,"column":23},"end":{"line":499,"column":56}}],"line":499},"35":{"loc":{"start":{"line":513,"column":28},"end":{"line":513,"column":58}},"type":"cond-expr","locations":[{"start":{"line":513,"column":43},"end":{"line":513,"column":49}},{"start":{"line":513,"column":52},"end":{"line":513,"column":58}}],"line":513},"36":{"loc":{"start":{"line":555,"column":112},"end":{"line":555,"column":137}},"type":"binary-expr","locations":[{"start":{"line":555,"column":112},"end":{"line":555,"column":131}},{"start":{"line":555,"column":135},"end":{"line":555,"column":137}}],"line":555},"37":{"loc":{"start":{"line":562,"column":49},"end":{"line":562,"column":86}},"type":"cond-expr","locations":[{"start":{"line":562,"column":71},"end":{"line":562,"column":81}},{"start":{"line":562,"column":84},"end":{"line":562,"column":86}}],"line":562},"38":{"loc":{"start":{"line":563,"column":47},"end":{"line":563,"column":82}},"type":"cond-expr","locations":[{"start":{"line":563,"column":67},"end":{"line":563,"column":77}},{"start":{"line":563,"column":80},"end":{"line":563,"column":82}}],"line":563},"39":{"loc":{"start":{"line":564,"column":47},"end":{"line":564,"column":82}},"type":"cond-expr","locations":[{"start":{"line":564,"column":67},"end":{"line":564,"column":77}},{"start":{"line":564,"column":80},"end":{"line":564,"column":82}}],"line":564},"40":{"loc":{"start":{"line":565,"column":49},"end":{"line":565,"column":86}},"type":"cond-expr","locations":[{"start":{"line":565,"column":71},"end":{"line":565,"column":81}},{"start":{"line":565,"column":84},"end":{"line":565,"column":86}}],"line":565},"41":{"loc":{"start":{"line":569,"column":62},"end":{"line":569,"column":93}},"type":"cond-expr","locations":[{"start":{"line":569,"column":77},"end":{"line":569,"column":84}},{"start":{"line":569,"column":87},"end":{"line":569,"column":93}}],"line":569},"42":{"loc":{"start":{"line":571,"column":56},"end":{"line":571,"column":91}},"type":"cond-expr","locations":[{"start":{"line":571,"column":78},"end":{"line":571,"column":86}},{"start":{"line":571,"column":89},"end":{"line":571,"column":91}}],"line":571},"43":{"loc":{"start":{"line":574,"column":72},"end":{"line":574,"column":105}},"type":"cond-expr","locations":[{"start":{"line":574,"column":91},"end":{"line":574,"column":100}},{"start":{"line":574,"column":103},"end":{"line":574,"column":105}}],"line":574},"44":{"loc":{"start":{"line":578,"column":121},"end":{"line":578,"column":149}},"type":"binary-expr","locations":[{"start":{"line":578,"column":121},"end":{"line":578,"column":143}},{"start":{"line":578,"column":147},"end":{"line":578,"column":149}}],"line":578},"45":{"loc":{"start":{"line":582,"column":122},"end":{"line":582,"column":151}},"type":"binary-expr","locations":[{"start":{"line":582,"column":122},"end":{"line":582,"column":145}},{"start":{"line":582,"column":149},"end":{"line":582,"column":151}}],"line":582},"46":{"loc":{"start":{"line":587,"column":54},"end":{"line":587,"column":87}},"type":"cond-expr","locations":[{"start":{"line":587,"column":74},"end":{"line":587,"column":82}},{"start":{"line":587,"column":85},"end":{"line":587,"column":87}}],"line":587},"47":{"loc":{"start":{"line":590,"column":116},"end":{"line":590,"column":139}},"type":"binary-expr","locations":[{"start":{"line":590,"column":116},"end":{"line":590,"column":133}},{"start":{"line":590,"column":137},"end":{"line":590,"column":139}}],"line":590},"48":{"loc":{"start":{"line":594,"column":77},"end":{"line":594,"column":110}},"type":"cond-expr","locations":[{"start":{"line":594,"column":96},"end":{"line":594,"column":105}},{"start":{"line":594,"column":108},"end":{"line":594,"column":110}}],"line":594},"49":{"loc":{"start":{"line":599,"column":54},"end":{"line":599,"column":87}},"type":"cond-expr","locations":[{"start":{"line":599,"column":74},"end":{"line":599,"column":82}},{"start":{"line":599,"column":85},"end":{"line":599,"column":87}}],"line":599},"50":{"loc":{"start":{"line":603,"column":58},"end":{"line":603,"column":102}},"type":"cond-expr","locations":[{"start":{"line":603,"column":87},"end":{"line":603,"column":97}},{"start":{"line":603,"column":100},"end":{"line":603,"column":102}}],"line":603},"51":{"loc":{"start":{"line":604,"column":61},"end":{"line":604,"column":108}},"type":"cond-expr","locations":[{"start":{"line":604,"column":93},"end":{"line":604,"column":103}},{"start":{"line":604,"column":106},"end":{"line":604,"column":108}}],"line":604},"52":{"loc":{"start":{"line":605,"column":57},"end":{"line":605,"column":100}},"type":"cond-expr","locations":[{"start":{"line":605,"column":85},"end":{"line":605,"column":95}},{"start":{"line":605,"column":98},"end":{"line":605,"column":100}}],"line":605},"53":{"loc":{"start":{"line":606,"column":65},"end":{"line":606,"column":116}},"type":"cond-expr","locations":[{"start":{"line":606,"column":101},"end":{"line":606,"column":111}},{"start":{"line":606,"column":114},"end":{"line":606,"column":116}}],"line":606},"54":{"loc":{"start":{"line":611,"column":94},"end":{"line":611,"column":154}},"type":"cond-expr","locations":[{"start":{"line":611,"column":114},"end":{"line":611,"column":149}},{"start":{"line":611,"column":152},"end":{"line":611,"column":154}}],"line":611},"55":{"loc":{"start":{"line":615,"column":106},"end":{"line":615,"column":139}},"type":"binary-expr","locations":[{"start":{"line":615,"column":106},"end":{"line":615,"column":133}},{"start":{"line":615,"column":137},"end":{"line":615,"column":139}}],"line":615},"56":{"loc":{"start":{"line":619,"column":70},"end":{"line":619,"column":103}},"type":"cond-expr","locations":[{"start":{"line":619,"column":89},"end":{"line":619,"column":98}},{"start":{"line":619,"column":101},"end":{"line":619,"column":103}}],"line":619},"57":{"loc":{"start":{"line":624,"column":56},"end":{"line":624,"column":91}},"type":"cond-expr","locations":[{"start":{"line":624,"column":78},"end":{"line":624,"column":86}},{"start":{"line":624,"column":89},"end":{"line":624,"column":91}}],"line":624},"58":{"loc":{"start":{"line":628,"column":56},"end":{"line":628,"column":100}},"type":"cond-expr","locations":[{"start":{"line":628,"column":85},"end":{"line":628,"column":95}},{"start":{"line":628,"column":98},"end":{"line":628,"column":100}}],"line":628},"59":{"loc":{"start":{"line":629,"column":57},"end":{"line":629,"column":102}},"type":"cond-expr","locations":[{"start":{"line":629,"column":87},"end":{"line":629,"column":97}},{"start":{"line":629,"column":100},"end":{"line":629,"column":102}}],"line":629},"60":{"loc":{"start":{"line":630,"column":60},"end":{"line":630,"column":108}},"type":"cond-expr","locations":[{"start":{"line":630,"column":93},"end":{"line":630,"column":103}},{"start":{"line":630,"column":106},"end":{"line":630,"column":108}}],"line":630},"61":{"loc":{"start":{"line":635,"column":96},"end":{"line":635,"column":160}},"type":"cond-expr","locations":[{"start":{"line":635,"column":118},"end":{"line":635,"column":155}},{"start":{"line":635,"column":158},"end":{"line":635,"column":160}}],"line":635},"62":{"loc":{"start":{"line":639,"column":108},"end":{"line":639,"column":143}},"type":"binary-expr","locations":[{"start":{"line":639,"column":108},"end":{"line":639,"column":137}},{"start":{"line":639,"column":141},"end":{"line":639,"column":143}}],"line":639},"63":{"loc":{"start":{"line":643,"column":123},"end":{"line":643,"column":161}},"type":"binary-expr","locations":[{"start":{"line":643,"column":123},"end":{"line":643,"column":155}},{"start":{"line":643,"column":159},"end":{"line":643,"column":161}}],"line":643},"64":{"loc":{"start":{"line":647,"column":72},"end":{"line":647,"column":105}},"type":"cond-expr","locations":[{"start":{"line":647,"column":91},"end":{"line":647,"column":100}},{"start":{"line":647,"column":103},"end":{"line":647,"column":105}}],"line":647},"65":{"loc":{"start":{"line":671,"column":4},"end":{"line":673,"column":5}},"type":"if","locations":[{"start":{"line":671,"column":4},"end":{"line":673,"column":5}},{"start":{},"end":{}}],"line":671},"66":{"loc":{"start":{"line":674,"column":4},"end":{"line":676,"column":5}},"type":"if","locations":[{"start":{"line":674,"column":4},"end":{"line":676,"column":5}},{"start":{},"end":{}}],"line":674},"67":{"loc":{"start":{"line":679,"column":4},"end":{"line":681,"column":5}},"type":"if","locations":[{"start":{"line":679,"column":4},"end":{"line":681,"column":5}},{"start":{},"end":{}}],"line":679},"68":{"loc":{"start":{"line":704,"column":8},"end":{"line":706,"column":9}},"type":"if","locations":[{"start":{"line":704,"column":8},"end":{"line":706,"column":9}},{"start":{},"end":{}}],"line":704},"69":{"loc":{"start":{"line":707,"column":8},"end":{"line":709,"column":9}},"type":"if","locations":[{"start":{"line":707,"column":8},"end":{"line":709,"column":9}},{"start":{},"end":{}}],"line":707},"70":{"loc":{"start":{"line":707,"column":12},"end":{"line":707,"column":74}},"type":"binary-expr","locations":[{"start":{"line":707,"column":12},"end":{"line":707,"column":41}},{"start":{"line":707,"column":45},"end":{"line":707,"column":74}}],"line":707},"71":{"loc":{"start":{"line":715,"column":4},"end":{"line":717,"column":5}},"type":"if","locations":[{"start":{"line":715,"column":4},"end":{"line":717,"column":5}},{"start":{},"end":{}}],"line":715},"72":{"loc":{"start":{"line":718,"column":4},"end":{"line":720,"column":5}},"type":"if","locations":[{"start":{"line":718,"column":4},"end":{"line":720,"column":5}},{"start":{},"end":{}}],"line":718},"73":{"loc":{"start":{"line":730,"column":8},"end":{"line":732,"column":9}},"type":"if","locations":[{"start":{"line":730,"column":8},"end":{"line":732,"column":9}},{"start":{},"end":{}}],"line":730},"74":{"loc":{"start":{"line":733,"column":8},"end":{"line":735,"column":9}},"type":"if","locations":[{"start":{"line":733,"column":8},"end":{"line":735,"column":9}},{"start":{},"end":{}}],"line":733},"75":{"loc":{"start":{"line":736,"column":8},"end":{"line":738,"column":9}},"type":"if","locations":[{"start":{"line":736,"column":8},"end":{"line":738,"column":9}},{"start":{},"end":{}}],"line":736},"76":{"loc":{"start":{"line":736,"column":12},"end":{"line":736,"column":63}},"type":"binary-expr","locations":[{"start":{"line":736,"column":12},"end":{"line":736,"column":28}},{"start":{"line":736,"column":32},"end":{"line":736,"column":45}},{"start":{"line":736,"column":49},"end":{"line":736,"column":63}}],"line":736},"77":{"loc":{"start":{"line":739,"column":8},"end":{"line":741,"column":9}},"type":"if","locations":[{"start":{"line":739,"column":8},"end":{"line":741,"column":9}},{"start":{},"end":{}}],"line":739},"78":{"loc":{"start":{"line":742,"column":8},"end":{"line":744,"column":9}},"type":"if","locations":[{"start":{"line":742,"column":8},"end":{"line":744,"column":9}},{"start":{},"end":{}}],"line":742},"79":{"loc":{"start":{"line":747,"column":8},"end":{"line":749,"column":9}},"type":"if","locations":[{"start":{"line":747,"column":8},"end":{"line":749,"column":9}},{"start":{},"end":{}}],"line":747},"80":{"loc":{"start":{"line":753,"column":8},"end":{"line":828,"column":9}},"type":"if","locations":[{"start":{"line":753,"column":8},"end":{"line":828,"column":9}},{"start":{"line":777,"column":15},"end":{"line":828,"column":9}}],"line":753},"81":{"loc":{"start":{"line":754,"column":12},"end":{"line":756,"column":13}},"type":"if","locations":[{"start":{"line":754,"column":12},"end":{"line":756,"column":13}},{"start":{},"end":{}}],"line":754},"82":{"loc":{"start":{"line":754,"column":16},"end":{"line":754,"column":56}},"type":"binary-expr","locations":[{"start":{"line":754,"column":16},"end":{"line":754,"column":35}},{"start":{"line":754,"column":39},"end":{"line":754,"column":56}}],"line":754},"83":{"loc":{"start":{"line":760,"column":12},"end":{"line":760,"column":41}},"type":"if","locations":[{"start":{"line":760,"column":12},"end":{"line":760,"column":41}},{"start":{},"end":{}}],"line":760},"84":{"loc":{"start":{"line":763,"column":12},"end":{"line":768,"column":13}},"type":"if","locations":[{"start":{"line":763,"column":12},"end":{"line":768,"column":13}},{"start":{},"end":{}}],"line":763},"85":{"loc":{"start":{"line":764,"column":16},"end":{"line":766,"column":17}},"type":"if","locations":[{"start":{"line":764,"column":16},"end":{"line":766,"column":17}},{"start":{},"end":{}}],"line":764},"86":{"loc":{"start":{"line":764,"column":20},"end":{"line":764,"column":50}},"type":"binary-expr","locations":[{"start":{"line":764,"column":20},"end":{"line":764,"column":32}},{"start":{"line":764,"column":36},"end":{"line":764,"column":50}}],"line":764},"87":{"loc":{"start":{"line":771,"column":12},"end":{"line":776,"column":13}},"type":"if","locations":[{"start":{"line":771,"column":12},"end":{"line":776,"column":13}},{"start":{},"end":{}}],"line":771},"88":{"loc":{"start":{"line":772,"column":16},"end":{"line":774,"column":17}},"type":"if","locations":[{"start":{"line":772,"column":16},"end":{"line":774,"column":17}},{"start":{},"end":{}}],"line":772},"89":{"loc":{"start":{"line":772,"column":20},"end":{"line":772,"column":52}},"type":"binary-expr","locations":[{"start":{"line":772,"column":20},"end":{"line":772,"column":33}},{"start":{"line":772,"column":37},"end":{"line":772,"column":52}}],"line":772},"90":{"loc":{"start":{"line":777,"column":15},"end":{"line":828,"column":9}},"type":"if","locations":[{"start":{"line":777,"column":15},"end":{"line":828,"column":9}},{"start":{"line":787,"column":15},"end":{"line":828,"column":9}}],"line":777},"91":{"loc":{"start":{"line":781,"column":12},"end":{"line":783,"column":13}},"type":"if","locations":[{"start":{"line":781,"column":12},"end":{"line":783,"column":13}},{"start":{},"end":{}}],"line":781},"92":{"loc":{"start":{"line":781,"column":16},"end":{"line":781,"column":50}},"type":"binary-expr","locations":[{"start":{"line":781,"column":16},"end":{"line":781,"column":32}},{"start":{"line":781,"column":36},"end":{"line":781,"column":50}}],"line":781},"93":{"loc":{"start":{"line":786,"column":12},"end":{"line":786,"column":41}},"type":"if","locations":[{"start":{"line":786,"column":12},"end":{"line":786,"column":41}},{"start":{},"end":{}}],"line":786},"94":{"loc":{"start":{"line":787,"column":15},"end":{"line":828,"column":9}},"type":"if","locations":[{"start":{"line":787,"column":15},"end":{"line":828,"column":9}},{"start":{"line":805,"column":15},"end":{"line":828,"column":9}}],"line":787},"95":{"loc":{"start":{"line":793,"column":12},"end":{"line":795,"column":13}},"type":"if","locations":[{"start":{"line":793,"column":12},"end":{"line":795,"column":13}},{"start":{},"end":{}}],"line":793},"96":{"loc":{"start":{"line":796,"column":12},"end":{"line":798,"column":13}},"type":"if","locations":[{"start":{"line":796,"column":12},"end":{"line":798,"column":13}},{"start":{},"end":{}}],"line":796},"97":{"loc":{"start":{"line":796,"column":16},"end":{"line":796,"column":55}},"type":"binary-expr","locations":[{"start":{"line":796,"column":16},"end":{"line":796,"column":35}},{"start":{"line":796,"column":39},"end":{"line":796,"column":55}}],"line":796},"98":{"loc":{"start":{"line":804,"column":12},"end":{"line":804,"column":41}},"type":"if","locations":[{"start":{"line":804,"column":12},"end":{"line":804,"column":41}},{"start":{},"end":{}}],"line":804},"99":{"loc":{"start":{"line":805,"column":15},"end":{"line":828,"column":9}},"type":"if","locations":[{"start":{"line":805,"column":15},"end":{"line":828,"column":9}},{"start":{},"end":{}}],"line":805},"100":{"loc":{"start":{"line":812,"column":12},"end":{"line":814,"column":13}},"type":"if","locations":[{"start":{"line":812,"column":12},"end":{"line":814,"column":13}},{"start":{},"end":{}}],"line":812},"101":{"loc":{"start":{"line":815,"column":12},"end":{"line":817,"column":13}},"type":"if","locations":[{"start":{"line":815,"column":12},"end":{"line":817,"column":13}},{"start":{},"end":{}}],"line":815},"102":{"loc":{"start":{"line":815,"column":16},"end":{"line":815,"column":59}},"type":"binary-expr","locations":[{"start":{"line":815,"column":16},"end":{"line":815,"column":37}},{"start":{"line":815,"column":41},"end":{"line":815,"column":59}}],"line":815},"103":{"loc":{"start":{"line":818,"column":12},"end":{"line":820,"column":13}},"type":"if","locations":[{"start":{"line":818,"column":12},"end":{"line":820,"column":13}},{"start":{},"end":{}}],"line":818},"104":{"loc":{"start":{"line":818,"column":16},"end":{"line":818,"column":92}},"type":"binary-expr","locations":[{"start":{"line":818,"column":16},"end":{"line":818,"column":40}},{"start":{"line":818,"column":44},"end":{"line":818,"column":65}},{"start":{"line":818,"column":69},"end":{"line":818,"column":92}}],"line":818},"105":{"loc":{"start":{"line":827,"column":12},"end":{"line":827,"column":41}},"type":"if","locations":[{"start":{"line":827,"column":12},"end":{"line":827,"column":41}},{"start":{},"end":{}}],"line":827},"106":{"loc":{"start":{"line":847,"column":4},"end":{"line":849,"column":5}},"type":"if","locations":[{"start":{"line":847,"column":4},"end":{"line":849,"column":5}},{"start":{},"end":{}}],"line":847},"107":{"loc":{"start":{"line":865,"column":8},"end":{"line":868,"column":9}},"type":"if","locations":[{"start":{"line":865,"column":8},"end":{"line":868,"column":9}},{"start":{},"end":{}}],"line":865},"108":{"loc":{"start":{"line":867,"column":28},"end":{"line":867,"column":57}},"type":"binary-expr","locations":[{"start":{"line":867,"column":28},"end":{"line":867,"column":45}},{"start":{"line":867,"column":49},"end":{"line":867,"column":57}}],"line":867},"109":{"loc":{"start":{"line":881,"column":8},"end":{"line":883,"column":9}},"type":"if","locations":[{"start":{"line":881,"column":8},"end":{"line":883,"column":9}},{"start":{},"end":{}}],"line":881},"110":{"loc":{"start":{"line":893,"column":8},"end":{"line":896,"column":9}},"type":"if","locations":[{"start":{"line":893,"column":8},"end":{"line":896,"column":9}},{"start":{},"end":{}}],"line":893},"111":{"loc":{"start":{"line":895,"column":28},"end":{"line":895,"column":55}},"type":"binary-expr","locations":[{"start":{"line":895,"column":28},"end":{"line":895,"column":43}},{"start":{"line":895,"column":47},"end":{"line":895,"column":55}}],"line":895},"112":{"loc":{"start":{"line":899,"column":8},"end":{"line":905,"column":9}},"type":"if","locations":[{"start":{"line":899,"column":8},"end":{"line":905,"column":9}},{"start":{"line":902,"column":15},"end":{"line":905,"column":9}}],"line":899},"113":{"loc":{"start":{"line":903,"column":24},"end":{"line":903,"column":46}},"type":"binary-expr","locations":[{"start":{"line":903,"column":24},"end":{"line":903,"column":34}},{"start":{"line":903,"column":38},"end":{"line":903,"column":46}}],"line":903},"114":{"loc":{"start":{"line":920,"column":8},"end":{"line":920,"column":52}},"type":"if","locations":[{"start":{"line":920,"column":8},"end":{"line":920,"column":52}},{"start":{},"end":{}}],"line":920},"115":{"loc":{"start":{"line":936,"column":4},"end":{"line":950,"column":5}},"type":"if","locations":[{"start":{"line":936,"column":4},"end":{"line":950,"column":5}},{"start":{"line":938,"column":11},"end":{"line":950,"column":5}}],"line":936},"116":{"loc":{"start":{"line":943,"column":12},"end":{"line":948,"column":13}},"type":"if","locations":[{"start":{"line":943,"column":12},"end":{"line":948,"column":13}},{"start":{},"end":{}}],"line":943},"117":{"loc":{"start":{"line":954,"column":30},"end":{"line":954,"column":43}},"type":"default-arg","locations":[{"start":{"line":954,"column":37},"end":{"line":954,"column":43}}],"line":954}},"s":{"0":0,"1":0,"2":0,"3":0,"4":0,"5":0,"6":0,"7":0,"8":0,"9":0,"10":0,"11":0,"12":0,"13":0,"14":0,"15":0,"16":0,"17":0,"18":0,"19":0,"20":0,"21":0,"22":0,"23":0,"24":0,"25":0,"26":0,"27":0,"28":0,"29":0,"30":0,"31":0,"32":0,"33":0,"34":0,"35":0,"36":0,"37":0,"38":0,"39":0,"40":0,"41":0,"42":0,"43":0,"44":0,"45":0,"46":0,"47":0,"48":0,"49":0,"50":0,"51":0,"52":0,"53":0,"54":0,"55":0,"56":0,"57":0,"58":0,"59":0,"60":0,"61":0,"62":0,"63":0,"64":0,"65":0,"66":0,"67":0,"68":0,"69":0,"70":0,"71":0,"72":0,"73":0,"74":0,"75":0,"76":0,"77":0,"78":0,"79":0,"80":0,"81":0,"82":0,"83":0,"84":0,"85":0,"86":0,"87":0,"88":0,"89":0,"90":0,"91":0,"92":0,"93":0,"94":0,"95":0,"96":0,"97":0,"98":0,"99":0,"100":0,"101":0,"102":0,"103":0,"104":0,"105":0,"106":0,"107":0,"108":0,"109":0,"110":0,"111":0,"112":0,"113":0,"114":0,"115":0,"116":0,"117":0,"118":0,"119":0,"120":0,"121":0,"122":0,"123":0,"124":0,"125":0,"126":0,"127":0,"128":0,"129":0,"130":0,"131":0,"132":0,"133":0,"134":0,"135":0,"136":0,"137":0,"138":0,"139":0,"140":0,"141":0,"142":0,"143":0,"144":0,"145":0,"146":0,"147":0,"148":0,"149":0,"150":0,"151":0,"152":0,"153":0,"154":0,"155":0,"156":0,"157":0,"158":0,"159":0,"160":0,"161":0,"162":0,"163":0,"164":0,"165":0,"166":0,"167":0,"168":0,"169":0,"170":0,"171":0,"172":0,"173":0,"174":0,"175":0,"176":0,"177":0,"178":0,"179":0,"180":0,"181":0,"182":0,"183":0,"184":0,"185":0,"186":0,"187":0,"188":0,"189":0,"190":0,"191":0,"192":0,"193":0,"194":0,"195":0,"196":0,"197":0,"198":0,"199":0,"200":0,"201":0,"202":0,"203":0,"204":0,"205":0,"206":0,"207":0,"208":0,"209":0,"210":0,"211":0,"212":0,"213":0,"214":0,"215":0,"216":0,"217":0,"218":0,"219":0,"220":0,"221":0,"222":0,"223":0,"224":0,"225":0,"226":0,"227":0,"228":0,"229":0,"230":0,"231":0,"232":0,"233":0,"234":0,"235":0,"236":0,"237":0,"238":0,"239":0,"240":0,"241":0,"242":0,"243":0,"244":0,"245":0,"246":0,"247":0,"248":0,"249":0,"250":0,"251":0,"252":0,"253":0,"254":0,"255":0,"256":0,"257":0,"258":0,"259":0,"260":0,"261":0,"262":0,"263":0,"264":0,"265":0,"266":0,"267":0,"268":0,"269":0,"270":0,"271":0,"272":0,"273":0,"274":0,"275":0,"276":0,"277":0,"278":0,"279":0,"280":0,"281":0,"282":0,"283":0,"284":0,"285":0,"286":0,"287":0,"288":0,"289":0,"290":0,"291":0,"292":0,"293":0,"294":0,"295":0,"296":0,"297":0,"298":0,"299":0,"300":0,"301":0,"302":0,"303":0,"304":0,"305":0,"306":0,"307":0,"308":0,"309":0,"310":0,"311":0,"312":0,"313":0,"314":0,"315":0,"316":0,"317":0,"318":0,"319":0,"320":0,"321":0,"322":0,"323":0,"324":0,"325":0,"326":0,"327":0,"328":0,"329":0,"330":0,"331":0,"332":0,"333":0,"334":0,"335":0,"336":0,"337":0,"338":0,"339":0,"340":0,"341":0,"342":0,"343":0,"344":0,"345":0,"346":0,"347":0,"348":0,"349":0,"350":0,"351":0,"352":0,"353":0,"354":0,"355":0,"356":0,"357":0,"358":0,"359":0,"360":0,"361":0,"362":0,"363":0,"364":0,"365":0,"366":0,"367":0,"368":0,"369":0,"370":0,"371":0,"372":0,"373":0},"f":{"0":0,"1":0,"2":0,"3":0,"4":0,"5":0,"6":0,"7":0,"8":0,"9":0,"10":0,"11":0,"12":0,"13":0,"14":0,"15":0,"16":0,"17":0,"18":0,"19":0,"20":0,"21":0,"22":0,"23":0,"24":0,"25":0,"26":0,"27":0,"28":0,"29":0,"30":0,"31":0,"32":0,"33":0,"34":0,"35":0,"36":0,"37":0,"38":0,"39":0,"40":0,"41":0,"42":0,"43":0,"44":0,"45":0,"46":0,"47":0,"48":0},"b":{"0":[0,0],"1":[0,0],"2":[0,0],"3":[0,0,0,0,0],"4":[0,0,0,0,0],"5":[0,0],"6":[0,0],"7":[0,0],"8":[0,0],"9":[0,0],"10":[0,0],"11":[0,0],"12":[0,0],"13":[0,0],"14":[0,0],"15":[0,0],"16":[0,0],"17":[0,0],"18":[0,0],"19":[0,0],"20":[0,0],"21":[0,0],"22":[0,0],"23":[0,0],"24":[0,0],"25":[0,0],"26":[0,0],"27":[0,0],"28":[0,0],"29":[0,0],"30":[0,0],"31":[0,0],"32":[0,0],"33":[0,0],"34":[0,0],"35":[0,0],"36":[0,0],"37":[0,0],"38":[0,0],"39":[0,0],"40":[0,0],"41":[0,0],"42":[0,0],"43":[0,0],"44":[0,0],"45":[0,0],"46":[0,0],"47":[0,0],"48":[0,0],"49":[0,0],"50":[0,0],"51":[0,0],"52":[0,0],"53":[0,0],"54":[0,0],"55":[0,0],"56":[0,0],"57":[0,0],"58":[0,0],"59":[0,0],"60":[0,0],"61":[0,0],"62":[0,0],"63":[0,0],"64":[0,0],"65":[0,0],"66":[0,0],"67":[0,0],"68":[0,0],"69":[0,0],"70":[0,0],"71":[0,0],"72":[0,0],"73":[0,0],"74":[0,0],"75":[0,0],"76":[0,0,0],"77":[0,0],"78":[0,0],"79":[0,0],"80":[0,0],"81":[0,0],"82":[0,0],"83":[0,0],"84":[0,0],"85":[0,0],"86":[0,0],"87":[0,0],"88":[0,0],"89":[0,0],"90":[0,0],"91":[0,0],"92":[0,0],"93":[0,0],"94":[0,0],"95":[0,0],"96":[0,0],"97":[0,0],"98":[0,0],"99":[0,0],"100":[0,0],"101":[0,0],"102":[0,0],"103":[0,0],"104":[0,0,0],"105":[0,0],"106":[0,0],"107":[0,0],"108":[0,0],"109":[0,0],"110":[0,0],"111":[0,0],"112":[0,0],"113":[0,0],"114":[0,0],"115":[0,0],"116":[0,0],"117":[0]}}
,"D:\\Github_Code\\CardGame\\static\\js\\deck.js": {"path":"D:\\Github_Code\\CardGame\\static\\js\\deck.js","statementMap":{"0":{"start":{"line":2,"column":18},"end":{"line":5,"column":1}},"1":{"start":{"line":8,"column":17},"end":{"line":8,"column":19}},"2":{"start":{"line":11,"column":0},"end":{"line":15,"column":3}},"3":{"start":{"line":12,"column":4},"end":{"line":12,"column":28}},"4":{"start":{"line":13,"column":4},"end":{"line":13,"column":25}},"5":{"start":{"line":14,"column":4},"end":{"line":14,"column":21}},"6":{"start":{"line":19,"column":22},"end":{"line":19,"column":58}},"7":{"start":{"line":20,"column":4},"end":{"line":20,"column":29}},"8":{"start":{"line":23,"column":4},"end":{"line":29,"column":5}},"9":{"start":{"line":23,"column":17},"end":{"line":23,"column":18}},"10":{"start":{"line":24,"column":21},"end":{"line":24,"column":50}},"11":{"start":{"line":25,"column":8},"end":{"line":25,"column":37}},"12":{"start":{"line":26,"column":8},"end":{"line":26,"column":31}},"13":{"start":{"line":27,"column":8},"end":{"line":27,"column":65}},"14":{"start":{"line":27,"column":45},"end":{"line":27,"column":63}},"15":{"start":{"line":28,"column":8},"end":{"line":28,"column":36}},"16":{"start":{"line":34,"column":17},"end":{"line":34,"column":76}},"17":{"start":{"line":35,"column":4},"end":{"line":37,"column":5}},"18":{"start":{"line":36,"column":8},"end":{"line":36,"column":34}},"19":{"start":{"line":42,"column":27},"end":{"line":42,"column":68}},"20":{"start":{"line":44,"column":4},"end":{"line":60,"column":11}},"21":{"start":{"line":45,"column":26},"end":{"line":45,"column":41}},"22":{"start":{"line":47,"column":12},"end":{"line":47,"column":42}},"23":{"start":{"line":48,"column":12},"end":{"line":54,"column":15}},"24":{"start":{"line":49,"column":36},"end":{"line":49,"column":59}},"25":{"start":{"line":50,"column":16},"end":{"line":53,"column":17}},"26":{"start":{"line":51,"column":20},"end":{"line":51,"column":87}},"27":{"start":{"line":51,"column":64},"end":{"line":51,"column":85}},"28":{"start":{"line":52,"column":20},"end":{"line":52,"column":60}},"29":{"start":{"line":55,"column":12},"end":{"line":55,"column":31}},"30":{"start":{"line":58,"column":12},"end":{"line":58,"column":44}},"31":{"start":{"line":59,"column":12},"end":{"line":59,"column":51}},"32":{"start":{"line":66,"column":4},"end":{"line":69,"column":5}},"33":{"start":{"line":67,"column":8},"end":{"line":67,"column":44}},"34":{"start":{"line":68,"column":8},"end":{"line":68,"column":15}},"35":{"start":{"line":72,"column":27},"end":{"line":72,"column":77}},"36":{"start":{"line":72,"column":63},"end":{"line":72,"column":76}},"37":{"start":{"line":73,"column":4},"end":{"line":76,"column":5}},"38":{"start":{"line":74,"column":8},"end":{"line":74,"column":48}},"39":{"start":{"line":75,"column":8},"end":{"line":75,"column":15}},"40":{"start":{"line":79,"column":4},"end":{"line":79,"column":59}},"41":{"start":{"line":82,"column":17},"end":{"line":82,"column":85}},"42":{"start":{"line":83,"column":4},"end":{"line":83,"column":31}},"43":{"start":{"line":86,"column":4},"end":{"line":86,"column":23}},"44":{"start":{"line":88,"column":4},"end":{"line":88,"column":51}},"45":{"start":{"line":93,"column":4},"end":{"line":93,"column":33}},"46":{"start":{"line":94,"column":4},"end":{"line":94,"column":24}},"47":{"start":{"line":96,"column":24},"end":{"line":96,"column":47}},"48":{"start":{"line":97,"column":4},"end":{"line":97,"column":41}},"49":{"start":{"line":98,"column":4},"end":{"line":98,"column":34}},"50":{"start":{"line":103,"column":4},"end":{"line":111,"column":5}},"51":{"start":{"line":104,"column":8},"end":{"line":104,"column":40}},"52":{"start":{"line":105,"column":21},"end":{"line":105,"column":80}},"53":{"start":{"line":106,"column":8},"end":{"line":106,"column":40}},"54":{"start":{"line":107,"column":8},"end":{"line":107,"column":28}},"55":{"start":{"line":109,"column":8},"end":{"line":109,"column":27}},"56":{"start":{"line":110,"column":8},"end":{"line":110,"column":37}},"57":{"start":{"line":116,"column":18},"end":{"line":116,"column":52}},"58":{"start":{"line":117,"column":4},"end":{"line":124,"column":7}},"59":{"start":{"line":118,"column":23},"end":{"line":118,"column":38}},"60":{"start":{"line":119,"column":8},"end":{"line":123,"column":9}},"61":{"start":{"line":120,"column":12},"end":{"line":120,"column":42}},"62":{"start":{"line":122,"column":12},"end":{"line":122,"column":45}},"63":{"start":{"line":130,"column":4},"end":{"line":133,"column":5}},"64":{"start":{"line":130,"column":39},"end":{"line":130,"column":52}},"65":{"start":{"line":131,"column":8},"end":{"line":131,"column":42}},"66":{"start":{"line":132,"column":8},"end":{"line":132,"column":15}},"67":{"start":{"line":136,"column":21},"end":{"line":136,"column":57}},"68":{"start":{"line":137,"column":4},"end":{"line":137,"column":26}},"69":{"start":{"line":137,"column":19},"end":{"line":137,"column":26}},"70":{"start":{"line":139,"column":4},"end":{"line":139,"column":32}},"71":{"start":{"line":142,"column":4},"end":{"line":161,"column":7}},"72":{"start":{"line":149,"column":22},"end":{"line":149,"column":37}},"73":{"start":{"line":151,"column":8},"end":{"line":156,"column":9}},"74":{"start":{"line":152,"column":12},"end":{"line":152,"column":45}},"75":{"start":{"line":153,"column":12},"end":{"line":153,"column":29}},"76":{"start":{"line":155,"column":12},"end":{"line":155,"column":43}},"77":{"start":{"line":159,"column":8},"end":{"line":159,"column":40}},"78":{"start":{"line":160,"column":8},"end":{"line":160,"column":43}},"79":{"start":{"line":166,"column":4},"end":{"line":166,"column":44}},"80":{"start":{"line":167,"column":18},"end":{"line":167,"column":57}},"81":{"start":{"line":168,"column":4},"end":{"line":171,"column":7}},"82":{"start":{"line":169,"column":8},"end":{"line":169,"column":40}},"83":{"start":{"line":170,"column":8},"end":{"line":170,"column":28}},"84":{"start":{"line":173,"column":4},"end":{"line":173,"column":23}},"85":{"start":{"line":174,"column":4},"end":{"line":174,"column":33}},"86":{"start":{"line":179,"column":4},"end":{"line":194,"column":11}},"87":{"start":{"line":180,"column":26},"end":{"line":180,"column":41}},"88":{"start":{"line":182,"column":29},"end":{"line":182,"column":64}},"89":{"start":{"line":183,"column":12},"end":{"line":189,"column":13}},"90":{"start":{"line":184,"column":16},"end":{"line":184,"column":40}},"91":{"start":{"line":185,"column":16},"end":{"line":188,"column":19}},"92":{"start":{"line":186,"column":37},"end":{"line":186,"column":57}},"93":{"start":{"line":187,"column":20},"end":{"line":187,"column":51}},"94":{"start":{"line":192,"column":12},"end":{"line":192,"column":44}},"95":{"start":{"line":193,"column":12},"end":{"line":193,"column":51}},"96":{"start":{"line":199,"column":21},"end":{"line":199,"column":50}},"97":{"start":{"line":200,"column":4},"end":{"line":200,"column":37}},"98":{"start":{"line":201,"column":4},"end":{"line":209,"column":6}},"99":{"start":{"line":205,"column":29},"end":{"line":205,"column":48}},"100":{"start":{"line":206,"column":16},"end":{"line":206,"column":82}},"101":{"start":{"line":210,"column":4},"end":{"line":210,"column":65}},"102":{"start":{"line":210,"column":45},"end":{"line":210,"column":63}},"103":{"start":{"line":211,"column":4},"end":{"line":211,"column":20}},"104":{"start":{"line":216,"column":4},"end":{"line":216,"column":30}},"105":{"start":{"line":217,"column":4},"end":{"line":217,"column":22}},"106":{"start":{"line":218,"column":4},"end":{"line":218,"column":49}},"107":{"start":{"line":223,"column":18},"end":{"line":223,"column":57}},"108":{"start":{"line":224,"column":4},"end":{"line":235,"column":7}},"109":{"start":{"line":225,"column":23},"end":{"line":225,"column":47}},"110":{"start":{"line":226,"column":8},"end":{"line":234,"column":9}},"111":{"start":{"line":227,"column":25},"end":{"line":227,"column":44}},"112":{"start":{"line":228,"column":12},"end":{"line":230,"column":13}},"113":{"start":{"line":229,"column":16},"end":{"line":229,"column":43}},"114":{"start":{"line":232,"column":12},"end":{"line":232,"column":44}},"115":{"start":{"line":233,"column":12},"end":{"line":233,"column":32}},"116":{"start":{"line":236,"column":4},"end":{"line":236,"column":23}},"117":{"start":{"line":241,"column":18},"end":{"line":241,"column":52}},"118":{"start":{"line":242,"column":4},"end":{"line":255,"column":5}},"119":{"start":{"line":243,"column":8},"end":{"line":254,"column":9}},"120":{"start":{"line":244,"column":12},"end":{"line":253,"column":14}},"121":{"start":{"line":256,"column":4},"end":{"line":256,"column":16}},"122":{"start":{"line":262,"column":4},"end":{"line":265,"column":5}},"123":{"start":{"line":263,"column":8},"end":{"line":263,"column":44}},"124":{"start":{"line":264,"column":8},"end":{"line":264,"column":20}},"125":{"start":{"line":267,"column":4},"end":{"line":384,"column":5}},"126":{"start":{"line":268,"column":21},"end":{"line":268,"column":50}},"127":{"start":{"line":269,"column":8},"end":{"line":269,"column":32}},"128":{"start":{"line":270,"column":8},"end":{"line":270,"column":38}},"129":{"start":{"line":273,"column":22},"end":{"line":273,"column":42}},"130":{"start":{"line":274,"column":29},"end":{"line":281,"column":9}},"131":{"start":{"line":284,"column":8},"end":{"line":286,"column":11}},"132":{"start":{"line":285,"column":12},"end":{"line":285,"column":78}},"133":{"start":{"line":288,"column":8},"end":{"line":288,"column":68}},"134":{"start":{"line":290,"column":8},"end":{"line":309,"column":10}},"135":{"start":{"line":312,"column":24},"end":{"line":312,"column":53}},"136":{"start":{"line":313,"column":8},"end":{"line":313,"column":43}},"137":{"start":{"line":314,"column":8},"end":{"line":354,"column":10}},"138":{"start":{"line":346,"column":55},"end":{"line":352,"column":17}},"139":{"start":{"line":357,"column":8},"end":{"line":357,"column":43}},"140":{"start":{"line":360,"column":8},"end":{"line":365,"column":11}},"141":{"start":{"line":361,"column":25},"end":{"line":361,"column":53}},"142":{"start":{"line":362,"column":12},"end":{"line":362,"column":56}},"143":{"start":{"line":363,"column":12},"end":{"line":363,"column":48}},"144":{"start":{"line":364,"column":12},"end":{"line":364,"column":44}},"145":{"start":{"line":367,"column":8},"end":{"line":369,"column":11}},"146":{"start":{"line":368,"column":12},"end":{"line":368,"column":43}},"147":{"start":{"line":372,"column":8},"end":{"line":378,"column":11}},"148":{"start":{"line":373,"column":12},"end":{"line":377,"column":13}},"149":{"start":{"line":374,"column":29},"end":{"line":374,"column":57}},"150":{"start":{"line":375,"column":16},"end":{"line":375,"column":60}},"151":{"start":{"line":376,"column":16},"end":{"line":376,"column":52}},"152":{"start":{"line":380,"column":8},"end":{"line":380,"column":20}},"153":{"start":{"line":382,"column":8},"end":{"line":382,"column":43}},"154":{"start":{"line":383,"column":8},"end":{"line":383,"column":20}},"155":{"start":{"line":389,"column":23},"end":{"line":389,"column":52}},"156":{"start":{"line":390,"column":4},"end":{"line":390,"column":45}},"157":{"start":{"line":391,"column":4},"end":{"line":391,"column":37}},"158":{"start":{"line":392,"column":4},"end":{"line":392,"column":42}},"159":{"start":{"line":394,"column":4},"end":{"line":396,"column":13}},"160":{"start":{"line":395,"column":8},"end":{"line":395,"column":28}}},"fnMap":{"0":{"name":"(anonymous_0)","decl":{"start":{"line":11,"column":46},"end":{"line":11,"column":47}},"loc":{"start":{"line":11,"column":52},"end":{"line":15,"column":1}},"line":11},"1":{"name":"initializeDeckBuilder","decl":{"start":{"line":18,"column":9},"end":{"line":18,"column":30}},"loc":{"start":{"line":18,"column":33},"end":{"line":30,"column":1}},"line":18},"2":{"name":"(anonymous_2)","decl":{"start":{"line":27,"column":39},"end":{"line":27,"column":40}},"loc":{"start":{"line":27,"column":45},"end":{"line":27,"column":63}},"line":27},"3":{"name":"handleSlotClick","decl":{"start":{"line":33,"column":9},"end":{"line":33,"column":24}},"loc":{"start":{"line":33,"column":32},"end":{"line":38,"column":1}},"line":33},"4":{"name":"loadAvailableCards","decl":{"start":{"line":41,"column":9},"end":{"line":41,"column":2
[...]
mn":9}},"106":{"start":{"line":325,"column":28},"end":{"line":325,"column":45}},"107":{"start":{"line":326,"column":28},"end":{"line":326,"column":48}},"108":{"start":{"line":327,"column":31},"end":{"line":327,"column":57}},"109":{"start":{"line":329,"column":12},"end":{"line":337,"column":13}},"110":{"start":{"line":330,"column":16},"end":{"line":330,"column":38}},"111":{"start":{"line":332,"column":16},"end":{"line":336,"column":19}},"112":{"start":{"line":341,"column":4},"end":{"line":341,"column":19}},"113":{"start":{"line":351,"column":4},"end":{"line":353,"column":5}},"114":{"start":{"line":352,"column":8},"end":{"line":352,"column":17}},"115":{"start":{"line":355,"column":20},"end":{"line":355,"column":35}},"116":{"start":{"line":356,"column":19},"end":{"line":356,"column":20}},"117":{"start":{"line":359,"column":4},"end":{"line":361,"column":5}},"118":{"start":{"line":360,"column":8},"end":{"line":360,"column":25}},"119":{"start":{"line":364,"column":4},"end":{"line":390,"column":5}},"120":{"start":{"line":364,"column":17},"end":{"line":364,"column":18}},"121":{"start":{"line":365,"column":23},"end":{"line":365,"column":44}},"122":{"start":{"line":367,"column":8},"end":{"line":389,"column":9}},"123":{"start":{"line":369,"column":16},"end":{"line":373,"column":17}},"124":{"start":{"line":370,"column":20},"end":{"line":370,"column":45}},"125":{"start":{"line":371,"column":23},"end":{"line":373,"column":17}},"126":{"start":{"line":372,"column":20},"end":{"line":372,"column":45}},"127":{"start":{"line":374,"column":16},"end":{"line":374,"column":22}},"128":{"start":{"line":376,"column":16},"end":{"line":380,"column":17}},"129":{"start":{"line":377,"column":20},"end":{"line":377,"column":45}},"130":{"start":{"line":378,"column":23},"end":{"line":380,"column":17}},"131":{"start":{"line":379,"column":20},"end":{"line":379,"column":45}},"132":{"start":{"line":381,"column":16},"end":{"line":381,"column":22}},"133":{"start":{"line":383,"column":16},"end":{"line":387,"column":17}},"134":{"start":{"line":384,"column":20},"end":{"line":384,"column":45}},"135":{"start":{"line":385,"column":23},"end":{"line":387,"column":17}},"136":{"start":{"line":386,"column":20},"end":{"line":386,"column":45}},"137":{"start":{"line":388,"column":16},"end":{"line":388,"column":22}},"138":{"start":{"line":393,"column":4},"end":{"line":393,"column":45}},"139":{"start":{"line":402,"column":4},"end":{"line":404,"column":5}},"140":{"start":{"line":403,"column":8},"end":{"line":403,"column":20}},"141":{"start":{"line":407,"column":4},"end":{"line":407,"column":85}},"142":{"start":{"line":407,"column":46},"end":{"line":407,"column":83}},"143":{"start":{"line":418,"column":4},"end":{"line":430,"column":6}},"144":{"start":{"line":434,"column":0},"end":{"line":447,"column":2}}},"fnMap":{"0":{"name":"calculateDamageSkill","decl":{"start":{"line":51,"column":9},"end":{"line":51,"column":29}},"loc":{"start":{"line":51,"column":53},"end":{"line":93,"column":1}},"line":51},"1":{"name":"(anonymous_1)","decl":{"start":{"line":79,"column":58},"end":{"line":79,"column":59}},"loc":{"start":{"line":79,"column":68},"end":{"line":79,"column":106}},"line":79},"2":{"name":"calculateHealSkill","decl":{"start":{"line":102,"column":9},"end":{"line":102,"column":27}},"loc":{"start":{"line":102,"column":51},"end":{"line":122,"column":1}},"line":102},"3":{"name":"applyStatusEffect","decl":{"start":{"line":131,"column":9},"end":{"line":131,"column":26}},"loc":{"start":{"line":131,"column":50},"end":{"line":217,"column":1}},"line":131},"4":{"name":"(anonymous_4)","decl":{"start":{"line":150,"column":63},"end":{"line":150,"column":64}},"loc":{"start":{"line":150,"column":73},"end":{"line":150,"column":103}},"line":150},"5":{"name":"applyAOESkill","decl":{"start":{"line":226,"column":9},"end":{"line":226,"column":22}},"loc":{"start":{"line":226,"column":47},"end":{"line":256,"column":1}},"line":226},"6":{"name":"updateStatusEffects","decl":{"start":{"line":263,"column":9},"end":{"line":263,"column":28}},"loc":{"start":{"line":263,"column":35},"end":{"line":294,"column":1}},"line":263},"7":{"name":"applyPersistentEffects","decl":{"start":{"line":301,"column":9},"end":{"line":301,"column":31}},"loc":{"start":{"line":301,"column":38},"end":{"line":342,"column":1}},"line":301},"8":{"name":"getAttributeWithEffects","decl":{"start":{"line":350,"column":9},"end":{"line":350,"column":32}},"loc":{"start":{"line":350,"column":50},"end":{"line":394,"column":1}},"line":350},"9":{"name":"canAct","decl":{"start":{"line":401,"column":9},"end":{"line":401,"column":15}},"loc":{"start":{"line":401,"column":22},"end":{"line":408,"column":1}},"line":401},"10":{"name":"(anonymous_10)","decl":{"start":{"line":407,"column":36},"end":{"line":407,"column":37}},"loc":{"start":{"line":407,"column":46},"end":{"line":407,"column":83}},"line":407},"11":{"name":"createSkill","decl":{"start":{"line":417,"column":9},"end":{"line":417,"column":20}},"loc":{"start":{"line":417,"column":47},"end":{"line":431,"column":1}},"line":417}},"branchMap":{"0":{"loc":{"start":{"line":53,"column":29},"end":{"line":53,"column":52}},"type":"binary-expr","locations":[{"start":{"line":53,"column":29},"end":{"line":53,"column":45}},{"start":{"line":53,"column":49},"end":{"line":53,"column":52}}],"line":53},"1":{"loc":{"start":{"line":71,"column":4},"end":{"line":75,"column":5}},"type":"if","locations":[{"start":{"line":71,"column":4},"end":{"line":75,"column":5}},{"start":{},"end":{}}],"line":71},"2":{"loc":{"start":{"line":71,"column":8},"end":{"line":71,"column":58}},"type":"binary-expr","locations":[{"start":{"line":71,"column":8},"end":{"line":71,"column":23}},{"start":{"line":71,"column":27},"end":{"line":71,"column":58}}],"line":71},"3":{"loc":{"start":{"line":72,"column":31},"end":{"line":72,"column":55}},"type":"binary-expr","locations":[{"start":{"line":72,"column":31},"end":{"line":72,"column":48}},{"start":{"line":72,"column":52},"end":{"line":72,"column":55}}],"line":72},"4":{"loc":{"start":{"line":79,"column":4},"end":{"line":85,"column":5}},"type":"if","locations":[{"start":{"line":79,"column":4},"end":{"line":85,"column":5}},{"start":{},"end":{}}],"line":79},"5":{"loc":{"start":{"line":79,"column":8},"end":{"line":79,"column":107}},"type":"binary-expr","locations":[{"start":{"line":79,"column":8},"end":{"line":79,"column":28}},{"start":{"line":79,"column":32},"end":{"line":79,"column":107}}],"line":79},"6":{"loc":{"start":{"line":81,"column":8},"end":{"line":84,"column":9}},"type":"if","locations":[{"start":{"line":81,"column":8},"end":{"line":84,"column":9}},{"start":{},"end":{}}],"line":81},"7":{"loc":{"start":{"line":91,"column":73},"end":{"line":91,"column":97}},"type":"cond-expr","locations":[{"start":{"line":91,"column":86},"end":{"line":91,"column":92}},{"start":{"line":91,"column":95},"end":{"line":91,"column":97}}],"line":91},"8":{"loc":{"start":{"line":91,"column":100},"end":{"line":91,"column":122}},"type":"cond-expr","locations":[{"start":{"line":91,"column":111},"end":{"line":91,"column":117}},{"start":{"line":91,"column":120},"end":{"line":91,"column":122}}],"line":91},"9":{"loc":{"start":{"line":104,"column":27},"end":{"line":104,"column":50}},"type":"binary-expr","locations":[{"start":{"line":104,"column":27},"end":{"line":104,"column":43}},{"start":{"line":104,"column":47},"end":{"line":104,"column":50}}],"line":104},"10":{"loc":{"start":{"line":110,"column":4},"end":{"line":112,"column":5}},"type":"if","locations":[{"start":{"line":110,"column":4},"end":{"line":112,"column":5}},{"start":{},"end":{}}],"line":110},"11":{"loc":{"start":{"line":110,"column":8},"end":{"line":110,"column":57}},"type":"binary-expr","locations":[{"start":{"line":110,"column":8},"end":{"line":110,"column":21}},{"start":{"line":110,"column":25},"end":{"line":110,"column":57}}],"line":110},"12":{"loc":{"start":{"line":132,"column":4},"end":{"line":134,"column":5}},"type":"if","locations":[{"start":{"line":132,"column":4},"end":{"line":134,"column":5}},{"start":{},"end":{}}],"line":132},"13":{"loc":{"start":{"line":140,"column":18},"end":{"line":140,"column":50}},"type":"binary-expr","locations":[{"start":{"line":140,"column":18},"end":{"line":140,"column":45}},{"start":{"line":140,"column":49},"end":{"line":140,"column":50}}],"line":140},"14":{"loc":{"start":{"line":145,"column":4},"end":{"line":147,"column":5}},"type":"if","locations":[{"start":{"line":145,"column":4},"end":{"line":147,"column":5}},{"start":{},"end":{}}],"line":145},"15":{"loc":{"start":{"line":152,"column":4},"end":{"line":170,"column":5}},"type":"if","locations":[{"start":{"line":152,"column":4},"end":{"line":170,"column":5}},{"start":{"line":167,"column":11},"end":{"line":170,"column":5}}],"line":152},"16":{"loc":{"start":{"line":156,"column":8},"end":{"line":166,"column":9}},"type":"if","locations":[{"start":{"line":156,"column":8},"end":{"line":166,"column":9}},{"start":{"line":163,"column":15},"end":{"line":166,"column":9}}],"line":156},"17":{"loc":{"start":{"line":174,"column":4},"end":{"line":210,"column":5}},"type":"switch","locations":[{"start":{"line":175,"column":8},"end":{"line":177,"column":18}},{"start":{"line":178,"column":8},"end":{"line":180,"column":18}},{"start":{"line":181,"column":8},"end":{"line":183,"column":18}},{"start":{"line":184,"column":8},"end":{"line":186,"column":18}},{"start":{"line":187,"column":8},"end":{"line":189,"column":18}},{"start":{"line":190,"column":8},"end":{"line":192,"column":18}},{"start":{"line":193,"column":8},"end":{"line":195,"column":18}},{"start":{"line":196,"column":8},"end":{"line":198,"column":18}},{"start":{"line":199,"column":8},"end":{"line":201,"column":18}},{"start":{"line":202,"column":8},"end":{"line":204,"column":18}},{"start":{"line":205,"column":8},"end":{"line":207,"column":18}},{"start":{"line":208,"column":8},"end":{"line":209,"column":44}}],"line":174},"18":{"loc":{"start":{"line":227,"column":4},"end":{"line":229,"column":5}},"type":"if","locations":[{"start":{"line":227,"column":4},"end":{"line":229,"column":5}},{"start":{},"end":{}}],"line":227},"19":{"loc":{"start":{"line":227,"column":8},"end":{"line":227,"column":40}},"type":"binary-expr","locations":[{"start":{"line":227,"column":8},"end":{"line":227,"column":16}},{"start":{"line":227,"column":20},"end":{"line":227,"column":40}}],"line":227},"20":{"loc":{"start":{"line":234,"column":28},"end":{"line":234,"column":53}},"type":"binary-expr","locations":[{"start":{"line":234,"column":28},"end":{"line":234,"column":46}},{"start":{"line":234,"column":50},"end":{"line":234,"column":53}}],"line":234},"21":{"loc":{"start":{"line":241,"column":8},"end":{"line":249,"column":9}},"type":"if","locations":[{"start":{"line":241,"column":8},"end":{"line":249,"column":9}},{"start":{"line":246,"column":15},"end":{"line":249,"column":9}}],"line":241},"22":{"loc":{"start":{"line":246,"column":15},"end":{"line":249,"column":9}},"type":"if","locations":[{"start":{"line":246,"column":15},"end":{"line":249,"column":9}},{"start":{},"end":{}}],"line":246},"23":{"loc":{"start":{"line":246,"column":19},"end":{"line":246,"column":83}},"type":"binary-expr","locations":[{"start":{"line":246,"column":19},"end":{"line":246,"column":48}},{"start":{"line":246,"column":52},"end":{"line":246,"column":83}}],"line":246},"24":{"loc":{"start":{"line":264,"column":4},"end":{"line":266,"column":5}},"type":"if","locations":[{"start":{"line":264,"column":4},"end":{"line":266,"column":5}},{"start":{},"end":{}}],"line":264},"25":{"loc":{"start":{"line":264,"column":8},"end":{"line":264,"column":62}},"type":"binary-expr","locations":[{"start":{"line":264,"column":8},"end":{"line":264,"column":27}},{"start":{"line":264,"column":31},"end":{"line":264,"column":62}}],"line":264},"26":{"loc":{"start":{"line":278,"column":8},"end":{"line":284,"column":9}},"type":"if","locations":[{"start":{"line":278,"column":8},"end":{"line":284,"column":9}},{"start":{"line":281,"column":15},"end":{"line":284,"column":9}}],"line":278},"27":{"loc":{"start":{"line":302,"column":4},"end":{"line":304,"column":5}},"type":"if","locations":[{"start":{"line":302,"column":4},"end":{"line":304,"column":5}},{"start":{},"end":{}}],"line":302},"28":{"loc":{"start":{"line":302,"column":8},"end":{"line":302,"column":62}},"type":"binary-expr","locations":[{"start":{"line":302,"column":8},"end":{"line":302,"column":27}},{"start":{"line":302,"column":31},"end":{"line":302,"column":62}}],"line":302},"29":{"loc":{"start":{"line":313,"column":8},"end":{"line":338,"column":9}},"type":"if","locations":[{"start":{"line":313,"column":8},"end":{"line":338,"column":9}},{"start":{"line":323,"column":15},"end":{"line":338,"column":9}}],"line":313},"30":{"loc":{"start":{"line":315,"column":30},"end":{"line":315,"column":47}},"type":"binary-expr","locations":[{"start":{"line":315,"column":30},"end":{"line":315,"column":42}},{"start":{"line":315,"column":46},"end":{"line":315,"column":47}}],"line":315},"31":{"loc":{"start":{"line":323,"column":15},"end":{"line":338,"column":9}},"type":"if","locations":[{"start":{"line":323,"column":15},"end":{"line":338,"column":9}},{"start":{},"end":{}}],"line":323},"32":{"loc":{"start":{"line":325,"column":28},"end":{"line":325,"column":45}},"type":"binary-expr","locations":[{"start":{"line":325,"column":28},"end":{"line":325,"column":40}},{"start":{"line":325,"column":44},"end":{"line":325,"column":45}}],"line":325},"33":{"loc":{"start":{"line":329,"column":12},"end":{"line":337,"column":13}},"type":"if","locations":[{"start":{"line":329,"column":12},"end":{"line":337,"column":13}},{"start":{},"end":{}}],"line":329},"34":{"loc":{"start":{"line":351,"column":4},"end":{"line":353,"column":5}},"type":"if","locations":[{"start":{"line":351,"column":4},"end":{"line":353,"column":5}},{"start":{},"end":{}}],"line":351},"35":{"loc":{"start":{"line":351,"column":8},"end":{"line":351,"column":33}},"type":"binary-expr","locations":[{"start":{"line":351,"column":8},"end":{"line":351,"column":13}},{"start":{"line":351,"column":17},"end":{"line":351,"column":33}}],"line":351},"36":{"loc":{"start":{"line":359,"column":4},"end":{"line":361,"column":5}},"type":"if","locations":[{"start":{"line":359,"column":4},"end":{"line":361,"column":5}},{"start":{},"end":{}}],"line":359},"37":{"loc":{"start":{"line":359,"column":8},"end":{"line":359,"column":62}},"type":"binary-expr","locations":[{"start":{"line":359,"column":8},"end":{"line":359,"column":27}},{"start":{"line":359,"column":31},"end":{"line":359,"column":62}}],"line":359},"38":{"loc":{"start":{"line":367,"column":8},"end":{"line":389,"column":9}},"type":"switch","locations":[{"start":{"line":368,"column":12},"end":{"line":374,"column":22}},{"start":{"line":375,"column":12},"end":{"line":381,"column":22}},{"start":{"line":382,"column":12},"end":{"line":388,"column":22}}],"line":367},"39":{"loc":{"start":{"line":369,"column":16},"end":{"line":373,"column":17}},"type":"if","locations":[{"start":{"line":369,"column":16},"end":{"line":373,"column":17}},{"start":{"line":371,"column":23},"end":{"line":373,"column":17}}],"line":369},"40":{"loc":{"start":{"line":371,"column":23},"end":{"line":373,"column":17}},"type":"if","locations":[{"start":{"line":371,"column":23},"end":{"line":373,"column":17}},{"start":{},"end":{}}],"line":371},"41":{"loc":{"start":{"line":376,"column":16},"end":{"line":380,"column":17}},"type":"if","locations":[{"start":{"line":376,"column":16},"end":{"line":380,"column":17}},{"start":{"line":378,"column":23},"end":{"line":380,"column":17}}],"line":376},"42":{"loc":{"start":{"line":378,"column":23},"end":{"line":380,"column":17}},"type":"if","locations":[{"start":{"line":378,"column":23},"end":{"line":380,"column":17}},{"start":{},"end":{}}],"line":378},"43":{"loc":{"start":{"line":383,"column":16},"end":{"line":387,"column":17}},"type":"if","locations":[{"start":{"line":383,"column":16},"end":{"line":387,"column":17}},{"start":{"line":385,"column":23},"end":{"line":387,"column":17}}],"line":383},"44":{"loc":{"start":{"line":385,"column":23},"end":{"line":387,"column":17}},"type":"if","locations":[{"start":{"line":385,"column":23},"end":{"line":387,"column":17}},{"start":{},"end":{}}],"line":385},"45":{"loc":{"start":{"line":402,"column":4},"end":{"line":404,"column":5}},"type":"if","locations":[{"start":{"line":402,"column":4},"end":{"line":404,"column":5}},{"start":{},"end":{}}],"line":402},"46":{"loc":{"start":{"line":402,"column":8},"end":{"line":402,"column":62}},"type":"binary-expr","locations":[{"start":{"line":402,"column":8},"end":{"line":402,"column":27}},{"start":{"line":402,"column":31},"end":{"line":402,"column":62}}],"line":402},"47":{"loc":{"start":{"line":417,"column":33},"end":{"line":417,"column":45}},"type":"default-arg","locations":[{"start":{"line":417,"column":43},"end":{"line":417,"column":45}}],"line":417},"48":{"loc":{"start":{"line":421,"column":20},"end":{"line":421,"column":45}},"type":"binary-expr","locations":[{"start":{"line":421,"column":20},"end":{"line":421,"column":38}},{"start":{"line":421,"column":42},"end":{"line":421,"column":45}}],"line":421},"49":{"loc":{"start":{"line":423,"column":20},"end":{"line":423,"column":43}},"type":"binary-expr","locations":[{"start":{"line":423,"column":20},"end":{"line":423,"column":38}},{"start":{"line":423,"column":42},"end":{"line":423,"column":43}}],"line":423},"50":{"loc":{"start":{"line":424,"column":18},"end":{"line":424,"column":39}},"type":"binary-expr","locations":[{"start":{"line":424,"column":18},"end":{"line":424,"column":34}},{"start":{"line":424,"column":38},"end":{"line":424,"column":39}}],"line":424},"51":{"loc":{"start":{"line":426,"column":20},"end":{"line":426,"column":59}},"type":"binary-expr","locations":[{"start":{"line":426,"column":20},"end":{"line":426,"column":38}},{"start":{"line":426,"column":42},"end":{"line":426,"column":59}}],"line":426},"52":{"loc":{"start":{"line":429,"column":21},"end":{"line":429,"column":55}},"type":"binary-expr","locations":[{"start":{"line":429,"column":21},"end":{"line":429,"column":40}},{"start":{"line":429,"column":44},"end":{"line":429,"column":55}}],"line":429}},"s":{"0":1,"1":1,"2":1,"3":1,"4":7,"5":7,"6":7,"7":7,"8":7,"9":7,"10":1,"11":1,"12":1,"13":7,"14":7,"15":0,"16":0,"17":0,"18":0,"19":7,"20":4,"21":4,"22":4,"23":4,"24":4,"25":4,"26":4,"27":19,"28":0,"29":19,"30":19,"31":0,"32":19,"33":5,"34":19,"35":5,"36":5,"37":4,"38":4,"39":1,"40":14,"41":19,"42":19,"43":8,"44":8,"45":0,"46":0,"47":0,"48":0,"49":3,"50":3,"51":2,"52":2,"53":0,"54":0,"55":1,"56":1,"57":2,"58":2,"59":3,"60":3,"61":0,"62":0,"63":0,"64":0,"65":0,"66":19,"67":2,"68":0,"69":2,"70":2,"71":2,"72":2,"73":6,"74":6,"75":3,"76":3,"77":3,"78":3,"79":3,"80":3,"81":2,"82":2,"83":0,"84":2,"85":2,"86":2,"87":2,"88":2,"89":2,"90":2,"91":1,"92":1,"93":2,"94":2,"95":3,"96":0,"97":3,"98":3,"99":3,"100":3,"101":3,"102":1,"103":1,"104":1,"105":2,"106":2,"107":2,"108":2,"109":2,"110":1,"111":1,"112":3,"113":2,"114":0,"115":2,"116":2,"117":2,"118":0,"119":2,"120":2,"121":2,"122":2,"123":2,"124":2,"125":0,"126":0,"127":2,"128":0,"129":0,"130":0,"131":0,"132":0,"133":0,"134":0,"135":0,"136":0,"137":0,"138":2,"139":2,"140":0,"141":2,"142":2,"143":122,"144":1},"f":{"0":7,"1":0,"2":4,"3":19,"4":5,"5":2,"6":2,"7":3,"8":2,"9":2,"10":2,"11":122},"b":{"0":[7,0],"1":[1,6],"2":[7,6],"3":[1,0],"4":[0,7],"5":[7,7],"6":[0,0],"7":[1,6],"8":[0,7],"9":[4,0],"10":[4,0],"11":[4,4],"12":[0,19],"13":[19,0],"14":[0,19],"15":[5,14],"16":[4,1],"17":[8,0,0,3,2,0,1,2,3,0,0,0],"18":[0,2],"19":[2,2],"20":[2,0],"21":[3,3],"22":[3,0],"23":[3,3],"24":[0,2],"25":[2,2],"26":[1,1],"27":[0,3],"28":[3,3],"29":[1,2],"30":[1,0],"31":[2,0],"32":[2,0],"33":[1,1],"34":[0,2],"35":[2,2],"36":[0,2],"37":[2,2],"38":[2,0,0],"39":[2,0],"40":[0,0],"41":[0,0],"42":[0,0],"43":[0,0],"44":[0,0],"45":[0,2],"46":[2,2],"47":[0],"48":[122,52],"49":[122,7],"50":[122,76],"51":[122,7],"52":[122,7]},"_coverageSchema":"1a1c01bbd47fc00a2c39e90264f33305004495a9","hash":"eff346ec9b792ef6a69b23d33195847b79e212b4"}
}
