TN:
SF:static\js\battle.js
FNF:0
FNH:0
LF:0
LH:0
BRF:0
BRH:0
end_of_record
TN:
SF:static\js\cards.js
FN:8,setupEffectTypeListener
FN:11,(anonymous_1)
FN:49,createSkillInput
FN:166,(anonymous_3)
FN:174,(anonymous_4)
FN:184,setupEventListeners
FN:200,(anonymous_6)
FN:208,(anonymous_7)
FN:219,(anonymous_8)
FN:229,(anonymous_9)
FN:244,(anonymous_10)
FN:251,(anonymous_11)
FN:258,(anonymous_12)
FN:276,(anonymous_13)
FN:284,(anonymous_14)
FN:293,(anonymous_15)
FN:305,(anonymous_16)
FN:313,(anonymous_17)
FN:323,(anonymous_18)
FN:337,(anonymous_19)
FN:345,(anonymous_20)
FN:352,loadCards
FN:366,displayCards
FN:370,(anonymous_23)
FN:377,createCardElement
FN:410,(anonymous_25)
FN:419,(anonymous_26)
FN:461,(anonymous_27)
FN:476,(anonymous_28)
FN:487,(anonymous_29)
FN:490,(anonymous_30)
FN:497,(anonymous_31)
FN:510,toggleDeleteButtons
FN:512,(anonymous_33)
FN:518,resetForm
FN:531,fillFormWithCardData
FN:544,(anonymous_36)
FN:657,(anonymous_37)
FN:668,getFormData
FN:722,(anonymous_39)
FN:855,addCard
FN:879,updateCard
FN:914,deleteCard
FN:931,searchCards
FN:932,(anonymous_44)
FN:941,(anonymous_45)
FN:945,(anonymous_46)
FN:954,showMessage
FN:960,(anonymous_48)
FNF:49
FNH:0
FNDA:0,setupEffectTypeListener
FNDA:0,(anonymous_1)
FNDA:0,createSkillInput
FNDA:0,(anonymous_3)
FNDA:0,(anonymous_4)
FNDA:0,setupEventListeners
FNDA:0,(anonymous_6)
FNDA:0,(anonymous_7)
FNDA:0,(anonymous_8)
FNDA:0,(anonymous_9)
FNDA:0,(anonymous_10)
FNDA:0,(anonymous_11)
FNDA:0,(anonymous_12)
FNDA:0,(anonymous_13)
FNDA:0,(anonymous_14)
FNDA:0,(anonymous_15)
FNDA:0,(anonymous_16)
FNDA:0,(anonymous_17)
FNDA:0,(anonymous_18)
FNDA:0,(anonymous_19)
FNDA:0,(anonymous_20)
FNDA:0,loadCards
FNDA:0,displayCards
FNDA:0,(anonymous_23)
FNDA:0,createCardElement
FNDA:0,(anonymous_25)
FNDA:0,(anonymous_26)
FNDA:0,(anonymous_27)
FNDA:0,(anonymous_28)
FNDA:0,(anonymous_29)
FNDA:0,(anonymous_30)
FNDA:0,(anonymous_31)
FNDA:0,toggleDeleteButtons
FNDA:0,(anonymous_33)
FNDA:0,resetForm
FNDA:0,fillFormWithCardData
FNDA:0,(anonymous_36)
FNDA:0,(anonymous_37)
FNDA:0,getFormData
FNDA:0,(anonymous_39)
FNDA:0,addCard
FNDA:0,updateCard
FNDA:0,deleteCard
FNDA:0,searchCards
FNDA:0,(anonymous_44)
FNDA:0,(anonymous_45)
FNDA:0,(anonymous_46)
FNDA:0,showMessage
FNDA:0,(anonymous_48)
DA:2,0
DA:3,0
DA:4,0
DA:5,0
DA:9,0
DA:11,0
DA:12,0
DA:13,0
DA:15,0
DA:16,0
DA:17,0
DA:18,0
DA:19,0
DA:21,0
DA:23,0
DA:24,0
DA:25,0
DA:26,0
DA:27,0
DA:29,0
DA:31,0
DA:32,0
DA:34,0
DA:35,0
DA:37,0
DA:38,0
DA:40,0
DA:41,0
DA:43,0
DA:50,0
DA:51,0
DA:52,0
DA:161,0
DA:162,0
DA:165,0
DA:166,0
DA:167,0
DA:170,0
DA:174,0
DA:175,0
DA:176,0
DA:179,0
DA:180,0
DA:186,0
DA:187,0
DA:188,0
DA:189,0
DA:190,0
DA:191,0
DA:192,0
DA:193,0
DA:194,0
DA:195,0
DA:196,0
DA:199,0
DA:200,0
DA:201,0
DA:202,0
DA:207,0
DA:208,0
DA:209,0
DA:210,0
DA:211,0
DA:212,0
DA:213,0
DA:218,0
DA:219,0
DA:220,0
DA:221,0
DA:222,0
DA:223,0
DA:228,0
DA:229,0
DA:230,0
DA:231,0
DA:232,0
DA:233,0
DA:234,0
DA:236,0
DA:237,0
DA:238,0
DA:243,0
DA:244,0
DA:245,0
DA:250,0
DA:251,0
DA:252,0
DA:257,0
DA:258,0
DA:259,0
DA:260,0
DA:261,0
DA:262,0
DA:263,0
DA:265,0
DA:267,0
DA:269,0
DA:275,0
DA:276,0
DA:277,0
DA:278,0
DA:279,0
DA:284,0
DA:285,0
DA:286,0
DA:291,0
DA:292,0
DA:293,0
DA:294,0
DA:295,0
DA:296,0
DA:297,0
DA:303,0
DA:304,0
DA:305,0
DA:306,0
DA:307,0
DA:312,0
DA:313,0
DA:314,0
DA:315,0
DA:316,0
DA:321,0
DA:322,0
DA:323,0
DA:324,0
DA:325,0
DA:326,0
DA:327,0
DA:329,0
DA:335,0
DA:336,0
DA:337,0
DA:338,0
DA:343,0
DA:344,0
DA:345,0
DA:346,0
DA:353,0
DA:354,0
DA:355,0
DA:356,0
DA:357,0
DA:358,0
DA:360,0
DA:361,0
DA:367,0
DA:368,0
DA:370,0
DA:371,0
DA:372,0
DA:378,0
DA:379,0
DA:380,0
DA:381,0
DA:382,0
DA:383,0
DA:384,0
DA:386,0
DA:409,0
DA:410,0
DA:411,0
DA:412,0
DA:413,0
DA:414,0
DA:419,0
DA:420,0
DA:421,0
DA:426,0
DA:427,0
DA:428,0
DA:429,0
DA:461,0
DA:472,0
DA:476,0
DA:477,0
DA:478,0
DA:479,0
DA:480,0
DA:481,0
DA:482,0
DA:483,0
DA:487,0
DA:488,0
DA:489,0
DA:490,0
DA:491,0
DA:497,0
DA:498,0
DA:499,0
DA:500,0
DA:501,0
DA:502,0
DA:506,0
DA:511,0
DA:512,0
DA:513,0
DA:519,0
DA:520,0
DA:521,0
DA:522,0
DA:523,0
DA:526,0
DA:527,0
DA:532,0
DA:533,0
DA:534,0
DA:535,0
DA:536,0
DA:537,0
DA:538,0
DA:539,0
DA:541,0
DA:542,0
DA:544,0
DA:545,0
DA:546,0
DA:547,0
DA:654,0
DA:657,0
DA:658,0
DA:662,0
DA:663,0
DA:670,0
DA:671,0
DA:672,0
DA:674,0
DA:675,0
DA:678,0
DA:679,0
DA:680,0
DA:684,0
DA:694,0
DA:703,0
DA:704,0
DA:705,0
DA:707,0
DA:708,0
DA:713,0
DA:714,0
DA:715,0
DA:716,0
DA:718,0
DA:719,0
DA:722,0
DA:723,0
DA:724,0
DA:725,0
DA:726,0
DA:727,0
DA:730,0
DA:731,0
DA:733,0
DA:734,0
DA:736,0
DA:737,0
DA:739,0
DA:740,0
DA:742,0
DA:743,0
DA:747,0
DA:748,0
DA:752,0
DA:753,0
DA:754,0
DA:755,0
DA:757,0
DA:759,0
DA:760,0
DA:762,0
DA:763,0
DA:764,0
DA:765,0
DA:767,0
DA:770,0
DA:771,0
DA:772,0
DA:773,0
DA:775,0
DA:777,0
DA:778,0
DA:779,0
DA:781,0
DA:782,0
DA:785,0
DA:786,0
DA:787,0
DA:788,0
DA:789,0
DA:790,0
DA:791,0
DA:793,0
DA:794,0
DA:796,0
DA:797,0
DA:800,0
DA:804,0
DA:805,0
DA:806,0
DA:807,0
DA:808,0
DA:809,0
DA:810,0
DA:812,0
DA:813,0
DA:815,0
DA:816,0
DA:818,0
DA:819,0
DA:822,0
DA:827,0
DA:830,0
DA:839,0
DA:847,0
DA:848,0
DA:851,0
DA:856,0
DA:857,0
DA:865,0
DA:866,0
DA:867,0
DA:870,0
DA:871,0
DA:873,0
DA:874,0
DA:880,0
DA:881,0
DA:882,0
DA:885,0
DA:893,0
DA:894,0
DA:895,0
DA:898,0
DA:899,0
DA:900,0
DA:901,0
DA:903,0
DA:904,0
DA:907,0
DA:908,0
DA:909,0
DA:915,0
DA:916,0
DA:920,0
DA:922,0
DA:923,0
DA:925,0
DA:926,0
DA:932,0
DA:933,0
DA:936,0
DA:937,0
DA:939,0
DA:941,0
DA:942,0
DA:943,0
DA:944,0
DA:945,0
DA:946,0
DA:955,0
DA:956,0
DA:957,0
DA:959,0
DA:960,0
DA:961,0
LF:365
LH:0
BRDA:9,0,0,0
BRDA:9,0,1,0
BRDA:13,1,0,0
BRDA:13,1,1,0
BRDA:21,2,0,0
BRDA:21,2,1,0
BRDA:21,3,0,0
BRDA:21,3,1,0
BRDA:21,3,2,0
BRDA:21,3,3,0
BRDA:21,3,4,0
BRDA:29,4,0,0
BRDA:29,4,1,0
BRDA:29,4,2,0
BRDA:29,4,3,0
BRDA:29,4,4,0
BRDA:199,5,0,0
BRDA:199,5,1,0
BRDA:202,6,0,0
BRDA:202,6,1,0
BRDA:207,7,0,0
BRDA:207,7,1,0
BRDA:218,8,0,0
BRDA:218,8,1,0
BRDA:228,9,0,0
BRDA:228,9,1,0
BRDA:232,10,0,0
BRDA:232,10,1,0
BRDA:243,11,0,0
BRDA:243,11,1,0
BRDA:250,12,0,0
BRDA:250,12,1,0
BRDA:257,13,0,0
BRDA:257,13,1,0
BRDA:262,14,0,0
BRDA:262,14,1,0
BRDA:275,15,0,0
BRDA:275,15,1,0
BRDA:285,16,0,0
BRDA:285,16,1,0
BRDA:292,17,0,0
BRDA:292,17,1,0
BRDA:294,18,0,0
BRDA:294,18,1,0
BRDA:304,19,0,0
BRDA:304,19,1,0
BRDA:312,20,0,0
BRDA:312,20,1,0
BRDA:322,21,0,0
BRDA:322,21,1,0
BRDA:325,22,0,0
BRDA:325,22,1,0
BRDA:336,23,0,0
BRDA:336,23,1,0
BRDA:344,24,0,0
BRDA:344,24,1,0
BRDA:355,25,0,0
BRDA:355,25,1,0
BRDA:357,26,0,0
BRDA:357,26,1,0
BRDA:384,27,0,0
BRDA:384,27,1,0
BRDA:412,28,0,0
BRDA:412,28,1,0
BRDA:420,29,0,0
BRDA:420,29,1,0
BRDA:461,30,0,0
BRDA:461,30,1,0
BRDA:480,31,0,0
BRDA:480,31,1,0
BRDA:489,32,0,0
BRDA:489,32,1,0
BRDA:499,33,0,0
BRDA:499,33,1,0
BRDA:499,34,0,0
BRDA:499,34,1,0
BRDA:513,35,0,0
BRDA:513,35,1,0
BRDA:555,36,0,0
BRDA:555,36,1,0
BRDA:562,37,0,0
BRDA:562,37,1,0
BRDA:563,38,0,0
BRDA:563,38,1,0
BRDA:564,39,0,0
BRDA:564,39,1,0
BRDA:565,40,0,0
BRDA:565,40,1,0
BRDA:569,41,0,0
BRDA:569,41,1,0
BRDA:571,42,0,0
BRDA:571,42,1,0
BRDA:574,43,0,0
BRDA:574,43,1,0
BRDA:578,44,0,0
BRDA:578,44,1,0
BRDA:582,45,0,0
BRDA:582,45,1,0
BRDA:587,46,0,0
BRDA:587,46,1,0
BRDA:590,47,0,0
BRDA:590,47,1,0
BRDA:594,48,0,0
BRDA:594,48,1,0
BRDA:599,49,0,0
BRDA:599,49,1,0
BRDA:603,50,0,0
BRDA:603,50,1,0
BRDA:604,51,0,0
BRDA:604,51,1,0
BRDA:605,52,0,0
BRDA:605,52,1,0
BRDA:606,53,0,0
BRDA:606,53,1,0
BRDA:611,54,0,0
BRDA:611,54,1,0
BRDA:615,55,0,0
BRDA:615,55,1,0
BRDA:619,56,0,0
BRDA:619,56,1,0
BRDA:624,57,0,0
BRDA:624,57,1,0
BRDA:628,58,0,0
BRDA:628,58,1,0
BRDA:629,59,0,0
BRDA:629,59,1,0
BRDA:630,60,0,0
BRDA:630,60,1,0
BRDA:635,61,0,0
BRDA:635,61,1,0
BRDA:639,62,0,0
BRDA:639,62,1,0
BRDA:643,63,0,0
BRDA:643,63,1,0
BRDA:647,64,0,0
BRDA:647,64,1,0
BRDA:671,65,0,0
BRDA:671,65,1,0
BRDA:674,66,0,0
BRDA:674,66,1,0
BRDA:679,67,0,0
BRDA:679,67,1,0
BRDA:704,68,0,0
BRDA:704,68,1,0
BRDA:707,69,0,0
BRDA:707,69,1,0
BRDA:707,70,0,0
BRDA:707,70,1,0
BRDA:715,71,0,0
BRDA:715,71,1,0
BRDA:718,72,0,0
BRDA:718,72,1,0
BRDA:730,73,0,0
BRDA:730,73,1,0
BRDA:733,74,0,0
BRDA:733,74,1,0
BRDA:736,75,0,0
BRDA:736,75,1,0
BRDA:736,76,0,0
BRDA:736,76,1,0
BRDA:736,76,2,0
BRDA:739,77,0,0
BRDA:739,77,1,0
BRDA:742,78,0,0
BRDA:742,78,1,0
BRDA:747,79,0,0
BRDA:747,79,1,0
BRDA:753,80,0,0
BRDA:753,80,1,0
BRDA:754,81,0,0
BRDA:754,81,1,0
BRDA:754,82,0,0
BRDA:754,82,1,0
BRDA:760,83,0,0
BRDA:760,83,1,0
BRDA:763,84,0,0
BRDA:763,84,1,0
BRDA:764,85,0,0
BRDA:764,85,1,0
BRDA:764,86,0,0
BRDA:764,86,1,0
BRDA:771,87,0,0
BRDA:771,87,1,0
BRDA:772,88,0,0
BRDA:772,88,1,0
BRDA:772,89,0,0
BRDA:772,89,1,0
BRDA:777,90,0,0
BRDA:777,90,1,0
BRDA:781,91,0,0
BRDA:781,91,1,0
BRDA:781,92,0,0
BRDA:781,92,1,0
BRDA:786,93,0,0
BRDA:786,93,1,0
BRDA:787,94,0,0
BRDA:787,94,1,0
BRDA:793,95,0,0
BRDA:793,95,1,0
BRDA:796,96,0,0
BRDA:796,96,1,0
BRDA:796,97,0,0
BRDA:796,97,1,0
BRDA:804,98,0,0
BRDA:804,98,1,0
BRDA:805,99,0,0
BRDA:805,99,1,0
BRDA:812,100,0,0
BRDA:812,100,1,0
BRDA:815,101,0,0
BRDA:815,101,1,0
BRDA:815,102,0,0
BRDA:815,102,1,0
BRDA:818,103,0,0
BRDA:818,103,1,0
BRDA:818,104,0,0
BRDA:818,104,1,0
BRDA:818,104,2,0
BRDA:827,105,0,0
BRDA:827,105,1,0
BRDA:847,106,0,0
BRDA:847,106,1,0
BRDA:865,107,0,0
BRDA:865,107,1,0
BRDA:867,108,0,0
BRDA:867,108,1,0
BRDA:881,109,0,0
BRDA:881,109,1,0
BRDA:893,110,0,0
BRDA:893,110,1,0
BRDA:895,111,0,0
BRDA:895,111,1,0
BRDA:899,112,0,0
BRDA:899,112,1,0
BRDA:903,113,0,0
BRDA:903,113,1,0
BRDA:920,114,0,0
BRDA:920,114,1,0
BRDA:936,115,0,0
BRDA:936,115,1,0
BRDA:943,116,0,0
BRDA:943,116,1,0
BRDA:954,117,0,0
BRF:243
BRH:0
end_of_record
TN:
SF:static\js\deck.js
FN:11,(anonymous_0)
FN:18,initializeDeckBuilder
FN:27,(anonymous_2)
FN:33,handleSlotClick
FN:41,loadAvailableCards
FN:45,(anonymous_5)
FN:46,(anonymous_6)
FN:48,(anonymous_7)
FN:51,(anonymous_8)
FN:57,(anonymous_9)
FN:64,handleCardClick
FN:72,(anonymous_11)
FN:92,updateDeckSlot
FN:102,removeCardFromSlot
FN:115,updateCardStates
FN:117,(anonymous_15)
FN:128,saveDeck
FN:130,(anonymous_17)
FN:149,(anonymous_18)
FN:150,(anonymous_19)
FN:158,(anonymous_20)
FN:165,clearDeck
FN:168,(anonymous_22)
FN:178,loadSavedDecks
FN:180,(anonymous_24)
FN:181,(anonymous_25)
FN:185,(anonymous_26)
FN:191,(anonymous_27)
FN:198,createDeckItem
FN:204,(anonymous_29)
FN:210,(anonymous_30)
FN:215,useSavedDeck
FN:222,updateDeckSlots
FN:224,(anonymous_33)
FN:240,getCardById
FN:260,createCardElement
FN:284,(anonymous_36)
FN:346,(anonymous_37)
FN:360,(anonymous_38)
FN:367,(anonymous_39)
FN:372,(anonymous_40)
FN:388,showMessage
FN:394,(anonymous_42)
FNF:43
FNH:0
FNDA:0,(anonymous_0)
FNDA:0,initializeDeckBuilder
FNDA:0,(anonymous_2)
FNDA:0,handleSlotClick
FNDA:0,loadAvailableCards
FNDA:0,(anonymous_5)
FNDA:0,(anonymous_6)
FNDA:0,(anonymous_7)
FNDA:0,(anonymous_8)
FNDA:0,(anonymous_9)
FNDA:0,handleCardClick
FNDA:0,(anonymous_11)
FNDA:0,updateDeckSlot
FNDA:0,removeCardFromSlot
FNDA:0,updateCardStates
FNDA:0,(anonymous_15)
FNDA:0,saveDeck
FNDA:0,(anonymous_17)
FNDA:0,(anonymous_18)
FNDA:0,(anonymous_19)
FNDA:0,(anonymous_20)
FNDA:0,clearDeck
FNDA:0,(anonymous_22)
FNDA:0,loadSavedDecks
FNDA:0,(anonymous_24)
FNDA:0,(anonymous_25)
FNDA:0,(anonymous_26)
FNDA:0,(anonymous_27)
FNDA:0,createDeckItem
FNDA:0,(anonymous_29)
FNDA:0,(anonymous_30)
FNDA:0,useSavedDeck
FNDA:0,updateDeckSlots
FNDA:0,(anonymous_33)
FNDA:0,getCardById
FNDA:0,createCardElement
FNDA:0,(anonymous_36)
FNDA:0,(anonymous_37)
FNDA:0,(anonymous_38)
FNDA:0,(anonymous_39)
FNDA:0,(anonymous_40)
FNDA:0,showMessage
FNDA:0,(anonymous_42)
DA:2,0
DA:8,0
DA:11,0
DA:12,0
DA:13,0
DA:14,0
DA:19,0
DA:20,0
DA:23,0
DA:24,0
DA:25,0
DA:26,0
DA:27,0
DA:28,0
DA:34,0
DA:35,0
DA:36,0
DA:42,0
DA:44,0
DA:45,0
DA:47,0
DA:48,0
DA:49,0
DA:50,0
DA:51,0
DA:52,0
DA:55,0
DA:58,0
DA:59,0
DA:66,0
DA:67,0
DA:68,0
DA:72,0
DA:73,0
DA:74,0
DA:75,0
DA:79,0
DA:82,0
DA:83,0
DA:86,0
DA:88,0
DA:93,0
DA:94,0
DA:96,0
DA:97,0
DA:98,0
DA:103,0
DA:104,0
DA:105,0
DA:106,0
DA:107,0
DA:109,0
DA:110,0
DA:116,0
DA:117,0
DA:118,0
DA:119,0
DA:120,0
DA:122,0
DA:130,0
DA:131,0
DA:132,0
DA:136,0
DA:137,0
DA:139,0
DA:142,0
DA:149,0
DA:151,0
DA:152,0
DA:153,0
DA:155,0
DA:159,0
DA:160,0
DA:166,0
DA:167,0
DA:168,0
DA:169,0
DA:170,0
DA:173,0
DA:174,0
DA:179,0
DA:180,0
DA:182,0
DA:183,0
DA:184,0
DA:185,0
DA:186,0
DA:187,0
DA:192,0
DA:193,0
DA:199,0
DA:200,0
DA:201,0
DA:205,0
DA:206,0
DA:210,0
DA:211,0
DA:216,0
DA:217,0
DA:218,0
DA:223,0
DA:224,0
DA:225,0
DA:226,0
DA:227,0
DA:228,0
DA:229,0
DA:232,0
DA:233,0
DA:236,0
DA:241,0
DA:242,0
DA:243,0
DA:244,0
DA:256,0
DA:262,0
DA:263,0
DA:264,0
DA:267,0
DA:268,0
DA:269,0
DA:270,0
DA:273,0
DA:274,0
DA:284,0
DA:285,0
DA:288,0
DA:290,0
DA:312,0
DA:313,0
DA:314,0
DA:346,0
DA:357,0
DA:360,0
DA:361,0
DA:362,0
DA:363,0
DA:364,0
DA:367,0
DA:368,0
DA:372,0
DA:373,0
DA:374,0
DA:375,0
DA:376,0
DA:380,0
DA:382,0
DA:383,0
DA:389,0
DA:390,0
DA:391,0
DA:392,0
DA:394,0
DA:395,0
LF:154
LH:0
BRDA:35,0,0,0
BRDA:35,0,1,0
BRDA:50,1,0,0
BRDA:50,1,1,0
BRDA:66,2,0,0
BRDA:66,2,1,0
BRDA:73,3,0,0
BRDA:73,3,1,0
BRDA:103,4,0,0
BRDA:103,4,1,0
BRDA:119,5,0,0
BRDA:119,5,1,0
BRDA:130,6,0,0
BRDA:130,6,1,0
BRDA:137,7,0,0
BRDA:137,7,1,0
BRDA:151,8,0,0
BRDA:151,8,1,0
BRDA:183,9,0,0
BRDA:183,9,1,0
BRDA:206,10,0,0
BRDA:206,10,1,0
BRDA:226,11,0,0
BRDA:226,11,1,0
BRDA:228,12,0,0
BRDA:228,12,1,0
BRDA:243,13,0,0
BRDA:243,13,1,0
BRDA:262,14,0,0
BRDA:262,14,1,0
BRDA:262,15,0,0
BRDA:262,15,1,0
BRDA:273,16,0,0
BRDA:273,16,1,0
BRDA:285,17,0,0
BRDA:285,17,1,0
BRDA:288,18,0,0
BRDA:288,18,1,0
BRDA:292,19,0,0
BRDA:292,19,1,0
BRDA:294,20,0,0
BRDA:294,20,1,0
BRDA:294,21,0,0
BRDA:294,21,1,0
BRDA:298,22,0,0
BRDA:298,22,1,0
BRDA:302,23,0,0
BRDA:302,23,1,0
BRDA:306,24,0,0
BRDA:306,24,1,0
BRDA:316,25,0,0
BRDA:316,25,1,0
BRDA:317,26,0,0
BRDA:317,26,1,0
BRDA:317,27,0,0
BRDA:317,27,1,0
BRDA:322,28,0,0
BRDA:322,28,1,0
BRDA:326,29,0,0
BRDA:326,29,1,0
BRDA:330,30,0,0
BRDA:330,30,1,0
BRDA:334,31,0,0
BRDA:334,31,1,0
BRDA:338,32,0,0
BRDA:338,32,1,0
BRDA:342,33,0,0
BRDA:342,33,1,0
BRDA:346,34,0,0
BRDA:346,34,1,0
BRDA:348,35,0,0
BRDA:348,35,1,0
BRDA:349,36,0,0
BRDA:349,36,1,0
BRDA:350,37,0,0
BRDA:350,37,1,0
BRDA:373,38,0,0
BRDA:373,38,1,0
BRDA:388,39,0,0
BRF:79
BRH:0
end_of_record
TN:
SF:static\js\main.js
FN:13,(anonymous_0)
FN:16,(anonymous_1)
FN:17,(anonymous_2)
FN:20,(anonymous_3)
FN:26,showMessage
FN:32,toggleMusic
FN:57,createCardElement
FN:77,(anonymous_7)
FNF:8
FNH:0
FNDA:0,(anonymous_0)
FNDA:0,(anonymous_1)
FNDA:0,(anonymous_2)
FNDA:0,(anonymous_3)
FNDA:0,showMessage
FNDA:0,toggleMusic
FNDA:0,createCardElement
FNDA:0,(anonymous_7)
DA:2,0
DA:13,0
DA:15,0
DA:16,0
DA:18,0
DA:21,0
DA:28,0
DA:33,0
DA:34,0
DA:36,0
DA:38,0
DA:43,0
DA:44,0
DA:45,0
DA:46,0
DA:47,0
DA:49,0
DA:50,0
DA:51,0
DA:52,0
DA:58,0
DA:59,0
DA:60,0
DA:63,0
DA:77,0
DA:87,0
LF:26
LH:0
BRDA:26,0,0,0
BRDA:36,1,0,0
BRDA:36,1,1,0
BRDA:43,2,0,0
BRDA:43,2,1,0
BRF:5
BRH:0
end_of_record
TN:
SF:static\js\prepare.js
FN:6,(anonymous_0)
FN:18,loadSavedDecks
FN:31,loadAllCards
FN:44,updateDeckDropdown
FN:58,(anonymous_4)
FN:64,(anonymous_5)
FN:70,(anonymous_6)
FN:76,updateQuickSelect
FN:90,(anonymous_8)
FN:92,(anonymous_9)
FN:98,getCardById
FN:122,createCardElement
FN:188,(anonymous_12)
FN:203,(anonymous_13)
FN:214,(anonymous_14)
FN:217,(anonymous_15)
FN:224,(anonymous_16)
FN:237,toggleCardSelection
FN:263,(anonymous_18)
FN:286,selectDeck
FN:291,(anonymous_20)
FN:298,(anonymous_21)
FN:309,(anonymous_22)
FN:318,(anonymous_23)
FN:343,updateBattleButton
FN:351,showMessage
FN:357,(anonymous_26)
FN:363,startBattle
FN:371,(anonymous_28)
FN:401,createDeckItem
FN:407,(anonymous_30)
FN:413,(anonymous_31)
FN:418,useSavedDeck
FN:425,updateSelectedCardsDisplay
FN:437,(anonymous_34)
FN:438,(anonymous_35)
FN:439,(anonymous_36)
FN:440,(anonymous_37)
FNF:38
FNH:0
FNDA:0,(anonymous_0)
FNDA:0,loadSavedDecks
FNDA:0,loadAllCards
FNDA:0,updateDeckDropdown
FNDA:0,(anonymous_4)
FNDA:0,(anonymous_5)
FNDA:0,(anonymous_6)
FNDA:0,updateQuickSelect
FNDA:0,(anonymous_8)
FNDA:0,(anonymous_9)
FNDA:0,getCardById
FNDA:0,createCardElement
FNDA:0,(anonymous_12)
FNDA:0,(anonymous_13)
FNDA:0,(anonymous_14)
FNDA:0,(anonymous_15)
FNDA:0,(anonymous_16)
FNDA:0,toggleCardSelection
FNDA:0,(anonymous_18)
FNDA:0,selectDeck
FNDA:0,(anonymous_20)
FNDA:0,(anonymous_21)
FNDA:0,(anonymous_22)
FNDA:0,(anonymous_23)
FNDA:0,updateBattleButton
FNDA:0,showMessage
FNDA:0,(anonymous_26)
FNDA:0,startBattle
FNDA:0,(anonymous_28)
FNDA:0,createDeckItem
FNDA:0,(anonymous_30)
FNDA:0,(anonymous_31)
FNDA:0,useSavedDeck
FNDA:0,updateSelectedCardsDisplay
FNDA:0,(anonymous_34)
FNDA:0,(anonymous_35)
FNDA:0,(anonymous_36)
FNDA:0,(anonymous_37)
DA:2,0
DA:3,0
DA:6,0
DA:7,0
DA:8,0
DA:11,0
DA:12,0
DA:13,0
DA:19,0
DA:20,0
DA:21,0
DA:22,0
DA:23,0
DA:25,0
DA:26,0
DA:32,0
DA:33,0
DA:34,0
DA:35,0
DA:36,0
DA:38,0
DA:39,0
DA:45,0
DA:46,0
DA:48,0
DA:50,0
DA:51,0
DA:52,0
DA:53,0
DA:54,0
DA:55,0
DA:58,0
DA:59,0
DA:60,0
DA:61,0
DA:65,0
DA:66,0
DA:70,0
DA:71,0
DA:77,0
DA:78,0
DA:80,0
DA:82,0
DA:83,0
DA:84,0
DA:85,0
DA:86,0
DA:87,0
DA:90,0
DA:91,0
DA:92,0
DA:93,0
DA:99,0
DA:100,0
DA:101,0
DA:102,0
DA:118,0
DA:123,0
DA:124,0
DA:125,0
DA:126,0
DA:127,0
DA:128,0
DA:129,0
DA:131,0
DA:153,0
DA:154,0
DA:155,0
DA:156,0
DA:188,0
DA:199,0
DA:203,0
DA:204,0
DA:205,0
DA:206,0
DA:207,0
DA:208,0
DA:209,0
DA:210,0
DA:214,0
DA:215,0
DA:216,0
DA:217,0
DA:218,0
DA:224,0
DA:225,0
DA:226,0
DA:227,0
DA:228,0
DA:229,0
DA:233,0
DA:238,0
DA:239,0
DA:242,0
DA:243,0
DA:247,0
DA:249,0
DA:250,0
DA:251,0
DA:252,0
DA:256,0
DA:257,0
DA:258,0
DA:259,0
DA:260,0
DA:263,0
DA:265,0
DA:266,0
DA:267,0
DA:270,0
DA:271,0
DA:272,0
DA:273,0
DA:274,0
DA:278,0
DA:279,0
DA:282,0
DA:287,0
DA:289,0
DA:290,0
DA:291,0
DA:292,0
DA:293,0
DA:297,0
DA:298,0
DA:301,0
DA:302,0
DA:303,0
DA:304,0
DA:307,0
DA:308,0
DA:309,0
DA:310,0
DA:311,0
DA:312,0
DA:313,0
DA:314,0
DA:315,0
DA:318,0
DA:320,0
DA:321,0
DA:322,0
DA:325,0
DA:326,0
DA:327,0
DA:328,0
DA:329,0
DA:334,0
DA:335,0
DA:337,0
DA:338,0
DA:344,0
DA:345,0
DA:346,0
DA:352,0
DA:353,0
DA:354,0
DA:356,0
DA:357,0
DA:358,0
DA:364,0
DA:365,0
DA:366,0
DA:370,0
DA:371,0
DA:373,0
DA:374,0
DA:375,0
DA:391,0
DA:392,0
DA:393,0
DA:396,0
DA:397,0
DA:402,0
DA:403,0
DA:404,0
DA:408,0
DA:409,0
DA:413,0
DA:414,0
DA:419,0
DA:420,0
DA:421,0
DA:426,0
DA:427,0
DA:429,0
DA:431,0
DA:432,0
DA:433,0
DA:436,0
DA:437,0
DA:439,0
DA:440,0
DA:441,0
DA:442,0
DA:443,0
DA:444,0
DA:448,0
LF:198
LH:0
BRDA:12,0,0,0
BRDA:12,0,1,0
BRDA:21,1,0,0
BRDA:21,1,1,0
BRDA:23,2,0,0
BRDA:23,2,1,0
BRDA:34,3,0,0
BRDA:34,3,1,0
BRDA:36,4,0,0
BRDA:36,4,1,0
BRDA:46,5,0,0
BRDA:46,5,1,0
BRDA:50,6,0,0
BRDA:50,6,1,0
BRDA:66,7,0,0
BRDA:66,7,1,0
BRDA:78,8,0,0
BRDA:78,8,1,0
BRDA:82,9,0,0
BRDA:82,9,1,0
BRDA:101,10,0,0
BRDA:101,10,1,0
BRDA:110,11,0,0
BRDA:110,11,1,0
BRDA:111,12,0,0
BRDA:111,12,1,0
BRDA:112,13,0,0
BRDA:112,13,1,0
BRDA:114,14,0,0
BRDA:114,14,1,0
BRDA:124,15,0,0
BRDA:124,15,1,0
BRDA:129,16,0,0
BRDA:129,16,1,0
BRDA:188,17,0,0
BRDA:188,17,1,0
BRDA:207,18,0,0
BRDA:207,18,1,0
BRDA:216,19,0,0
BRDA:216,19,1,0
BRDA:226,20,0,0
BRDA:226,20,1,0
BRDA:226,21,0,0
BRDA:226,21,1,0
BRDA:242,22,0,0
BRDA:242,22,1,0
BRDA:247,23,0,0
BRDA:247,23,1,0
BRDA:250,24,0,0
BRDA:250,24,1,0
BRDA:256,25,0,0
BRDA:256,25,1,0
BRDA:266,26,0,0
BRDA:266,26,1,0
BRDA:302,27,0,0
BRDA:302,27,1,0
BRDA:304,28,0,0
BRDA:304,28,1,0
BRDA:310,29,0,0
BRDA:310,29,1,0
BRDA:321,30,0,0
BRDA:321,30,1,0
BRDA:345,31,0,0
BRDA:345,31,1,0
BRDA:351,32,0,0
BRDA:364,33,0,0
BRDA:364,33,1,0
BRDA:374,34,0,0
BRDA:374,34,1,0
BRDA:382,35,0,0
BRDA:382,35,1,0
BRDA:383,36,0,0
BRDA:383,36,1,0
BRDA:384,37,0,0
BRDA:384,37,1,0
BRDA:385,38,0,0
BRDA:385,38,1,0
BRDA:386,39,0,0
BRDA:386,39,1,0
BRDA:391,40,0,0
BRDA:391,40,1,0
BRDA:409,41,0,0
BRDA:409,41,1,0
BRDA:431,42,0,0
BRDA:431,42,1,0
BRDA:441,43,0,0
BRDA:441,43,1,0
BRF:87
BRH:0
end_of_record
TN:
SF:static\js\battle\battle-actions-adapter.js
FN:7,calculateDamage
FN:26,(anonymous_1)
FN:27,(anonymous_2)
FN:63,executeSkillEffect
FNF:4
FNH:1
FNDA:3,calculateDamage
FNDA:0,(anonymous_1)
FNDA:0,(anonymous_2)
FNDA:0,executeSkillEffect
DA:9,3
DA:10,3
DA:13,3
DA:14,3
DA:17,3
DA:18,3
DA:20,3
DA:21,3
DA:22,1
DA:26,3
DA:27,0
DA:28,0
DA:30,0
DA:32,0
DA:37,3
DA:39,3
DA:41,3
DA:44,3
DA:45,3
DA:46,0
DA:47,0
DA:53,3
DA:55,0
DA:59,3
DA:64,0
DA:67,0
DA:68,0
DA:69,0
DA:70,0
DA:72,0
DA:73,0
DA:77,0
DA:78,0
DA:80,0
DA:81,0
DA:82,0
DA:86,0
DA:87,0
DA:93,0
DA:94,0
DA:96,0
DA:97,0
DA:101,0
DA:102,0
DA:108,0
DA:109,0
DA:111,0
DA:112,0
DA:115,0
DA:119,1
LF:50
LH:18
BRDA:7,0,0,3
BRDA:21,1,0,1
BRDA:21,1,1,2
BRDA:26,2,0,0
BRDA:26,2,1,3
BRDA:26,3,0,3
BRDA:26,3,1,3
BRDA:26,3,2,3
BRDA:28,4,0,0
BRDA:28,4,1,0
BRDA:30,5,0,0
BRDA:30,5,1,0
BRDA:39,6,0,3
BRDA:39,6,1,0
BRDA:44,7,0,3
BRDA:44,7,1,0
BRDA:46,8,0,0
BRDA:46,8,1,0
BRDA:53,9,0,0
BRDA:53,9,1,3
BRDA:53,10,0,3
BRDA:53,10,1,3
BRDA:64,11,0,0
BRDA:64,11,1,0
BRDA:67,12,0,0
BRDA:67,12,1,0
BRDA:69,13,0,0
BRDA:69,13,1,0
BRDA:69,14,0,0
BRDA:69,14,1,0
BRDA:77,15,0,0
BRDA:77,15,1,0
BRDA:86,16,0,0
BRDA:86,16,1,0
BRDA:93,17,0,0
BRDA:93,17,1,0
BRDA:101,18,0,0
BRDA:101,18,1,0
BRDA:108,19,0,0
BRDA:108,19,1,0
BRF:40
BRH:12
end_of_record
TN:
SF:static\js\battle\battle-actions.js
FN:16,selectAction
FN:27,performAction
FN:50,(anonymous_2)
FN:51,(anonymous_3)
FN:140,calculateDamage
FN:164,(anonymous_5)
FN:191,executeSkillEffect
FN:235,(anonymous_7)
FN:365,(anonymous_8)
FN:383,endBattle
FN:391,(anonymous_10)
FN:392,(anonymous_11)
FN:401,(anonymous_12)
FN:402,(anonymous_13)
FN:416,nextTurn
FN:438,(anonymous_15)
FN:457,applyDOTEffects
FN:461,(anonymous_17)
FN:496,startPlayerTurn
FN:520,(anonymous_19)
FN:527,(anonymous_20)
FN:533,(anonymous_21)
FN:552,startEnemyTurn
FN:580,(anonymous_23)
FN:587,(anonymous_24)
FN:593,(anonymous_25)
FN:606,(anonymous_26)
FN:621,performAIAction
FN:632,(anonymous_28)
FN:636,(anonymous_29)
FN:642,(anonymous_30)
FN:654,(anonymous_31)
FN:655,(anonymous_32)
FN:668,(anonymous_33)
FN:669,(anonymous_34)
FN:705,(anonymous_35)
FN:709,(anonymous_36)
FN:714,(anonymous_37)
FN:727,(anonymous_38)
FN:736,(anonymous_39)
FN:748,getEffectDisplayName
FNF:41
FNH:0
FNDA:0,selectAction
FNDA:0,performAction
FNDA:0,(anonymous_2)
FNDA:0,(anonymous_3)
FNDA:0,calculateDamage
FNDA:0,(anonymous_5)
FNDA:0,executeSkillEffect
FNDA:0,(anonymous_7)
FNDA:0,(anonymous_8)
FNDA:0,endBattle
FNDA:0,(anonymous_10)
FNDA:0,(anonymous_11)
FNDA:0,(anonymous_12)
FNDA:0,(anonymous_13)
FNDA:0,nextTurn
FNDA:0,(anonymous_15)
FNDA:0,applyDOTEffects
FNDA:0,(anonymous_17)
FNDA:0,startPlayerTurn
FNDA:0,(anonymous_19)
FNDA:0,(anonymous_20)
FNDA:0,(anonymous_21)
FNDA:0,startEnemyTurn
FNDA:0,(anonymous_23)
FNDA:0,(anonymous_24)
FNDA:0,(anonymous_25)
FNDA:0,(anonymous_26)
FNDA:0,performAIAction
FNDA:0,(anonymous_28)
FNDA:0,(anonymous_29)
FNDA:0,(anonymous_30)
FNDA:0,(anonymous_31)
FNDA:0,(anonymous_32)
FNDA:0,(anonymous_33)
FNDA:0,(anonymous_34)
FNDA:0,(anonymous_35)
FNDA:0,(anonymous_36)
FNDA:0,(anonymous_37)
FNDA:0,(anonymous_38)
FNDA:0,(anonymous_39)
FNDA:0,getEffectDisplayName
DA:17,0
DA:20,0
DA:28,0
DA:31,0
DA:32,0
DA:33,0
DA:37,0
DA:38,0
DA:39,0
DA:42,0
DA:44,0
DA:47,0
DA:49,0
DA:50,0
DA:51,0
DA:54,0
DA:55,0
DA:57,0
DA:60,0
DA:61,0
DA:64,0
DA:65,0
DA:68,0
DA:69,0
DA:70,0
DA:71,0
DA:72,0
DA:76,0
DA:80,0
DA:81,0
DA:86,0
DA:87,0
DA:90,0
DA:91,0
DA:92,0
DA:93,0
DA:94,0
DA:97,0
DA:99,0
DA:100,0
DA:103,0
DA:107,0
DA:110,0
DA:111,0
DA:114,0
DA:117,0
DA:118,0
DA:121,0
DA:123,0
DA:124,0
DA:127,0
DA:128,0
DA:142,0
DA:143,0
DA:146,0
DA:147,0
DA:150,0
DA:151,0
DA:153,0
DA:154,0
DA:155,0
DA:156,0
DA:160,0
DA:163,0
DA:164,0
DA:165,0
DA:167,0
DA:169,0
DA:170,0
DA:175,0
DA:176,0
DA:178,0
DA:182,0
DA:193,0
DA:196,0
DA:199,0
DA:200,0
DA:203,0
DA:204,0
DA:208,0
DA:209,0
DA:211,0
DA:214,0
DA:218,0
DA:219,0
DA:221,0
DA:224,0
DA:229,0
DA:235,0
DA:236,0
DA:239,0
DA:241,0
DA:243,0
DA:246,0
DA:247,0
DA:248,0
DA:249,0
DA:250,0
DA:251,0
DA:254,0
DA:255,0
DA:256,0
DA:260,0
DA:261,0
DA:262,0
DA:263,0
DA:264,0
DA:269,0
DA:270,0
DA:272,0
DA:273,0
DA:277,0
DA:278,0
DA:279,0
DA:282,0
DA:283,0
DA:284,0
DA:285,0
DA:286,0
DA:287,0
DA:292,0
DA:296,0
DA:297,0
DA:298,0
DA:299,0
DA:303,0
DA:304,0
DA:305,0
DA:307,0
DA:309,0
DA:310,0
DA:313,0
DA:314,0
DA:315,0
DA:316,0
DA:317,0
DA:318,0
DA:322,0
DA:323,0
DA:324,0
DA:328,0
DA:329,0
DA:335,0
DA:336,0
DA:339,0
DA:340,0
DA:341,0
DA:342,0
DA:343,0
DA:344,0
DA:348,0
DA:349,0
DA:350,0
DA:354,0
DA:355,0
DA:359,0
DA:360,0
DA:361,0
DA:363,0
DA:365,0
DA:366,0
DA:369,0
DA:370,0
DA:374,0
DA:375,0
DA:384,0
DA:387,0
DA:388,0
DA:391,0
DA:392,0
DA:393,0
DA:396,0
DA:398,0
DA:401,0
DA:402,0
DA:403,0
DA:406,0
DA:410,0
DA:418,0
DA:420,0
DA:423,0
DA:424,0
DA:426,0
DA:429,0
DA:432,0
DA:435,0
DA:438,0
DA:439,0
DA:442,0
DA:443,0
DA:444,0
DA:446,0
DA:447,0
DA:458,0
DA:461,0
DA:463,0
DA:464,0
DA:468,0
DA:469,0
DA:473,0
DA:474,0
DA:476,0
DA:477,0
DA:478,0
DA:482,0
DA:483,0
DA:485,0
DA:486,0
DA:498,0
DA:500,0
DA:503,0
DA:504,0
DA:505,0
DA:506,0
DA:510,0
DA:511,0
DA:512,0
DA:516,0
DA:517,0
DA:520,0
DA:521,0
DA:522,0
DA:527,0
DA:528,0
DA:529,0
DA:530,0
DA:533,0
DA:534,0
DA:535,0
DA:536,0
DA:542,0
DA:545,0
DA:546,0
DA:554,0
DA:555,0
DA:556,0
DA:558,0
DA:560,0
DA:563,0
DA:564,0
DA:565,0
DA:566,0
DA:570,0
DA:571,0
DA:572,0
DA:576,0
DA:577,0
DA:580,0
DA:581,0
DA:582,0
DA:587,0
DA:588,0
DA:589,0
DA:590,0
DA:593,0
DA:594,0
DA:595,0
DA:596,0
DA:602,0
DA:603,0
DA:606,0
DA:608,0
DA:609,0
DA:610,0
DA:611,0
DA:614,0
DA:622,0
DA:625,0
DA:626,0
DA:627,0
DA:628,0
DA:632,0
DA:633,0
DA:636,0
DA:638,0
DA:640,0
DA:641,0
DA:642,0
DA:643,0
DA:644,0
DA:646,0
DA:650,0
DA:651,0
DA:654,0
DA:655,0
DA:657,0
DA:658,0
DA:659,0
DA:660,0
DA:661,0
DA:664,0
DA:665,0
DA:668,0
DA:669,0
DA:671,0
DA:673,0
DA:675,0
DA:676,0
DA:679,0
DA:680,0
DA:684,0
DA:685,0
DA:688,0
DA:689,0
DA:690,0
DA:694,0
DA:695,0
DA:696,0
DA:697,0
DA:701,0
DA:702,0
DA:705,0
DA:706,0
DA:709,0
DA:711,0
DA:713,0
DA:714,0
DA:716,0
DA:717,0
DA:718,0
DA:719,0
DA:721,0
DA:725,0
DA:726,0
DA:727,0
DA:728,0
DA:729,0
DA:733,0
DA:735,0
DA:736,0
DA:737,0
DA:738,0
DA:749,0
DA:751,0
DA:752,0
DA:753,0
DA:754,0
DA:755,0
DA:757,0
DA:758,0
DA:759,0
DA:761,0
LF:342
LH:0
BRDA:16,0,0,0
BRDA:31,1,0,0
BRDA:31,1,1,0
BRDA:31,2,0,0
BRDA:31,2,1,0
BRDA:37,3,0,0
BRDA:37,3,1,0
BRDA:42,4,0,0
BRDA:42,4,1,0
BRDA:47,5,0,0
BRDA:47,5,1,0
BRDA:49,6,0,0
BRDA:49,6,1,0
BRDA:50,7,0,0
BRDA:50,7,1,0
BRDA:51,8,0,0
BRDA:51,8,1,0
BRDA:54,9,0,0
BRDA:54,9,1,0
BRDA:60,10,0,0
BRDA:60,10,1,0
BRDA:69,11,0,0
BRDA:69,11,1,0
BRDA:80,12,0,0
BRDA:80,12,1,0
BRDA:91,13,0,0
BRDA:91,13,1,0
BRDA:97,14,0,0
BRDA:97,14,1,0
BRDA:117,15,0,0
BRDA:117,15,1,0
BRDA:121,16,0,0
BRDA:121,16,1,0
BRDA:128,17,0,0
BRDA:128,17,1,0
BRDA:140,18,0,0
BRDA:154,19,0,0
BRDA:154,19,1,0
BRDA:163,20,0,0
BRDA:163,20,1,0
BRDA:163,21,0,0
BRDA:163,21,1,0
BRDA:165,22,0,0
BRDA:165,22,1,0
BRDA:167,23,0,0
BRDA:167,23,1,0
BRDA:176,24,0,0
BRDA:176,24,1,0
BRDA:176,25,0,0
BRDA:176,25,1,0
BRDA:196,26,0,0
BRDA:196,26,1,0
BRDA:208,27,0,0
BRDA:208,27,1,0
BRDA:208,28,0,0
BRDA:208,28,1,0
BRDA:209,29,0,0
BRDA:209,29,1,0
BRDA:211,30,0,0
BRDA:211,30,1,0
BRDA:218,31,0,0
BRDA:218,31,1,0
BRDA:218,32,0,0
BRDA:218,32,1,0
BRDA:218,32,2,0
BRDA:219,33,0,0
BRDA:219,33,1,0
BRDA:221,34,0,0
BRDA:221,34,1,0
BRDA:229,35,0,0
BRDA:229,35,1,0
BRDA:230,36,0,0
BRDA:230,36,1,0
BRDA:236,37,0,0
BRDA:236,37,1,0
BRDA:239,38,0,0
BRDA:239,38,1,0
BRDA:247,39,0,0
BRDA:247,39,1,0
BRDA:260,40,0,0
BRDA:260,40,1,0
BRDA:262,41,0,0
BRDA:262,41,1,0
BRDA:270,42,0,0
BRDA:270,42,1,0
BRDA:270,43,0,0
BRDA:270,43,1,0
BRDA:283,44,0,0
BRDA:283,44,1,0
BRDA:285,45,0,0
BRDA:285,45,1,0
BRDA:296,46,0,0
BRDA:296,46,1,0
BRDA:303,47,0,0
BRDA:303,47,1,0
BRDA:304,48,0,0
BRDA:304,48,1,0
BRDA:307,49,0,0
BRDA:307,49,1,0
BRDA:313,50,0,0
BRDA:313,50,1,0
BRDA:314,51,0,0
BRDA:314,51,1,0
BRDA:315,52,0,0
BRDA:315,52,1,0
BRDA:316,53,0,0
BRDA:316,53,1,0
BRDA:317,54,0,0
BRDA:317,54,1,0
BRDA:322,55,0,0
BRDA:322,55,1,0
BRDA:322,56,0,0
BRDA:322,56,1,0
BRDA:335,57,0,0
BRDA:335,57,1,0
BRDA:339,58,0,0
BRDA:339,58,1,0
BRDA:340,59,0,0
BRDA:340,59,1,0
BRDA:341,60,0,0
BRDA:341,60,1,0
BRDA:342,61,0,0
BRDA:342,61,1,0
BRDA:343,62,0,0
BRDA:343,62,1,0
BRDA:348,63,0,0
BRDA:348,63,1,0
BRDA:348,64,0,0
BRDA:348,64,1,0
BRDA:359,65,0,0
BRDA:359,65,1,0
BRDA:359,66,0,0
BRDA:359,66,1,0
BRDA:361,67,0,0
BRDA:361,67,1,0
BRDA:363,68,0,0
BRDA:363,68,1,0
BRDA:366,69,0,0
BRDA:366,69,1,0
BRDA:387,70,0,0
BRDA:387,70,1,0
BRDA:424,71,0,0
BRDA:424,71,1,0
BRDA:442,72,0,0
BRDA:442,72,1,0
BRDA:458,73,0,0
BRDA:458,73,1,0
BRDA:458,74,0,0
BRDA:458,74,1,0
BRDA:463,75,0,0
BRDA:463,75,1,0
BRDA:463,76,0,0
BRDA:463,76,1,0
BRDA:468,77,0,0
BRDA:468,77,1,0
BRDA:473,78,0,0
BRDA:473,78,1,0
BRDA:473,79,0,0
BRDA:473,79,1,0
BRDA:477,80,0,0
BRDA:477,80,1,0
BRDA:478,81,0,0
BRDA:478,81,1,0
BRDA:478,82,0,0
BRDA:478,82,1,0
BRDA:482,83,0,0
BRDA:482,83,1,0
BRDA:486,84,0,0
BRDA:486,84,1,0
BRDA:486,85,0,0
BRDA:486,85,1,0
BRDA:503,86,0,0
BRDA:503,86,1,0
BRDA:510,87,0,0
BRDA:510,87,1,0
BRDA:521,88,0,0
BRDA:521,88,1,0
BRDA:528,89,0,0
BRDA:528,89,1,0
BRDA:534,90,0,0
BRDA:534,90,1,0
BRDA:554,91,0,0
BRDA:554,91,1,0
BRDA:563,92,0,0
BRDA:563,92,1,0
BRDA:570,93,0,0
BRDA:570,93,1,0
BRDA:581,94,0,0
BRDA:581,94,1,0
BRDA:588,95,0,0
BRDA:588,95,1,0
BRDA:594,96,0,0
BRDA:594,96,1,0
BRDA:608,97,0,0
BRDA:608,97,1,0
BRDA:625,98,0,0
BRDA:625,98,1,0
BRDA:633,99,0,0
BRDA:633,99,1,0
BRDA:638,100,0,0
BRDA:638,100,1,0
BRDA:657,101,0,0
BRDA:657,101,1,0
BRDA:669,102,0,0
BRDA:669,102,1,0
BRDA:671,103,0,0
BRDA:671,103,1,0
BRDA:673,104,0,0
BRDA:673,104,1,0
BRDA:688,105,0,0
BRDA:688,105,1,0
BRDA:694,106,0,0
BRDA:694,106,1,0
BRDA:706,107,0,0
BRDA:706,107,1,0
BRDA:709,108,0,0
BRDA:709,108,1,0
BRDA:711,109,0,0
BRDA:711,109,1,0
BRDA:716,110,0,0
BRDA:716,110,1,0
BRDA:749,111,0,0
BRDA:749,111,1,0
BRDA:751,112,0,0
BRDA:751,112,1,0
BRDA:752,113,0,0
BRDA:752,113,1,0
BRDA:753,114,0,0
BRDA:753,114,1,0
BRDA:754,115,0,0
BRDA:754,115,1,0
BRDA:755,116,0,0
BRDA:755,116,1,0
BRDA:757,117,0,0
BRDA:757,117,1,0
BRDA:758,118,0,0
BRDA:758,118,1,0
BRDA:759,119,0,0
BRDA:759,119,1,0
BRF:239
BRH:0
end_of_record
TN:
SF:static\js\battle\battle-cards-adapter.js
FN:17,(anonymous_0)
FN:47,(anonymous_1)
FN:62,(anonymous_2)
FN:78,(anonymous_3)
FN:97,(anonymous_4)
FN:112,(anonymous_5)
FN:130,(anonymous_6)
FN:145,(anonymous_7)
FN:155,(anonymous_8)
FN:169,(anonymous_9)
FN:182,(anonymous_10)
FNF:11
FNH:8
FNDA:10,(anonymous_0)
FNDA:4,(anonymous_1)
FNDA:2,(anonymous_2)
FNDA:3,(anonymous_3)
FNDA:2,(anonymous_4)
FNDA:3,(anonymous_5)
FNDA:1,(anonymous_6)
FNDA:2,(anonymous_7)
FNDA:0,(anonymous_8)
FNDA:0,(anonymous_9)
FNDA:0,(anonymous_10)
DA:9,1
DA:18,10
DA:21,10
DA:48,4
DA:50,4
DA:51,4
DA:53,4
DA:63,2
DA:65,2
DA:66,2
DA:67,2
DA:69,2
DA:79,3
DA:82,3
DA:83,1
DA:87,2
DA:88,2
DA:98,2
DA:100,2
DA:101,2
DA:102,2
DA:104,2
DA:113,3
DA:116,3
DA:117,0
DA:121,3
DA:131,1
DA:132,0
DA:136,1
DA:137,1
DA:146,2
DA:156,0
DA:157,0
DA:160,0
DA:170,0
DA:171,0
DA:173,0
DA:183,0
DA:184,0
DA:187,0
DA:190,0
DA:193,0
DA:198,1
LF:43
LH:30
BRDA:18,0,0,0
BRDA:18,0,1,10
BRDA:34,1,0,10
BRDA:34,1,1,0
BRDA:48,2,0,0
BRDA:48,2,1,4
BRDA:48,3,0,4
BRDA:48,3,1,4
BRDA:63,4,0,0
BRDA:63,4,1,2
BRDA:63,5,0,2
BRDA:63,5,1,2
BRDA:79,6,0,0
BRDA:79,6,1,3
BRDA:79,7,0,3
BRDA:79,7,1,3
BRDA:82,8,0,1
BRDA:82,8,1,2
BRDA:98,9,0,0
BRDA:98,9,1,2
BRDA:98,10,0,2
BRDA:98,10,1,2
BRDA:113,11,0,0
BRDA:113,11,1,3
BRDA:113,12,0,3
BRDA:113,12,1,3
BRDA:116,13,0,0
BRDA:116,13,1,3
BRDA:131,14,0,0
BRDA:131,14,1,1
BRDA:131,15,0,1
BRDA:131,15,1,1
BRDA:131,15,2,1
BRDA:131,15,3,1
BRDA:146,16,0,2
BRDA:146,16,1,2
BRDA:156,17,0,0
BRDA:156,17,1,0
BRDA:156,18,0,0
BRDA:156,18,1,0
BRDA:156,18,2,0
BRDA:156,18,3,0
BRDA:171,19,0,0
BRDA:171,19,1,0
BRDA:183,20,0,0
BRDA:183,20,1,0
BRF:46
BRH:27
end_of_record
TN:
SF:static\js\battle\battle-cards.js
FN:11,createCardElement
FN:69,(anonymous_1)
FN:85,getEffectName
FN:105,getEffectType
FN:117,(anonymous_4)
FN:130,applyEffect
FN:151,(anonymous_6)
FN:180,decreaseEffectDuration
FN:183,(anonymous_8)
FN:195,(anonymous_9)
FN:200,(anonymous_10)
FN:215,(anonymous_11)
FN:234,calculateCurrentStat
FN:240,(anonymous_13)
FN:269,hasStatusEffect
FN:274,(anonymous_15)
FN:282,getDodgeRate
FN:287,(anonymous_17)
FN:303,dealDamage
FN:324,getReflectDamagePercent
FN:329,(anonymous_20)
FN:345,heal
FN:357,consumeEnergy
FN:370,getCardDetails
FN:378,(anonymous_24)
FN:379,(anonymous_25)
FN:389,isDead
FNF:27
FNH:0
FNDA:0,createCardElement
FNDA:0,(anonymous_1)
FNDA:0,getEffectName
FNDA:0,getEffectType
FNDA:0,(anonymous_4)
FNDA:0,applyEffect
FNDA:0,(anonymous_6)
FNDA:0,decreaseEffectDuration
FNDA:0,(anonymous_8)
FNDA:0,(anonymous_9)
FNDA:0,(anonymous_10)
FNDA:0,(anonymous_11)
FNDA:0,calculateCurrentStat
FNDA:0,(anonymous_13)
FNDA:0,hasStatusEffect
FNDA:0,(anonymous_15)
FNDA:0,getDodgeRate
FNDA:0,(anonymous_17)
FNDA:0,dealDamage
FNDA:0,getReflectDamagePercent
FNDA:0,(anonymous_20)
FNDA:0,heal
FNDA:0,consumeEnergy
FNDA:0,getCardDetails
FNDA:0,(anonymous_24)
FNDA:0,(anonymous_25)
FNDA:0,isDead
DA:12,0
DA:13,0
DA:14,0
DA:15,0
DA:18,0
DA:19,0
DA:20,0
DA:23,0
DA:24,0
DA:25,0
DA:28,0
DA:29,0
DA:30,0
DA:32,0
DA:33,0
DA:34,0
DA:37,0
DA:67,0
DA:68,0
DA:69,0
DA:70,0
DA:71,0
DA:73,0
DA:76,0
DA:77,0
DA:86,0
DA:88,0
DA:89,0
DA:90,0
DA:91,0
DA:92,0
DA:93,0
DA:94,0
DA:95,0
DA:97,0
DA:106,0
DA:107,0
DA:108,0
DA:109,0
DA:110,0
DA:111,0
DA:112,0
DA:113,0
DA:114,0
DA:117,0
DA:118,0
DA:120,0
DA:132,0
DA:133,0
DA:137,0
DA:140,0
DA:147,0
DA:148,0
DA:151,0
DA:152,0
DA:155,0
DA:157,0
DA:158,0
DA:165,0
DA:166,0
DA:169,0
DA:170,0
DA:182,0
DA:183,0
DA:184,0
DA:188,0
DA:195,0
DA:196,0
DA:200,0
DA:202,0
DA:203,0
DA:204,0
DA:208,0
DA:209,0
DA:210,0
DA:214,0
DA:217,0
DA:218,0
DA:219,0
DA:221,0
DA:225,0
DA:236,0
DA:239,0
DA:240,0
DA:242,0
DA:243,0
DA:244,0
DA:247,0
DA:248,0
DA:249,0
DA:253,0
DA:254,0
DA:255,0
DA:260,0
DA:270,0
DA:271,0
DA:274,0
DA:283,0
DA:286,0
DA:287,0
DA:288,0
DA:289,0
DA:294,0
DA:305,0
DA:306,0
DA:308,0
DA:312,0
DA:313,0
DA:316,0
DA:325,0
DA:328,0
DA:329,0
DA:330,0
DA:331,0
DA:336,0
DA:346,0
DA:347,0
DA:348,0
DA:358,0
DA:359,0
DA:360,0
DA:362,0
DA:371,0
DA:378,0
DA:379,0
DA:390,0
LF:126
LH:0
BRDA:15,0,0,0
BRDA:15,0,1,0
BRDA:23,1,0,0
BRDA:23,1,1,0
BRDA:23,2,0,0
BRDA:23,2,1,0
BRDA:24,3,0,0
BRDA:24,3,1,0
BRDA:24,4,0,0
BRDA:24,4,1,0
BRDA:25,5,0,0
BRDA:25,5,1,0
BRDA:25,6,0,0
BRDA:25,6,1,0
BRDA:32,7,0,0
BRDA:32,7,1,0
BRDA:32,8,0,0
BRDA:32,8,1,0
BRDA:33,9,0,0
BRDA:33,9,1,0
BRDA:33,10,0,0
BRDA:33,10,1,0
BRDA:34,11,0,0
BRDA:34,11,1,0
BRDA:34,12,0,0
BRDA:34,12,1,0
BRDA:67,13,0,0
BRDA:67,13,1,0
BRDA:67,14,0,0
BRDA:67,14,1,0
BRDA:86,15,0,0
BRDA:86,15,1,0
BRDA:88,16,0,0
BRDA:88,16,1,0
BRDA:89,17,0,0
BRDA:89,17,1,0
BRDA:90,18,0,0
BRDA:90,18,1,0
BRDA:91,19,0,0
BRDA:91,19,1,0
BRDA:91,20,0,0
BRDA:91,20,1,0
BRDA:92,21,0,0
BRDA:92,21,1,0
BRDA:93,22,0,0
BRDA:93,22,1,0
BRDA:94,23,0,0
BRDA:94,23,1,0
BRDA:95,24,0,0
BRDA:95,24,1,0
BRDA:95,25,0,0
BRDA:95,25,1,0
BRDA:106,26,0,0
BRDA:106,26,1,0
BRDA:107,27,0,0
BRDA:107,27,1,0
BRDA:108,28,0,0
BRDA:108,28,1,0
BRDA:109,29,0,0
BRDA:109,29,1,0
BRDA:110,30,0,0
BRDA:110,30,1,0
BRDA:111,31,0,0
BRDA:111,31,1,0
BRDA:112,32,0,0
BRDA:112,32,1,0
BRDA:113,33,0,0
BRDA:113,33,1,0
BRDA:113,34,0,0
BRDA:113,34,1,0
BRDA:114,35,0,0
BRDA:114,35,1,0
BRDA:118,36,0,0
BRDA:118,36,1,0
BRDA:118,36,2,0
BRDA:120,37,0,0
BRDA:120,37,1,0
BRDA:130,38,0,0
BRDA:132,39,0,0
BRDA:132,39,1,0
BRDA:137,40,0,0
BRDA:137,40,1,0
BRDA:137,41,0,0
BRDA:137,41,1,0
BRDA:152,42,0,0
BRDA:152,42,1,0
BRDA:155,43,0,0
BRDA:155,43,1,0
BRDA:184,44,0,0
BRDA:184,44,1,0
BRDA:184,45,0,0
BRDA:184,45,1,0
BRDA:196,46,0,0
BRDA:196,46,1,0
BRDA:196,46,2,0
BRDA:202,47,0,0
BRDA:202,47,1,0
BRDA:208,48,0,0
BRDA:208,48,1,0
BRDA:218,49,0,0
BRDA:218,49,1,0
BRDA:236,50,0,0
BRDA:236,50,1,0
BRDA:239,51,0,0
BRDA:239,51,1,0
BRDA:239,52,0,0
BRDA:239,52,1,0
BRDA:242,53,0,0
BRDA:242,53,1,0
BRDA:242,54,0,0
BRDA:242,54,1,0
BRDA:247,55,0,0
BRDA:247,55,1,0
BRDA:253,56,0,0
BRDA:253,56,1,0
BRDA:253,57,0,0
BRDA:253,57,1,0
BRDA:270,58,0,0
BRDA:270,58,1,0
BRDA:270,59,0,0
BRDA:270,59,1,0
BRDA:286,60,0,0
BRDA:286,60,1,0
BRDA:286,61,0,0
BRDA:286,61,1,0
BRDA:288,62,0,0
BRDA:288,62,1,0
BRDA:306,63,0,0
BRDA:306,63,1,0
BRDA:306,64,0,0
BRDA:306,64,1,0
BRDA:328,65,0,0
BRDA:328,65,1,0
BRDA:328,66,0,0
BRDA:328,66,1,0
BRDA:330,67,0,0
BRDA:330,67,1,0
BRDA:358,68,0,0
BRDA:358,68,1,0
BRF:139
BRH:0
end_of_record
TN:
SF:static\js\battle\battle-main-adapter.js
FN:31,(anonymous_0)
FN:53,(anonymous_1)
FN:90,(anonymous_2)
FN:133,(anonymous_3)
FN:167,(anonymous_4)
FN:173,(anonymous_5)
FN:174,(anonymous_6)
FN:185,(anonymous_7)
FN:218,(anonymous_8)
FN:231,(anonymous_9)
FN:265,(anonymous_10)
FN:277,(anonymous_11)
FN:285,(anonymous_12)
FN:301,(anonymous_13)
FN:313,(anonymous_14)
FN:350,(anonymous_15)
FN:363,(anonymous_16)
FN:372,(anonymous_17)
FNF:18
FNH:0
FNDA:0,(anonymous_0)
FNDA:0,(anonymous_1)
FNDA:0,(anonymous_2)
FNDA:0,(anonymous_3)
FNDA:0,(anonymous_4)
FNDA:0,(anonymous_5)
FNDA:0,(anonymous_6)
FNDA:0,(anonymous_7)
FNDA:0,(anonymous_8)
FNDA:0,(anonymous_9)
FNDA:0,(anonymous_10)
FNDA:0,(anonymous_11)
FNDA:0,(anonymous_12)
FNDA:0,(anonymous_13)
FNDA:0,(anonymous_14)
FNDA:0,(anonymous_15)
FNDA:0,(anonymous_16)
FNDA:0,(anonymous_17)
DA:7,0
DA:8,0
DA:9,0
DA:15,0
DA:32,0
DA:33,0
DA:34,0
DA:35,0
DA:36,0
DA:37,0
DA:39,0
DA:54,0
DA:55,0
DA:59,0
DA:62,0
DA:63,0
DA:66,0
DA:69,0
DA:72,0
DA:73,0
DA:75,0
DA:91,0
DA:92,0
DA:96,0
DA:97,0
DA:98,0
DA:102,0
DA:103,0
DA:107,0
DA:110,0
DA:111,0
DA:114,0
DA:117,0
DA:120,0
DA:121,0
DA:122,0
DA:123,0
DA:126,0
DA:134,0
DA:135,0
DA:139,0
DA:142,0
DA:145,0
DA:148,0
DA:156,0
DA:157,0
DA:160,0
DA:168,0
DA:169,0
DA:172,0
DA:173,0
DA:174,0
DA:177,0
DA:178,0
DA:179,0
DA:183,0
DA:185,0
DA:187,0
DA:189,0
DA:192,0
DA:193,0
DA:196,0
DA:197,0
DA:200,0
DA:201,0
DA:209,0
DA:211,0
DA:219,0
DA:220,0
DA:223,0
DA:232,0
DA:233,0
DA:237,0
DA:240,0
DA:243,0
DA:246,0
DA:248,0
DA:266,0
DA:278,0
DA:286,0
DA:302,0
DA:303,0
DA:304,0
DA:305,0
DA:306,0
DA:307,0
DA:312,0
DA:315,0
DA:317,0
DA:318,0
DA:319,0
DA:322,0
DA:323,0
DA:324,0
DA:328,0
DA:329,0
DA:330,0
DA:334,0
DA:335,0
DA:338,0
DA:352,0
DA:353,0
DA:354,0
DA:357,0
DA:360,0
DA:365,0
DA:366,0
DA:369,0
DA:373,0
DA:375,0
DA:376,0
DA:378,0
DA:385,0
DA:386,0
DA:389,0
DA:390,0
DA:394,0
DA:399,0
LF:118
LH:0
BRDA:54,0,0,0
BRDA:54,0,1,0
BRDA:54,1,0,0
BRDA:54,1,1,0
BRDA:54,1,2,0
BRDA:79,2,0,0
BRDA:79,2,1,0
BRDA:91,3,0,0
BRDA:91,3,1,0
BRDA:96,4,0,0
BRDA:96,4,1,0
BRDA:97,5,0,0
BRDA:97,5,1,0
BRDA:97,6,0,0
BRDA:97,6,1,0
BRDA:97,6,2,0
BRDA:97,6,3,0
BRDA:102,7,0,0
BRDA:102,7,1,0
BRDA:121,8,0,0
BRDA:121,8,1,0
BRDA:134,9,0,0
BRDA:134,9,1,0
BRDA:156,10,0,0
BRDA:156,10,1,0
BRDA:168,11,0,0
BRDA:168,11,1,0
BRDA:168,12,0,0
BRDA:168,12,1,0
BRDA:178,13,0,0
BRDA:178,13,1,0
BRDA:183,14,0,0
BRDA:183,14,1,0
BRDA:183,15,0,0
BRDA:183,15,1,0
BRDA:187,16,0,0
BRDA:187,16,1,0
BRDA:192,17,0,0
BRDA:192,17,1,0
BRDA:200,18,0,0
BRDA:200,18,1,0
BRDA:200,19,0,0
BRDA:200,19,1,0
BRDA:219,20,0,0
BRDA:219,20,1,0
BRDA:232,21,0,0
BRDA:232,21,1,0
BRDA:288,22,0,0
BRDA:288,22,1,0
BRDA:289,23,0,0
BRDA:289,23,1,0
BRDA:290,24,0,0
BRDA:290,24,1,0
BRDA:291,25,0,0
BRDA:291,25,1,0
BRDA:322,26,0,0
BRDA:322,26,1,0
BRDA:328,27,0,0
BRDA:328,27,1,0
BRDA:334,28,0,0
BRDA:334,28,1,0
BRDA:334,29,0,0
BRDA:334,29,1,0
BRDA:353,30,0,0
BRDA:353,30,1,0
BRDA:354,31,0,0
BRDA:354,31,1,0
BRDA:366,32,0,0
BRDA:366,32,1,0
BRDA:375,33,0,0
BRDA:375,33,1,0
BRDA:375,34,0,0
BRDA:375,34,1,0
BRDA:385,35,0,0
BRDA:385,35,1,0
BRF:75
BRH:0
end_of_record
TN:
SF:static\js\battle\battle-main.js
FN:13,initializeBattle
FN:17,(anonymous_1)
FN:22,(anonymous_2)
FN:42,startBattle
FN:64,(anonymous_4)
FN:76,(anonymous_5)
FNF:6
FNH:0
FNDA:0,initializeBattle
FNDA:0,(anonymous_1)
FNDA:0,(anonymous_2)
FNDA:0,startBattle
FNDA:0,(anonymous_4)
FNDA:0,(anonymous_5)
DA:15,0
DA:16,0
DA:17,0
DA:18,0
DA:22,0
DA:23,0
DA:24,0
DA:25,0
DA:29,0
DA:32,0
DA:35,0
DA:44,0
DA:45,0
DA:48,0
DA:49,0
DA:50,0
DA:52,0
DA:53,0
DA:57,0
DA:58,0
DA:60,0
DA:63,0
DA:64,0
DA:65,0
DA:66,0
DA:67,0
DA:69,0
DA:70,0
DA:76,0
DA:77,0
LF:30
LH:0
BRDA:15,0,0,0
BRDA:15,0,1,0
BRDA:23,1,0,0
BRDA:23,1,1,0
BRDA:48,2,0,0
BRDA:48,2,1,0
BRDA:65,3,0,0
BRDA:65,3,1,0
BRF:8
BRH:0
end_of_record
TN:
SF:static\js\battle\battle-state-adapter.js
FN:26,(anonymous_0)
FN:43,(anonymous_1)
FN:55,(anonymous_2)
FN:67,(anonymous_3)
FN:68,(anonymous_4)
FN:69,(anonymous_5)
FN:88,(anonymous_6)
FN:101,(anonymous_7)
FN:105,(anonymous_8)
FN:114,(anonymous_9)
FN:122,(anonymous_10)
FN:130,(anonymous_11)
FN:144,(anonymous_12)
FNF:13
FNH:1
FNDA:1,(anonymous_0)
FNDA:0,(anonymous_1)
FNDA:0,(anonymous_2)
FNDA:0,(anonymous_3)
FNDA:0,(anonymous_4)
FNDA:0,(anonymous_5)
FNDA:0,(anonymous_6)
FNDA:0,(anonymous_7)
FNDA:0,(anonymous_8)
FNDA:0,(anonymous_9)
FNDA:0,(anonymous_10)
FNDA:0,(anonymous_11)
FNDA:0,(anonymous_12)
DA:10,1
DA:27,1
DA:28,1
DA:29,1
DA:30,1
DA:31,1
DA:32,1
DA:34,1
DA:44,0
DA:46,0
DA:47,0
DA:48,0
DA:56,0
DA:58,0
DA:59,0
DA:60,0
DA:68,0
DA:69,0
DA:71,0
DA:72,0
DA:73,0
DA:74,0
DA:75,0
DA:76,0
DA:79,0
DA:89,0
DA:90,0
DA:91,0
DA:92,0
DA:94,0
DA:102,0
DA:105,0
DA:106,0
DA:115,0
DA:123,0
DA:131,0
DA:145,0
DA:146,0
DA:147,0
DA:148,0
DA:149,0
DA:150,0
DA:155,1
LF:43
LH:9
BRDA:27,0,0,1
BRDA:27,0,1,0
BRDA:28,1,0,1
BRDA:28,1,1,0
BRDA:44,2,0,0
BRDA:44,2,1,0
BRDA:56,3,0,0
BRDA:56,3,1,0
BRDA:60,4,0,0
BRDA:60,4,1,0
BRDA:71,5,0,0
BRDA:71,5,1,0
BRDA:71,6,0,0
BRDA:71,6,1,0
BRDA:73,7,0,0
BRDA:73,7,1,0
BRDA:75,8,0,0
BRDA:75,8,1,0
BRDA:89,9,0,0
BRDA:89,9,1,0
BRDA:90,10,0,0
BRDA:90,10,1,0
BRDA:91,11,0,0
BRDA:91,11,1,0
BRDA:92,12,0,0
BRDA:92,12,1,0
BRDA:102,13,0,0
BRDA:102,13,1,0
BRDA:105,14,0,0
BRDA:105,14,1,0
BRDA:106,15,0,0
BRDA:106,15,1,0
BRF:32
BRH:2
end_of_record
TN:
SF:static\js\battle\battle-state.js
FN:27,loadPlayerCards
FN:34,(anonymous_1)
FN:61,loadEnemyCards
FN:63,(anonymous_3)
FN:64,(anonymous_4)
FN:66,(anonymous_5)
FN:69,(anonymous_6)
FN:78,(anonymous_7)
FN:86,(anonymous_8)
FN:87,(anonymous_9)
FN:92,(anonymous_10)
FN:99,(anonymous_11)
FN:109,(anonymous_12)
FN:119,updateEnergy
FN:121,(anonymous_14)
FN:132,checkBattleEnd
FN:133,(anonymous_16)
FN:134,(anonymous_17)
FN:155,getWinner
FN:156,(anonymous_19)
FN:157,(anonymous_20)
FN:176,switchTurn
FN:202,checkAllCardsActed
FN:208,(anonymous_23)
FN:213,(anonymous_24)
FN:224,markCardActed
FN:232,determineFirstTurn
FN:234,(anonymous_27)
FN:239,(anonymous_28)
FN:256,setSelectedAction
FN:264,clearSelection
FNF:31
FNH:0
FNDA:0,loadPlayerCards
FNDA:0,(anonymous_1)
FNDA:0,loadEnemyCards
FNDA:0,(anonymous_3)
FNDA:0,(anonymous_4)
FNDA:0,(anonymous_5)
FNDA:0,(anonymous_6)
FNDA:0,(anonymous_7)
FNDA:0,(anonymous_8)
FNDA:0,(anonymous_9)
FNDA:0,(anonymous_10)
FNDA:0,(anonymous_11)
FNDA:0,(anonymous_12)
FNDA:0,updateEnergy
FNDA:0,(anonymous_14)
FNDA:0,checkBattleEnd
FNDA:0,(anonymous_16)
FNDA:0,(anonymous_17)
FNDA:0,getWinner
FNDA:0,(anonymous_19)
FNDA:0,(anonymous_20)
FNDA:0,switchTurn
FNDA:0,checkAllCardsActed
FNDA:0,(anonymous_23)
FNDA:0,(anonymous_24)
FNDA:0,markCardActed
FNDA:0,determineFirstTurn
FNDA:0,(anonymous_27)
FNDA:0,(anonymous_28)
FNDA:0,setSelectedAction
FNDA:0,clearSelection
DA:10,0
DA:28,0
DA:29,0
DA:30,0
DA:34,0
DA:54,0
DA:62,0
DA:63,0
DA:66,0
DA:69,0
DA:72,0
DA:73,0
DA:77,0
DA:78,0
DA:82,0
DA:83,0
DA:86,0
DA:87,0
DA:91,0
DA:92,0
DA:96,0
DA:99,0
DA:107,0
DA:110,0
DA:111,0
DA:120,0
DA:121,0
DA:122,0
DA:123,0
DA:133,0
DA:134,0
DA:137,0
DA:138,0
DA:142,0
DA:143,0
DA:144,0
DA:148,0
DA:156,0
DA:157,0
DA:159,0
DA:160,0
DA:161,0
DA:162,0
DA:168,0
DA:169,0
DA:177,0
DA:178,0
DA:180,0
DA:183,0
DA:184,0
DA:185,0
DA:187,0
DA:188,0
DA:192,0
DA:193,0
DA:195,0
DA:203,0
DA:208,0
DA:209,0
DA:212,0
DA:213,0
DA:214,0
DA:217,0
DA:225,0
DA:234,0
DA:235,0
DA:236,0
DA:239,0
DA:240,0
DA:241,0
DA:244,0
DA:246,0
DA:247,0
DA:257,0
DA:258,0
DA:265,0
DA:266,0
LF:77
LH:0
BRDA:29,0,0,0
BRDA:29,0,1,0
BRDA:29,1,0,0
BRDA:29,1,1,0
BRDA:72,2,0,0
BRDA:72,2,1,0
BRDA:82,3,0,0
BRDA:82,3,1,0
BRDA:120,4,0,0
BRDA:120,4,1,0
BRDA:122,5,0,0
BRDA:122,5,1,0
BRDA:137,6,0,0
BRDA:137,6,1,0
BRDA:137,7,0,0
BRDA:137,7,1,0
BRDA:143,8,0,0
BRDA:143,8,1,0
BRDA:159,9,0,0
BRDA:159,9,1,0
BRDA:159,10,0,0
BRDA:159,10,1,0
BRDA:161,11,0,0
BRDA:161,11,1,0
BRDA:177,12,0,0
BRDA:177,12,1,0
BRDA:180,13,0,0
BRDA:180,13,1,0
BRDA:183,14,0,0
BRDA:183,14,1,0
BRDA:203,15,0,0
BRDA:203,15,1,0
BRDA:235,16,0,0
BRDA:235,16,1,0
BRDA:240,17,0,0
BRDA:240,17,1,0
BRDA:246,18,0,0
BRDA:246,18,1,0
BRDA:256,19,0,0
BRF:39
BRH:0
end_of_record
TN:
SF:static\js\battle\battle-system-adapter.js
FN:31,(anonymous_0)
FN:45,(anonymous_1)
FN:52,(anonymous_2)
FN:69,(anonymous_3)
FN:87,(anonymous_4)
FN:105,(anonymous_5)
FN:140,(anonymous_6)
FN:184,(anonymous_7)
FN:212,(anonymous_8)
FN:216,(anonymous_9)
FN:245,(anonymous_10)
FN:248,(anonymous_11)
FN:249,(anonymous_12)
FN:269,(anonymous_13)
FN:270,(anonymous_14)
FN:271,(anonymous_15)
FN:288,(anonymous_16)
FN:302,(anonymous_17)
FN:310,(anonymous_18)
FN:320,(anonymous_19)
FN:333,(anonymous_20)
FN:341,(anonymous_21)
FNF:22
FNH:0
FNDA:0,(anonymous_0)
FNDA:0,(anonymous_1)
FNDA:0,(anonymous_2)
FNDA:0,(anonymous_3)
FNDA:0,(anonymous_4)
FNDA:0,(anonymous_5)
FNDA:0,(anonymous_6)
FNDA:0,(anonymous_7)
FNDA:0,(anonymous_8)
FNDA:0,(anonymous_9)
FNDA:0,(anonymous_10)
FNDA:0,(anonymous_11)
FNDA:0,(anonymous_12)
FNDA:0,(anonymous_13)
FNDA:0,(anonymous_14)
FNDA:0,(anonymous_15)
FNDA:0,(anonymous_16)
FNDA:0,(anonymous_17)
FNDA:0,(anonymous_18)
FNDA:0,(anonymous_19)
FNDA:0,(anonymous_20)
FNDA:0,(anonymous_21)
DA:6,0
DA:7,0
DA:12,0
DA:33,0
DA:44,0
DA:45,0
DA:46,0
DA:51,0
DA:52,0
DA:53,0
DA:58,0
DA:63,0
DA:70,0
DA:72,0
DA:73,0
DA:74,0
DA:77,0
DA:79,0
DA:80,0
DA:88,0
DA:90,0
DA:91,0
DA:92,0
DA:94,0
DA:95,0
DA:106,0
DA:109,0
DA:110,0
DA:111,0
DA:112,0
DA:116,0
DA:117,0
DA:118,0
DA:119,0
DA:123,0
DA:125,0
DA:128,0
DA:130,0
DA:141,0
DA:143,0
DA:150,0
DA:152,0
DA:153,0
DA:154,0
DA:157,0
DA:158,0
DA:160,0
DA:161,0
DA:165,0
DA:166,0
DA:167,0
DA:168,0
DA:172,0
DA:173,0
DA:174,0
DA:175,0
DA:178,0
DA:185,0
DA:188,0
DA:189,0
DA:190,0
DA:194,0
DA:197,0
DA:199,0
DA:200,0
DA:203,0
DA:205,0
DA:213,0
DA:216,0
DA:217,0
DA:218,0
DA:219,0
DA:223,0
DA:224,0
DA:227,0
DA:228,0
DA:229,0
DA:235,0
DA:236,0
DA:237,0
DA:246,0
DA:248,0
DA:249,0
DA:251,0
DA:252,0
DA:253,0
DA:254,0
DA:255,0
DA:256,0
DA:257,0
DA:258,0
DA:259,0
DA:262,0
DA:270,0
DA:271,0
DA:273,0
DA:274,0
DA:275,0
DA:276,0
DA:277,0
DA:278,0
DA:281,0
DA:289,0
DA:291,0
DA:303,0
DA:311,0
DA:321,0
DA:322,0
DA:323,0
DA:324,0
DA:326,0
DA:334,0
DA:342,0
DA:347,0
LF:114
LH:0
BRDA:44,0,0,0
BRDA:44,0,1,0
BRDA:51,1,0,0
BRDA:51,1,1,0
BRDA:70,2,0,0
BRDA:70,2,1,0
BRDA:88,3,0,0
BRDA:88,3,1,0
BRDA:92,4,0,0
BRDA:92,4,1,0
BRDA:106,5,0,0
BRDA:106,5,1,0
BRDA:106,6,0,0
BRDA:106,6,1,0
BRDA:106,6,2,0
BRDA:110,7,0,0
BRDA:110,7,1,0
BRDA:117,8,0,0
BRDA:117,8,1,0
BRDA:141,9,0,0
BRDA:141,9,1,0
BRDA:150,10,0,0
BRDA:150,10,1,0
BRDA:153,11,0,0
BRDA:153,11,1,0
BRDA:165,12,0,0
BRDA:165,12,1,0
BRDA:172,13,0,0
BRDA:172,13,1,0
BRDA:185,14,0,0
BRDA:185,14,1,0
BRDA:189,15,0,0
BRDA:189,15,1,0
BRDA:213,16,0,0
BRDA:213,16,1,0
BRDA:213,17,0,0
BRDA:213,17,1,0
BRDA:217,18,0,0
BRDA:217,18,1,0
BRDA:223,19,0,0
BRDA:223,19,1,0
BRDA:227,20,0,0
BRDA:227,20,1,0
BRDA:236,21,0,0
BRDA:236,21,1,0
BRDA:246,22,0,0
BRDA:246,22,1,0
BRDA:251,23,0,0
BRDA:251,23,1,0
BRDA:251,24,0,0
BRDA:251,24,1,0
BRDA:254,25,0,0
BRDA:254,25,1,0
BRDA:257,26,0,0
BRDA:257,26,1,0
BRDA:273,27,0,0
BRDA:273,27,1,0
BRDA:273,28,0,0
BRDA:273,28,1,0
BRDA:275,29,0,0
BRDA:275,29,1,0
BRDA:277,30,0,0
BRDA:277,30,1,0
BRDA:289,31,0,0
BRDA:289,31,1,0
BRDA:321,32,0,0
BRDA:321,32,1,0
BRDA:322,33,0,0
BRDA:322,33,1,0
BRDA:323,34,0,0
BRDA:323,34,1,0
BRDA:324,35,0,0
BRDA:324,35,1,0
BRF:73
BRH:0
end_of_record
TN:
SF:static\js\battle\battle-ui-adapter.js
FN:38,(anonymous_0)
FN:63,(anonymous_1)
FN:72,(anonymous_2)
FN:80,(anonymous_3)
FN:100,(anonymous_4)
FN:105,(anonymous_5)
FN:110,(anonymous_6)
FN:116,(anonymous_7)
FN:119,(anonymous_8)
FN:153,(anonymous_9)
FN:174,(anonymous_10)
FN:193,(anonymous_11)
FN:195,(anonymous_12)
FN:200,(anonymous_13)
FN:229,(anonymous_14)
FN:237,(anonymous_15)
FN:242,(anonymous_16)
FN:265,(anonymous_17)
FN:282,(anonymous_18)
FN:284,(anonymous_19)
FN:299,(anonymous_20)
FN:302,(anonymous_21)
FN:309,(anonymous_22)
FN:324,(anonymous_23)
FN:343,(anonymous_24)
FN:345,(anonymous_25)
FN:360,(anonymous_26)
FN:379,(anonymous_27)
FN:396,(anonymous_28)
FN:413,(anonymous_29)
FNF:30
FNH:0
FNDA:0,(anonymous_0)
FNDA:0,(anonymous_1)
FNDA:0,(anonymous_2)
FNDA:0,(anonymous_3)
FNDA:0,(anonymous_4)
FNDA:0,(anonymous_5)
FNDA:0,(anonymous_6)
FNDA:0,(anonymous_7)
FNDA:0,(anonymous_8)
FNDA:0,(anonymous_9)
FNDA:0,(anonymous_10)
FNDA:0,(anonymous_11)
FNDA:0,(anonymous_12)
FNDA:0,(anonymous_13)
FNDA:0,(anonymous_14)
FNDA:0,(anonymous_15)
FNDA:0,(anonymous_16)
FNDA:0,(anonymous_17)
FNDA:0,(anonymous_18)
FNDA:0,(anonymous_19)
FNDA:0,(anonymous_20)
FNDA:0,(anonymous_21)
FNDA:0,(anonymous_22)
FNDA:0,(anonymous_23)
FNDA:0,(anonymous_24)
FNDA:0,(anonymous_25)
FNDA:0,(anonymous_26)
FNDA:0,(anonymous_27)
FNDA:0,(anonymous_28)
FNDA:0,(anonymous_29)
DA:7,0
DA:8,0
DA:9,0
DA:15,0
DA:40,0
DA:41,0
DA:42,0
DA:43,0
DA:44,0
DA:45,0
DA:46,0
DA:47,0
DA:48,0
DA:49,0
DA:52,0
DA:53,0
DA:54,0
DA:55,0
DA:56,0
DA:65,0
DA:66,0
DA:67,0
DA:68,0
DA:69,0
DA:72,0
DA:73,0
DA:74,0
DA:75,0
DA:76,0
DA:80,0
DA:81,0
DA:82,0
DA:83,0
DA:84,0
DA:87,0
DA:101,0
DA:106,0
DA:107,0
DA:111,0
DA:112,0
DA:113,0
DA:117,0
DA:120,0
DA:134,0
DA:135,0
DA:139,0
DA:141,0
DA:142,0
DA:143,0
DA:146,0
DA:154,0
DA:155,0
DA:158,0
DA:161,0
DA:163,0
DA:164,0
DA:166,0
DA:175,0
DA:176,0
DA:178,0
DA:183,0
DA:185,0
DA:195,0
DA:196,0
DA:200,0
DA:201,0
DA:204,0
DA:205,0
DA:206,0
DA:210,0
DA:211,0
DA:214,0
DA:223,0
DA:226,0
DA:229,0
DA:233,0
DA:236,0
DA:237,0
DA:238,0
DA:242,0
DA:251,0
DA:255,0
DA:266,0
DA:273,0
DA:275,0
DA:284,0
DA:285,0
DA:286,0
DA:289,0
DA:292,0
DA:297,0
DA:299,0
DA:300,0
DA:301,0
DA:302,0
DA:303,0
DA:307,0
DA:308,0
DA:309,0
DA:310,0
DA:311,0
DA:316,0
DA:325,0
DA:326,0
DA:330,0
DA:333,0
DA:345,0
DA:346,0
DA:347,0
DA:348,0
DA:351,0
DA:352,0
DA:361,0
DA:367,0
DA:368,0
DA:370,0
DA:380,0
DA:381,0
DA:383,0
DA:388,0
DA:397,0
DA:399,0
DA:404,0
DA:406,0
DA:414,0
DA:415,0
DA:416,0
DA:417,0
DA:419,0
DA:428,0
LF:130
LH:0
BRDA:106,0,0,0
BRDA:106,0,1,0
BRDA:112,1,0,0
BRDA:112,1,1,0
BRDA:124,2,0,0
BRDA:124,2,1,0
BRDA:134,3,0,0
BRDA:134,3,1,0
BRDA:139,4,0,0
BRDA:139,4,1,0
BRDA:139,5,0,0
BRDA:139,5,1,0
BRDA:139,5,2,0
BRDA:139,5,3,0
BRDA:142,6,0,0
BRDA:142,6,1,0
BRDA:154,7,0,0
BRDA:154,7,1,0
BRDA:155,8,0,0
BRDA:155,8,1,0
BRDA:156,9,0,0
BRDA:156,9,1,0
BRDA:157,10,0,0
BRDA:157,10,1,0
BRDA:158,11,0,0
BRDA:158,11,1,0
BRDA:159,12,0,0
BRDA:159,12,1,0
BRDA:160,13,0,0
BRDA:160,13,1,0
BRDA:204,14,0,0
BRDA:204,14,1,0
BRDA:219,15,0,0
BRDA:219,15,1,0
BRDA:236,16,0,0
BRDA:236,16,1,0
BRDA:239,17,0,0
BRDA:239,17,1,0
BRDA:241,18,0,0
BRDA:241,18,1,0
BRDA:265,19,0,0
BRDA:292,20,0,0
BRDA:292,20,1,0
BRDA:300,21,0,0
BRDA:300,21,1,0
BRDA:301,22,0,0
BRDA:301,22,1,0
BRDA:303,23,0,0
BRDA:303,23,1,0
BRDA:303,23,2,0
BRDA:307,24,0,0
BRDA:307,24,1,0
BRDA:325,25,0,0
BRDA:325,25,1,0
BRDA:379,26,0,0
BRDA:397,27,0,0
BRDA:397,27,1,0
BRDA:400,28,0,0
BRDA:400,28,1,0
BRDA:404,29,0,0
BRDA:404,29,1,0
BRF:61
BRH:0
end_of_record
TN:
SF:static\js\battle\battle-ui.js
FN:13,displayCards
FN:22,(anonymous_1)
FN:30,(anonymous_2)
FN:50,(anonymous_3)
FN:62,updateTurnDisplay
FN:73,updateActionPanel
FN:87,showCardActions
FN:89,(anonymous_7)
FN:121,(anonymous_8)
FN:125,(anonymous_9)
FN:131,(anonymous_10)
FN:152,showTargets
FN:156,(anonymous_12)
FN:165,(anonymous_13)
FN:174,clearSelectionUI
FN:176,(anonymous_15)
FN:181,(anonymous_16)
FN:190,addToBattleLog
FN:265,(anonymous_18)
FN:267,(anonymous_19)
FN:310,(anonymous_20)
FN:323,showMessage
FN:329,(anonymous_22)
FN:338,showBattleResult
FN:358,(anonymous_24)
FN:363,(anonymous_25)
FN:374,(anonymous_26)
FN:383,initializeBattleUI
FN:393,(anonymous_28)
FN:405,debugStatusEffects
FN:409,(anonymous_30)
FN:416,(anonymous_31)
FN:424,(anonymous_32)
FN:431,(anonymous_33)
FN:449,checkMermaidsEffect
FN:453,(anonymous_35)
FN:457,(anonymous_36)
FN:465,(anonymous_37)
FN:478,debugCardStats
FN:482,(anonymous_39)
FN:498,(anonymous_40)
FN:506,(anonymous_41)
FN:522,(anonymous_42)
FNF:43
FNH:0
FNDA:0,displayCards
FNDA:0,(anonymous_1)
FNDA:0,(anonymous_2)
FNDA:0,(anonymous_3)
FNDA:0,updateTurnDisplay
FNDA:0,updateActionPanel
FNDA:0,showCardActions
FNDA:0,(anonymous_7)
FNDA:0,(anonymous_8)
FNDA:0,(anonymous_9)
FNDA:0,(anonymous_10)
FNDA:0,showTargets
FNDA:0,(anonymous_12)
FNDA:0,(anonymous_13)
FNDA:0,clearSelectionUI
FNDA:0,(anonymous_15)
FNDA:0,(anonymous_16)
FNDA:0,addToBattleLog
FNDA:0,(anonymous_18)
FNDA:0,(anonymous_19)
FNDA:0,(anonymous_20)
FNDA:0,showMessage
FNDA:0,(anonymous_22)
FNDA:0,showBattleResult
FNDA:0,(anonymous_24)
FNDA:0,(anonymous_25)
FNDA:0,(anonymous_26)
FNDA:0,initializeBattleUI
FNDA:0,(anonymous_28)
FNDA:0,debugStatusEffects
FNDA:0,(anonymous_30)
FNDA:0,(anonymous_31)
FNDA:0,(anonymous_32)
FNDA:0,(anonymous_33)
FNDA:0,checkMermaidsEffect
FNDA:0,(anonymous_35)
FNDA:0,(anonymous_36)
FNDA:0,(anonymous_37)
FNDA:0,debugCardStats
FNDA:0,(anonymous_39)
FNDA:0,(anonymous_40)
FNDA:0,(anonymous_41)
FNDA:0,(anonymous_42)
DA:14,0
DA:15,0
DA:18,0
DA:19,0
DA:22,0
DA:23,0
DA:24,0
DA:25,0
DA:26,0
DA:28,0
DA:29,0
DA:30,0
DA:31,0
DA:32,0
DA:33,0
DA:35,0
DA:36,0
DA:39,0
DA:42,0
DA:44,0
DA:46,0
DA:50,0
DA:51,0
DA:52,0
DA:53,0
DA:54,0
DA:55,0
DA:63,0
DA:64,0
DA:65,0
DA:66,0
DA:74,0
DA:75,0
DA:77,0
DA:78,0
DA:79,0
DA:80,0
DA:89,0
DA:90,0
DA:94,0
DA:95,0
DA:96,0
DA:97,0
DA:101,0
DA:102,0
DA:104,0
DA:105,0
DA:108,0
DA:109,0
DA:110,0
DA:115,0
DA:118,0
DA:119,0
DA:120,0
DA:121,0
DA:122,0
DA:125,0
DA:126,0
DA:127,0
DA:128,0
DA:130,0
DA:131,0
DA:133,0
DA:134,0
DA:138,0
DA:139,0
DA:140,0
DA:141,0
DA:143,0
DA:146,0
DA:153,0
DA:156,0
DA:157,0
DA:158,0
DA:159,0
DA:160,0
DA:163,0
DA:164,0
DA:165,0
DA:176,0
DA:177,0
DA:178,0
DA:181,0
DA:182,0
DA:191,0
DA:192,0
DA:193,0
DA:196,0
DA:197,0
DA:200,0
DA:201,0
DA:202,0
DA:205,0
DA:206,0
DA:207,0
DA:211,0
DA:212,0
DA:213,0
DA:216,0
DA:217,0
DA:219,0
DA:220,0
DA:221,0
DA:222,0
DA:223,0
DA:225,0
DA:226,0
DA:227,0
DA:228,0
DA:229,0
DA:230,0
DA:231,0
DA:232,0
DA:233,0
DA:234,0
DA:235,0
DA:236,0
DA:238,0
DA:240,0
DA:244,0
DA:245,0
DA:249,0
DA:250,0
DA:252,0
DA:254,0
DA:255,0
DA:256,0
DA:257,0
DA:258,0
DA:259,0
DA:260,0
DA:261,0
DA:265,0
DA:267,0
DA:270,0
DA:272,0
DA:274,0
DA:275,0
DA:277,0
DA:281,0
DA:283,0
DA:285,0
DA:288,0
DA:293,0
DA:297,0
DA:298,0
DA:301,0
DA:302,0
DA:305,0
DA:310,0
DA:313,0
DA:314,0
DA:315,0
DA:324,0
DA:325,0
DA:326,0
DA:328,0
DA:329,0
DA:330,0
DA:340,0
DA:341,0
DA:343,0
DA:344,0
DA:346,0
DA:347,0
DA:348,0
DA:350,0
DA:351,0
DA:355,0
DA:356,0
DA:357,0
DA:358,0
DA:360,0
DA:361,0
DA:362,0
DA:363,0
DA:365,0
DA:366,0
DA:367,0
DA:368,0
DA:370,0
DA:371,0
DA:374,0
DA:375,0
DA:377,0
DA:385,0
DA:386,0
DA:388,0
DA:389,0
DA:390,0
DA:391,0
DA:392,0
DA:393,0
DA:394,0
DA:395,0
DA:398,0
DA:406,0
DA:407,0
DA:409,0
DA:410,0
DA:411,0
DA:412,0
DA:415,0
DA:416,0
DA:417,0
DA:418,0
DA:419,0
DA:423,0
DA:424,0
DA:425,0
DA:426,0
DA:427,0
DA:430,0
DA:431,0
DA:432,0
DA:433,0
DA:434,0
DA:439,0
DA:440,0
DA:442,0
DA:450,0
DA:453,0
DA:454,0
DA:457,0
DA:458,0
DA:463,0
DA:464,0
DA:465,0
DA:466,0
DA:468,0
DA:472,0
DA:479,0
DA:481,0
DA:482,0
DA:483,0
DA:484,0
DA:485,0
DA:487,0
DA:488,0
DA:489,0
DA:491,0
DA:492,0
DA:493,0
DA:494,0
DA:496,0
DA:497,0
DA:498,0
DA:499,0
DA:500,0
DA:505,0
DA:506,0
DA:507,0
DA:508,0
DA:509,0
DA:511,0
DA:512,0
DA:513,0
DA:515,0
DA:516,0
DA:517,0
DA:518,0
DA:520,0
DA:521,0
DA:522,0
DA:523,0
DA:524,0
DA:529,0
LF:267
LH:0
BRDA:26,0,0,0
BRDA:26,0,1,0
BRDA:28,1,0,0
BRDA:28,1,1,0
BRDA:28,2,0,0
BRDA:28,2,1,0
BRDA:28,2,2,0
BRDA:31,3,0,0
BRDA:31,3,1,0
BRDA:33,4,0,0
BRDA:33,4,1,0
BRDA:42,5,0,0
BRDA:42,5,1,0
BRDA:54,6,0,0
BRDA:54,6,1,0
BRDA:64,7,0,0
BRDA:64,7,1,0
BRDA:94,8,0,0
BRDA:94,8,1,0
BRDA:96,9,0,0
BRDA:96,9,1,0
BRDA:130,10,0,0
BRDA:130,10,1,0
BRDA:153,11,0,0
BRDA:153,11,1,0
BRDA:157,12,0,0
BRDA:157,12,1,0
BRDA:158,13,0,0
BRDA:158,13,1,0
BRDA:159,14,0,0
BRDA:159,14,1,0
BRDA:160,15,0,0
BRDA:160,15,1,0
BRDA:163,16,0,0
BRDA:163,16,1,0
BRDA:201,17,0,0
BRDA:201,17,1,0
BRDA:206,18,0,0
BRDA:206,18,1,0
BRDA:219,19,0,0
BRDA:219,19,1,0
BRDA:221,20,0,0
BRDA:221,20,1,0
BRDA:226,21,0,0
BRDA:226,21,1,0
BRDA:231,22,0,0
BRDA:231,22,1,0
BRDA:233,23,0,0
BRDA:233,23,1,0
BRDA:234,24,0,0
BRDA:234,24,1,0
BRDA:244,25,0,0
BRDA:244,25,1,0
BRDA:252,26,0,0
BRDA:252,26,1,0
BRDA:254,27,0,0
BRDA:254,27,1,0
BRDA:258,28,0,0
BRDA:258,28,1,0
BRDA:270,29,0,0
BRDA:270,29,1,0
BRDA:270,30,0,0
BRDA:270,30,1,0
BRDA:272,31,0,0
BRDA:272,31,1,0
BRDA:274,32,0,0
BRDA:274,32,1,0
BRDA:274,33,0,0
BRDA:274,33,1,0
BRDA:281,34,0,0
BRDA:281,34,1,0
BRDA:283,35,0,0
BRDA:283,35,1,0
BRDA:283,36,0,0
BRDA:283,36,1,0
BRDA:297,37,0,0
BRDA:297,37,1,0
BRDA:301,38,0,0
BRDA:301,38,1,0
BRDA:323,39,0,0
BRDA:347,40,0,0
BRDA:347,40,1,0
BRDA:348,41,0,0
BRDA:348,41,1,0
BRDA:351,42,0,0
BRDA:351,42,1,0
BRDA:386,43,0,0
BRDA:386,43,1,0
BRDA:394,44,0,0
BRDA:394,44,1,0
BRDA:410,45,0,0
BRDA:410,45,1,0
BRDA:410,46,0,0
BRDA:410,46,1,0
BRDA:418,47,0,0
BRDA:418,47,1,0
BRDA:419,48,0,0
BRDA:419,48,1,0
BRDA:425,49,0,0
BRDA:425,49,1,0
BRDA:425,50,0,0
BRDA:425,50,1,0
BRDA:433,51,0,0
BRDA:433,51,1,0
BRDA:434,52,0,0
BRDA:434,52,1,0
BRDA:440,53,0,0
BRDA:440,53,1,0
BRDA:454,54,0,0
BRDA:454,54,1,0
BRDA:458,55,0,0
BRDA:458,55,1,0
BRDA:458,55,2,0
BRDA:463,56,0,0
BRDA:463,56,1,0
BRDA:492,57,0,0
BRDA:492,57,1,0
BRDA:493,58,0,0
BRDA:493,58,1,0
BRDA:494,59,0,0
BRDA:494,59,1,0
BRDA:496,60,0,0
BRDA:496,60,1,0
BRDA:496,61,0,0
BRDA:496,61,1,0
BRDA:516,62,0,0
BRDA:516,62,1,0
BRDA:517,63,0,0
BRDA:517,63,1,0
BRDA:518,64,0,0
BRDA:518,64,1,0
BRDA:520,65,0,0
BRDA:520,65,1,0
BRDA:520,66,0,0
BRDA:520,66,1,0
BRF:135
BRH:0
end_of_record
TN:
SF:static\js\battle\element-system-adapter.js
FN:62,isElementStrong
FN:73,isElementWeak
FN:85,calculateElementalModifier
FN:112,getElementRelation
FN:131,calculateElementalDamage
FNF:5
FNH:5
FNDA:45,isElementStrong
FNDA:42,isElementWeak
FNDA:21,calculateElementalModifier
FNDA:11,getElementRelation
FNDA:16,calculateElementalDamage
DA:9,2
DA:20,2
DA:52,2
DA:53,2
DA:54,2
DA:63,45
DA:64,45
DA:74,42
DA:75,42
DA:86,21
DA:89,21
DA:90,10
DA:94,21
DA:95,10
DA:99,21
DA:100,12
DA:103,21
DA:113,11
DA:114,3
DA:115,8
DA:116,1
DA:118,7
DA:133,16
DA:136,16
DA:139,16
DA:142,16
DA:146,2
LF:27
LH:27
BRDA:63,0,0,0
BRDA:63,0,1,45
BRDA:74,1,0,0
BRDA:74,1,1,42
BRDA:85,2,0,3
BRDA:89,3,0,10
BRDA:89,3,1,11
BRDA:94,4,0,10
BRDA:94,4,1,11
BRDA:99,5,0,12
BRDA:99,5,1,9
BRDA:99,6,0,21
BRDA:99,6,1,12
BRDA:113,7,0,3
BRDA:113,7,1,8
BRDA:115,8,0,1
BRDA:115,8,1,7
BRDA:131,9,0,3
BRDA:131,10,0,12
BRF:19
BRH:17
end_of_record
TN:
SF:static\js\battle\skill-effects-adapter.js
FN:51,calculateDamageSkill
FN:79,(anonymous_1)
FN:102,calculateHealSkill
FN:131,applyStatusEffect
FN:150,(anonymous_4)
FN:226,applyAOESkill
FN:263,updateStatusEffects
FN:301,applyPersistentEffects
FN:350,getAttributeWithEffects
FN:401,canAct
FN:407,(anonymous_10)
FN:417,createSkill
FNF:12
FNH:11
FNDA:7,calculateDamageSkill
FNDA:0,(anonymous_1)
FNDA:4,calculateHealSkill
FNDA:19,applyStatusEffect
FNDA:5,(anonymous_4)
FNDA:2,applyAOESkill
FNDA:2,updateStatusEffects
FNDA:3,applyPersistentEffects
FNDA:2,getAttributeWithEffects
FNDA:2,canAct
FNDA:2,(anonymous_10)
FNDA:122,createSkill
DA:9,1
DA:12,1
DA:22,1
DA:37,1
DA:53,7
DA:56,7
DA:59,7
DA:67,7
DA:70,7
DA:71,7
DA:72,1
DA:73,1
DA:74,1
DA:78,7
DA:79,7
DA:81,0
DA:82,0
DA:83,0
DA:87,7
DA:104,4
DA:107,4
DA:110,4
DA:111,4
DA:115,4
DA:116,4
DA:118,4
DA:132,19
DA:133,0
DA:137,19
DA:145,19
DA:146,0
DA:150,19
DA:152,19
DA:154,5
DA:156,5
DA:158,4
DA:159,4
DA:165,1
DA:169,14
DA:173,19
DA:174,19
DA:176,8
DA:177,8
DA:179,0
DA:180,0
DA:182,0
DA:183,0
DA:185,3
DA:186,3
DA:188,2
DA:189,2
DA:191,0
DA:192,0
DA:194,1
DA:195,1
DA:197,2
DA:198,2
DA:200,3
DA:201,3
DA:203,0
DA:204,0
DA:206,0
DA:207,0
DA:209,0
DA:212,19
DA:227,2
DA:228,0
DA:231,2
DA:234,2
DA:237,2
DA:238,6
DA:241,6
DA:243,3
DA:244,3
DA:245,3
DA:246,3
DA:247,3
DA:248,3
DA:252,2
DA:264,2
DA:265,0
DA:268,2
DA:269,2
DA:272,2
DA:273,2
DA:276,2
DA:278,2
DA:280,1
DA:283,1
DA:288,2
DA:290,2
DA:302,3
DA:303,0
DA:306,3
DA:309,3
DA:310,3
DA:313,3
DA:315,1
DA:316,1
DA:318,1
DA:323,2
DA:325,2
DA:326,2
DA:327,2
DA:329,2
DA:330,1
DA:332,1
DA:341,3
DA:351,2
DA:352,0
DA:355,2
DA:356,2
DA:359,2
DA:360,0
DA:364,2
DA:365,2
DA:367,2
DA:369,2
DA:370,2
DA:371,0
DA:372,0
DA:374,2
DA:376,0
DA:377,0
DA:378,0
DA:379,0
DA:381,0
DA:383,0
DA:384,0
DA:385,0
DA:386,0
DA:388,0
DA:393,2
DA:402,2
DA:403,0
DA:407,2
DA:418,122
DA:434,1
LF:138
LH:104
BRDA:53,0,0,7
BRDA:53,0,1,0
BRDA:71,1,0,1
BRDA:71,1,1,6
BRDA:71,2,0,7
BRDA:71,2,1,6
BRDA:72,3,0,1
BRDA:72,3,1,0
BRDA:79,4,0,0
BRDA:79,4,1,7
BRDA:79,5,0,7
BRDA:79,5,1,7
BRDA:81,6,0,0
BRDA:81,6,1,0
BRDA:91,7,0,1
BRDA:91,7,1,6
BRDA:91,8,0,0
BRDA:91,8,1,7
BRDA:104,9,0,4
BRDA:104,9,1,0
BRDA:110,10,0,4
BRDA:110,10,1,0
BRDA:110,11,0,4
BRDA:110,11,1,4
BRDA:132,12,0,0
BRDA:132,12,1,19
BRDA:140,13,0,19
BRDA:140,13,1,0
BRDA:145,14,0,0
BRDA:145,14,1,19
BRDA:152,15,0,5
BRDA:152,15,1,14
BRDA:156,16,0,4
BRDA:156,16,1,1
BRDA:174,17,0,8
BRDA:174,17,1,0
BRDA:174,17,2,0
BRDA:174,17,3,3
BRDA:174,17,4,2
BRDA:174,17,5,0
BRDA:174,17,6,1
BRDA:174,17,7,2
BRDA:174,17,8,3
BRDA:174,17,9,0
BRDA:174,17,10,0
BRDA:174,17,11,0
BRDA:227,18,0,0
BRDA:227,18,1,2
BRDA:227,19,0,2
BRDA:227,19,1,2
BRDA:234,20,0,2
BRDA:234,20,1,0
BRDA:241,21,0,3
BRDA:241,21,1,3
BRDA:246,22,0,3
BRDA:246,22,1,0
BRDA:246,23,0,3
BRDA:246,23,1,3
BRDA:264,24,0,0
BRDA:264,24,1,2
BRDA:264,25,0,2
BRDA:264,25,1,2
BRDA:278,26,0,1
BRDA:278,26,1,1
BRDA:302,27,0,0
BRDA:302,27,1,3
BRDA:302,28,0,3
BRDA:302,28,1,3
BRDA:313,29,0,1
BRDA:313,29,1,2
BRDA:315,30,0,1
BRDA:315,30,1,0
BRDA:323,31,0,2
BRDA:323,31,1,0
BRDA:325,32,0,2
BRDA:325,32,1,0
BRDA:329,33,0,1
BRDA:329,33,1,1
BRDA:351,34,0,0
BRDA:351,34,1,2
BRDA:351,35,0,2
BRDA:351,35,1,2
BRDA:359,36,0,0
BRDA:359,36,1,2
BRDA:359,37,0,2
BRDA:359,37,1,2
BRDA:367,38,0,2
BRDA:367,38,1,0
BRDA:367,38,2,0
BRDA:369,39,0,2
BRDA:369,39,1,0
BRDA:371,40,0,0
BRDA:371,40,1,0
BRDA:376,41,0,0
BRDA:376,41,1,0
BRDA:378,42,0,0
BRDA:378,42,1,0
BRDA:383,43,0,0
BRDA:383,43,1,0
BRDA:385,44,0,0
BRDA:385,44,1,0
BRDA:402,45,0,0
BRDA:402,45,1,2
BRDA:402,46,0,2
BRDA:402,46,1,2
BRDA:417,47,0,0
BRDA:421,48,0,122
BRDA:421,48,1,52
BRDA:423,49,0,122
BRDA:423,49,1,7
BRDA:424,50,0,122
BRDA:424,50,1,76
BRDA:426,51,0,122
BRDA:426,51,1,7
BRDA:429,52,0,122
BRDA:429,52,1,7
BRF:116
BRH:74
end_of_record
